# JRE version: Java(TM) SE Runtime Environment (8.0_20-b26) (build 1.8.0_20-b26)
# Java VM: Java HotSpot(TM) 64-Bit Server VM (25.20-b23 mixed mode windows-amd64 )
Heap:
 PSYoungGen      total 1206784K, used 785114K [0x00000008d5580000, 0x0000000938080000, 0x0000000d00000000)
  eden space 805888K, 75% used [0x00000008d5580000,0x00000008fa653df8,0x0000000906880000)
  from space 400896K, 44% used [0x000000091f900000,0x000000092a6e2dd0,0x0000000938080000)
  to   space 405504K, 0% used [0x0000000906880000,0x0000000906880000,0x000000091f480000)
 ParOldGen       total 907264K, used 907099K [0x0000000080000000, 0x00000000b7600000, 0x00000008d5580000)
  object space 907264K, 99% used [0x0000000080000000,0x00000000b75d6f40,0x00000000b7600000)
 Metaspace       used 6579K, capacity 6920K, committed 7168K, reserved 8192K
GC Heap History (10 events):
Event: 26.123 GC heap before
{Heap before GC invocations=21 (full 4):
 PSYoungGen      total 910848K, used 745479K [0x00000008d5580000, 0x0000000921380000, 0x0000000d00000000)
  eden space 671232K, 100% used [0x00000008d5580000,0x00000008fe500000,0x00000008fe500000)
  from space 239616K, 30% used [0x000000090e400000,0x0000000912c81cd0,0x000000091ce00000)
  to   space 261120K, 0% used [0x00000008fe500000,0x00000008fe500000,0x000000090e400000)
 ParOldGen       total 907264K, used 607309K [0x0000000080000000, 0x00000000b7600000, 0x00000008d5580000)
  object space 907264K, 66% used [0x0000000080000000,0x00000000a51134f8,0x00000000b7600000)
 Metaspace       used 6578K, capacity 6920K, committed 7168K, reserved 8192K
Event: 26.564 GC heap after
Heap after GC invocations=21 (full 4):
 PSYoungGen      total 932352K, used 179550K [0x00000008d5580000, 0x0000000925580000, 0x0000000d00000000)
  eden space 671232K, 0% used [0x00000008d5580000,0x00000008d5580000,0x00000008fe500000)
  from space 261120K, 68% used [0x00000008fe500000,0x0000000909457b10,0x000000090e400000)
  to   space 275456K, 0% used [0x0000000914880000,0x0000000914880000,0x0000000925580000)
 ParOldGen       total 907264K, used 607309K [0x0000000080000000, 0x00000000b7600000, 0x00000008d5580000)
  object space 907264K, 66% used [0x0000000080000000,0x00000000a51134f8,0x00000000b7600000)
 Metaspace       used 6578K, capacity 6920K, committed 7168K, reserved 8192K
}
Event: 28.197 GC heap before
{Heap before GC invocations=22 (full 4):
 PSYoungGen      total 932352K, used 850782K [0x00000008d5580000, 0x0000000925580000, 0x0000000d00000000)
  eden space 671232K, 100% used [0x00000008d5580000,0x00000008fe500000,0x00000008fe500000)
  from space 261120K, 68% used [0x00000008fe500000,0x0000000909457b10,0x000000090e400000)
  to   space 275456K, 0% used [0x0000000914880000,0x0000000914880000,0x0000000925580000)
 ParOldGen       total 907264K, used 607309K [0x0000000080000000, 0x00000000b7600000, 0x00000008d5580000)
  object space 907264K, 66% used [0x0000000080000000,0x00000000a51134f8,0x00000000b7600000)
 Metaspace       used 6579K, capacity 6920K, committed 7168K, reserved 8192K
Event: 28.562 GC heap after
Heap after GC invocations=22 (full 4):
 PSYoungGen      total 973824K, used 275436K [0x00000008d5580000, 0x000000092d200000, 0x0000000d00000000)
  eden space 698368K, 0% used [0x00000008d5580000,0x00000008d5580000,0x00000008fff80000)
  from space 275456K, 99% used [0x0000000914880000,0x000000092557b210,0x0000000925580000)
  to   space 336896K, 0% used [0x00000008fff80000,0x00000008fff80000,0x0000000914880000)
 ParOldGen       total 907264K, used 648760K [0x0000000080000000, 0x00000000b7600000, 0x00000008d5580000)
  object space 907264K, 71% used [0x0000000080000000,0x00000000a798e2f8,0x00000000b7600000)
 Metaspace       used 6579K, capacity 6920K, committed 7168K, reserved 8192K
}
Event: 30.105 GC heap before
{Heap before GC invocations=23 (full 4):
 PSYoungGen      total 973824K, used 973804K [0x00000008d5580000, 0x000000092d200000, 0x0000000d00000000)
  eden space 698368K, 100% used [0x00000008d5580000,0x00000008fff80000,0x00000008fff80000)
  from space 275456K, 99% used [0x0000000914880000,0x000000092557b210,0x0000000925580000)
  to   space 336896K, 0% used [0x00000008fff80000,0x00000008fff80000,0x0000000914880000)
 ParOldGen       total 907264K, used 648760K [0x0000000080000000, 0x00000000b7600000, 0x00000008d5580000)
  object space 907264K, 71% used [0x0000000080000000,0x00000000a798e2f8,0x00000000b7600000)
 Metaspace       used 6579K, capacity 6920K, committed 7168K, reserved 8192K
Event: 30.512 GC heap after
Heap after GC invocations=23 (full 4):
 PSYoungGen      total 1035264K, used 336868K [0x00000008d5580000, 0x0000000938f80000, 0x0000000d00000000)
  eden space 698368K, 0% used [0x00000008d5580000,0x00000008d5580000,0x00000008fff80000)
  from space 336896K, 99% used [0x00000008fff80000,0x00000009148790d0,0x0000000914880000)
  to   space 416256K, 0% used [0x000000091f900000,0x000000091f900000,0x0000000938f80000)
 ParOldGen       total 907264K, used 709309K [0x0000000080000000, 0x00000000b7600000, 0x00000008d5580000)
  object space 907264K, 78% used [0x0000000080000000,0x00000000ab4af430,0x00000000b7600000)
 Metaspace       used 6579K, capacity 6920K, committed 7168K, reserved 8192K
}
Event: 31.921 GC heap before
{Heap before GC invocations=24 (full 4):
 PSYoungGen      total 1035264K, used 1035236K [0x00000008d5580000, 0x0000000938f80000, 0x0000000d00000000)
  eden space 698368K, 100% used [0x00000008d5580000,0x00000008fff80000,0x00000008fff80000)
  from space 336896K, 99% used [0x00000008fff80000,0x00000009148790d0,0x0000000914880000)
  to   space 416256K, 0% used [0x000000091f900000,0x000000091f900000,0x0000000938f80000)
 ParOldGen       total 907264K, used 709309K [0x0000000080000000, 0x00000000b7600000, 0x00000008d5580000)
  object space 907264K, 78% used [0x0000000080000000,0x00000000ab4af430,0x00000000b7600000)
 Metaspace       used 6579K, capacity 6920K, committed 7168K, reserved 8192K
Event: 32.329 GC heap after
Heap after GC invocations=24 (full 4):
 PSYoungGen      total 1206784K, used 195609K [0x00000008d5580000, 0x0000000938080000, 0x0000000d00000000)
  eden space 805888K, 0% used [0x00000008d5580000,0x00000008d5580000,0x0000000906880000)
  from space 400896K, 48% used [0x000000091f900000,0x000000092b8064c0,0x0000000938080000)
  to   space 405504K, 0% used [0x0000000906880000,0x0000000906880000,0x000000091f480000)
 ParOldGen       total 907264K, used 906406K [0x0000000080000000, 0x00000000b7600000, 0x00000008d5580000)
  object space 907264K, 99% used [0x0000000080000000,0x00000000b7529ab0,0x00000000b7600000)
 Metaspace       used 6579K, capacity 6920K, committed 7168K, reserved 8192K
}
Event: 32.329 GC heap before
{Heap before GC invocations=25 (full 5):
 PSYoungGen      total 1206784K, used 195609K [0x00000008d5580000, 0x0000000938080000, 0x0000000d00000000)
  eden space 805888K, 0% used [0x00000008d5580000,0x00000008d5580000,0x0000000906880000)
  from space 400896K, 48% used [0x000000091f900000,0x000000092b8064c0,0x0000000938080000)
  to   space 405504K, 0% used [0x0000000906880000,0x0000000906880000,0x000000091f480000)
 ParOldGen       total 907264K, used 906406K [0x0000000080000000, 0x00000000b7600000, 0x00000008d5580000)
  object space 907264K, 99% used [0x0000000080000000,0x00000000b7529ab0,0x00000000b7600000)
 Metaspace       used 6579K, capacity 6920K, committed 7168K, reserved 8192K
Event: 37.021 GC heap after
Heap after GC invocations=25 (full 5):
 PSYoungGen      total 1206784K, used 178059K [0x00000008d5580000, 0x0000000938080000, 0x0000000d00000000)
  eden space 805888K, 0% used [0x00000008d5580000,0x00000008d5580000,0x0000000906880000)
  from space 400896K, 44% used [0x000000091f900000,0x000000092a6e2dd0,0x0000000938080000)
  to   space 405504K, 0% used [0x0000000906880000,0x0000000906880000,0x000000091f480000)
 ParOldGen       total 907264K, used 907099K [0x0000000080000000, 0x00000000b7600000, 0x00000008d5580000)
  object space 907264K, 99% used [0x0000000080000000,0x00000000b75d6f40,0x00000000b7600000)
 Metaspace       used 6579K, capacity 6920K, committed 7168K, reserved 8192K
}

