# JRE version: Java(TM) SE Runtime Environment (8.0_20-b26) (build 1.8.0_20-b26)
# Java VM: Java HotSpot(TM) 64-Bit Server VM (25.20-b23 mixed mode windows-amd64 )
Heap:
 PSYoungGen      total 988672K, used 988646K [0x00000008d5580000, 0x0000000931800000, 0x0000000d00000000)
  eden space 740352K, 100% used [0x00000008d5580000,0x0000000902880000,0x0000000902880000)
  from space 248320K, 99% used [0x0000000916c00000,0x0000000925e79b38,0x0000000925e80000)
  to   space 331264K, 30% used [0x0000000902880000,0x0000000908affac0,0x0000000916c00000)
 ParOldGen       total 812544K, used 812536K [0x0000000080000000, 0x00000000b1980000, 0x00000008d5580000)
  object space 812544K, 99% used [0x0000000080000000,0x00000000b197e018,0x00000000b1980000)
 Metaspace       used 6723K, capacity 6920K, committed 7168K, reserved 8192K
GC Heap History (10 events):
Event: 17.606 GC heap after
Heap after GC invocations=16 (full 3):
 PSYoungGen      total 825856K, used 102785K [0x00000008d5580000, 0x000000091ad00000, 0x0000000d00000000)
  eden space 625152K, 0% used [0x00000008d5580000,0x00000008d5580000,0x00000008fb800000)
  from space 200704K, 51% used [0x00000008fb800000,0x0000000901c604a8,0x0000000907c00000)
  to   space 200192K, 0% used [0x000000090e980000,0x000000090e980000,0x000000091ad00000)
 ParOldGen       total 499712K, used 422262K [0x0000000080000000, 0x000000009e800000, 0x00000008d5580000)
  object space 499712K, 84% used [0x0000000080000000,0x0000000099c5d970,0x000000009e800000)
 Metaspace       used 6709K, capacity 6920K, committed 7168K, reserved 8192K
}
Event: 17.606 GC heap before
{Heap before GC invocations=17 (full 4):
 PSYoungGen      total 825856K, used 102785K [0x00000008d5580000, 0x000000091ad00000, 0x0000000d00000000)
  eden space 625152K, 0% used [0x00000008d5580000,0x00000008d5580000,0x00000008fb800000)
  from space 200704K, 51% used [0x00000008fb800000,0x0000000901c604a8,0x0000000907c00000)
  to   space 200192K, 0% used [0x000000090e980000,0x000000090e980000,0x000000091ad00000)
 ParOldGen       total 499712K, used 422262K [0x0000000080000000, 0x000000009e800000, 0x00000008d5580000)
  object space 499712K, 84% used [0x0000000080000000,0x0000000099c5d970,0x000000009e800000)
 Metaspace       used 6709K, capacity 6920K, committed 7168K, reserved 8192K
Event: 19.210 GC heap after
Heap after GC invocations=17 (full 4):
 PSYoungGen      total 825856K, used 18463K [0x00000008d5580000, 0x000000091ad00000, 0x0000000d00000000)
  eden space 625152K, 0% used [0x00000008d5580000,0x00000008d5580000,0x00000008fb800000)
  from space 200704K, 9% used [0x00000008fb800000,0x00000008fca07c78,0x0000000907c00000)
  to   space 200192K, 0% used [0x000000090e980000,0x000000090e980000,0x000000091ad00000)
 ParOldGen       total 788992K, used 499542K [0x0000000080000000, 0x00000000b0280000, 0x00000008d5580000)
  object space 788992K, 63% used [0x0000000080000000,0x000000009e7d5868,0x00000000b0280000)
 Metaspace       used 6709K, capacity 6920K, committed 7168K, reserved 8192K
}
Event: 20.755 GC heap before
{Heap before GC invocations=18 (full 4):
 PSYoungGen      total 825856K, used 643615K [0x00000008d5580000, 0x000000091ad00000, 0x0000000d00000000)
  eden space 625152K, 100% used [0x00000008d5580000,0x00000008fb800000,0x00000008fb800000)
  from space 200704K, 9% used [0x00000008fb800000,0x00000008fca07c78,0x0000000907c00000)
  to   space 200192K, 0% used [0x000000090e980000,0x000000090e980000,0x000000091ad00000)
 ParOldGen       total 788992K, used 499542K [0x0000000080000000, 0x00000000b0280000, 0x00000008d5580000)
  object space 788992K, 63% used [0x0000000080000000,0x000000009e7d5868,0x00000000b0280000)
 Metaspace       used 6712K, capacity 6920K, committed 7168K, reserved 8192K
Event: 20.969 GC heap after
Heap after GC invocations=18 (full 4):
 PSYoungGen      total 897024K, used 117091K [0x00000008d5580000, 0x0000000919d00000, 0x0000000d00000000)
  eden space 713216K, 0% used [0x00000008d5580000,0x00000008d5580000,0x0000000900e00000)
  from space 183808K, 63% used [0x000000090e980000,0x0000000915bd8dd8,0x0000000919d00000)
  to   space 204288K, 0% used [0x0000000900e00000,0x0000000900e00000,0x000000090d580000)
 ParOldGen       total 788992K, used 499542K [0x0000000080000000, 0x00000000b0280000, 0x00000008d5580000)
  object space 788992K, 63% used [0x0000000080000000,0x000000009e7d5868,0x00000000b0280000)
 Metaspace       used 6712K, capacity 6920K, committed 7168K, reserved 8192K
}
Event: 23.033 GC heap before
{Heap before GC invocations=19 (full 4):
 PSYoungGen      total 897024K, used 830307K [0x00000008d5580000, 0x0000000919d00000, 0x0000000d00000000)
  eden space 713216K, 100% used [0x00000008d5580000,0x0000000900e00000,0x0000000900e00000)
  from space 183808K, 63% used [0x000000090e980000,0x0000000915bd8dd8,0x0000000919d00000)
  to   space 204288K, 0% used [0x0000000900e00000,0x0000000900e00000,0x000000090d580000)
 ParOldGen       total 788992K, used 499542K [0x0000000080000000, 0x00000000b0280000, 0x00000008d5580000)
  object space 788992K, 63% used [0x0000000080000000,0x000000009e7d5868,0x00000000b0280000)
 Metaspace       used 6722K, capacity 6920K, committed 7168K, reserved 8192K
Event: 23.319 GC heap after
Heap after GC invocations=19 (full 4):
 PSYoungGen      total 917504K, used 204262K [0x00000008d5580000, 0x0000000925e80000, 0x0000000d00000000)
  eden space 713216K, 0% used [0x00000008d5580000,0x00000008d5580000,0x0000000900e00000)
  from space 204288K, 99% used [0x0000000900e00000,0x000000090d579850,0x000000090d580000)
  to   space 248320K, 0% used [0x0000000916c00000,0x0000000916c00000,0x0000000925e80000)
 ParOldGen       total 788992K, used 525015K [0x0000000080000000, 0x00000000b0280000, 0x00000008d5580000)
  object space 788992K, 66% used [0x0000000080000000,0x00000000a00b5e00,0x00000000b0280000)
 Metaspace       used 6722K, capacity 6920K, committed 7168K, reserved 8192K
}
Event: 25.057 GC heap before
{Heap before GC invocations=20 (full 4):
 PSYoungGen      total 917504K, used 917478K [0x00000008d5580000, 0x0000000925e80000, 0x0000000d00000000)
  eden space 713216K, 100% used [0x00000008d5580000,0x0000000900e00000,0x0000000900e00000)
  from space 204288K, 99% used [0x0000000900e00000,0x000000090d579850,0x000000090d580000)
  to   space 248320K, 0% used [0x0000000916c00000,0x0000000916c00000,0x0000000925e80000)
 ParOldGen       total 788992K, used 525015K [0x0000000080000000, 0x00000000b0280000, 0x00000008d5580000)
  object space 788992K, 66% used [0x0000000080000000,0x00000000a00b5e00,0x00000000b0280000)
 Metaspace       used 6723K, capacity 6920K, committed 7168K, reserved 8192K
Event: 25.510 GC heap after
Heap after GC invocations=20 (full 4):
 PSYoungGen      total 988672K, used 248294K [0x00000008d5580000, 0x0000000931800000, 0x0000000d00000000)
  eden space 740352K, 0% used [0x00000008d5580000,0x00000008d5580000,0x0000000902880000)
  from space 248320K, 99% used [0x0000000916c00000,0x0000000925e79b38,0x0000000925e80000)
  to   space 331264K, 0% used [0x0000000902880000,0x0000000902880000,0x0000000916c00000)
 ParOldGen       total 788992K, used 635356K [0x0000000080000000, 0x00000000b0280000, 0x00000008d5580000)
  object space 788992K, 80% used [0x0000000080000000,0x00000000a6c77300,0x00000000b0280000)
 Metaspace       used 6723K, capacity 6920K, committed 7168K, reserved 8192K
}
Event: 26.967 GC heap before
{Heap before GC invocations=21 (full 4):
 PSYoungGen      total 988672K, used 988646K [0x00000008d5580000, 0x0000000931800000, 0x0000000d00000000)
  eden space 740352K, 100% used [0x00000008d5580000,0x0000000902880000,0x0000000902880000)
  from space 248320K, 99% used [0x0000000916c00000,0x0000000925e79b38,0x0000000925e80000)
  to   space 331264K, 0% used [0x0000000902880000,0x0000000902880000,0x0000000916c00000)
 ParOldGen       total 788992K, used 635356K [0x0000000080000000, 0x00000000b0280000, 0x00000008d5580000)
  object space 788992K, 80% used [0x0000000080000000,0x00000000a6c77300,0x00000000b0280000)
 Metaspace       used 6723K, capacity 6920K, committed 7168K, reserved 8192K

