# JRE version: Java(TM) SE Runtime Environment (8.0_20-b26) (build 1.8.0_20-b26)
# Java VM: Java HotSpot(TM) 64-Bit Server VM (25.20-b23 mixed mode windows-amd64 )
Heap:
 PSYoungGen      total 967680K, used 537462K [0x00000008d5580000, 0x0000000929800000, 0x0000000d00000000)
  eden space 700416K, 76% used [0x00000008d5580000,0x00000008f625d820,0x0000000900180000)
  from space 267264K, 0% used [0x0000000913400000,0x0000000913400000,0x0000000923900000)
  to   space 313856K, 0% used [0x0000000900180000,0x0000000900180000,0x0000000913400000)
 ParOldGen       total 900608K, used 900127K [0x0000000080000000, 0x00000000b6f80000, 0x00000008d5580000)
  object space 900608K, 99% used [0x0000000080000000,0x00000000b6f07e28,0x00000000b6f80000)
 Metaspace       used 6769K, capacity 7048K, committed 7168K, reserved 8192K
GC Heap History (10 events):
Event: 37.558 GC heap before
{Heap before GC invocations=27 (full 7):
 PSYoungGen      total 967680K, used 700416K [0x00000008d5580000, 0x0000000929800000, 0x0000000d00000000)
  eden space 700416K, 100% used [0x00000008d5580000,0x0000000900180000,0x0000000900180000)
  from space 267264K, 0% used [0x0000000913400000,0x0000000913400000,0x0000000923900000)
  to   space 313856K, 0% used [0x0000000900180000,0x0000000900180000,0x0000000913400000)
 ParOldGen       total 900608K, used 900578K [0x0000000080000000, 0x00000000b6f80000, 0x00000008d5580000)
  object space 900608K, 99% used [0x0000000080000000,0x00000000b6f788e8,0x00000000b6f80000)
 Metaspace       used 6675K, capacity 6920K, committed 7168K, reserved 8192K
Event: 43.565 GC heap after
Heap after GC invocations=27 (full 7):
 PSYoungGen      total 967680K, used 276914K [0x00000008d5580000, 0x0000000929800000, 0x0000000d00000000)
  eden space 700416K, 39% used [0x00000008d5580000,0x00000008e63ec868,0x0000000900180000)
  from space 267264K, 0% used [0x0000000913400000,0x0000000913400000,0x0000000923900000)
  to   space 313856K, 0% used [0x0000000900180000,0x0000000900180000,0x0000000913400000)
 ParOldGen       total 900608K, used 900214K [0x0000000080000000, 0x00000000b6f80000, 0x00000008d5580000)
  object space 900608K, 99% used [0x0000000080000000,0x00000000b6f1d898,0x00000000b6f80000)
 Metaspace       used 6675K, capacity 6920K, committed 7168K, reserved 8192K
}
Event: 44.758 GC heap before
{Heap before GC invocations=28 (full 8):
 PSYoungGen      total 967680K, used 700416K [0x00000008d5580000, 0x0000000929800000, 0x0000000d00000000)
  eden space 700416K, 100% used [0x00000008d5580000,0x0000000900180000,0x0000000900180000)
  from space 267264K, 0% used [0x0000000913400000,0x0000000913400000,0x0000000923900000)
  to   space 313856K, 0% used [0x0000000900180000,0x0000000900180000,0x0000000913400000)
 ParOldGen       total 900608K, used 900214K [0x0000000080000000, 0x00000000b6f80000, 0x00000008d5580000)
  object space 900608K, 99% used [0x0000000080000000,0x00000000b6f1d898,0x00000000b6f80000)
 Metaspace       used 6717K, capacity 6984K, committed 7168K, reserved 8192K
Event: 50.977 GC heap after
Heap after GC invocations=28 (full 8):
 PSYoungGen      total 967680K, used 332829K [0x00000008d5580000, 0x0000000929800000, 0x0000000d00000000)
  eden space 700416K, 47% used [0x00000008d5580000,0x00000008e9a87428,0x0000000900180000)
  from space 267264K, 0% used [0x0000000913400000,0x0000000913400000,0x0000000923900000)
  to   space 313856K, 0% used [0x0000000900180000,0x0000000900180000,0x0000000913400000)
 ParOldGen       total 900608K, used 900121K [0x0000000080000000, 0x00000000b6f80000, 0x00000008d5580000)
  object space 900608K, 99% used [0x0000000080000000,0x00000000b6f06620,0x00000000b6f80000)
 Metaspace       used 6717K, capacity 6984K, committed 7168K, reserved 8192K
}
Event: 51.450 GC heap before
{Heap before GC invocations=29 (full 9):
 PSYoungGen      total 967680K, used 700416K [0x00000008d5580000, 0x0000000929800000, 0x0000000d00000000)
  eden space 700416K, 100% used [0x00000008d5580000,0x0000000900180000,0x0000000900180000)
  from space 267264K, 0% used [0x0000000913400000,0x0000000913400000,0x0000000923900000)
  to   space 313856K, 0% used [0x0000000900180000,0x0000000900180000,0x0000000913400000)
 ParOldGen       total 900608K, used 900121K [0x0000000080000000, 0x00000000b6f80000, 0x00000008d5580000)
  object space 900608K, 99% used [0x0000000080000000,0x00000000b6f06620,0x00000000b6f80000)
 Metaspace       used 6717K, capacity 6984K, committed 7168K, reserved 8192K
Event: 55.104 GC heap after
Heap after GC invocations=29 (full 9):
 PSYoungGen      total 967680K, used 389751K [0x00000008d5580000, 0x0000000929800000, 0x0000000d00000000)
  eden space 700416K, 55% used [0x00000008d5580000,0x00000008ed21dc50,0x0000000900180000)
  from space 267264K, 0% used [0x0000000913400000,0x0000000913400000,0x0000000923900000)
  to   space 313856K, 0% used [0x0000000900180000,0x0000000900180000,0x0000000913400000)
 ParOldGen       total 900608K, used 900557K [0x0000000080000000, 0x00000000b6f80000, 0x00000008d5580000)
  object space 900608K, 99% used [0x0000000080000000,0x00000000b6f737f8,0x00000000b6f80000)
 Metaspace       used 6717K, capacity 6984K, committed 7168K, reserved 8192K
}
Event: 55.480 GC heap before
{Heap before GC invocations=30 (full 10):
 PSYoungGen      total 967680K, used 700416K [0x00000008d5580000, 0x0000000929800000, 0x0000000d00000000)
  eden space 700416K, 100% used [0x00000008d5580000,0x0000000900180000,0x0000000900180000)
  from space 267264K, 0% used [0x0000000913400000,0x0000000913400000,0x0000000923900000)
  to   space 313856K, 0% used [0x0000000900180000,0x0000000900180000,0x0000000913400000)
 ParOldGen       total 900608K, used 900557K [0x0000000080000000, 0x00000000b6f80000, 0x00000008d5580000)
  object space 900608K, 99% used [0x0000000080000000,0x00000000b6f737f8,0x00000000b6f80000)
 Metaspace       used 6739K, capacity 6984K, committed 7168K, reserved 8192K
Event: 58.537 GC heap after
Heap after GC invocations=30 (full 10):
 PSYoungGen      total 967680K, used 437944K [0x00000008d5580000, 0x0000000929800000, 0x0000000d00000000)
  eden space 700416K, 62% used [0x00000008d5580000,0x00000008f012e0b8,0x0000000900180000)
  from space 267264K, 0% used [0x0000000913400000,0x0000000913400000,0x0000000923900000)
  to   space 313856K, 0% used [0x0000000900180000,0x0000000900180000,0x0000000913400000)
 ParOldGen       total 900608K, used 900553K [0x0000000080000000, 0x00000000b6f80000, 0x00000008d5580000)
  object space 900608K, 99% used [0x0000000080000000,0x00000000b6f725b0,0x00000000b6f80000)
 Metaspace       used 6739K, capacity 6984K, committed 7168K, reserved 8192K
}
Event: 59.273 GC heap before
{Heap before GC invocations=31 (full 11):
 PSYoungGen      total 967680K, used 700416K [0x00000008d5580000, 0x0000000929800000, 0x0000000d00000000)
  eden space 700416K, 100% used [0x00000008d5580000,0x0000000900180000,0x0000000900180000)
  from space 267264K, 0% used [0x0000000913400000,0x0000000913400000,0x0000000923900000)
  to   space 313856K, 0% used [0x0000000900180000,0x0000000900180000,0x0000000913400000)
 ParOldGen       total 900608K, used 900553K [0x0000000080000000, 0x00000000b6f80000, 0x00000008d5580000)
  object space 900608K, 99% used [0x0000000080000000,0x00000000b6f725b0,0x00000000b6f80000)
 Metaspace       used 6751K, capacity 6984K, committed 7168K, reserved 8192K
Event: 62.208 GC heap after
Heap after GC invocations=31 (full 11):
 PSYoungGen      total 967680K, used 464312K [0x00000008d5580000, 0x0000000929800000, 0x0000000d00000000)
  eden space 700416K, 66% used [0x00000008d5580000,0x00000008f1aee198,0x0000000900180000)
  from space 267264K, 0% used [0x0000000913400000,0x0000000913400000,0x0000000923900000)
  to   space 313856K, 0% used [0x0000000900180000,0x0000000900180000,0x0000000913400000)
 ParOldGen       total 900608K, used 900127K [0x0000000080000000, 0x00000000b6f80000, 0x00000008d5580000)
  object space 900608K, 99% used [0x0000000080000000,0x00000000b6f07e28,0x00000000b6f80000)
 Metaspace       used 6751K, capacity 6984K, committed 7168K, reserved 8192K
}

