# JRE version: Java(TM) SE Runtime Environment (8.0_20-b26) (build 1.8.0_20-b26)
# Java VM: Java HotSpot(TM) 64-Bit Server VM (25.20-b23 mixed mode windows-amd64 )
Heap:
 PSYoungGen      total 1242112K, used 248171K [0x00000008d5580000, 0x0000000941380000, 0x0000000d00000000)
  eden space 785920K, 31% used [0x00000008d5580000,0x00000008e47dacb8,0x0000000905500000)
  from space 456192K, 0% used [0x0000000905500000,0x0000000905500000,0x0000000921280000)
  to   space 396800K, 2% used [0x0000000921280000,0x0000000921d6ed78,0x0000000939600000)
 ParOldGen       total 1209344K, used 1208849K [0x0000000080000000, 0x00000000c9d00000, 0x00000008d5580000)
  object space 1209344K, 99% used [0x0000000080000000,0x00000000c9c847c8,0x00000000c9d00000)
 Metaspace       used 7036K, capacity 7240K, committed 7424K, reserved 8192K
GC Heap History (10 events):
Event: 56.987 GC heap before
{Heap before GC invocations=28 (full 5):
 PSYoungGen      total 1131520K, used 960838K [0x00000008d5580000, 0x0000000932080000, 0x0000000d00000000)
  eden space 766976K, 100% used [0x00000008d5580000,0x0000000904280000,0x0000000904280000)
  from space 364544K, 53% used [0x000000091bc80000,0x00000009279d19b0,0x0000000932080000)
  to   space 375808K, 0% used [0x0000000904280000,0x0000000904280000,0x000000091b180000)
 ParOldGen       total 1186816K, used 962427K [0x0000000080000000, 0x00000000c8700000, 0x00000008d5580000)
  object space 1186816K, 81% used [0x0000000080000000,0x00000000babded18,0x00000000c8700000)
 Metaspace       used 6614K, capacity 6920K, committed 7168K, reserved 8192K
Event: 57.305 GC heap after
Heap after GC invocations=28 (full 5):
 PSYoungGen      total 1142784K, used 258142K [0x00000008d5580000, 0x0000000939600000, 0x0000000d00000000)
  eden space 766976K, 0% used [0x00000008d5580000,0x00000008d5580000,0x0000000904280000)
  from space 375808K, 68% used [0x0000000904280000,0x0000000913e978f8,0x000000091b180000)
  to   space 396800K, 0% used [0x0000000921280000,0x0000000921280000,0x0000000939600000)
 ParOldGen       total 1186816K, used 962427K [0x0000000080000000, 0x00000000c8700000, 0x00000008d5580000)
  object space 1186816K, 81% used [0x0000000080000000,0x00000000babded18,0x00000000c8700000)
 Metaspace       used 6614K, capacity 6920K, committed 7168K, reserved 8192K
}
Event: 59.422 GC heap before
{Heap before GC invocations=29 (full 5):
 PSYoungGen      total 1142784K, used 1025118K [0x00000008d5580000, 0x0000000939600000, 0x0000000d00000000)
  eden space 766976K, 100% used [0x00000008d5580000,0x0000000904280000,0x0000000904280000)
  from space 375808K, 68% used [0x0000000904280000,0x0000000913e978f8,0x000000091b180000)
  to   space 396800K, 0% used [0x0000000921280000,0x0000000921280000,0x0000000939600000)
 ParOldGen       total 1186816K, used 962427K [0x0000000080000000, 0x00000000c8700000, 0x00000008d5580000)
  object space 1186816K, 81% used [0x0000000080000000,0x00000000babded18,0x00000000c8700000)
 Metaspace       used 6615K, capacity 6920K, committed 7168K, reserved 8192K
Event: 59.887 GC heap after
Heap after GC invocations=29 (full 5):
 PSYoungGen      total 1182720K, used 377390K [0x00000008d5580000, 0x0000000941380000, 0x0000000d00000000)
  eden space 785920K, 0% used [0x00000008d5580000,0x00000008d5580000,0x0000000905500000)
  from space 396800K, 95% used [0x0000000921280000,0x000000093830b8b0,0x0000000939600000)
  to   space 456192K, 0% used [0x0000000905500000,0x0000000905500000,0x0000000921280000)
 ParOldGen       total 1186816K, used 962427K [0x0000000080000000, 0x00000000c8700000, 0x00000008d5580000)
  object space 1186816K, 81% used [0x0000000080000000,0x00000000babded18,0x00000000c8700000)
 Metaspace       used 6615K, capacity 6920K, committed 7168K, reserved 8192K
}
Event: 64.058 GC heap before
{Heap before GC invocations=30 (full 5):
 PSYoungGen      total 1182720K, used 1163310K [0x00000008d5580000, 0x0000000941380000, 0x0000000d00000000)
  eden space 785920K, 100% used [0x00000008d5580000,0x0000000905500000,0x0000000905500000)
  from space 396800K, 95% used [0x0000000921280000,0x000000093830b8b0,0x0000000939600000)
  to   space 456192K, 0% used [0x0000000905500000,0x0000000905500000,0x0000000921280000)
 ParOldGen       total 1186816K, used 962427K [0x0000000080000000, 0x00000000c8700000, 0x00000008d5580000)
  object space 1186816K, 81% used [0x0000000080000000,0x00000000babded18,0x00000000c8700000)
 Metaspace       used 6967K, capacity 7176K, committed 7424K, reserved 8192K
Event: 64.706 GC heap after
Heap after GC invocations=30 (full 5):
 PSYoungGen      total 1242112K, used 456160K [0x00000008d5580000, 0x0000000941380000, 0x0000000d00000000)
  eden space 785920K, 0% used [0x00000008d5580000,0x00000008d5580000,0x0000000905500000)
  from space 456192K, 99% used [0x0000000905500000,0x0000000921278128,0x0000000921280000)
  to   space 396800K, 0% used [0x0000000921280000,0x0000000921280000,0x0000000939600000)
 ParOldGen       total 1186816K, used 1014495K [0x0000000080000000, 0x00000000c8700000, 0x00000008d5580000)
  object space 1186816K, 85% used [0x0000000080000000,0x00000000bdeb7e38,0x00000000c8700000)
 Metaspace       used 6967K, capacity 7176K, committed 7424K, reserved 8192K
}
Event: 67.442 GC heap before
{Heap before GC invocations=31 (full 5):
 PSYoungGen      total 1242112K, used 1242080K [0x00000008d5580000, 0x0000000941380000, 0x0000000d00000000)
  eden space 785920K, 100% used [0x00000008d5580000,0x0000000905500000,0x0000000905500000)
  from space 456192K, 99% used [0x0000000905500000,0x0000000921278128,0x0000000921280000)
  to   space 396800K, 0% used [0x0000000921280000,0x0000000921280000,0x0000000939600000)
 ParOldGen       total 1186816K, used 1014495K [0x0000000080000000, 0x00000000c8700000, 0x00000008d5580000)
  object space 1186816K, 85% used [0x0000000080000000,0x00000000bdeb7e38,0x00000000c8700000)
 Metaspace       used 7026K, capacity 7240K, committed 7424K, reserved 8192K
Event: 68.496 GC heap after
Heap after GC invocations=31 (full 5):
 PSYoungGen      total 1242112K, used 1242080K [0x00000008d5580000, 0x0000000941380000, 0x0000000d00000000)
  eden space 785920K, 100% used [0x00000008d5580000,0x0000000905500000,0x0000000905500000)
  from space 456192K, 99% used [0x0000000905500000,0x0000000921278128,0x0000000921280000)
  to   space 396800K, 99% used [0x0000000921280000,0x00000009395ff9e8,0x0000000939600000)
 ParOldGen       total 1209344K, used 1209339K [0x0000000080000000, 0x00000000c9d00000, 0x00000008d5580000)
  object space 1209344K, 99% used [0x0000000080000000,0x00000000c9cfed88,0x00000000c9d00000)
 Metaspace       used 7026K, capacity 7240K, committed 7424K, reserved 8192K
}
Event: 68.496 GC heap before
{Heap before GC invocations=32 (full 6):
 PSYoungGen      total 1242112K, used 1242080K [0x00000008d5580000, 0x0000000941380000, 0x0000000d00000000)
  eden space 785920K, 100% used [0x00000008d5580000,0x0000000905500000,0x0000000905500000)
  from space 456192K, 99% used [0x0000000905500000,0x0000000921278128,0x0000000921280000)
  to   space 396800K, 99% used [0x0000000921280000,0x00000009395ff9e8,0x0000000939600000)
 ParOldGen       total 1209344K, used 1209339K [0x0000000080000000, 0x00000000c9d00000, 0x00000008d5580000)
  object space 1209344K, 99% used [0x0000000080000000,0x00000000c9cfed88,0x00000000c9d00000)
 Metaspace       used 7026K, capacity 7240K, committed 7424K, reserved 8192K
Event: 75.055 GC heap after
Heap after GC invocations=32 (full 6):
 PSYoungGen      total 1242112K, used 0K [0x00000008d5580000, 0x0000000941380000, 0x0000000d00000000)
  eden space 785920K, 0% used [0x00000008d5580000,0x00000008d5580000,0x0000000905500000)
  from space 456192K, 0% used [0x0000000905500000,0x0000000905500000,0x0000000921280000)
  to   space 396800K, 2% used [0x0000000921280000,0x0000000921d6ed78,0x0000000939600000)
 ParOldGen       total 1209344K, used 1208849K [0x0000000080000000, 0x00000000c9d00000, 0x00000008d5580000)
  object space 1209344K, 99% used [0x0000000080000000,0x00000000c9c847c8,0x00000000c9d00000)
 Metaspace       used 7026K, capacity 7240K, committed 7424K, reserved 8192K
}

