# JRE version: Java(TM) SE Runtime Environment (8.0_20-b26) (build 1.8.0_20-b26)
# Java VM: Java HotSpot(TM) 64-Bit Server VM (25.20-b23 mixed mode windows-amd64 )
Heap:
 PSYoungGen      total 1319424K, used 730176K [0x00000008d5580000, 0x000000094f980000, 0x0000000d00000000)
  eden space 861696K, 66% used [0x00000008d5580000,0x00000008f8608b78,0x0000000909f00000)
  from space 457728K, 34% used [0x0000000909f00000,0x0000000913787608,0x0000000925e00000)
  to   space 505344K, 0% used [0x0000000930c00000,0x0000000930c00000,0x000000094f980000)
 ParOldGen       total 1190400K, used 1190268K [0x0000000080000000, 0x00000000c8a80000, 0x00000008d5580000)
  object space 1190400K, 99% used [0x0000000080000000,0x00000000c8a5f348,0x00000000c8a80000)
 Metaspace       used 7449K, capacity 7512K, committed 7680K, reserved 8192K
GC Heap History (10 events):
Event: 31.590 GC heap before
{Heap before GC invocations=23 (full 5):
 PSYoungGen      total 1038848K, used 960983K [0x00000008d5580000, 0x0000000936300000, 0x0000000d00000000)
  eden space 754176K, 100% used [0x00000008d5580000,0x0000000903600000,0x0000000903600000)
  from space 284672K, 72% used [0x0000000903600000,0x000000090fff5d40,0x0000000914c00000)
  to   space 372224K, 0% used [0x000000091f780000,0x000000091f780000,0x0000000936300000)
 ParOldGen       total 1190400K, used 800608K [0x0000000080000000, 0x00000000c8a80000, 0x00000008d5580000)
  object space 1190400K, 67% used [0x0000000080000000,0x00000000b0dd8278,0x00000000c8a80000)
 Metaspace       used 6609K, capacity 6920K, committed 7168K, reserved 8192K
Event: 31.934 GC heap after
Heap after GC invocations=23 (full 5):
 PSYoungGen      total 1159168K, used 150662K [0x00000008d5580000, 0x0000000933700000, 0x0000000d00000000)
  eden space 832000K, 0% used [0x00000008d5580000,0x00000008d5580000,0x0000000908200000)
  from space 327168K, 46% used [0x000000091f780000,0x0000000928aa1a00,0x0000000933700000)
  to   space 354816K, 0% used [0x0000000908200000,0x0000000908200000,0x000000091dc80000)
 ParOldGen       total 1190400K, used 925198K [0x0000000080000000, 0x00000000c8a80000, 0x00000008d5580000)
  object space 1190400K, 77% used [0x0000000080000000,0x00000000b8783b58,0x00000000c8a80000)
 Metaspace       used 6609K, capacity 6920K, committed 7168K, reserved 8192K
}
Event: 32.727 GC heap before
{Heap before GC invocations=24 (full 5):
 PSYoungGen      total 1159168K, used 982662K [0x00000008d5580000, 0x0000000933700000, 0x0000000d00000000)
  eden space 832000K, 100% used [0x00000008d5580000,0x0000000908200000,0x0000000908200000)
  from space 327168K, 46% used [0x000000091f780000,0x0000000928aa1a00,0x0000000933700000)
  to   space 354816K, 0% used [0x0000000908200000,0x0000000908200000,0x000000091dc80000)
 ParOldGen       total 1190400K, used 925198K [0x0000000080000000, 0x00000000c8a80000, 0x00000008d5580000)
  object space 1190400K, 77% used [0x0000000080000000,0x00000000b8783b58,0x00000000c8a80000)
 Metaspace       used 6610K, capacity 6920K, committed 7168K, reserved 8192K
Event: 32.945 GC heap after
Heap after GC invocations=24 (full 5):
 PSYoungGen      total 1186816K, used 281173K [0x00000008d5580000, 0x000000093d780000, 0x0000000d00000000)
  eden space 832000K, 0% used [0x00000008d5580000,0x00000008d5580000,0x0000000908200000)
  from space 354816K, 79% used [0x0000000908200000,0x00000009194956f0,0x000000091dc80000)
  to   space 386560K, 0% used [0x0000000925e00000,0x0000000925e00000,0x000000093d780000)
 ParOldGen       total 1190400K, used 925198K [0x0000000080000000, 0x00000000c8a80000, 0x00000008d5580000)
  object space 1190400K, 77% used [0x0000000080000000,0x00000000b8783b58,0x00000000c8a80000)
 Metaspace       used 6610K, capacity 6920K, committed 7168K, reserved 8192K
}
Event: 34.104 GC heap before
{Heap before GC invocations=25 (full 5):
 PSYoungGen      total 1186816K, used 1113173K [0x00000008d5580000, 0x000000093d780000, 0x0000000d00000000)
  eden space 832000K, 100% used [0x00000008d5580000,0x0000000908200000,0x0000000908200000)
  from space 354816K, 79% used [0x0000000908200000,0x00000009194956f0,0x000000091dc80000)
  to   space 386560K, 0% used [0x0000000925e00000,0x0000000925e00000,0x000000093d780000)
 ParOldGen       total 1190400K, used 925198K [0x0000000080000000, 0x00000000c8a80000, 0x00000008d5580000)
  object space 1190400K, 77% used [0x0000000080000000,0x00000000b8783b58,0x00000000c8a80000)
 Metaspace       used 6687K, capacity 6984K, committed 7168K, reserved 8192K
Event: 34.442 GC heap after
Heap after GC invocations=25 (full 5):
 PSYoungGen      total 1248256K, used 386554K [0x00000008d5580000, 0x0000000946d80000, 0x0000000d00000000)
  eden space 861696K, 0% used [0x00000008d5580000,0x00000008d5580000,0x0000000909f00000)
  from space 386560K, 99% used [0x0000000925e00000,0x000000093d77e980,0x000000093d780000)
  to   space 457728K, 0% used [0x0000000909f00000,0x0000000909f00000,0x0000000925e00000)
 ParOldGen       total 1190400K, used 945192K [0x0000000080000000, 0x00000000c8a80000, 0x00000008d5580000)
  object space 1190400K, 79% used [0x0000000080000000,0x00000000b9b0a018,0x00000000c8a80000)
 Metaspace       used 6687K, capacity 6984K, committed 7168K, reserved 8192K
}
Event: 35.709 GC heap before
{Heap before GC invocations=26 (full 5):
 PSYoungGen      total 1248256K, used 1248250K [0x00000008d5580000, 0x0000000946d80000, 0x0000000d00000000)
  eden space 861696K, 100% used [0x00000008d5580000,0x0000000909f00000,0x0000000909f00000)
  from space 386560K, 99% used [0x0000000925e00000,0x000000093d77e980,0x000000093d780000)
  to   space 457728K, 0% used [0x0000000909f00000,0x0000000909f00000,0x0000000925e00000)
 ParOldGen       total 1190400K, used 945192K [0x0000000080000000, 0x00000000c8a80000, 0x00000008d5580000)
  object space 1190400K, 79% used [0x0000000080000000,0x00000000b9b0a018,0x00000000c8a80000)
 Metaspace       used 6750K, capacity 6984K, committed 7168K, reserved 8192K
Event: 36.208 GC heap after
Heap after GC invocations=26 (full 5):
 PSYoungGen      total 1319424K, used 381599K [0x00000008d5580000, 0x000000094f980000, 0x0000000d00000000)
  eden space 861696K, 0% used [0x00000008d5580000,0x00000008d5580000,0x0000000909f00000)
  from space 457728K, 83% used [0x0000000909f00000,0x00000009213a7f48,0x0000000925e00000)
  to   space 505344K, 0% used [0x0000000930c00000,0x0000000930c00000,0x000000094f980000)
 ParOldGen       total 1190400K, used 1087078K [0x0000000080000000, 0x00000000c8a80000, 0x00000008d5580000)
  object space 1190400K, 91% used [0x0000000080000000,0x00000000c2599bc0,0x00000000c8a80000)
 Metaspace       used 6750K, capacity 6984K, committed 7168K, reserved 8192K
}
Event: 36.209 GC heap before
{Heap before GC invocations=27 (full 6):
 PSYoungGen      total 1319424K, used 381599K [0x00000008d5580000, 0x000000094f980000, 0x0000000d00000000)
  eden space 861696K, 0% used [0x00000008d5580000,0x00000008d5580000,0x0000000909f00000)
  from space 457728K, 83% used [0x0000000909f00000,0x00000009213a7f48,0x0000000925e00000)
  to   space 505344K, 0% used [0x0000000930c00000,0x0000000930c00000,0x000000094f980000)
 ParOldGen       total 1190400K, used 1087078K [0x0000000080000000, 0x00000000c8a80000, 0x00000008d5580000)
  object space 1190400K, 91% used [0x0000000080000000,0x00000000c2599bc0,0x00000000c8a80000)
 Metaspace       used 6750K, capacity 6984K, committed 7168K, reserved 8192K
Event: 41.889 GC heap after
Heap after GC invocations=27 (full 6):
 PSYoungGen      total 1319424K, used 156189K [0x00000008d5580000, 0x000000094f980000, 0x0000000d00000000)
  eden space 861696K, 0% used [0x00000008d5580000,0x00000008d5580000,0x0000000909f00000)
  from space 457728K, 34% used [0x0000000909f00000,0x0000000913787608,0x0000000925e00000)
  to   space 505344K, 0% used [0x0000000930c00000,0x0000000930c00000,0x000000094f980000)
 ParOldGen       total 1190400K, used 1190268K [0x0000000080000000, 0x00000000c8a80000, 0x00000008d5580000)
  object space 1190400K, 99% used [0x0000000080000000,0x00000000c8a5f348,0x00000000c8a80000)
 Metaspace       used 6750K, capacity 6984K, committed 7168K, reserved 8192K
}

