# JRE version: Java(TM) SE Runtime Environment (8.0_20-b26) (build 1.8.0_20-b26)
# Java VM: Java HotSpot(TM) 64-Bit Server VM (25.20-b23 mixed mode windows-amd64 )
Heap:
 PSYoungGen      total 931328K, used 591077K [0x00000008d5580000, 0x0000000922980000, 0x0000000d00000000)
  eden space 699392K, 84% used [0x00000008d5580000,0x00000008f96b96e0,0x0000000900080000)
  from space 231936K, 0% used [0x000000090ff00000,0x000000090ff00000,0x000000091e180000)
  to   space 260608K, 0% used [0x0000000900080000,0x0000000900080000,0x000000090ff00000)
 ParOldGen       total 827904K, used 827454K [0x0000000080000000, 0x00000000b2880000, 0x00000008d5580000)
  object space 827904K, 99% used [0x0000000080000000,0x00000000b280f978,0x00000000b2880000)
 Metaspace       used 6666K, capacity 6920K, committed 7168K, reserved 8192K
GC Heap History (10 events):
Event: 28.285 GC heap before
{Heap before GC invocations=23 (full 5):
 PSYoungGen      total 931328K, used 231924K [0x00000008d5580000, 0x0000000922980000, 0x0000000d00000000)
  eden space 699392K, 0% used [0x00000008d5580000,0x00000008d5580000,0x0000000900080000)
  from space 231936K, 99% used [0x000000090ff00000,0x000000091e17d0a0,0x000000091e180000)
  to   space 260608K, 0% used [0x0000000900080000,0x0000000900080000,0x000000090ff00000)
 ParOldGen       total 827904K, used 827507K [0x0000000080000000, 0x00000000b2880000, 0x00000008d5580000)
  object space 827904K, 99% used [0x0000000080000000,0x00000000b281ce40,0x00000000b2880000)
 Metaspace       used 6595K, capacity 6920K, committed 7168K, reserved 8192K
Event: 32.103 GC heap after
Heap after GC invocations=23 (full 5):
 PSYoungGen      total 931328K, used 209729K [0x00000008d5580000, 0x0000000922980000, 0x0000000d00000000)
  eden space 699392K, 0% used [0x00000008d5580000,0x00000008d5580000,0x0000000900080000)
  from space 231936K, 90% used [0x000000090ff00000,0x000000091cbd0778,0x000000091e180000)
  to   space 260608K, 0% used [0x0000000900080000,0x0000000900080000,0x000000090ff00000)
 ParOldGen       total 827904K, used 827769K [0x0000000080000000, 0x00000000b2880000, 0x00000008d5580000)
  object space 827904K, 99% used [0x0000000080000000,0x00000000b285e668,0x00000000b2880000)
 Metaspace       used 6595K, capacity 6920K, committed 7168K, reserved 8192K
}
Event: 34.586 GC heap before
{Heap before GC invocations=24 (full 6):
 PSYoungGen      total 931328K, used 909121K [0x00000008d5580000, 0x0000000922980000, 0x0000000d00000000)
  eden space 699392K, 100% used [0x00000008d5580000,0x0000000900080000,0x0000000900080000)
  from space 231936K, 90% used [0x000000090ff00000,0x000000091cbd0778,0x000000091e180000)
  to   space 260608K, 0% used [0x0000000900080000,0x0000000900080000,0x000000090ff00000)
 ParOldGen       total 827904K, used 827769K [0x0000000080000000, 0x00000000b2880000, 0x00000008d5580000)
  object space 827904K, 99% used [0x0000000080000000,0x00000000b285e668,0x00000000b2880000)
 Metaspace       used 6595K, capacity 6920K, committed 7168K, reserved 8192K
Event: 37.726 GC heap after
Heap after GC invocations=24 (full 6):
 PSYoungGen      total 931328K, used 154341K [0x00000008d5580000, 0x0000000922980000, 0x0000000d00000000)
  eden space 699392K, 22% used [0x00000008d5580000,0x00000008dec39520,0x0000000900080000)
  from space 231936K, 0% used [0x000000090ff00000,0x000000090ff00000,0x000000091e180000)
  to   space 260608K, 0% used [0x0000000900080000,0x0000000900080000,0x000000090ff00000)
 ParOldGen       total 827904K, used 827750K [0x0000000080000000, 0x00000000b2880000, 0x00000008d5580000)
  object space 827904K, 99% used [0x0000000080000000,0x00000000b2859b08,0x00000000b2880000)
 Metaspace       used 6595K, capacity 6920K, committed 7168K, reserved 8192K
}
Event: 38.304 GC heap before
{Heap before GC invocations=25 (full 7):
 PSYoungGen      total 931328K, used 699392K [0x00000008d5580000, 0x0000000922980000, 0x0000000d00000000)
  eden space 699392K, 100% used [0x00000008d5580000,0x0000000900080000,0x0000000900080000)
  from space 231936K, 0% used [0x000000090ff00000,0x000000090ff00000,0x000000091e180000)
  to   space 260608K, 0% used [0x0000000900080000,0x0000000900080000,0x000000090ff00000)
 ParOldGen       total 827904K, used 827750K [0x0000000080000000, 0x00000000b2880000, 0x00000008d5580000)
  object space 827904K, 99% used [0x0000000080000000,0x00000000b2859b08,0x00000000b2880000)
 Metaspace       used 6596K, capacity 6920K, committed 7168K, reserved 8192K
Event: 41.433 GC heap after
Heap after GC invocations=25 (full 7):
 PSYoungGen      total 931328K, used 177372K [0x00000008d5580000, 0x0000000922980000, 0x0000000d00000000)
  eden space 699392K, 25% used [0x00000008d5580000,0x00000008e02b70f8,0x0000000900080000)
  from space 231936K, 0% used [0x000000090ff00000,0x000000090ff00000,0x000000091e180000)
  to   space 260608K, 0% used [0x0000000900080000,0x0000000900080000,0x000000090ff00000)
 ParOldGen       total 827904K, used 827755K [0x0000000080000000, 0x00000000b2880000, 0x00000008d5580000)
  object space 827904K, 99% used [0x0000000080000000,0x00000000b285acc0,0x00000000b2880000)
 Metaspace       used 6596K, capacity 6920K, committed 7168K, reserved 8192K
}
Event: 41.949 GC heap before
{Heap before GC invocations=26 (full 8):
 PSYoungGen      total 931328K, used 699392K [0x00000008d5580000, 0x0000000922980000, 0x0000000d00000000)
  eden space 699392K, 100% used [0x00000008d5580000,0x0000000900080000,0x0000000900080000)
  from space 231936K, 0% used [0x000000090ff00000,0x000000090ff00000,0x000000091e180000)
  to   space 260608K, 0% used [0x0000000900080000,0x0000000900080000,0x000000090ff00000)
 ParOldGen       total 827904K, used 827755K [0x0000000080000000, 0x00000000b2880000, 0x00000008d5580000)
  object space 827904K, 99% used [0x0000000080000000,0x00000000b285acc0,0x00000000b2880000)
 Metaspace       used 6596K, capacity 6920K, committed 7168K, reserved 8192K
Event: 44.920 GC heap after
Heap after GC invocations=26 (full 8):
 PSYoungGen      total 931328K, used 262565K [0x00000008d5580000, 0x0000000922980000, 0x0000000d00000000)
  eden space 699392K, 37% used [0x00000008d5580000,0x00000008e55e9600,0x0000000900080000)
  from space 231936K, 0% used [0x000000090ff00000,0x000000090ff00000,0x000000091e180000)
  to   space 260608K, 0% used [0x0000000900080000,0x0000000900080000,0x000000090ff00000)
 ParOldGen       total 827904K, used 827462K [0x0000000080000000, 0x00000000b2880000, 0x00000008d5580000)
  object space 827904K, 99% used [0x0000000080000000,0x00000000b28119a0,0x00000000b2880000)
 Metaspace       used 6596K, capacity 6920K, committed 7168K, reserved 8192K
}
Event: 45.778 GC heap before
{Heap before GC invocations=27 (full 9):
 PSYoungGen      total 931328K, used 699392K [0x00000008d5580000, 0x0000000922980000, 0x0000000d00000000)
  eden space 699392K, 100% used [0x00000008d5580000,0x0000000900080000,0x0000000900080000)
  from space 231936K, 0% used [0x000000090ff00000,0x000000090ff00000,0x000000091e180000)
  to   space 260608K, 0% used [0x0000000900080000,0x0000000900080000,0x000000090ff00000)
 ParOldGen       total 827904K, used 827462K [0x0000000080000000, 0x00000000b2880000, 0x00000008d5580000)
  object space 827904K, 99% used [0x0000000080000000,0x00000000b28119a0,0x00000000b2880000)
 Metaspace       used 6596K, capacity 6920K, committed 7168K, reserved 8192K
Event: 49.181 GC heap after
Heap after GC invocations=27 (full 9):
 PSYoungGen      total 931328K, used 328739K [0x00000008d5580000, 0x0000000922980000, 0x0000000d00000000)
  eden space 699392K, 47% used [0x00000008d5580000,0x00000008e9688f18,0x0000000900080000)
  from space 231936K, 0% used [0x000000090ff00000,0x000000090ff00000,0x000000091e180000)
  to   space 260608K, 0% used [0x0000000900080000,0x0000000900080000,0x000000090ff00000)
 ParOldGen       total 827904K, used 827454K [0x0000000080000000, 0x00000000b2880000, 0x00000008d5580000)
  object space 827904K, 99% used [0x0000000080000000,0x00000000b280f978,0x00000000b2880000)
 Metaspace       used 6596K, capacity 6920K, committed 7168K, reserved 8192K
}

