# JRE version: Java(TM) SE Runtime Environment (8.0_20-b26) (build 1.8.0_20-b26)
# Java VM: Java HotSpot(TM) 64-Bit Server VM (25.20-b23 mixed mode windows-amd64 )
Heap:
 PSYoungGen      total 1091584K, used 714831K [0x00000008d5580000, 0x000000093de80000, 0x0000000d00000000)
  eden space 672256K, 44% used [0x00000008d5580000,0x00000008e7b41018,0x00000008fe600000)
  from space 419328K, 98% used [0x00000008fe600000,0x0000000917a52d18,0x0000000917f80000)
  to   space 486400K, 0% used [0x0000000920380000,0x0000000920380000,0x000000093de80000)
 ParOldGen       total 1229824K, used 964713K [0x0000000080000000, 0x00000000cb100000, 0x00000008d5580000)
  object space 1229824K, 78% used [0x0000000080000000,0x00000000bae1a430,0x00000000cb100000)
 Metaspace       used 6711K, capacity 6984K, committed 7168K, reserved 8192K
GC Heap History (10 events):
Event: 41.569 GC heap before
{Heap before GC invocations=26 (full 5):
 PSYoungGen      total 827392K, used 237548K [0x00000008d5580000, 0x0000000927180000, 0x0000000d00000000)
  eden space 589824K, 0% used [0x00000008d5580000,0x00000008d5580000,0x00000008f9580000)
  from space 237568K, 99% used [0x00000008f9580000,0x0000000907d7b028,0x0000000907d80000)
  to   space 333312K, 0% used [0x0000000912c00000,0x0000000912c00000,0x0000000927180000)
 ParOldGen       total 823808K, used 823364K [0x0000000080000000, 0x00000000b2480000, 0x00000008d5580000)
  object space 823808K, 99% used [0x0000000080000000,0x00000000b2411120,0x00000000b2480000)
 Metaspace       used 6605K, capacity 6920K, committed 7168K, reserved 8192K
Event: 45.874 GC heap after
Heap after GC invocations=26 (full 5):
 PSYoungGen      total 827392K, used 212500K [0x00000008d5580000, 0x0000000927180000, 0x0000000d00000000)
  eden space 589824K, 0% used [0x00000008d5580000,0x00000008d5580000,0x00000008f9580000)
  from space 237568K, 89% used [0x00000008f9580000,0x00000009065052b0,0x0000000907d80000)
  to   space 333312K, 0% used [0x0000000912c00000,0x0000000912c00000,0x0000000927180000)
 ParOldGen       total 1229824K, used 823484K [0x0000000080000000, 0x00000000cb100000, 0x00000008d5580000)
  object space 1229824K, 66% used [0x0000000080000000,0x00000000b242f260,0x00000000cb100000)
 Metaspace       used 6605K, capacity 6920K, committed 7168K, reserved 8192K
}
Event: 47.692 GC heap before
{Heap before GC invocations=27 (full 5):
 PSYoungGen      total 827392K, used 802324K [0x00000008d5580000, 0x0000000927180000, 0x0000000d00000000)
  eden space 589824K, 100% used [0x00000008d5580000,0x00000008f9580000,0x00000008f9580000)
  from space 237568K, 89% used [0x00000008f9580000,0x00000009065052b0,0x0000000907d80000)
  to   space 333312K, 0% used [0x0000000912c00000,0x0000000912c00000,0x0000000927180000)
 ParOldGen       total 1229824K, used 823484K [0x0000000080000000, 0x00000000cb100000, 0x00000008d5580000)
  object space 1229824K, 66% used [0x0000000080000000,0x00000000b242f260,0x00000000cb100000)
 Metaspace       used 6605K, capacity 6920K, committed 7168K, reserved 8192K
Event: 48.483 GC heap after
Heap after GC invocations=27 (full 5):
 PSYoungGen      total 960000K, used 303258K [0x00000008d5580000, 0x000000092c580000, 0x0000000d00000000)
  eden space 626688K, 0% used [0x00000008d5580000,0x00000008d5580000,0x00000008fb980000)
  from space 333312K, 90% used [0x0000000912c00000,0x0000000925426968,0x0000000927180000)
  to   space 379392K, 0% used [0x00000008fb980000,0x00000008fb980000,0x0000000912c00000)
 ParOldGen       total 1229824K, used 964713K [0x0000000080000000, 0x00000000cb100000, 0x00000008d5580000)
  object space 1229824K, 78% used [0x0000000080000000,0x00000000bae1a430,0x00000000cb100000)
 Metaspace       used 6605K, capacity 6920K, committed 7168K, reserved 8192K
}
Event: 50.485 GC heap before
{Heap before GC invocations=28 (full 5):
 PSYoungGen      total 960000K, used 929946K [0x00000008d5580000, 0x000000092c580000, 0x0000000d00000000)
  eden space 626688K, 100% used [0x00000008d5580000,0x00000008fb980000,0x00000008fb980000)
  from space 333312K, 90% used [0x0000000912c00000,0x0000000925426968,0x0000000927180000)
  to   space 379392K, 0% used [0x00000008fb980000,0x00000008fb980000,0x0000000912c00000)
 ParOldGen       total 1229824K, used 964713K [0x0000000080000000, 0x00000000cb100000, 0x00000008d5580000)
  object space 1229824K, 78% used [0x0000000080000000,0x00000000bae1a430,0x00000000cb100000)
 Metaspace       used 6605K, capacity 6920K, committed 7168K, reserved 8192K
Event: 50.841 GC heap after
Heap after GC invocations=28 (full 5):
 PSYoungGen      total 1006080K, used 209869K [0x00000008d5580000, 0x000000092f400000, 0x0000000d00000000)
  eden space 626688K, 0% used [0x00000008d5580000,0x00000008d5580000,0x00000008fb980000)
  from space 379392K, 55% used [0x00000008fb980000,0x0000000908673738,0x0000000912c00000)
  to   space 381440K, 0% used [0x0000000917f80000,0x0000000917f80000,0x000000092f400000)
 ParOldGen       total 1229824K, used 964713K [0x0000000080000000, 0x00000000cb100000, 0x00000008d5580000)
  object space 1229824K, 78% used [0x0000000080000000,0x00000000bae1a430,0x00000000cb100000)
 Metaspace       used 6605K, capacity 6920K, committed 7168K, reserved 8192K
}
Event: 55.430 GC heap before
{Heap before GC invocations=29 (full 5):
 PSYoungGen      total 1006080K, used 836557K [0x00000008d5580000, 0x000000092f400000, 0x0000000d00000000)
  eden space 626688K, 100% used [0x00000008d5580000,0x00000008fb980000,0x00000008fb980000)
  from space 379392K, 55% used [0x00000008fb980000,0x0000000908673738,0x0000000912c00000)
  to   space 381440K, 0% used [0x0000000917f80000,0x0000000917f80000,0x000000092f400000)
 ParOldGen       total 1229824K, used 964713K [0x0000000080000000, 0x00000000cb100000, 0x00000008d5580000)
  object space 1229824K, 78% used [0x0000000080000000,0x00000000bae1a430,0x00000000cb100000)
 Metaspace       used 6606K, capacity 6920K, committed 7168K, reserved 8192K
Event: 55.791 GC heap after
Heap after GC invocations=29 (full 5):
 PSYoungGen      total 1053696K, used 312864K [0x00000008d5580000, 0x0000000933780000, 0x0000000d00000000)
  eden space 672256K, 0% used [0x00000008d5580000,0x00000008d5580000,0x00000008fe600000)
  from space 381440K, 82% used [0x0000000917f80000,0x000000092b1083e0,0x000000092f400000)
  to   space 419328K, 0% used [0x00000008fe600000,0x00000008fe600000,0x0000000917f80000)
 ParOldGen       total 1229824K, used 964713K [0x0000000080000000, 0x00000000cb100000, 0x00000008d5580000)
  object space 1229824K, 78% used [0x0000000080000000,0x00000000bae1a430,0x00000000cb100000)
 Metaspace       used 6606K, capacity 6920K, committed 7168K, reserved 8192K
}
Event: 58.107 GC heap before
{Heap before GC invocations=30 (full 5):
 PSYoungGen      total 1053696K, used 985120K [0x00000008d5580000, 0x0000000933780000, 0x0000000d00000000)
  eden space 672256K, 100% used [0x00000008d5580000,0x00000008fe600000,0x00000008fe600000)
  from space 381440K, 82% used [0x0000000917f80000,0x000000092b1083e0,0x000000092f400000)
  to   space 419328K, 0% used [0x00000008fe600000,0x00000008fe600000,0x0000000917f80000)
 ParOldGen       total 1229824K, used 964713K [0x0000000080000000, 0x00000000cb100000, 0x00000008d5580000)
  object space 1229824K, 78% used [0x0000000080000000,0x00000000bae1a430,0x00000000cb100000)
 Metaspace       used 6671K, capacity 6920K, committed 7168K, reserved 8192K
Event: 58.670 GC heap after
Heap after GC invocations=30 (full 5):
 PSYoungGen      total 1091584K, used 414027K [0x00000008d5580000, 0x000000093de80000, 0x0000000d00000000)
  eden space 672256K, 0% used [0x00000008d5580000,0x00000008d5580000,0x00000008fe600000)
  from space 419328K, 98% used [0x00000008fe600000,0x0000000917a52d18,0x0000000917f80000)
  to   space 486400K, 0% used [0x0000000920380000,0x0000000920380000,0x000000093de80000)
 ParOldGen       total 1229824K, used 964713K [0x0000000080000000, 0x00000000cb100000, 0x00000008d5580000)
  object space 1229824K, 78% used [0x0000000080000000,0x00000000bae1a430,0x00000000cb100000)
 Metaspace       used 6671K, capacity 6920K, committed 7168K, reserved 8192K
}

