# JRE version: Java(TM) SE Runtime Environment (8.0_20-b26) (build 1.8.0_20-b26)
# Java VM: Java HotSpot(TM) 64-Bit Server VM (25.20-b23 mixed mode windows-amd64 )
Heap:
 PSYoungGen      total 1179648K, used 746593K [0x00000008d5580000, 0x0000000944f00000, 0x0000000d00000000)
  eden space 879104K, 84% used [0x00000008d5580000,0x0000000902e98760,0x000000090b000000)
  from space 300544K, 0% used [0x000000090b000000,0x000000090b000000,0x000000091d580000)
  to   space 411648K, 0% used [0x000000092bd00000,0x000000092bd00000,0x0000000944f00000)
 ParOldGen       total 806400K, used 806270K [0x0000000080000000, 0x00000000b1380000, 0x00000008d5580000)
  object space 806400K, 99% used [0x0000000080000000,0x00000000b135fba0,0x00000000b1380000)
 Metaspace       used 6667K, capacity 6920K, committed 7168K, reserved 8192K
GC Heap History (10 events):
Event: 26.530 GC heap before
{Heap before GC invocations=20 (full 4):
 PSYoungGen      total 983552K, used 983549K [0x00000008d5580000, 0x000000092d500000, 0x0000000d00000000)
  eden space 766976K, 100% used [0x00000008d5580000,0x0000000904280000,0x0000000904280000)
  from space 216576K, 99% used [0x0000000904280000,0x00000009115ff7f8,0x0000000911600000)
  to   space 261632K, 0% used [0x000000091d580000,0x000000091d580000,0x000000092d500000)
 ParOldGen       total 806400K, used 531295K [0x0000000080000000, 0x00000000b1380000, 0x00000008d5580000)
  object space 806400K, 65% used [0x0000000080000000,0x00000000a06d7f48,0x00000000b1380000)
 Metaspace       used 6603K, capacity 6920K, committed 7168K, reserved 8192K
Event: 26.877 GC heap after
Heap after GC invocations=20 (full 4):
 PSYoungGen      total 1140736K, used 244538K [0x00000008d5580000, 0x0000000932580000, 0x0000000d00000000)
  eden space 879104K, 0% used [0x00000008d5580000,0x00000008d5580000,0x000000090b000000)
  from space 261632K, 93% used [0x000000091d580000,0x000000092c44ebb8,0x000000092d500000)
  to   space 300544K, 0% used [0x000000090b000000,0x000000090b000000,0x000000091d580000)
 ParOldGen       total 806400K, used 637587K [0x0000000080000000, 0x00000000b1380000, 0x00000008d5580000)
  object space 806400K, 79% used [0x0000000080000000,0x00000000a6ea4f98,0x00000000b1380000)
 Metaspace       used 6603K, capacity 6920K, committed 7168K, reserved 8192K
}
Event: 28.632 GC heap before
{Heap before GC invocations=21 (full 4):
 PSYoungGen      total 1140736K, used 1123642K [0x00000008d5580000, 0x0000000932580000, 0x0000000d00000000)
  eden space 879104K, 100% used [0x00000008d5580000,0x000000090b000000,0x000000090b000000)
  from space 261632K, 93% used [0x000000091d580000,0x000000092c44ebb8,0x000000092d500000)
  to   space 300544K, 0% used [0x000000090b000000,0x000000090b000000,0x000000091d580000)
 ParOldGen       total 806400K, used 637587K [0x0000000080000000, 0x00000000b1380000, 0x00000008d5580000)
  object space 806400K, 79% used [0x0000000080000000,0x00000000a6ea4f98,0x00000000b1380000)
 Metaspace       used 6603K, capacity 6920K, committed 7168K, reserved 8192K
Event: 28.948 GC heap after
Heap after GC invocations=21 (full 4):
 PSYoungGen      total 1179648K, used 300543K [0x00000008d5580000, 0x0000000944f00000, 0x0000000d00000000)
  eden space 879104K, 0% used [0x00000008d5580000,0x00000008d5580000,0x000000090b000000)
  from space 300544K, 99% used [0x000000090b000000,0x000000091d57ff60,0x000000091d580000)
  to   space 411648K, 0% used [0x000000092bd00000,0x000000092bd00000,0x0000000944f00000)
 ParOldGen       total 806400K, used 798235K [0x0000000080000000, 0x00000000b1380000, 0x00000008d5580000)
  object space 806400K, 98% used [0x0000000080000000,0x00000000b0b86c80,0x00000000b1380000)
 Metaspace       used 6603K, capacity 6920K, committed 7168K, reserved 8192K
}
Event: 28.948 GC heap before
{Heap before GC invocations=22 (full 5):
 PSYoungGen      total 1179648K, used 300543K [0x00000008d5580000, 0x0000000944f00000, 0x0000000d00000000)
  eden space 879104K, 0% used [0x00000008d5580000,0x00000008d5580000,0x000000090b000000)
  from space 300544K, 99% used [0x000000090b000000,0x000000091d57ff60,0x000000091d580000)
  to   space 411648K, 0% used [0x000000092bd00000,0x000000092bd00000,0x0000000944f00000)
 ParOldGen       total 806400K, used 798235K [0x0000000080000000, 0x00000000b1380000, 0x00000008d5580000)
  object space 806400K, 98% used [0x0000000080000000,0x00000000b0b86c80,0x00000000b1380000)
 Metaspace       used 6603K, capacity 6920K, committed 7168K, reserved 8192K
Event: 34.179 GC heap after
Heap after GC invocations=22 (full 5):
 PSYoungGen      total 1179648K, used 271376K [0x00000008d5580000, 0x0000000944f00000, 0x0000000d00000000)
  eden space 879104K, 0% used [0x00000008d5580000,0x00000008d5580000,0x000000090b000000)
  from space 300544K, 90% used [0x000000090b000000,0x000000091b904220,0x000000091d580000)
  to   space 411648K, 0% used [0x000000092bd00000,0x000000092bd00000,0x0000000944f00000)
 ParOldGen       total 806400K, used 806317K [0x0000000080000000, 0x00000000b1380000, 0x00000008d5580000)
  object space 806400K, 99% used [0x0000000080000000,0x00000000b136b480,0x00000000b1380000)
 Metaspace       used 6603K, capacity 6920K, committed 7168K, reserved 8192K
}
Event: 36.243 GC heap before
{Heap before GC invocations=23 (full 6):
 PSYoungGen      total 1179648K, used 1150480K [0x00000008d5580000, 0x0000000944f00000, 0x0000000d00000000)
  eden space 879104K, 100% used [0x00000008d5580000,0x000000090b000000,0x000000090b000000)
  from space 300544K, 90% used [0x000000090b000000,0x000000091b904220,0x000000091d580000)
  to   space 411648K, 0% used [0x000000092bd00000,0x000000092bd00000,0x0000000944f00000)
 ParOldGen       total 806400K, used 806317K [0x0000000080000000, 0x00000000b1380000, 0x00000008d5580000)
  object space 806400K, 99% used [0x0000000080000000,0x00000000b136b480,0x00000000b1380000)
 Metaspace       used 6604K, capacity 6920K, committed 7168K, reserved 8192K
Event: 39.713 GC heap after
Heap after GC invocations=23 (full 6):
 PSYoungGen      total 1179648K, used 231278K [0x00000008d5580000, 0x0000000944f00000, 0x0000000d00000000)
  eden space 879104K, 26% used [0x00000008d5580000,0x00000008e375b9c0,0x000000090b000000)
  from space 300544K, 0% used [0x000000090b000000,0x000000090b000000,0x000000091d580000)
  to   space 411648K, 0% used [0x000000092bd00000,0x000000092bd00000,0x0000000944f00000)
 ParOldGen       total 806400K, used 806397K [0x0000000080000000, 0x00000000b1380000, 0x00000008d5580000)
  object space 806400K, 99% used [0x0000000080000000,0x00000000b137f628,0x00000000b1380000)
 Metaspace       used 6604K, capacity 6920K, committed 7168K, reserved 8192K
}
Event: 40.605 GC heap before
{Heap before GC invocations=24 (full 7):
 PSYoungGen      total 1179648K, used 879104K [0x00000008d5580000, 0x0000000944f00000, 0x0000000d00000000)
  eden space 879104K, 100% used [0x00000008d5580000,0x000000090b000000,0x000000090b000000)
  from space 300544K, 0% used [0x000000090b000000,0x000000090b000000,0x000000091d580000)
  to   space 411648K, 0% used [0x000000092bd00000,0x000000092bd00000,0x0000000944f00000)
 ParOldGen       total 806400K, used 806397K [0x0000000080000000, 0x00000000b1380000, 0x00000008d5580000)
  object space 806400K, 99% used [0x0000000080000000,0x00000000b137f628,0x00000000b1380000)
 Metaspace       used 6604K, capacity 6920K, committed 7168K, reserved 8192K
Event: 44.268 GC heap after
Heap after GC invocations=24 (full 7):
 PSYoungGen      total 1179648K, used 330970K [0x00000008d5580000, 0x0000000944f00000, 0x0000000d00000000)
  eden space 879104K, 37% used [0x00000008d5580000,0x00000008e98b69c8,0x000000090b000000)
  from space 300544K, 0% used [0x000000090b000000,0x000000090b000000,0x000000091d580000)
  to   space 411648K, 0% used [0x000000092bd00000,0x000000092bd00000,0x0000000944f00000)
 ParOldGen       total 806400K, used 806270K [0x0000000080000000, 0x00000000b1380000, 0x00000008d5580000)
  object space 806400K, 99% used [0x0000000080000000,0x00000000b135fba0,0x00000000b1380000)
 Metaspace       used 6604K, capacity 6920K, committed 7168K, reserved 8192K
}

