# JRE version: Java(TM) SE Runtime Environment (8.0_20-b26) (build 1.8.0_20-b26)
# Java VM: Java HotSpot(TM) 64-Bit Server VM (25.20-b23 mixed mode windows-amd64 )
Heap:
 PSYoungGen      total 948224K, used 475555K [0x00000008d5580000, 0x0000000925b00000, 0x0000000d00000000)
  eden space 692736K, 68% used [0x00000008d5580000,0x00000008f25e8ff0,0x00000008ffa00000)
  from space 255488K, 0% used [0x0000000910a80000,0x0000000910a80000,0x0000000920400000)
  to   space 279040K, 0% used [0x00000008ffa00000,0x00000008ffa00000,0x0000000910a80000)
 ParOldGen       total 813056K, used 813005K [0x0000000080000000, 0x00000000b1a00000, 0x00000008d5580000)
  object space 813056K, 99% used [0x0000000080000000,0x00000000b19f3440,0x00000000b1a00000)
 Metaspace       used 6593K, capacity 6920K, committed 7168K, reserved 8192K
GC Heap History (10 events):
Event: 29.733 GC heap before
{Heap before GC invocations=21 (full 4):
 PSYoungGen      total 948224K, used 857972K [0x00000008d5580000, 0x0000000925b00000, 0x0000000d00000000)
  eden space 692736K, 100% used [0x00000008d5580000,0x00000008ffa00000,0x00000008ffa00000)
  from space 255488K, 64% used [0x0000000910a80000,0x000000091abdd1b0,0x0000000920400000)
  to   space 279040K, 0% used [0x00000008ffa00000,0x00000008ffa00000,0x0000000910a80000)
 ParOldGen       total 813056K, used 543020K [0x0000000080000000, 0x00000000b1a00000, 0x00000008d5580000)
  object space 813056K, 66% used [0x0000000080000000,0x00000000a124b090,0x00000000b1a00000)
 Metaspace       used 6592K, capacity 6920K, committed 7168K, reserved 8192K
Event: 30.083 GC heap after
Heap after GC invocations=21 (full 4):
 PSYoungGen      total 971776K, used 271324K [0x00000008d5580000, 0x0000000925b00000, 0x0000000d00000000)
  eden space 692736K, 0% used [0x00000008d5580000,0x00000008d5580000,0x00000008ffa00000)
  from space 279040K, 97% used [0x00000008ffa00000,0x00000009102f72f8,0x0000000910a80000)
  to   space 255488K, 0% used [0x0000000910a80000,0x0000000910a80000,0x0000000920400000)
 ParOldGen       total 813056K, used 543020K [0x0000000080000000, 0x00000000b1a00000, 0x00000008d5580000)
  object space 813056K, 66% used [0x0000000080000000,0x00000000a124b090,0x00000000b1a00000)
 Metaspace       used 6592K, capacity 6920K, committed 7168K, reserved 8192K
}
Event: 32.070 GC heap before
{Heap before GC invocations=22 (full 4):
 PSYoungGen      total 971776K, used 964060K [0x00000008d5580000, 0x0000000925b00000, 0x0000000d00000000)
  eden space 692736K, 100% used [0x00000008d5580000,0x00000008ffa00000,0x00000008ffa00000)
  from space 279040K, 97% used [0x00000008ffa00000,0x00000009102f72f8,0x0000000910a80000)
  to   space 255488K, 0% used [0x0000000910a80000,0x0000000910a80000,0x0000000920400000)
 ParOldGen       total 813056K, used 543020K [0x0000000080000000, 0x00000000b1a00000, 0x00000008d5580000)
  object space 813056K, 66% used [0x0000000080000000,0x00000000a124b090,0x00000000b1a00000)
 Metaspace       used 6592K, capacity 6920K, committed 7168K, reserved 8192K
Event: 32.530 GC heap after
Heap after GC invocations=22 (full 4):
 PSYoungGen      total 948224K, used 255472K [0x00000008d5580000, 0x0000000925b00000, 0x0000000d00000000)
  eden space 692736K, 0% used [0x00000008d5580000,0x00000008d5580000,0x00000008ffa00000)
  from space 255488K, 99% used [0x0000000910a80000,0x00000009203fc0f8,0x0000000920400000)
  to   space 279040K, 0% used [0x00000008ffa00000,0x00000008ffa00000,0x0000000910a80000)
 ParOldGen       total 813056K, used 805542K [0x0000000080000000, 0x00000000b1a00000, 0x00000008d5580000)
  object space 813056K, 99% used [0x0000000080000000,0x00000000b12a9800,0x00000000b1a00000)
 Metaspace       used 6592K, capacity 6920K, committed 7168K, reserved 8192K
}
Event: 32.530 GC heap before
{Heap before GC invocations=23 (full 5):
 PSYoungGen      total 948224K, used 255472K [0x00000008d5580000, 0x0000000925b00000, 0x0000000d00000000)
  eden space 692736K, 0% used [0x00000008d5580000,0x00000008d5580000,0x00000008ffa00000)
  from space 255488K, 99% used [0x0000000910a80000,0x00000009203fc0f8,0x0000000920400000)
  to   space 279040K, 0% used [0x00000008ffa00000,0x00000008ffa00000,0x0000000910a80000)
 ParOldGen       total 813056K, used 805542K [0x0000000080000000, 0x00000000b1a00000, 0x00000008d5580000)
  object space 813056K, 99% used [0x0000000080000000,0x00000000b12a9800,0x00000000b1a00000)
 Metaspace       used 6592K, capacity 6920K, committed 7168K, reserved 8192K
Event: 36.384 GC heap after
Heap after GC invocations=23 (full 5):
 PSYoungGen      total 948224K, used 226051K [0x00000008d5580000, 0x0000000925b00000, 0x0000000d00000000)
  eden space 692736K, 0% used [0x00000008d5580000,0x00000008d5580000,0x00000008ffa00000)
  from space 255488K, 88% used [0x0000000910a80000,0x000000091e740c78,0x0000000920400000)
  to   space 279040K, 0% used [0x00000008ffa00000,0x00000008ffa00000,0x0000000910a80000)
 ParOldGen       total 813056K, used 812775K [0x0000000080000000, 0x00000000b1a00000, 0x00000008d5580000)
  object space 813056K, 99% used [0x0000000080000000,0x00000000b19b9f20,0x00000000b1a00000)
 Metaspace       used 6592K, capacity 6920K, committed 7168K, reserved 8192K
}
Event: 38.080 GC heap before
{Heap before GC invocations=24 (full 6):
 PSYoungGen      total 948224K, used 918787K [0x00000008d5580000, 0x0000000925b00000, 0x0000000d00000000)
  eden space 692736K, 100% used [0x00000008d5580000,0x00000008ffa00000,0x00000008ffa00000)
  from space 255488K, 88% used [0x0000000910a80000,0x000000091e740c78,0x0000000920400000)
  to   space 279040K, 0% used [0x00000008ffa00000,0x00000008ffa00000,0x0000000910a80000)
 ParOldGen       total 813056K, used 812775K [0x0000000080000000, 0x00000000b1a00000, 0x00000008d5580000)
  object space 813056K, 99% used [0x0000000080000000,0x00000000b19b9f20,0x00000000b1a00000)
 Metaspace       used 6592K, capacity 6920K, committed 7168K, reserved 8192K
Event: 40.890 GC heap after
Heap after GC invocations=24 (full 6):
 PSYoungGen      total 948224K, used 171267K [0x00000008d5580000, 0x0000000925b00000, 0x0000000d00000000)
  eden space 692736K, 0% used [0x00000008d5580000,0x00000008d5580000,0x00000008ffa00000)
  from space 255488K, 67% used [0x0000000910a80000,0x000000091b1c0c28,0x0000000920400000)
  to   space 279040K, 0% used [0x00000008ffa00000,0x00000008ffa00000,0x0000000910a80000)
 ParOldGen       total 813056K, used 812772K [0x0000000080000000, 0x00000000b1a00000, 0x00000008d5580000)
  object space 813056K, 99% used [0x0000000080000000,0x00000000b19b9050,0x00000000b1a00000)
 Metaspace       used 6592K, capacity 6920K, committed 7168K, reserved 8192K
}
Event: 43.237 GC heap before
{Heap before GC invocations=25 (full 7):
 PSYoungGen      total 948224K, used 864003K [0x00000008d5580000, 0x0000000925b00000, 0x0000000d00000000)
  eden space 692736K, 100% used [0x00000008d5580000,0x00000008ffa00000,0x00000008ffa00000)
  from space 255488K, 67% used [0x0000000910a80000,0x000000091b1c0c28,0x0000000920400000)
  to   space 279040K, 0% used [0x00000008ffa00000,0x00000008ffa00000,0x0000000910a80000)
 ParOldGen       total 813056K, used 812772K [0x0000000080000000, 0x00000000b1a00000, 0x00000008d5580000)
  object space 813056K, 99% used [0x0000000080000000,0x00000000b19b9050,0x00000000b1a00000)
 Metaspace       used 6592K, capacity 6920K, committed 7168K, reserved 8192K
Event: 46.129 GC heap after
Heap after GC invocations=25 (full 7):
 PSYoungGen      total 948224K, used 217653K [0x00000008d5580000, 0x0000000925b00000, 0x0000000d00000000)
  eden space 692736K, 31% used [0x00000008d5580000,0x00000008e2a0d740,0x00000008ffa00000)
  from space 255488K, 0% used [0x0000000910a80000,0x0000000910a80000,0x0000000920400000)
  to   space 279040K, 0% used [0x00000008ffa00000,0x00000008ffa00000,0x0000000910a80000)
 ParOldGen       total 813056K, used 813005K [0x0000000080000000, 0x00000000b1a00000, 0x00000008d5580000)
  object space 813056K, 99% used [0x0000000080000000,0x00000000b19f3440,0x00000000b1a00000)
 Metaspace       used 6592K, capacity 6920K, committed 7168K, reserved 8192K
}

