# JRE version: Java(TM) SE Runtime Environment (8.0_20-b26) (build 1.8.0_20-b26)
# Java VM: Java HotSpot(TM) 64-Bit Server VM (25.20-b23 mixed mode windows-amd64 )
Heap:
 PSYoungGen      total 905216K, used 674304K [0x00000008d5580000, 0x0000000920900000, 0x0000000d00000000)
  eden space 674304K, 100% used [0x00000008d5580000,0x00000008fe800000,0x00000008fe800000)
  from space 230912K, 0% used [0x000000090e000000,0x000000090e000000,0x000000091c180000)
  to   space 253952K, 0% used [0x00000008fe800000,0x00000008fe800000,0x000000090e000000)
 ParOldGen       total 900096K, used 899850K [0x0000000080000000, 0x00000000b6f00000, 0x00000008d5580000)
  object space 900096K, 99% used [0x0000000080000000,0x00000000b6ec2a00,0x00000000b6f00000)
 Metaspace       used 6774K, capacity 7048K, committed 7168K, reserved 8192K
GC Heap History (10 events):
Event: 46.800 GC heap after
Heap after GC invocations=27 (full 9):
 PSYoungGen      total 905216K, used 260096K [0x00000008d5580000, 0x0000000920900000, 0x0000000d00000000)
  eden space 674304K, 38% used [0x00000008d5580000,0x00000008e53800e0,0x00000008fe800000)
  from space 230912K, 0% used [0x000000090e000000,0x000000090e000000,0x000000091c180000)
  to   space 253952K, 0% used [0x00000008fe800000,0x00000008fe800000,0x000000090e000000)
 ParOldGen       total 900096K, used 899867K [0x0000000080000000, 0x00000000b6f00000, 0x00000008d5580000)
  object space 900096K, 99% used [0x0000000080000000,0x00000000b6ec6ce0,0x00000000b6f00000)
 Metaspace       used 6639K, capacity 6920K, committed 7168K, reserved 8192K
}
Event: 47.636 GC heap before
{Heap before GC invocations=28 (full 10):
 PSYoungGen      total 905216K, used 674304K [0x00000008d5580000, 0x0000000920900000, 0x0000000d00000000)
  eden space 674304K, 100% used [0x00000008d5580000,0x00000008fe800000,0x00000008fe800000)
  from space 230912K, 0% used [0x000000090e000000,0x000000090e000000,0x000000091c180000)
  to   space 253952K, 0% used [0x00000008fe800000,0x00000008fe800000,0x000000090e000000)
 ParOldGen       total 900096K, used 899867K [0x0000000080000000, 0x00000000b6f00000, 0x00000008d5580000)
  object space 900096K, 99% used [0x0000000080000000,0x00000000b6ec6ce0,0x00000000b6f00000)
 Metaspace       used 6690K, capacity 6920K, committed 7168K, reserved 8192K
Event: 52.415 GC heap after
Heap after GC invocations=28 (full 10):
 PSYoungGen      total 905216K, used 315763K [0x00000008d5580000, 0x0000000920900000, 0x0000000d00000000)
  eden space 674304K, 46% used [0x00000008d5580000,0x00000008e89dcf70,0x00000008fe800000)
  from space 230912K, 0% used [0x000000090e000000,0x000000090e000000,0x000000091c180000)
  to   space 253952K, 0% used [0x00000008fe800000,0x00000008fe800000,0x000000090e000000)
 ParOldGen       total 900096K, used 899830K [0x0000000080000000, 0x00000000b6f00000, 0x00000008d5580000)
  object space 900096K, 99% used [0x0000000080000000,0x00000000b6ebd958,0x00000000b6f00000)
 Metaspace       used 6690K, capacity 6920K, committed 7168K, reserved 8192K
}
Event: 53.036 GC heap before
{Heap before GC invocations=29 (full 11):
 PSYoungGen      total 905216K, used 674304K [0x00000008d5580000, 0x0000000920900000, 0x0000000d00000000)
  eden space 674304K, 100% used [0x00000008d5580000,0x00000008fe800000,0x00000008fe800000)
  from space 230912K, 0% used [0x000000090e000000,0x000000090e000000,0x000000091c180000)
  to   space 253952K, 0% used [0x00000008fe800000,0x00000008fe800000,0x000000090e000000)
 ParOldGen       total 900096K, used 899830K [0x0000000080000000, 0x00000000b6f00000, 0x00000008d5580000)
  object space 900096K, 99% used [0x0000000080000000,0x00000000b6ebd958,0x00000000b6f00000)
 Metaspace       used 6719K, capacity 6984K, committed 7168K, reserved 8192K
Event: 57.106 GC heap after
Heap after GC invocations=29 (full 11):
 PSYoungGen      total 905216K, used 366522K [0x00000008d5580000, 0x0000000920900000, 0x0000000d00000000)
  eden space 674304K, 54% used [0x00000008d5580000,0x00000008ebb6e890,0x00000008fe800000)
  from space 230912K, 0% used [0x000000090e000000,0x000000090e000000,0x000000091c180000)
  to   space 253952K, 0% used [0x00000008fe800000,0x00000008fe800000,0x000000090e000000)
 ParOldGen       total 900096K, used 899862K [0x0000000080000000, 0x00000000b6f00000, 0x00000008d5580000)
  object space 900096K, 99% used [0x0000000080000000,0x00000000b6ec5bf8,0x00000000b6f00000)
 Metaspace       used 6719K, capacity 6984K, committed 7168K, reserved 8192K
}
Event: 57.465 GC heap before
{Heap before GC invocations=30 (full 12):
 PSYoungGen      total 905216K, used 674304K [0x00000008d5580000, 0x0000000920900000, 0x0000000d00000000)
  eden space 674304K, 100% used [0x00000008d5580000,0x00000008fe800000,0x00000008fe800000)
  from space 230912K, 0% used [0x000000090e000000,0x000000090e000000,0x000000091c180000)
  to   space 253952K, 0% used [0x00000008fe800000,0x00000008fe800000,0x000000090e000000)
 ParOldGen       total 900096K, used 899862K [0x0000000080000000, 0x00000000b6f00000, 0x00000008d5580000)
  object space 900096K, 99% used [0x0000000080000000,0x00000000b6ec5bf8,0x00000000b6f00000)
 Metaspace       used 6719K, capacity 6984K, committed 7168K, reserved 8192K
Event: 60.277 GC heap after
Heap after GC invocations=30 (full 12):
 PSYoungGen      total 905216K, used 415213K [0x00000008d5580000, 0x0000000920900000, 0x0000000d00000000)
  eden space 674304K, 61% used [0x00000008d5580000,0x00000008eeafb6f0,0x00000008fe800000)
  from space 230912K, 0% used [0x000000090e000000,0x000000090e000000,0x000000091c180000)
  to   space 253952K, 0% used [0x00000008fe800000,0x00000008fe800000,0x000000090e000000)
 ParOldGen       total 900096K, used 899862K [0x0000000080000000, 0x00000000b6f00000, 0x00000008d5580000)
  object space 900096K, 99% used [0x0000000080000000,0x00000000b6ec5868,0x00000000b6f00000)
 Metaspace       used 6719K, capacity 6984K, committed 7168K, reserved 8192K
}
Event: 60.772 GC heap before
{Heap before GC invocations=31 (full 13):
 PSYoungGen      total 905216K, used 674304K [0x00000008d5580000, 0x0000000920900000, 0x0000000d00000000)
  eden space 674304K, 100% used [0x00000008d5580000,0x00000008fe800000,0x00000008fe800000)
  from space 230912K, 0% used [0x000000090e000000,0x000000090e000000,0x000000091c180000)
  to   space 253952K, 0% used [0x00000008fe800000,0x00000008fe800000,0x000000090e000000)
 ParOldGen       total 900096K, used 899862K [0x0000000080000000, 0x00000000b6f00000, 0x00000008d5580000)
  object space 900096K, 99% used [0x0000000080000000,0x00000000b6ec5868,0x00000000b6f00000)
 Metaspace       used 6753K, capacity 6984K, committed 7168K, reserved 8192K
Event: 64.411 GC heap after
Heap after GC invocations=31 (full 13):
 PSYoungGen      total 905216K, used 450750K [0x00000008d5580000, 0x0000000920900000, 0x0000000d00000000)
  eden space 674304K, 66% used [0x00000008d5580000,0x00000008f0dafa40,0x00000008fe800000)
  from space 230912K, 0% used [0x000000090e000000,0x000000090e000000,0x000000091c180000)
  to   space 253952K, 0% used [0x00000008fe800000,0x00000008fe800000,0x000000090e000000)
 ParOldGen       total 900096K, used 899850K [0x0000000080000000, 0x00000000b6f00000, 0x00000008d5580000)
  object space 900096K, 99% used [0x0000000080000000,0x00000000b6ec2a00,0x00000000b6f00000)
 Metaspace       used 6753K, capacity 6984K, committed 7168K, reserved 8192K
}
Event: 65.185 GC heap before
{Heap before GC invocations=32 (full 14):
 PSYoungGen      total 905216K, used 674304K [0x00000008d5580000, 0x0000000920900000, 0x0000000d00000000)
  eden space 674304K, 100% used [0x00000008d5580000,0x00000008fe800000,0x00000008fe800000)
  from space 230912K, 0% used [0x000000090e000000,0x000000090e000000,0x000000091c180000)
  to   space 253952K, 0% used [0x00000008fe800000,0x00000008fe800000,0x000000090e000000)
 ParOldGen       total 900096K, used 899850K [0x0000000080000000, 0x00000000b6f00000, 0x00000008d5580000)
  object space 900096K, 99% used [0x0000000080000000,0x00000000b6ec2a00,0x00000000b6f00000)
 Metaspace       used 6774K, capacity 7048K, committed 7168K, reserved 8192K

