# JRE version: Java(TM) SE Runtime Environment (8.0_20-b26) (build 1.8.0_20-b26)
# Java VM: Java HotSpot(TM) 64-Bit Server VM (25.20-b23 mixed mode windows-amd64 )
Heap:
 PSYoungGen      total 880640K, used 512188K [0x00000008d5580000, 0x0000000921a80000, 0x0000000d00000000)
  eden space 622080K, 82% used [0x00000008d5580000,0x00000008f49af278,0x00000008fb500000)
  from space 258560K, 0% used [0x00000008fb500000,0x00000008fb500000,0x000000090b180000)
  to   space 280064K, 0% used [0x0000000910900000,0x0000000910900000,0x0000000921a80000)
 ParOldGen       total 1157120K, used 1157012K [0x0000000080000000, 0x00000000c6a00000, 0x00000008d5580000)
  object space 1157120K, 99% used [0x0000000080000000,0x00000000c69e5228,0x00000000c6a00000)
 Metaspace       used 6749K, capacity 6984K, committed 7168K, reserved 8192K
GC Heap History (10 events):
Event: 47.078 GC heap before
{Heap before GC invocations=28 (full 6):
 PSYoungGen      total 880640K, used 821239K [0x00000008d5580000, 0x0000000921a80000, 0x0000000d00000000)
  eden space 622080K, 100% used [0x00000008d5580000,0x00000008fb500000,0x00000008fb500000)
  from space 258560K, 77% used [0x00000008fb500000,0x000000090777dfd0,0x000000090b180000)
  to   space 280064K, 0% used [0x0000000910900000,0x0000000910900000,0x0000000921a80000)
 ParOldGen       total 1139712K, used 1014957K [0x0000000080000000, 0x00000000c5900000, 0x00000008d5580000)
  object space 1139712K, 89% used [0x0000000080000000,0x00000000bdf2b580,0x00000000c5900000)
 Metaspace       used 6606K, capacity 6920K, committed 7168K, reserved 8192K
Event: 47.510 GC heap after
Heap after GC invocations=28 (full 6):
 PSYoungGen      total 902144K, used 280033K [0x00000008d5580000, 0x0000000921a80000, 0x0000000d00000000)
  eden space 622080K, 0% used [0x00000008d5580000,0x00000008d5580000,0x00000008fb500000)
  from space 280064K, 99% used [0x0000000910900000,0x0000000921a785a8,0x0000000921a80000)
  to   space 258560K, 0% used [0x00000008fb500000,0x00000008fb500000,0x000000090b180000)
 ParOldGen       total 1139712K, used 1031417K [0x0000000080000000, 0x00000000c5900000, 0x00000008d5580000)
  object space 1139712K, 90% used [0x0000000080000000,0x00000000bef3e628,0x00000000c5900000)
 Metaspace       used 6606K, capacity 6920K, committed 7168K, reserved 8192K
}
Event: 48.862 GC heap before
{Heap before GC invocations=29 (full 6):
 PSYoungGen      total 902144K, used 902113K [0x00000008d5580000, 0x0000000921a80000, 0x0000000d00000000)
  eden space 622080K, 100% used [0x00000008d5580000,0x00000008fb500000,0x00000008fb500000)
  from space 280064K, 99% used [0x0000000910900000,0x0000000921a785a8,0x0000000921a80000)
  to   space 258560K, 0% used [0x00000008fb500000,0x00000008fb500000,0x000000090b180000)
 ParOldGen       total 1139712K, used 1031417K [0x0000000080000000, 0x00000000c5900000, 0x00000008d5580000)
  object space 1139712K, 90% used [0x0000000080000000,0x00000000bef3e628,0x00000000c5900000)
 Metaspace       used 6713K, capacity 6984K, committed 7168K, reserved 8192K
Event: 49.294 GC heap after
Heap after GC invocations=29 (full 6):
 PSYoungGen      total 880640K, used 258559K [0x00000008d5580000, 0x0000000921a80000, 0x0000000d00000000)
  eden space 622080K, 0% used [0x00000008d5580000,0x00000008d5580000,0x00000008fb500000)
  from space 258560K, 99% used [0x00000008fb500000,0x000000090b17ffe0,0x000000090b180000)
  to   space 280064K, 0% used [0x0000000910900000,0x0000000910900000,0x0000000921a80000)
 ParOldGen       total 1157120K, used 1156928K [0x0000000080000000, 0x00000000c6a00000, 0x00000008d5580000)
  object space 1157120K, 99% used [0x0000000080000000,0x00000000c69d02d8,0x00000000c6a00000)
 Metaspace       used 6713K, capacity 6984K, committed 7168K, reserved 8192K
}
Event: 49.294 GC heap before
{Heap before GC invocations=30 (full 7):
 PSYoungGen      total 880640K, used 258559K [0x00000008d5580000, 0x0000000921a80000, 0x0000000d00000000)
  eden space 622080K, 0% used [0x00000008d5580000,0x00000008d5580000,0x00000008fb500000)
  from space 258560K, 99% used [0x00000008fb500000,0x000000090b17ffe0,0x000000090b180000)
  to   space 280064K, 0% used [0x0000000910900000,0x0000000910900000,0x0000000921a80000)
 ParOldGen       total 1157120K, used 1156928K [0x0000000080000000, 0x00000000c6a00000, 0x00000008d5580000)
  object space 1157120K, 99% used [0x0000000080000000,0x00000000c69d02d8,0x00000000c6a00000)
 Metaspace       used 6713K, capacity 6984K, committed 7168K, reserved 8192K
Event: 55.902 GC heap after
Heap after GC invocations=30 (full 7):
 PSYoungGen      total 880640K, used 89203K [0x00000008d5580000, 0x0000000921a80000, 0x0000000d00000000)
  eden space 622080K, 0% used [0x00000008d5580000,0x00000008d5580000,0x00000008fb500000)
  from space 258560K, 34% used [0x00000008fb500000,0x0000000900c1cd10,0x000000090b180000)
  to   space 280064K, 0% used [0x0000000910900000,0x0000000910900000,0x0000000921a80000)
 ParOldGen       total 1157120K, used 1156715K [0x0000000080000000, 0x00000000c6a00000, 0x00000008d5580000)
  object space 1157120K, 99% used [0x0000000080000000,0x00000000c699ae28,0x00000000c6a00000)
 Metaspace       used 6713K, capacity 6984K, committed 7168K, reserved 8192K
}
Event: 56.851 GC heap before
{Heap before GC invocations=31 (full 8):
 PSYoungGen      total 880640K, used 711283K [0x00000008d5580000, 0x0000000921a80000, 0x0000000d00000000)
  eden space 622080K, 100% used [0x00000008d5580000,0x00000008fb500000,0x00000008fb500000)
  from space 258560K, 34% used [0x00000008fb500000,0x0000000900c1cd10,0x000000090b180000)
  to   space 280064K, 0% used [0x0000000910900000,0x0000000910900000,0x0000000921a80000)
 ParOldGen       total 1157120K, used 1156718K [0x0000000080000000, 0x00000000c6a00000, 0x00000008d5580000)
  object space 1157120K, 99% used [0x0000000080000000,0x00000000c699b830,0x00000000c6a00000)
 Metaspace       used 6724K, capacity 6984K, committed 7168K, reserved 8192K
Event: 61.450 GC heap after
Heap after GC invocations=31 (full 8):
 PSYoungGen      total 880640K, used 189305K [0x00000008d5580000, 0x0000000921a80000, 0x0000000d00000000)
  eden space 622080K, 30% used [0x00000008d5580000,0x00000008e0e5e410,0x00000008fb500000)
  from space 258560K, 0% used [0x00000008fb500000,0x00000008fb500000,0x000000090b180000)
  to   space 280064K, 0% used [0x0000000910900000,0x0000000910900000,0x0000000921a80000)
 ParOldGen       total 1157120K, used 1157062K [0x0000000080000000, 0x00000000c6a00000, 0x00000008d5580000)
  object space 1157120K, 99% used [0x0000000080000000,0x00000000c69f1b50,0x00000000c6a00000)
 Metaspace       used 6724K, capacity 6984K, committed 7168K, reserved 8192K
}
Event: 61.497 GC heap before
{Heap before GC invocations=32 (full 9):
 PSYoungGen      total 880640K, used 209680K [0x00000008d5580000, 0x0000000921a80000, 0x0000000d00000000)
  eden space 622080K, 33% used [0x00000008d5580000,0x00000008e2244240,0x00000008fb500000)
  from space 258560K, 0% used [0x00000008fb500000,0x00000008fb500000,0x000000090b180000)
  to   space 280064K, 0% used [0x0000000910900000,0x0000000910900000,0x0000000921a80000)
 ParOldGen       total 1157120K, used 1157062K [0x0000000080000000, 0x00000000c6a00000, 0x00000008d5580000)
  object space 1157120K, 99% used [0x0000000080000000,0x00000000c69f1b50,0x00000000c6a00000)
 Metaspace       used 6724K, capacity 6984K, committed 7168K, reserved 8192K
Event: 65.390 GC heap after
Heap after GC invocations=32 (full 9):
 PSYoungGen      total 880640K, used 187145K [0x00000008d5580000, 0x0000000921a80000, 0x0000000d00000000)
  eden space 622080K, 30% used [0x00000008d5580000,0x00000008e0c42558,0x00000008fb500000)
  from space 258560K, 0% used [0x00000008fb500000,0x00000008fb500000,0x000000090b180000)
  to   space 280064K, 0% used [0x0000000910900000,0x0000000910900000,0x0000000921a80000)
 ParOldGen       total 1157120K, used 1157012K [0x0000000080000000, 0x00000000c6a00000, 0x00000008d5580000)
  object space 1157120K, 99% used [0x0000000080000000,0x00000000c69e5228,0x00000000c6a00000)
 Metaspace       used 6724K, capacity 6984K, committed 7168K, reserved 8192K
}

