# JRE version: Java(TM) SE Runtime Environment (8.0_20-b26) (build 1.8.0_20-b26)
# Java VM: Java HotSpot(TM) 64-Bit Server VM (25.20-b23 mixed mode windows-amd64 )
Heap:
 PSYoungGen      total 1061376K, used 378622K [0x00000008d5580000, 0x0000000930b00000, 0x0000000d00000000)
  eden space 765440K, 49% used [0x00000008d5580000,0x00000008ec73f950,0x0000000904100000)
  from space 295936K, 0% used [0x000000091ea00000,0x000000091ea00000,0x0000000930b00000)
  to   space 252416K, 0% used [0x0000000904100000,0x0000000904100000,0x0000000913780000)
 ParOldGen       total 775680K, used 775469K [0x0000000080000000, 0x00000000af580000, 0x00000008d5580000)
  object space 775680K, 99% used [0x0000000080000000,0x00000000af54b570,0x00000000af580000)
 Metaspace       used 7460K, capacity 7512K, committed 7680K, reserved 8192K
GC Heap History (10 events):
Event: 55.310 GC heap before
{Heap before GC invocations=28 (full 12):
 PSYoungGen      total 1061376K, used 765440K [0x00000008d5580000, 0x0000000930b00000, 0x0000000d00000000)
  eden space 765440K, 100% used [0x00000008d5580000,0x0000000904100000,0x0000000904100000)
  from space 295936K, 0% used [0x000000091ea00000,0x000000091ea00000,0x0000000930b00000)
  to   space 252416K, 0% used [0x0000000904100000,0x0000000904100000,0x0000000913780000)
 ParOldGen       total 775680K, used 775594K [0x0000000080000000, 0x00000000af580000, 0x00000008d5580000)
  object space 775680K, 99% used [0x0000000080000000,0x00000000af56aa28,0x00000000af580000)
 Metaspace       used 6716K, capacity 6984K, committed 7168K, reserved 8192K
Event: 57.886 GC heap after
Heap after GC invocations=28 (full 12):
 PSYoungGen      total 1061376K, used 501970K [0x00000008d5580000, 0x0000000930b00000, 0x0000000d00000000)
  eden space 765440K, 65% used [0x00000008d5580000,0x00000008f3fb4bb8,0x0000000904100000)
  from space 295936K, 0% used [0x000000091ea00000,0x000000091ea00000,0x0000000930b00000)
  to   space 252416K, 0% used [0x0000000904100000,0x0000000904100000,0x0000000913780000)
 ParOldGen       total 775680K, used 775519K [0x0000000080000000, 0x00000000af580000, 0x00000008d5580000)
  object space 775680K, 99% used [0x0000000080000000,0x00000000af557d08,0x00000000af580000)
 Metaspace       used 6716K, capacity 6984K, committed 7168K, reserved 8192K
}
Event: 58.109 GC heap before
{Heap before GC invocations=29 (full 13):
 PSYoungGen      total 1061376K, used 765440K [0x00000008d5580000, 0x0000000930b00000, 0x0000000d00000000)
  eden space 765440K, 100% used [0x00000008d5580000,0x0000000904100000,0x0000000904100000)
  from space 295936K, 0% used [0x000000091ea00000,0x000000091ea00000,0x0000000930b00000)
  to   space 252416K, 0% used [0x0000000904100000,0x0000000904100000,0x0000000913780000)
 ParOldGen       total 775680K, used 775519K [0x0000000080000000, 0x00000000af580000, 0x00000008d5580000)
  object space 775680K, 99% used [0x0000000080000000,0x00000000af557d08,0x00000000af580000)
 Metaspace       used 6717K, capacity 6984K, committed 7168K, reserved 8192K
Event: 60.724 GC heap after
Heap after GC invocations=29 (full 13):
 PSYoungGen      total 1061376K, used 543722K [0x00000008d5580000, 0x0000000930b00000, 0x0000000d00000000)
  eden space 765440K, 71% used [0x00000008d5580000,0x00000008f687a810,0x0000000904100000)
  from space 295936K, 0% used [0x000000091ea00000,0x000000091ea00000,0x0000000930b00000)
  to   space 252416K, 0% used [0x0000000904100000,0x0000000904100000,0x0000000913780000)
 ParOldGen       total 775680K, used 775517K [0x0000000080000000, 0x00000000af580000, 0x00000008d5580000)
  object space 775680K, 99% used [0x0000000080000000,0x00000000af557450,0x00000000af580000)
 Metaspace       used 6717K, capacity 6984K, committed 7168K, reserved 8192K
}
Event: 61.227 GC heap before
{Heap before GC invocations=30 (full 14):
 PSYoungGen      total 1061376K, used 765440K [0x00000008d5580000, 0x0000000930b00000, 0x0000000d00000000)
  eden space 765440K, 100% used [0x00000008d5580000,0x0000000904100000,0x0000000904100000)
  from space 295936K, 0% used [0x000000091ea00000,0x000000091ea00000,0x0000000930b00000)
  to   space 252416K, 0% used [0x0000000904100000,0x0000000904100000,0x0000000913780000)
 ParOldGen       total 775680K, used 775517K [0x0000000080000000, 0x00000000af580000, 0x00000008d5580000)
  object space 775680K, 99% used [0x0000000080000000,0x00000000af557450,0x00000000af580000)
 Metaspace       used 6751K, capacity 6984K, committed 7168K, reserved 8192K
Event: 64.221 GC heap after
Heap after GC invocations=30 (full 14):
 PSYoungGen      total 1061376K, used 569648K [0x00000008d5580000, 0x0000000930b00000, 0x0000000d00000000)
  eden space 765440K, 74% used [0x00000008d5580000,0x00000008f81cc328,0x0000000904100000)
  from space 295936K, 0% used [0x000000091ea00000,0x000000091ea00000,0x0000000930b00000)
  to   space 252416K, 0% used [0x0000000904100000,0x0000000904100000,0x0000000913780000)
 ParOldGen       total 775680K, used 775506K [0x0000000080000000, 0x00000000af580000, 0x00000008d5580000)
  object space 775680K, 99% used [0x0000000080000000,0x00000000af5549c0,0x00000000af580000)
 Metaspace       used 6751K, capacity 6984K, committed 7168K, reserved 8192K
}
Event: 64.804 GC heap before
{Heap before GC invocations=31 (full 15):
 PSYoungGen      total 1061376K, used 765440K [0x00000008d5580000, 0x0000000930b00000, 0x0000000d00000000)
  eden space 765440K, 100% used [0x00000008d5580000,0x0000000904100000,0x0000000904100000)
  from space 295936K, 0% used [0x000000091ea00000,0x000000091ea00000,0x0000000930b00000)
  to   space 252416K, 0% used [0x0000000904100000,0x0000000904100000,0x0000000913780000)
 ParOldGen       total 775680K, used 775506K [0x0000000080000000, 0x00000000af580000, 0x00000008d5580000)
  object space 775680K, 99% used [0x0000000080000000,0x00000000af5549c0,0x00000000af580000)
 Metaspace       used 6756K, capacity 6984K, committed 7168K, reserved 8192K
Event: 68.911 GC heap after
Heap after GC invocations=31 (full 15):
 PSYoungGen      total 1061376K, used 583763K [0x00000008d5580000, 0x0000000930b00000, 0x0000000d00000000)
  eden space 765440K, 76% used [0x00000008d5580000,0x00000008f8f94fc8,0x0000000904100000)
  from space 295936K, 0% used [0x000000091ea00000,0x000000091ea00000,0x0000000930b00000)
  to   space 252416K, 0% used [0x0000000904100000,0x0000000904100000,0x0000000913780000)
 ParOldGen       total 775680K, used 775607K [0x0000000080000000, 0x00000000af580000, 0x00000008d5580000)
  object space 775680K, 99% used [0x0000000080000000,0x00000000af56dd60,0x00000000af580000)
 Metaspace       used 6756K, capacity 6984K, committed 7168K, reserved 8192K
}
Event: 71.823 GC heap before
{Heap before GC invocations=32 (full 16):
 PSYoungGen      total 1061376K, used 765440K [0x00000008d5580000, 0x0000000930b00000, 0x0000000d00000000)
  eden space 765440K, 100% used [0x00000008d5580000,0x0000000904100000,0x0000000904100000)
  from space 295936K, 0% used [0x000000091ea00000,0x000000091ea00000,0x0000000930b00000)
  to   space 252416K, 0% used [0x0000000904100000,0x0000000904100000,0x0000000913780000)
 ParOldGen       total 775680K, used 775607K [0x0000000080000000, 0x00000000af580000, 0x00000008d5580000)
  object space 775680K, 99% used [0x0000000080000000,0x00000000af56dd60,0x00000000af580000)
 Metaspace       used 7434K, capacity 7512K, committed 7680K, reserved 8192K
Event: 77.721 GC heap after
Heap after GC invocations=32 (full 16):
 PSYoungGen      total 1061376K, used 205329K [0x00000008d5580000, 0x0000000930b00000, 0x0000000d00000000)
  eden space 765440K, 26% used [0x00000008d5580000,0x00000008e1e04578,0x0000000904100000)
  from space 295936K, 0% used [0x000000091ea00000,0x000000091ea00000,0x0000000930b00000)
  to   space 252416K, 0% used [0x0000000904100000,0x0000000904100000,0x0000000913780000)
 ParOldGen       total 775680K, used 775469K [0x0000000080000000, 0x00000000af580000, 0x00000008d5580000)
  object space 775680K, 99% used [0x0000000080000000,0x00000000af54b570,0x00000000af580000)
 Metaspace       used 7434K, capacity 7512K, committed 7680K, reserved 8192K
}

