# JRE version: OpenJDK Runtime Environment (8.0_112-b06) (build 1.8.0_112-release-b06)
# Java VM: OpenJDK 64-Bit Server VM (25.112-b06 mixed mode windows-amd64 )
Heap:
 PSYoungGen      total 138240K, used 127911K [0x00000008d5580000, 0x00000008de180000, 0x0000000d00000000)
  eden space 133120K, 96% used [0x00000008d5580000,0x00000008dd269d18,0x00000008dd780000)
  from space 5120K, 0% used [0x00000008dd780000,0x00000008dd780000,0x00000008ddc80000)
  to   space 5120K, 0% used [0x00000008ddc80000,0x00000008ddc80000,0x00000008de180000)
 ParOldGen       total 149504K, used 66782K [0x0000000080000000, 0x0000000089200000, 0x00000008d5580000)
  object space 149504K, 44% used [0x0000000080000000,0x0000000084137ad0,0x0000000089200000)
 Metaspace       used 6353K, capacity 6792K, committed 6912K, reserved 8192K
GC Heap History (10 events):
Event: 0.407 GC heap before
{Heap before GC invocations=4 (full 0):
 PSYoungGen      total 71680K, used 71661K [0x00000008d5580000, 0x00000008de180000, 0x0000000d00000000)
  eden space 66560K, 100% used [0x00000008d5580000,0x00000008d9680000,0x00000008d9680000)
  from space 5120K, 99% used [0x00000008d9680000,0x00000008d9b7b788,0x00000008d9b80000)
  to   space 5120K, 0% used [0x00000008ddc80000,0x00000008ddc80000,0x00000008de180000)
 ParOldGen       total 87552K, used 530K [0x0000000080000000, 0x0000000085580000, 0x00000008d5580000)
  object space 87552K, 0% used [0x0000000080000000,0x0000000080084930,0x0000000085580000)
 Metaspace       used 3404K, capacity 4360K, committed 4608K, reserved 8192K
Event: 0.412 GC heap after
Heap after GC invocations=4 (full 0):
 PSYoungGen      total 138240K, used 5092K [0x00000008d5580000, 0x00000008de180000, 0x0000000d00000000)
  eden space 133120K, 0% used [0x00000008d5580000,0x00000008d5580000,0x00000008dd780000)
  from space 5120K, 99% used [0x00000008ddc80000,0x00000008de1792e8,0x00000008de180000)
  to   space 5120K, 0% used [0x00000008dd780000,0x00000008dd780000,0x00000008ddc80000)
 ParOldGen       total 87552K, used 562K [0x0000000080000000, 0x0000000085580000, 0x00000008d5580000)
  object space 87552K, 0% used [0x0000000080000000,0x000000008008c930,0x0000000085580000)
 Metaspace       used 3404K, capacity 4360K, committed 4608K, reserved 8192K
}
Event: 1.693 GC heap before
{Heap before GC invocations=5 (full 0):
 PSYoungGen      total 138240K, used 138212K [0x00000008d5580000, 0x00000008de180000, 0x0000000d00000000)
  eden space 133120K, 100% used [0x00000008d5580000,0x00000008dd780000,0x00000008dd780000)
  from space 5120K, 99% used [0x00000008ddc80000,0x00000008de1792e8,0x00000008de180000)
  to   space 5120K, 0% used [0x00000008dd780000,0x00000008dd780000,0x00000008ddc80000)
 ParOldGen       total 87552K, used 562K [0x0000000080000000, 0x0000000085580000, 0x00000008d5580000)
  object space 87552K, 0% used [0x0000000080000000,0x000000008008c930,0x0000000085580000)
 Metaspace       used 6111K, capacity 6728K, committed 6912K, reserved 8192K
Event: 1.724 GC heap after
Heap after GC invocations=5 (full 0):
 PSYoungGen      total 138240K, used 5119K [0x00000008d5580000, 0x00000008de180000, 0x0000000d00000000)
  eden space 133120K, 0% used [0x00000008d5580000,0x00000008d5580000,0x00000008dd780000)
  from space 5120K, 99% used [0x00000008dd780000,0x00000008ddc7ff60,0x00000008ddc80000)
  to   space 5120K, 0% used [0x00000008ddc80000,0x00000008ddc80000,0x00000008de180000)
 ParOldGen       total 87552K, used 22317K [0x0000000080000000, 0x0000000085580000, 0x00000008d5580000)
  object space 87552K, 25% used [0x0000000080000000,0x00000000815cb660,0x0000000085580000)
 Metaspace       used 6111K, capacity 6728K, committed 6912K, reserved 8192K
}
Event: 2.242 GC heap before
{Heap before GC invocations=6 (full 0):
 PSYoungGen      total 138240K, used 138239K [0x00000008d5580000, 0x00000008de180000, 0x0000000d00000000)
  eden space 133120K, 100% used [0x00000008d5580000,0x00000008dd780000,0x00000008dd780000)
  from space 5120K, 99% used [0x00000008dd780000,0x00000008ddc7ff60,0x00000008ddc80000)
  to   space 5120K, 0% used [0x00000008ddc80000,0x00000008ddc80000,0x00000008de180000)
 ParOldGen       total 87552K, used 22317K [0x0000000080000000, 0x0000000085580000, 0x00000008d5580000)
  object space 87552K, 25% used [0x0000000080000000,0x00000000815cb660,0x0000000085580000)
 Metaspace       used 6253K, capacity 6792K, committed 6912K, reserved 8192K
Event: 2.273 GC heap after
Heap after GC invocations=6 (full 0):
 PSYoungGen      total 138240K, used 5115K [0x00000008d5580000, 0x00000008de180000, 0x0000000d00000000)
  eden space 133120K, 0% used [0x00000008d5580000,0x00000008d5580000,0x00000008dd780000)
  from space 5120K, 99% used [0x00000008ddc80000,0x00000008de17ec38,0x00000008de180000)
  to   space 5120K, 0% used [0x00000008dd780000,0x00000008dd780000,0x00000008ddc80000)
 ParOldGen       total 87552K, used 43267K [0x0000000080000000, 0x0000000085580000, 0x00000008d5580000)
  object space 87552K, 49% used [0x0000000080000000,0x0000000082a40c18,0x0000000085580000)
 Metaspace       used 6253K, capacity 6792K, committed 6912K, reserved 8192K
}
Event: 2.762 GC heap before
{Heap before GC invocations=7 (full 0):
 PSYoungGen      total 138240K, used 138235K [0x00000008d5580000, 0x00000008de180000, 0x0000000d00000000)
  eden space 133120K, 100% used [0x00000008d5580000,0x00000008dd780000,0x00000008dd780000)
  from space 5120K, 99% used [0x00000008ddc80000,0x00000008de17ec38,0x00000008de180000)
  to   space 5120K, 0% used [0x00000008dd780000,0x00000008dd780000,0x00000008ddc80000)
 ParOldGen       total 87552K, used 43267K [0x0000000080000000, 0x0000000085580000, 0x00000008d5580000)
  object space 87552K, 49% used [0x0000000080000000,0x0000000082a40c18,0x0000000085580000)
 Metaspace       used 6313K, capacity 6792K, committed 6912K, reserved 8192K
Event: 2.838 GC heap after
Heap after GC invocations=7 (full 0):
 PSYoungGen      total 138240K, used 5110K [0x00000008d5580000, 0x00000008de180000, 0x0000000d00000000)
  eden space 133120K, 0% used [0x00000008d5580000,0x00000008d5580000,0x00000008dd780000)
  from space 5120K, 99% used [0x00000008dd780000,0x00000008ddc7d978,0x00000008ddc80000)
  to   space 5120K, 0% used [0x00000008ddc80000,0x00000008ddc80000,0x00000008de180000)
 ParOldGen       total 87552K, used 64246K [0x0000000080000000, 0x0000000085580000, 0x00000008d5580000)
  object space 87552K, 73% used [0x0000000080000000,0x0000000083ebda50,0x0000000085580000)
 Metaspace       used 6313K, capacity 6792K, committed 6912K, reserved 8192K
}
Event: 2.838 GC heap before
{Heap before GC invocations=8 (full 1):
 PSYoungGen      total 138240K, used 5110K [0x00000008d5580000, 0x00000008de180000, 0x0000000d00000000)
  eden space 133120K, 0% used [0x00000008d5580000,0x00000008d5580000,0x00000008dd780000)
  from space 5120K, 99% used [0x00000008dd780000,0x00000008ddc7d978,0x00000008ddc80000)
  to   space 5120K, 0% used [0x00000008ddc80000,0x00000008ddc80000,0x00000008de180000)
 ParOldGen       total 87552K, used 64246K [0x0000000080000000, 0x0000000085580000, 0x00000008d5580000)
  object space 87552K, 73% used [0x0000000080000000,0x0000000083ebda50,0x0000000085580000)
 Metaspace       used 6313K, capacity 6792K, committed 6912K, reserved 8192K
Event: 3.328 GC heap after
Heap after GC invocations=8 (full 1):
 PSYoungGen      total 138240K, used 0K [0x00000008d5580000, 0x00000008de180000, 0x0000000d00000000)
  eden space 133120K, 0% used [0x00000008d5580000,0x00000008d5580000,0x00000008dd780000)
  from space 5120K, 0% used [0x00000008dd780000,0x00000008dd780000,0x00000008ddc80000)
  to   space 5120K, 0% used [0x00000008ddc80000,0x00000008ddc80000,0x00000008de180000)
 ParOldGen       total 149504K, used 66782K [0x0000000080000000, 0x0000000089200000, 0x00000008d5580000)
  object space 149504K, 44% used [0x0000000080000000,0x0000000084137ad0,0x0000000089200000)
 Metaspace       used 6313K, capacity 6792K, committed 6912K, reserved 8192K
}

