# JRE version: Java(TM) SE Runtime Environment (8.0_20-b26) (build 1.8.0_20-b26)
# Java VM: Java HotSpot(TM) 64-Bit Server VM (25.20-b23 mixed mode windows-amd64 )
Heap:
 PSYoungGen      total 1181184K, used 818508K [0x00000008d5580000, 0x0000000938780000, 0x0000000d00000000)
  eden space 793600K, 63% used [0x00000008d5580000,0x00000008f41519c8,0x0000000905c80000)
  from space 387584K, 81% used [0x000000091e700000,0x0000000931a816e8,0x0000000936180000)
  to   space 403968K, 0% used [0x0000000905c80000,0x0000000905c80000,0x000000091e700000)
 ParOldGen       total 1288704K, used 862489K [0x0000000080000000, 0x00000000cea80000, 0x00000008d5580000)
  object space 1288704K, 66% used [0x0000000080000000,0x00000000b4a46520,0x00000000cea80000)
 Metaspace       used 6702K, capacity 6984K, committed 7168K, reserved 8192K
GC Heap History (10 events):
Event: 35.333 GC heap before
{Heap before GC invocations=20 (full 4):
 PSYoungGen      total 882176K, used 865803K [0x00000008d5580000, 0x0000000921900000, 0x0000000d00000000)
  eden space 673792K, 100% used [0x00000008d5580000,0x00000008fe780000,0x00000008fe780000)
  from space 208384K, 92% used [0x00000008fe780000,0x000000090a302cf8,0x000000090b300000)
  to   space 238592K, 0% used [0x0000000913000000,0x0000000913000000,0x0000000921900000)
 ParOldGen       total 835072K, used 529749K [0x0000000080000000, 0x00000000b2f80000, 0x00000008d5580000)
  object space 835072K, 63% used [0x0000000080000000,0x00000000a0555648,0x00000000b2f80000)
 Metaspace       used 6594K, capacity 6920K, committed 7168K, reserved 8192K
Event: 36.711 GC heap after
Heap after GC invocations=20 (full 4):
 PSYoungGen      total 949248K, used 238586K [0x00000008d5580000, 0x000000092b780000, 0x0000000d00000000)
  eden space 710656K, 0% used [0x00000008d5580000,0x00000008d5580000,0x0000000900b80000)
  from space 238592K, 99% used [0x0000000913000000,0x00000009218febb8,0x0000000921900000)
  to   space 299520K, 0% used [0x0000000900b80000,0x0000000900b80000,0x0000000913000000)
 ParOldGen       total 835072K, used 584503K [0x0000000080000000, 0x00000000b2f80000, 0x00000008d5580000)
  object space 835072K, 69% used [0x0000000080000000,0x00000000a3acdf50,0x00000000b2f80000)
 Metaspace       used 6594K, capacity 6920K, committed 7168K, reserved 8192K
}
Event: 38.997 GC heap before
{Heap before GC invocations=21 (full 4):
 PSYoungGen      total 949248K, used 949242K [0x00000008d5580000, 0x000000092b780000, 0x0000000d00000000)
  eden space 710656K, 100% used [0x00000008d5580000,0x0000000900b80000,0x0000000900b80000)
  from space 238592K, 99% used [0x0000000913000000,0x00000009218febb8,0x0000000921900000)
  to   space 299520K, 0% used [0x0000000900b80000,0x0000000900b80000,0x0000000913000000)
 ParOldGen       total 835072K, used 584503K [0x0000000080000000, 0x00000000b2f80000, 0x00000008d5580000)
  object space 835072K, 69% used [0x0000000080000000,0x00000000a3acdf50,0x00000000b2f80000)
 Metaspace       used 6594K, capacity 6920K, committed 7168K, reserved 8192K
Event: 39.416 GC heap after
Heap after GC invocations=21 (full 4):
 PSYoungGen      total 1010176K, used 299512K [0x00000008d5580000, 0x0000000936180000, 0x0000000d00000000)
  eden space 710656K, 0% used [0x00000008d5580000,0x00000008d5580000,0x0000000900b80000)
  from space 299520K, 99% used [0x0000000900b80000,0x0000000912ffe278,0x0000000913000000)
  to   space 387584K, 0% used [0x000000091e700000,0x000000091e700000,0x0000000936180000)
 ParOldGen       total 835072K, used 682017K [0x0000000080000000, 0x00000000b2f80000, 0x00000008d5580000)
  object space 835072K, 81% used [0x0000000080000000,0x00000000a9a08710,0x00000000b2f80000)
 Metaspace       used 6594K, capacity 6920K, committed 7168K, reserved 8192K
}
Event: 41.108 GC heap before
{Heap before GC invocations=22 (full 4):
 PSYoungGen      total 1010176K, used 1010168K [0x00000008d5580000, 0x0000000936180000, 0x0000000d00000000)
  eden space 710656K, 100% used [0x00000008d5580000,0x0000000900b80000,0x0000000900b80000)
  from space 299520K, 99% used [0x0000000900b80000,0x0000000912ffe278,0x0000000913000000)
  to   space 387584K, 0% used [0x000000091e700000,0x000000091e700000,0x0000000936180000)
 ParOldGen       total 835072K, used 682017K [0x0000000080000000, 0x00000000b2f80000, 0x00000008d5580000)
  object space 835072K, 81% used [0x0000000080000000,0x00000000a9a08710,0x00000000b2f80000)
 Metaspace       used 6594K, capacity 6920K, committed 7168K, reserved 8192K
Event: 41.528 GC heap after
Heap after GC invocations=22 (full 4):
 PSYoungGen      total 1181184K, used 249223K [0x00000008d5580000, 0x0000000938780000, 0x0000000d00000000)
  eden space 793600K, 0% used [0x00000008d5580000,0x00000008d5580000,0x0000000905c80000)
  from space 387584K, 64% used [0x000000091e700000,0x000000092da61de8,0x0000000936180000)
  to   space 403968K, 0% used [0x0000000905c80000,0x0000000905c80000,0x000000091e700000)
 ParOldGen       total 862720K, used 862665K [0x0000000080000000, 0x00000000b4a80000, 0x00000008d5580000)
  object space 862720K, 99% used [0x0000000080000000,0x00000000b4a72708,0x00000000b4a80000)
 Metaspace       used 6594K, capacity 6920K, committed 7168K, reserved 8192K
}
Event: 41.529 GC heap before
{Heap before GC invocations=23 (full 5):
 PSYoungGen      total 1181184K, used 249223K [0x00000008d5580000, 0x0000000938780000, 0x0000000d00000000)
  eden space 793600K, 0% used [0x00000008d5580000,0x00000008d5580000,0x0000000905c80000)
  from space 387584K, 64% used [0x000000091e700000,0x000000092da61de8,0x0000000936180000)
  to   space 403968K, 0% used [0x0000000905c80000,0x0000000905c80000,0x000000091e700000)
 ParOldGen       total 862720K, used 862665K [0x0000000080000000, 0x00000000b4a80000, 0x00000008d5580000)
  object space 862720K, 99% used [0x0000000080000000,0x00000000b4a72708,0x00000000b4a80000)
 Metaspace       used 6594K, capacity 6920K, committed 7168K, reserved 8192K
Event: 48.590 GC heap after
Heap after GC invocations=23 (full 5):
 PSYoungGen      total 1181184K, used 146444K [0x00000008d5580000, 0x0000000938780000, 0x0000000d00000000)
  eden space 793600K, 0% used [0x00000008d5580000,0x00000008d5580000,0x0000000905c80000)
  from space 387584K, 37% used [0x000000091e700000,0x0000000927603140,0x0000000936180000)
  to   space 403968K, 0% used [0x0000000905c80000,0x0000000905c80000,0x000000091e700000)
 ParOldGen       total 1288704K, used 862481K [0x0000000080000000, 0x00000000cea80000, 0x00000008d5580000)
  object space 1288704K, 66% used [0x0000000080000000,0x00000000b4a44520,0x00000000cea80000)
 Metaspace       used 6594K, capacity 6920K, committed 7168K, reserved 8192K
}
Event: 52.244 GC heap before
{Heap before GC invocations=24 (full 5):
 PSYoungGen      total 1181184K, used 940044K [0x00000008d5580000, 0x0000000938780000, 0x0000000d00000000)
  eden space 793600K, 100% used [0x00000008d5580000,0x0000000905c80000,0x0000000905c80000)
  from space 387584K, 37% used [0x000000091e700000,0x0000000927603140,0x0000000936180000)
  to   space 403968K, 0% used [0x0000000905c80000,0x0000000905c80000,0x000000091e700000)
 ParOldGen       total 1288704K, used 862481K [0x0000000080000000, 0x00000000cea80000, 0x00000008d5580000)
  object space 1288704K, 66% used [0x0000000080000000,0x00000000b4a44520,0x00000000cea80000)
 Metaspace       used 6595K, capacity 6920K, committed 7168K, reserved 8192K
Event: 52.661 GC heap after
Heap after GC invocations=24 (full 5):
 PSYoungGen      total 1197568K, used 192551K [0x00000008d5580000, 0x0000000938780000, 0x0000000d00000000)
  eden space 793600K, 0% used [0x00000008d5580000,0x00000008d5580000,0x0000000905c80000)
  from space 403968K, 47% used [0x0000000905c80000,0x0000000911889fb0,0x000000091e700000)
  to   space 387584K, 0% used [0x000000091e700000,0x000000091e700000,0x0000000936180000)
 ParOldGen       total 1288704K, used 862481K [0x0000000080000000, 0x00000000cea80000, 0x00000008d5580000)
  object space 1288704K, 66% used [0x0000000080000000,0x00000000b4a44520,0x00000000cea80000)
 Metaspace       used 6595K, capacity 6920K, committed 7168K, reserved 8192K
}

