# JRE version: Java(TM) SE Runtime Environment (8.0_20-b26) (build 1.8.0_20-b26)
# Java VM: Java HotSpot(TM) 64-Bit Server VM (25.20-b23 mixed mode windows-amd64 )
Heap:
 PSYoungGen      total 1128960K, used 118444K [0x00000008d5580000, 0x000000093d280000, 0x0000000d00000000)
  eden space 728064K, 2% used [0x00000008d5580000,0x00000008d6585090,0x0000000901c80000)
  from space 400896K, 25% used [0x0000000901c80000,0x0000000908026258,0x000000091a400000)
  to   space 425472K, 0% used [0x0000000923300000,0x0000000923300000,0x000000093d280000)
 ParOldGen       total 1565696K, used 1126442K [0x0000000080000000, 0x00000000df900000, 0x00000008d5580000)
  object space 1565696K, 71% used [0x0000000080000000,0x00000000c4c0aaf0,0x00000000df900000)
 Metaspace       used 6663K, capacity 6920K, committed 7168K, reserved 8192K
GC Heap History (10 events):
Event: 30.822 GC heap before
{Heap before GC invocations=24 (full 5):
 PSYoungGen      total 868352K, used 868332K [0x00000008d5580000, 0x0000000923f80000, 0x0000000d00000000)
  eden space 636416K, 100% used [0x00000008d5580000,0x00000008fc300000,0x00000008fc300000)
  from space 231936K, 99% used [0x00000008fc300000,0x000000090a57b388,0x000000090a580000)
  to   space 285184K, 0% used [0x0000000912900000,0x0000000912900000,0x0000000923f80000)
 ParOldGen       total 1126912K, used 805823K [0x0000000080000000, 0x00000000c4c80000, 0x00000008d5580000)
  object space 1126912K, 71% used [0x0000000080000000,0x00000000b12efc58,0x00000000c4c80000)
 Metaspace       used 6583K, capacity 6920K, committed 7168K, reserved 8192K
Event: 31.030 GC heap after
Heap after GC invocations=24 (full 5):
 PSYoungGen      total 994816K, used 176762K [0x00000008d5580000, 0x0000000925000000, 0x0000000d00000000)
  eden space 709632K, 0% used [0x00000008d5580000,0x00000008d5580000,0x0000000900a80000)
  from space 285184K, 61% used [0x0000000912900000,0x000000091d59e860,0x0000000923f80000)
  to   space 293376K, 0% used [0x0000000900a80000,0x0000000900a80000,0x0000000912900000)
 ParOldGen       total 1126912K, used 843977K [0x0000000080000000, 0x00000000c4c80000, 0x00000008d5580000)
  object space 1126912K, 74% used [0x0000000080000000,0x00000000b3832570,0x00000000c4c80000)
 Metaspace       used 6583K, capacity 6920K, committed 7168K, reserved 8192K
}
Event: 32.313 GC heap before
{Heap before GC invocations=25 (full 5):
 PSYoungGen      total 994816K, used 886394K [0x00000008d5580000, 0x0000000925000000, 0x0000000d00000000)
  eden space 709632K, 100% used [0x00000008d5580000,0x0000000900a80000,0x0000000900a80000)
  from space 285184K, 61% used [0x0000000912900000,0x000000091d59e860,0x0000000923f80000)
  to   space 293376K, 0% used [0x0000000900a80000,0x0000000900a80000,0x0000000912900000)
 ParOldGen       total 1126912K, used 843977K [0x0000000080000000, 0x00000000c4c80000, 0x00000008d5580000)
  object space 1126912K, 74% used [0x0000000080000000,0x00000000b3832570,0x00000000c4c80000)
 Metaspace       used 6583K, capacity 6920K, committed 7168K, reserved 8192K
Event: 32.499 GC heap after
Heap after GC invocations=25 (full 5):
 PSYoungGen      total 1003008K, used 258475K [0x00000008d5580000, 0x000000092e600000, 0x0000000d00000000)
  eden space 709632K, 0% used [0x00000008d5580000,0x00000008d5580000,0x0000000900a80000)
  from space 293376K, 88% used [0x0000000900a80000,0x00000009106eac18,0x0000000912900000)
  to   space 329728K, 0% used [0x000000091a400000,0x000000091a400000,0x000000092e600000)
 ParOldGen       total 1126912K, used 843977K [0x0000000080000000, 0x00000000c4c80000, 0x00000008d5580000)
  object space 1126912K, 74% used [0x0000000080000000,0x00000000b3832570,0x00000000c4c80000)
 Metaspace       used 6583K, capacity 6920K, committed 7168K, reserved 8192K
}
Event: 33.496 GC heap before
{Heap before GC invocations=26 (full 5):
 PSYoungGen      total 1003008K, used 968107K [0x00000008d5580000, 0x000000092e600000, 0x0000000d00000000)
  eden space 709632K, 100% used [0x00000008d5580000,0x0000000900a80000,0x0000000900a80000)
  from space 293376K, 88% used [0x0000000900a80000,0x00000009106eac18,0x0000000912900000)
  to   space 329728K, 0% used [0x000000091a400000,0x000000091a400000,0x000000092e600000)
 ParOldGen       total 1126912K, used 843977K [0x0000000080000000, 0x00000000c4c80000, 0x00000008d5580000)
  object space 1126912K, 74% used [0x0000000080000000,0x00000000b3832570,0x00000000c4c80000)
 Metaspace       used 6584K, capacity 6920K, committed 7168K, reserved 8192K
Event: 33.897 GC heap after
Heap after GC invocations=26 (full 5):
 PSYoungGen      total 1057792K, used 329723K [0x00000008d5580000, 0x0000000938080000, 0x0000000d00000000)
  eden space 728064K, 0% used [0x00000008d5580000,0x00000008d5580000,0x0000000901c80000)
  from space 329728K, 99% used [0x000000091a400000,0x000000092e5fed58,0x000000092e600000)
  to   space 400896K, 0% used [0x0000000901c80000,0x0000000901c80000,0x000000091a400000)
 ParOldGen       total 1126912K, used 888413K [0x0000000080000000, 0x00000000c4c80000, 0x00000008d5580000)
  object space 1126912K, 78% used [0x0000000080000000,0x00000000b6397498,0x00000000c4c80000)
 Metaspace       used 6584K, capacity 6920K, committed 7168K, reserved 8192K
}
Event: 35.291 GC heap before
{Heap before GC invocations=27 (full 5):
 PSYoungGen      total 1057792K, used 1057787K [0x00000008d5580000, 0x0000000938080000, 0x0000000d00000000)
  eden space 728064K, 100% used [0x00000008d5580000,0x0000000901c80000,0x0000000901c80000)
  from space 329728K, 99% used [0x000000091a400000,0x000000092e5fed58,0x000000092e600000)
  to   space 400896K, 0% used [0x0000000901c80000,0x0000000901c80000,0x000000091a400000)
 ParOldGen       total 1126912K, used 888413K [0x0000000080000000, 0x00000000c4c80000, 0x00000008d5580000)
  object space 1126912K, 78% used [0x0000000080000000,0x00000000b6397498,0x00000000c4c80000)
 Metaspace       used 6663K, capacity 6920K, committed 7168K, reserved 8192K
Event: 35.957 GC heap after
Heap after GC invocations=27 (full 5):
 PSYoungGen      total 1128960K, used 286022K [0x00000008d5580000, 0x000000093d280000, 0x0000000d00000000)
  eden space 728064K, 0% used [0x00000008d5580000,0x00000008d5580000,0x0000000901c80000)
  from space 400896K, 71% used [0x0000000901c80000,0x00000009133d19e8,0x000000091a400000)
  to   space 425472K, 0% used [0x0000000923300000,0x0000000923300000,0x000000093d280000)
 ParOldGen       total 1126912K, used 1056122K [0x0000000080000000, 0x00000000c4c80000, 0x00000008d5580000)
  object space 1126912K, 93% used [0x0000000080000000,0x00000000c075eaa8,0x00000000c4c80000)
 Metaspace       used 6663K, capacity 6920K, committed 7168K, reserved 8192K
}
Event: 35.957 GC heap before
{Heap before GC invocations=28 (full 6):
 PSYoungGen      total 1128960K, used 286022K [0x00000008d5580000, 0x000000093d280000, 0x0000000d00000000)
  eden space 728064K, 0% used [0x00000008d5580000,0x00000008d5580000,0x0000000901c80000)
  from space 400896K, 71% used [0x0000000901c80000,0x00000009133d19e8,0x000000091a400000)
  to   space 425472K, 0% used [0x0000000923300000,0x0000000923300000,0x000000093d280000)
 ParOldGen       total 1126912K, used 1056122K [0x0000000080000000, 0x00000000c4c80000, 0x00000008d5580000)
  object space 1126912K, 93% used [0x0000000080000000,0x00000000c075eaa8,0x00000000c4c80000)
 Metaspace       used 6663K, capacity 6920K, committed 7168K, reserved 8192K
Event: 42.266 GC heap after
Heap after GC invocations=28 (full 6):
 PSYoungGen      total 1128960K, used 102040K [0x00000008d5580000, 0x000000093d280000, 0x0000000d00000000)
  eden space 728064K, 0% used [0x00000008d5580000,0x00000008d5580000,0x0000000901c80000)
  from space 400896K, 25% used [0x0000000901c80000,0x0000000908026258,0x000000091a400000)
  to   space 425472K, 0% used [0x0000000923300000,0x0000000923300000,0x000000093d280000)
 ParOldGen       total 1565696K, used 1126442K [0x0000000080000000, 0x00000000df900000, 0x00000008d5580000)
  object space 1565696K, 71% used [0x0000000080000000,0x00000000c4c0aaf0,0x00000000df900000)
 Metaspace       used 6663K, capacity 6920K, committed 7168K, reserved 8192K
}

