# JRE version: Java(TM) SE Runtime Environment (8.0_20-b26) (build 1.8.0_20-b26)
# Java VM: Java HotSpot(TM) 64-Bit Server VM (25.20-b23 mixed mode windows-amd64 )
Heap:
 PSYoungGen      total 958464K, used 720230K [0x00000008d5580000, 0x0000000924b00000, 0x0000000d00000000)
  eden space 724480K, 99% used [0x00000008d5580000,0x00000009014d9a58,0x0000000901900000)
  from space 233984K, 0% used [0x0000000911a00000,0x0000000911a00000,0x000000091fe80000)
  to   space 263168K, 0% used [0x0000000901900000,0x0000000901900000,0x0000000911a00000)
 ParOldGen       total 831488K, used 831440K [0x0000000080000000, 0x00000000b2c00000, 0x00000008d5580000)
  object space 831488K, 99% used [0x0000000080000000,0x00000000b2bf4168,0x00000000b2c00000)
 Metaspace       used 6900K, capacity 7048K, committed 7168K, reserved 8192K
GC Heap History (10 events):
Event: 61.269 GC heap before
{Heap before GC invocations=27 (full 9):
 PSYoungGen      total 958464K, used 724480K [0x00000008d5580000, 0x0000000924b00000, 0x0000000d00000000)
  eden space 724480K, 100% used [0x00000008d5580000,0x0000000901900000,0x0000000901900000)
  from space 233984K, 0% used [0x0000000911a00000,0x0000000911a00000,0x000000091fe80000)
  to   space 263168K, 0% used [0x0000000901900000,0x0000000901900000,0x0000000911a00000)
 ParOldGen       total 831488K, used 831103K [0x0000000080000000, 0x00000000b2c00000, 0x00000008d5580000)
  object space 831488K, 99% used [0x0000000080000000,0x00000000b2b9fd60,0x00000000b2c00000)
 Metaspace       used 6788K, capacity 6920K, committed 7168K, reserved 8192K
Event: 66.928 GC heap after
Heap after GC invocations=27 (full 9):
 PSYoungGen      total 958464K, used 353897K [0x00000008d5580000, 0x0000000924b00000, 0x0000000d00000000)
  eden space 724480K, 48% used [0x00000008d5580000,0x00000008eaf1a728,0x0000000901900000)
  from space 233984K, 0% used [0x0000000911a00000,0x0000000911a00000,0x000000091fe80000)
  to   space 263168K, 0% used [0x0000000901900000,0x0000000901900000,0x0000000911a00000)
 ParOldGen       total 831488K, used 830941K [0x0000000080000000, 0x00000000b2c00000, 0x00000008d5580000)
  object space 831488K, 99% used [0x0000000080000000,0x00000000b2b77490,0x00000000b2c00000)
 Metaspace       used 6788K, capacity 6920K, committed 7168K, reserved 8192K
}
Event: 67.932 GC heap before
{Heap before GC invocations=28 (full 10):
 PSYoungGen      total 958464K, used 724480K [0x00000008d5580000, 0x0000000924b00000, 0x0000000d00000000)
  eden space 724480K, 100% used [0x00000008d5580000,0x0000000901900000,0x0000000901900000)
  from space 233984K, 0% used [0x0000000911a00000,0x0000000911a00000,0x000000091fe80000)
  to   space 263168K, 0% used [0x0000000901900000,0x0000000901900000,0x0000000911a00000)
 ParOldGen       total 831488K, used 830941K [0x0000000080000000, 0x00000000b2c00000, 0x00000008d5580000)
  object space 831488K, 99% used [0x0000000080000000,0x00000000b2b77490,0x00000000b2c00000)
 Metaspace       used 6808K, capacity 6920K, committed 7168K, reserved 8192K
Event: 73.553 GC heap after
Heap after GC invocations=28 (full 10):
 PSYoungGen      total 958464K, used 402680K [0x00000008d5580000, 0x0000000924b00000, 0x0000000d00000000)
  eden space 724480K, 55% used [0x00000008d5580000,0x00000008edebe3b0,0x0000000901900000)
  from space 233984K, 0% used [0x0000000911a00000,0x0000000911a00000,0x000000091fe80000)
  to   space 263168K, 0% used [0x0000000901900000,0x0000000901900000,0x0000000911a00000)
 ParOldGen       total 831488K, used 831074K [0x0000000080000000, 0x00000000b2c00000, 0x00000008d5580000)
  object space 831488K, 99% used [0x0000000080000000,0x00000000b2b989c0,0x00000000b2c00000)
 Metaspace       used 6808K, capacity 6920K, committed 7168K, reserved 8192K
}
Event: 74.185 GC heap before
{Heap before GC invocations=29 (full 11):
 PSYoungGen      total 958464K, used 724480K [0x00000008d5580000, 0x0000000924b00000, 0x0000000d00000000)
  eden space 724480K, 100% used [0x00000008d5580000,0x0000000901900000,0x0000000901900000)
  from space 233984K, 0% used [0x0000000911a00000,0x0000000911a00000,0x000000091fe80000)
  to   space 263168K, 0% used [0x0000000901900000,0x0000000901900000,0x0000000911a00000)
 ParOldGen       total 831488K, used 831074K [0x0000000080000000, 0x00000000b2c00000, 0x00000008d5580000)
  object space 831488K, 99% used [0x0000000080000000,0x00000000b2b989c0,0x00000000b2c00000)
 Metaspace       used 6835K, capacity 6984K, committed 7168K, reserved 8192K
Event: 78.663 GC heap after
Heap after GC invocations=29 (full 11):
 PSYoungGen      total 958464K, used 452748K [0x00000008d5580000, 0x0000000924b00000, 0x0000000d00000000)
  eden space 724480K, 62% used [0x00000008d5580000,0x00000008f0fa3110,0x0000000901900000)
  from space 233984K, 0% used [0x0000000911a00000,0x0000000911a00000,0x000000091fe80000)
  to   space 263168K, 0% used [0x0000000901900000,0x0000000901900000,0x0000000911a00000)
 ParOldGen       total 831488K, used 831452K [0x0000000080000000, 0x00000000b2c00000, 0x00000008d5580000)
  object space 831488K, 99% used [0x0000000080000000,0x00000000b2bf71e0,0x00000000b2c00000)
 Metaspace       used 6835K, capacity 6984K, committed 7168K, reserved 8192K
}
Event: 78.918 GC heap before
{Heap before GC invocations=30 (full 12):
 PSYoungGen      total 958464K, used 724480K [0x00000008d5580000, 0x0000000924b00000, 0x0000000d00000000)
  eden space 724480K, 100% used [0x00000008d5580000,0x0000000901900000,0x0000000901900000)
  from space 233984K, 0% used [0x0000000911a00000,0x0000000911a00000,0x000000091fe80000)
  to   space 263168K, 0% used [0x0000000901900000,0x0000000901900000,0x0000000911a00000)
 ParOldGen       total 831488K, used 831452K [0x0000000080000000, 0x00000000b2c00000, 0x00000008d5580000)
  object space 831488K, 99% used [0x0000000080000000,0x00000000b2bf71e0,0x00000000b2c00000)
 Metaspace       used 6835K, capacity 6984K, committed 7168K, reserved 8192K
Event: 81.953 GC heap after
Heap after GC invocations=30 (full 12):
 PSYoungGen      total 958464K, used 496035K [0x00000008d5580000, 0x0000000924b00000, 0x0000000d00000000)
  eden space 724480K, 68% used [0x00000008d5580000,0x00000008f39e8d98,0x0000000901900000)
  from space 233984K, 0% used [0x0000000911a00000,0x0000000911a00000,0x000000091fe80000)
  to   space 263168K, 0% used [0x0000000901900000,0x0000000901900000,0x0000000911a00000)
 ParOldGen       total 831488K, used 831449K [0x0000000080000000, 0x00000000b2c00000, 0x00000008d5580000)
  object space 831488K, 99% used [0x0000000080000000,0x00000000b2bf67d8,0x00000000b2c00000)
 Metaspace       used 6835K, capacity 6984K, committed 7168K, reserved 8192K
}
Event: 82.578 GC heap before
{Heap before GC invocations=31 (full 13):
 PSYoungGen      total 958464K, used 724480K [0x00000008d5580000, 0x0000000924b00000, 0x0000000d00000000)
  eden space 724480K, 100% used [0x00000008d5580000,0x0000000901900000,0x0000000901900000)
  from space 233984K, 0% used [0x0000000911a00000,0x0000000911a00000,0x000000091fe80000)
  to   space 263168K, 0% used [0x0000000901900000,0x0000000901900000,0x0000000911a00000)
 ParOldGen       total 831488K, used 831449K [0x0000000080000000, 0x00000000b2c00000, 0x00000008d5580000)
  object space 831488K, 99% used [0x0000000080000000,0x00000000b2bf67d8,0x00000000b2c00000)
 Metaspace       used 6869K, capacity 6984K, committed 7168K, reserved 8192K
Event: 85.736 GC heap after
Heap after GC invocations=31 (full 13):
 PSYoungGen      total 958464K, used 522052K [0x00000008d5580000, 0x0000000924b00000, 0x0000000d00000000)
  eden space 724480K, 72% used [0x00000008d5580000,0x00000008f53510c8,0x0000000901900000)
  from space 233984K, 0% used [0x0000000911a00000,0x0000000911a00000,0x000000091fe80000)
  to   space 263168K, 0% used [0x0000000901900000,0x0000000901900000,0x0000000911a00000)
 ParOldGen       total 831488K, used 831440K [0x0000000080000000, 0x00000000b2c00000, 0x00000008d5580000)
  object space 831488K, 99% used [0x0000000080000000,0x00000000b2bf4168,0x00000000b2c00000)
 Metaspace       used 6869K, capacity 6984K, committed 7168K, reserved 8192K
}

