# JRE version: Java(TM) SE Runtime Environment (8.0_20-b26) (build 1.8.0_20-b26)
# Java VM: Java HotSpot(TM) 64-Bit Server VM (25.20-b23 mixed mode windows-amd64 )
Heap:
 PSYoungGen      total 1070080K, used 775680K [0x00000008d5580000, 0x0000000936b00000, 0x0000000d00000000)
  eden space 775680K, 100% used [0x00000008d5580000,0x0000000904b00000,0x0000000904b00000)
  from space 294400K, 0% used [0x0000000904b00000,0x0000000904b00000,0x0000000916a80000)
  to   space 360448K, 0% used [0x0000000920b00000,0x0000000920b00000,0x0000000936b00000)
 ParOldGen       total 840704K, used 840281K [0x0000000080000000, 0x00000000b3500000, 0x00000008d5580000)
  object space 840704K, 99% used [0x0000000080000000,0x00000000b3496568,0x00000000b3500000)
 Metaspace       used 6699K, capacity 6984K, committed 7168K, reserved 8192K
GC Heap History (10 events):
Event: 25.551 GC heap before
{Heap before GC invocations=21 (full 4):
 PSYoungGen      total 1027072K, used 1026858K [0x00000008d5580000, 0x000000092c180000, 0x0000000d00000000)
  eden space 775680K, 100% used [0x00000008d5580000,0x0000000904b00000,0x0000000904b00000)
  from space 251392K, 99% used [0x0000000916a80000,0x0000000925fca9f8,0x0000000926000000)
  to   space 294400K, 0% used [0x0000000904b00000,0x0000000904b00000,0x0000000916a80000)
 ParOldGen       total 785920K, used 630379K [0x0000000080000000, 0x00000000aff80000, 0x00000008d5580000)
  object space 785920K, 80% used [0x0000000080000000,0x00000000a679ae08,0x00000000aff80000)
 Metaspace       used 6592K, capacity 6920K, committed 7168K, reserved 8192K
Event: 25.862 GC heap after
Heap after GC invocations=21 (full 4):
 PSYoungGen      total 1070080K, used 294383K [0x00000008d5580000, 0x0000000936b00000, 0x0000000d00000000)
  eden space 775680K, 0% used [0x00000008d5580000,0x00000008d5580000,0x0000000904b00000)
  from space 294400K, 99% used [0x0000000904b00000,0x0000000916a7bf48,0x0000000916a80000)
  to   space 360448K, 0% used [0x0000000920b00000,0x0000000920b00000,0x0000000936b00000)
 ParOldGen       total 785920K, used 674092K [0x0000000080000000, 0x00000000aff80000, 0x00000008d5580000)
  object space 785920K, 85% used [0x0000000080000000,0x00000000a924b1c8,0x00000000aff80000)
 Metaspace       used 6592K, capacity 6920K, committed 7168K, reserved 8192K
}
Event: 27.456 GC heap before
{Heap before GC invocations=22 (full 4):
 PSYoungGen      total 1070080K, used 1070063K [0x00000008d5580000, 0x0000000936b00000, 0x0000000d00000000)
  eden space 775680K, 100% used [0x00000008d5580000,0x0000000904b00000,0x0000000904b00000)
  from space 294400K, 99% used [0x0000000904b00000,0x0000000916a7bf48,0x0000000916a80000)
  to   space 360448K, 0% used [0x0000000920b00000,0x0000000920b00000,0x0000000936b00000)
 ParOldGen       total 785920K, used 674092K [0x0000000080000000, 0x00000000aff80000, 0x00000008d5580000)
  object space 785920K, 85% used [0x0000000080000000,0x00000000a924b1c8,0x00000000aff80000)
 Metaspace       used 6592K, capacity 6920K, committed 7168K, reserved 8192K
Event: 28.308 GC heap after
Heap after GC invocations=22 (full 4):
 PSYoungGen      total 1070080K, used 1070063K [0x00000008d5580000, 0x0000000936b00000, 0x0000000d00000000)
  eden space 775680K, 100% used [0x00000008d5580000,0x0000000904b00000,0x0000000904b00000)
  from space 294400K, 99% used [0x0000000904b00000,0x0000000916a7bf48,0x0000000916a80000)
  to   space 360448K, 41% used [0x0000000920b00000,0x0000000929d9d6e8,0x0000000936b00000)
 ParOldGen       total 840704K, used 840494K [0x0000000080000000, 0x00000000b3500000, 0x00000008d5580000)
  object space 840704K, 99% used [0x0000000080000000,0x00000000b34cbb90,0x00000000b3500000)
 Metaspace       used 6592K, capacity 6920K, committed 7168K, reserved 8192K
}
Event: 28.308 GC heap before
{Heap before GC invocations=23 (full 5):
 PSYoungGen      total 1070080K, used 1070063K [0x00000008d5580000, 0x0000000936b00000, 0x0000000d00000000)
  eden space 775680K, 100% used [0x00000008d5580000,0x0000000904b00000,0x0000000904b00000)
  from space 294400K, 99% used [0x0000000904b00000,0x0000000916a7bf48,0x0000000916a80000)
  to   space 360448K, 41% used [0x0000000920b00000,0x0000000929d9d6e8,0x0000000936b00000)
 ParOldGen       total 840704K, used 840494K [0x0000000080000000, 0x00000000b3500000, 0x00000008d5580000)
  object space 840704K, 99% used [0x0000000080000000,0x00000000b34cbb90,0x00000000b3500000)
 Metaspace       used 6592K, capacity 6920K, committed 7168K, reserved 8192K
Event: 31.838 GC heap after
Heap after GC invocations=23 (full 5):
 PSYoungGen      total 1070080K, used 0K [0x00000008d5580000, 0x0000000936b00000, 0x0000000d00000000)
  eden space 775680K, 0% used [0x00000008d5580000,0x00000008d5580000,0x0000000904b00000)
  from space 294400K, 0% used [0x0000000904b00000,0x0000000904b00000,0x0000000916a80000)
  to   space 360448K, 38% used [0x0000000920b00000,0x000000092923ae70,0x0000000936b00000)
 ParOldGen       total 840704K, used 840290K [0x0000000080000000, 0x00000000b3500000, 0x00000008d5580000)
  object space 840704K, 99% used [0x0000000080000000,0x00000000b3498b78,0x00000000b3500000)
 Metaspace       used 6592K, capacity 6920K, committed 7168K, reserved 8192K
}
Event: 32.687 GC heap before
{Heap before GC invocations=24 (full 6):
 PSYoungGen      total 1070080K, used 775680K [0x00000008d5580000, 0x0000000936b00000, 0x0000000d00000000)
  eden space 775680K, 100% used [0x00000008d5580000,0x0000000904b00000,0x0000000904b00000)
  from space 294400K, 0% used [0x0000000904b00000,0x0000000904b00000,0x0000000916a80000)
  to   space 360448K, 38% used [0x0000000920b00000,0x000000092923ae70,0x0000000936b00000)
 ParOldGen       total 840704K, used 840290K [0x0000000080000000, 0x00000000b3500000, 0x00000008d5580000)
  object space 840704K, 99% used [0x0000000080000000,0x00000000b3498b78,0x00000000b3500000)
 Metaspace       used 6593K, capacity 6920K, committed 7168K, reserved 8192K
Event: 36.515 GC heap after
Heap after GC invocations=24 (full 6):
 PSYoungGen      total 1070080K, used 261265K [0x00000008d5580000, 0x0000000936b00000, 0x0000000d00000000)
  eden space 775680K, 33% used [0x00000008d5580000,0x00000008e54a4700,0x0000000904b00000)
  from space 294400K, 0% used [0x0000000904b00000,0x0000000904b00000,0x0000000916a80000)
  to   space 360448K, 0% used [0x0000000920b00000,0x0000000920b00000,0x0000000936b00000)
 ParOldGen       total 840704K, used 840488K [0x0000000080000000, 0x00000000b3500000, 0x00000008d5580000)
  object space 840704K, 99% used [0x0000000080000000,0x00000000b34ca350,0x00000000b3500000)
 Metaspace       used 6593K, capacity 6920K, committed 7168K, reserved 8192K
}
Event: 37.246 GC heap before
{Heap before GC invocations=25 (full 7):
 PSYoungGen      total 1070080K, used 775680K [0x00000008d5580000, 0x0000000936b00000, 0x0000000d00000000)
  eden space 775680K, 100% used [0x00000008d5580000,0x0000000904b00000,0x0000000904b00000)
  from space 294400K, 0% used [0x0000000904b00000,0x0000000904b00000,0x0000000916a80000)
  to   space 360448K, 0% used [0x0000000920b00000,0x0000000920b00000,0x0000000936b00000)
 ParOldGen       total 840704K, used 840488K [0x0000000080000000, 0x00000000b3500000, 0x00000008d5580000)
  object space 840704K, 99% used [0x0000000080000000,0x00000000b34ca350,0x00000000b3500000)
 Metaspace       used 6652K, capacity 6920K, committed 7168K, reserved 8192K
Event: 41.998 GC heap after
Heap after GC invocations=25 (full 7):
 PSYoungGen      total 1070080K, used 333334K [0x00000008d5580000, 0x0000000936b00000, 0x0000000d00000000)
  eden space 775680K, 42% used [0x00000008d5580000,0x00000008e9b05af0,0x0000000904b00000)
  from space 294400K, 0% used [0x0000000904b00000,0x0000000904b00000,0x0000000916a80000)
  to   space 360448K, 0% used [0x0000000920b00000,0x0000000920b00000,0x0000000936b00000)
 ParOldGen       total 840704K, used 840281K [0x0000000080000000, 0x00000000b3500000, 0x00000008d5580000)
  object space 840704K, 99% used [0x0000000080000000,0x00000000b3496568,0x00000000b3500000)
 Metaspace       used 6652K, capacity 6920K, committed 7168K, reserved 8192K
}

