# JRE version: Java(TM) SE Runtime Environment (8.0_20-b26) (build 1.8.0_20-b26)
# Java VM: Java HotSpot(TM) 64-Bit Server VM (25.20-b23 mixed mode windows-amd64 )
Heap:
 PSYoungGen      total 1048064K, used 775210K [0x00000008d5580000, 0x0000000930f80000, 0x0000000d00000000)
  eden space 739328K, 65% used [0x00000008d5580000,0x00000008f30234f8,0x0000000902780000)
  from space 308736K, 93% used [0x0000000917f00000,0x0000000929967358,0x000000092ac80000)
  to   space 351744K, 0% used [0x0000000902780000,0x0000000902780000,0x0000000917f00000)
 ParOldGen       total 1190912K, used 932167K [0x0000000080000000, 0x00000000c8b00000, 0x00000008d5580000)
  object space 1190912K, 78% used [0x0000000080000000,0x00000000b8e51c38,0x00000000c8b00000)
 Metaspace       used 6658K, capacity 6920K, committed 7168K, reserved 8192K
GC Heap History (10 events):
Event: 28.584 GC heap before
{Heap before GC invocations=25 (full 4):
 PSYoungGen      total 834048K, used 766845K [0x00000008d5580000, 0x0000000919b80000, 0x0000000d00000000)
  eden space 604672K, 100% used [0x00000008d5580000,0x00000008fa400000,0x00000008fa400000)
  from space 229376K, 70% used [0x0000000909180000,0x0000000912fdf788,0x0000000917180000)
  to   space 243200K, 0% used [0x00000008fa400000,0x00000008fa400000,0x0000000909180000)
 ParOldGen       total 802816K, used 674141K [0x0000000080000000, 0x00000000b1000000, 0x00000008d5580000)
  object space 802816K, 83% used [0x0000000080000000,0x00000000a92576e0,0x00000000b1000000)
 Metaspace       used 6590K, capacity 6920K, committed 7168K, reserved 8192K
Event: 28.825 GC heap after
Heap after GC invocations=25 (full 4):
 PSYoungGen      total 847872K, used 243197K [0x00000008d5580000, 0x0000000927500000, 0x0000000d00000000)
  eden space 604672K, 0% used [0x00000008d5580000,0x00000008d5580000,0x00000008fa400000)
  from space 243200K, 99% used [0x00000008fa400000,0x000000090917f7c0,0x0000000909180000)
  to   space 322560K, 0% used [0x0000000913a00000,0x0000000913a00000,0x0000000927500000)
 ParOldGen       total 802816K, used 779686K [0x0000000080000000, 0x00000000b1000000, 0x00000008d5580000)
  object space 802816K, 97% used [0x0000000080000000,0x00000000af969920,0x00000000b1000000)
 Metaspace       used 6590K, capacity 6920K, committed 7168K, reserved 8192K
}
Event: 28.825 GC heap before
{Heap before GC invocations=26 (full 5):
 PSYoungGen      total 847872K, used 243197K [0x00000008d5580000, 0x0000000927500000, 0x0000000d00000000)
  eden space 604672K, 0% used [0x00000008d5580000,0x00000008d5580000,0x00000008fa400000)
  from space 243200K, 99% used [0x00000008fa400000,0x000000090917f7c0,0x0000000909180000)
  to   space 322560K, 0% used [0x0000000913a00000,0x0000000913a00000,0x0000000927500000)
 ParOldGen       total 802816K, used 779686K [0x0000000080000000, 0x00000000b1000000, 0x00000008d5580000)
  object space 802816K, 97% used [0x0000000080000000,0x00000000af969920,0x00000000b1000000)
 Metaspace       used 6590K, capacity 6920K, committed 7168K, reserved 8192K
Event: 32.654 GC heap after
Heap after GC invocations=26 (full 5):
 PSYoungGen      total 847872K, used 201713K [0x00000008d5580000, 0x0000000927500000, 0x0000000d00000000)
  eden space 604672K, 0% used [0x00000008d5580000,0x00000008d5580000,0x00000008fa400000)
  from space 243200K, 82% used [0x00000008fa400000,0x00000009068fc568,0x0000000909180000)
  to   space 322560K, 0% used [0x0000000913a00000,0x0000000913a00000,0x0000000927500000)
 ParOldGen       total 1190912K, used 802396K [0x0000000080000000, 0x00000000c8b00000, 0x00000008d5580000)
  object space 1190912K, 67% used [0x0000000080000000,0x00000000b0f97368,0x00000000c8b00000)
 Metaspace       used 6590K, capacity 6920K, committed 7168K, reserved 8192K
}
Event: 33.883 GC heap before
{Heap before GC invocations=27 (full 5):
 PSYoungGen      total 847872K, used 806385K [0x00000008d5580000, 0x0000000927500000, 0x0000000d00000000)
  eden space 604672K, 100% used [0x00000008d5580000,0x00000008fa400000,0x00000008fa400000)
  from space 243200K, 82% used [0x00000008fa400000,0x00000009068fc568,0x0000000909180000)
  to   space 322560K, 0% used [0x0000000913a00000,0x0000000913a00000,0x0000000927500000)
 ParOldGen       total 1190912K, used 802396K [0x0000000080000000, 0x00000000c8b00000, 0x00000008d5580000)
  object space 1190912K, 67% used [0x0000000080000000,0x00000000b0f97368,0x00000000c8b00000)
 Metaspace       used 6590K, capacity 6920K, committed 7168K, reserved 8192K
Event: 34.794 GC heap after
Heap after GC invocations=27 (full 5):
 PSYoungGen      total 968192K, used 104006K [0x00000008d5580000, 0x0000000924a80000, 0x0000000d00000000)
  eden space 689152K, 0% used [0x00000008d5580000,0x00000008d5580000,0x00000008ff680000)
  from space 279040K, 37% used [0x0000000913a00000,0x0000000919f91a80,0x0000000924a80000)
  to   space 305152K, 0% used [0x00000008ff680000,0x00000008ff680000,0x0000000912080000)
 ParOldGen       total 1190912K, used 932167K [0x0000000080000000, 0x00000000c8b00000, 0x00000008d5580000)
  object space 1190912K, 78% used [0x0000000080000000,0x00000000b8e51c38,0x00000000c8b00000)
 Metaspace       used 6590K, capacity 6920K, committed 7168K, reserved 8192K
}
Event: 36.065 GC heap before
{Heap before GC invocations=28 (full 5):
 PSYoungGen      total 968192K, used 793158K [0x00000008d5580000, 0x0000000924a80000, 0x0000000d00000000)
  eden space 689152K, 100% used [0x00000008d5580000,0x00000008ff680000,0x00000008ff680000)
  from space 279040K, 37% used [0x0000000913a00000,0x0000000919f91a80,0x0000000924a80000)
  to   space 305152K, 0% used [0x00000008ff680000,0x00000008ff680000,0x0000000912080000)
 ParOldGen       total 1190912K, used 932167K [0x0000000080000000, 0x00000000c8b00000, 0x00000008d5580000)
  object space 1190912K, 78% used [0x0000000080000000,0x00000000b8e51c38,0x00000000c8b00000)
 Metaspace       used 6590K, capacity 6920K, committed 7168K, reserved 8192K
Event: 36.248 GC heap after
Heap after GC invocations=28 (full 5):
 PSYoungGen      total 994304K, used 178565K [0x00000008d5580000, 0x000000092ac80000, 0x0000000d00000000)
  eden space 689152K, 0% used [0x00000008d5580000,0x00000008d5580000,0x00000008ff680000)
  from space 305152K, 58% used [0x00000008ff680000,0x000000090a4e1640,0x0000000912080000)
  to   space 308736K, 0% used [0x0000000917f00000,0x0000000917f00000,0x000000092ac80000)
 ParOldGen       total 1190912K, used 932167K [0x0000000080000000, 0x00000000c8b00000, 0x00000008d5580000)
  object space 1190912K, 78% used [0x0000000080000000,0x00000000b8e51c38,0x00000000c8b00000)
 Metaspace       used 6590K, capacity 6920K, committed 7168K, reserved 8192K
}
Event: 37.066 GC heap before
{Heap before GC invocations=29 (full 5):
 PSYoungGen      total 994304K, used 867717K [0x00000008d5580000, 0x000000092ac80000, 0x0000000d00000000)
  eden space 689152K, 100% used [0x00000008d5580000,0x00000008ff680000,0x00000008ff680000)
  from space 305152K, 58% used [0x00000008ff680000,0x000000090a4e1640,0x0000000912080000)
  to   space 308736K, 0% used [0x0000000917f00000,0x0000000917f00000,0x000000092ac80000)
 ParOldGen       total 1190912K, used 932167K [0x0000000080000000, 0x00000000c8b00000, 0x00000008d5580000)
  object space 1190912K, 78% used [0x0000000080000000,0x00000000b8e51c38,0x00000000c8b00000)
 Metaspace       used 6591K, capacity 6920K, committed 7168K, reserved 8192K
Event: 37.461 GC heap after
Heap after GC invocations=29 (full 5):
 PSYoungGen      total 1048064K, used 289180K [0x00000008d5580000, 0x0000000930f80000, 0x0000000d00000000)
  eden space 739328K, 0% used [0x00000008d5580000,0x00000008d5580000,0x0000000902780000)
  from space 308736K, 93% used [0x0000000917f00000,0x0000000929967358,0x000000092ac80000)
  to   space 351744K, 0% used [0x0000000902780000,0x0000000902780000,0x0000000917f00000)
 ParOldGen       total 1190912K, used 932167K [0x0000000080000000, 0x00000000c8b00000, 0x00000008d5580000)
  object space 1190912K, 78% used [0x0000000080000000,0x00000000b8e51c38,0x00000000c8b00000)
 Metaspace       used 6591K, capacity 6920K, committed 7168K, reserved 8192K
}

