# JRE version: Java(TM) SE Runtime Environment (8.0_20-b26) (build 1.8.0_20-b26)
# Java VM: Java HotSpot(TM) 64-Bit Server VM (25.20-b23 mixed mode windows-amd64 )
Heap:
 PSYoungGen      total 1049088K, used 882950K [0x00000008d5580000, 0x0000000932800000, 0x0000000d00000000)
  eden space 659456K, 84% used [0x00000008d5580000,0x00000008f787f098,0x00000008fd980000)
  from space 389632K, 82% used [0x000000091ab80000,0x000000092e6c2898,0x0000000932800000)
  to   space 386560K, 0% used [0x00000008fd980000,0x00000008fd980000,0x0000000915300000)
 ParOldGen       total 1105920K, used 880643K [0x0000000080000000, 0x00000000c3800000, 0x00000008d5580000)
  object space 1105920K, 79% used [0x0000000080000000,0x00000000b5c00f18,0x00000000c3800000)
 Metaspace       used 6680K, capacity 6920K, committed 7168K, reserved 8192K
GC Heap History (10 events):
Event: 35.130 GC heap before
{Heap before GC invocations=25 (full 5):
 PSYoungGen      total 859648K, used 265715K [0x00000008d5580000, 0x000000092d700000, 0x0000000d00000000)
  eden space 593920K, 0% used [0x00000008d5580000,0x00000008d5580000,0x00000008f9980000)
  from space 265728K, 99% used [0x0000000910200000,0x000000092057ccb8,0x0000000920580000)
  to   space 369152K, 0% used [0x00000008f9980000,0x00000008f9980000,0x0000000910200000)
 ParOldGen       total 751104K, used 715031K [0x0000000080000000, 0x00000000add80000, 0x00000008d5580000)
  object space 751104K, 95% used [0x0000000080000000,0x00000000aba45c28,0x00000000add80000)
 Metaspace       used 6605K, capacity 6920K, committed 7168K, reserved 8192K
Event: 39.543 GC heap after
Heap after GC invocations=25 (full 5):
 PSYoungGen      total 859648K, used 218108K [0x00000008d5580000, 0x000000092d700000, 0x0000000d00000000)
  eden space 593920K, 0% used [0x00000008d5580000,0x00000008d5580000,0x00000008f9980000)
  from space 265728K, 82% used [0x0000000910200000,0x000000091d6ff338,0x0000000920580000)
  to   space 369152K, 0% used [0x00000008f9980000,0x00000008f9980000,0x0000000910200000)
 ParOldGen       total 1105920K, used 750624K [0x0000000080000000, 0x00000000c3800000, 0x00000008d5580000)
  object space 1105920K, 67% used [0x0000000080000000,0x00000000add082d0,0x00000000c3800000)
 Metaspace       used 6605K, capacity 6920K, committed 7168K, reserved 8192K
}
Event: 41.376 GC heap before
{Heap before GC invocations=26 (full 5):
 PSYoungGen      total 859648K, used 812028K [0x00000008d5580000, 0x000000092d700000, 0x0000000d00000000)
  eden space 593920K, 100% used [0x00000008d5580000,0x00000008f9980000,0x00000008f9980000)
  from space 265728K, 82% used [0x0000000910200000,0x000000091d6ff338,0x0000000920580000)
  to   space 369152K, 0% used [0x00000008f9980000,0x00000008f9980000,0x0000000910200000)
 ParOldGen       total 1105920K, used 750624K [0x0000000080000000, 0x00000000c3800000, 0x00000008d5580000)
  object space 1105920K, 67% used [0x0000000080000000,0x00000000add082d0,0x00000000c3800000)
 Metaspace       used 6605K, capacity 6920K, committed 7168K, reserved 8192K
Event: 41.799 GC heap after
Heap after GC invocations=26 (full 5):
 PSYoungGen      total 963072K, used 206247K [0x00000008d5580000, 0x000000092bf80000, 0x0000000d00000000)
  eden space 593920K, 0% used [0x00000008d5580000,0x00000008d5580000,0x00000008f9980000)
  from space 369152K, 55% used [0x00000008f9980000,0x00000009062e9e70,0x0000000910200000)
  to   space 373248K, 0% used [0x0000000915300000,0x0000000915300000,0x000000092bf80000)
 ParOldGen       total 1105920K, used 880643K [0x0000000080000000, 0x00000000c3800000, 0x00000008d5580000)
  object space 1105920K, 79% used [0x0000000080000000,0x00000000b5c00f18,0x00000000c3800000)
 Metaspace       used 6605K, capacity 6920K, committed 7168K, reserved 8192K
}
Event: 43.264 GC heap before
{Heap before GC invocations=27 (full 5):
 PSYoungGen      total 963072K, used 800167K [0x00000008d5580000, 0x000000092bf80000, 0x0000000d00000000)
  eden space 593920K, 100% used [0x00000008d5580000,0x00000008f9980000,0x00000008f9980000)
  from space 369152K, 55% used [0x00000008f9980000,0x00000009062e9e70,0x0000000910200000)
  to   space 373248K, 0% used [0x0000000915300000,0x0000000915300000,0x000000092bf80000)
 ParOldGen       total 1105920K, used 880643K [0x0000000080000000, 0x00000000c3800000, 0x00000008d5580000)
  object space 1105920K, 79% used [0x0000000080000000,0x00000000b5c00f18,0x00000000c3800000)
 Metaspace       used 6605K, capacity 6920K, committed 7168K, reserved 8192K
Event: 43.468 GC heap after
Heap after GC invocations=27 (full 5):
 PSYoungGen      total 1032704K, used 236743K [0x00000008d5580000, 0x000000092d580000, 0x0000000d00000000)
  eden space 659456K, 0% used [0x00000008d5580000,0x00000008d5580000,0x00000008fd980000)
  from space 373248K, 63% used [0x0000000915300000,0x0000000923a31d90,0x000000092bf80000)
  to   space 386560K, 0% used [0x00000008fd980000,0x00000008fd980000,0x0000000915300000)
 ParOldGen       total 1105920K, used 880643K [0x0000000080000000, 0x00000000c3800000, 0x00000008d5580000)
  object space 1105920K, 79% used [0x0000000080000000,0x00000000b5c00f18,0x00000000c3800000)
 Metaspace       used 6605K, capacity 6920K, committed 7168K, reserved 8192K
}
Event: 44.441 GC heap before
{Heap before GC invocations=28 (full 5):
 PSYoungGen      total 1032704K, used 896199K [0x00000008d5580000, 0x000000092d580000, 0x0000000d00000000)
  eden space 659456K, 100% used [0x00000008d5580000,0x00000008fd980000,0x00000008fd980000)
  from space 373248K, 63% used [0x0000000915300000,0x0000000923a31d90,0x000000092bf80000)
  to   space 386560K, 0% used [0x00000008fd980000,0x00000008fd980000,0x0000000915300000)
 ParOldGen       total 1105920K, used 880643K [0x0000000080000000, 0x00000000c3800000, 0x00000008d5580000)
  object space 1105920K, 79% used [0x0000000080000000,0x00000000b5c00f18,0x00000000c3800000)
 Metaspace       used 6606K, capacity 6920K, committed 7168K, reserved 8192K
Event: 44.701 GC heap after
Heap after GC invocations=28 (full 5):
 PSYoungGen      total 1046016K, used 220691K [0x00000008d5580000, 0x0000000932800000, 0x0000000d00000000)
  eden space 659456K, 0% used [0x00000008d5580000,0x00000008d5580000,0x00000008fd980000)
  from space 386560K, 57% used [0x00000008fd980000,0x000000090b104ff8,0x0000000915300000)
  to   space 389632K, 0% used [0x000000091ab80000,0x000000091ab80000,0x0000000932800000)
 ParOldGen       total 1105920K, used 880643K [0x0000000080000000, 0x00000000c3800000, 0x00000008d5580000)
  object space 1105920K, 79% used [0x0000000080000000,0x00000000b5c00f18,0x00000000c3800000)
 Metaspace       used 6606K, capacity 6920K, committed 7168K, reserved 8192K
}
Event: 45.628 GC heap before
{Heap before GC invocations=29 (full 5):
 PSYoungGen      total 1046016K, used 880147K [0x00000008d5580000, 0x0000000932800000, 0x0000000d00000000)
  eden space 659456K, 100% used [0x00000008d5580000,0x00000008fd980000,0x00000008fd980000)
  from space 386560K, 57% used [0x00000008fd980000,0x000000090b104ff8,0x0000000915300000)
  to   space 389632K, 0% used [0x000000091ab80000,0x000000091ab80000,0x0000000932800000)
 ParOldGen       total 1105920K, used 880643K [0x0000000080000000, 0x00000000c3800000, 0x00000008d5580000)
  object space 1105920K, 79% used [0x0000000080000000,0x00000000b5c00f18,0x00000000c3800000)
 Metaspace       used 6606K, capacity 6920K, committed 7168K, reserved 8192K
Event: 46.120 GC heap after
Heap after GC invocations=29 (full 5):
 PSYoungGen      total 1049088K, used 322826K [0x00000008d5580000, 0x0000000932800000, 0x0000000d00000000)
  eden space 659456K, 0% used [0x00000008d5580000,0x00000008d5580000,0x00000008fd980000)
  from space 389632K, 82% used [0x000000091ab80000,0x000000092e6c2898,0x0000000932800000)
  to   space 386560K, 0% used [0x00000008fd980000,0x00000008fd980000,0x0000000915300000)
 ParOldGen       total 1105920K, used 880643K [0x0000000080000000, 0x00000000c3800000, 0x00000008d5580000)
  object space 1105920K, 79% used [0x0000000080000000,0x00000000b5c00f18,0x00000000c3800000)
 Metaspace       used 6606K, capacity 6920K, committed 7168K, reserved 8192K
}

