# JRE version: Java(TM) SE Runtime Environment (8.0_20-b26) (build 1.8.0_20-b26)
# Java VM: Java HotSpot(TM) 64-Bit Server VM (25.20-b23 mixed mode windows-amd64 )
Heap:
 PSYoungGen      total 1100288K, used 1059162K [0x00000008d5580000, 0x000000093d280000, 0x0000000d00000000)
  eden space 812544K, 98% used [0x00000008d5580000,0x00000009060a3f10,0x0000000906f00000)
  from space 287744K, 90% used [0x0000000906f00000,0x0000000916e32b30,0x0000000918800000)
  to   space 389632K, 0% used [0x0000000925600000,0x0000000925600000,0x000000093d280000)
 ParOldGen       total 794112K, used 793820K [0x0000000080000000, 0x00000000b0780000, 0x00000008d5580000)
  object space 794112K, 99% used [0x0000000080000000,0x00000000b07370a0,0x00000000b0780000)
 Metaspace       used 6603K, capacity 6920K, committed 7168K, reserved 8192K
GC Heap History (10 events):
Event: 20.599 GC heap before
{Heap before GC invocations=18 (full 4):
 PSYoungGen      total 835072K, used 651003K [0x00000008d5580000, 0x000000091bc00000, 0x0000000d00000000)
  eden space 634368K, 100% used [0x00000008d5580000,0x00000008fc100000,0x00000008fc100000)
  from space 200704K, 8% used [0x00000008fc100000,0x00000008fd13eed8,0x0000000908500000)
  to   space 200704K, 0% used [0x000000090f800000,0x000000090f800000,0x000000091bc00000)
 ParOldGen       total 794112K, used 504355K [0x0000000080000000, 0x00000000b0780000, 0x00000008d5580000)
  object space 794112K, 63% used [0x0000000080000000,0x000000009ec88df0,0x00000000b0780000)
 Metaspace       used 6592K, capacity 6920K, committed 7168K, reserved 8192K
Event: 20.923 GC heap after
Heap after GC invocations=18 (full 4):
 PSYoungGen      total 922112K, used 117168K [0x00000008d5580000, 0x000000091b080000, 0x0000000d00000000)
  eden space 733184K, 0% used [0x00000008d5580000,0x00000008d5580000,0x0000000902180000)
  from space 188928K, 62% used [0x000000090f800000,0x0000000916a6c010,0x000000091b080000)
  to   space 204288K, 0% used [0x0000000902180000,0x0000000902180000,0x000000090e900000)
 ParOldGen       total 794112K, used 504355K [0x0000000080000000, 0x00000000b0780000, 0x00000008d5580000)
  object space 794112K, 63% used [0x0000000080000000,0x000000009ec88df0,0x00000000b0780000)
 Metaspace       used 6592K, capacity 6920K, committed 7168K, reserved 8192K
}
Event: 22.581 GC heap before
{Heap before GC invocations=19 (full 4):
 PSYoungGen      total 922112K, used 850352K [0x00000008d5580000, 0x000000091b080000, 0x0000000d00000000)
  eden space 733184K, 100% used [0x00000008d5580000,0x0000000902180000,0x0000000902180000)
  from space 188928K, 62% used [0x000000090f800000,0x0000000916a6c010,0x000000091b080000)
  to   space 204288K, 0% used [0x0000000902180000,0x0000000902180000,0x000000090e900000)
 ParOldGen       total 794112K, used 504355K [0x0000000080000000, 0x00000000b0780000, 0x00000008d5580000)
  object space 794112K, 63% used [0x0000000080000000,0x000000009ec88df0,0x00000000b0780000)
 Metaspace       used 6602K, capacity 6920K, committed 7168K, reserved 8192K
Event: 22.778 GC heap after
Heap after GC invocations=19 (full 4):
 PSYoungGen      total 937472K, used 204264K [0x00000008d5580000, 0x0000000927b80000, 0x0000000d00000000)
  eden space 733184K, 0% used [0x00000008d5580000,0x00000008d5580000,0x0000000902180000)
  from space 204288K, 99% used [0x0000000902180000,0x000000090e8fa038,0x000000090e900000)
  to   space 249344K, 0% used [0x0000000918800000,0x0000000918800000,0x0000000927b80000)
 ParOldGen       total 794112K, used 532549K [0x0000000080000000, 0x00000000b0780000, 0x00000008d5580000)
  object space 794112K, 67% used [0x0000000080000000,0x00000000a0811518,0x00000000b0780000)
 Metaspace       used 6602K, capacity 6920K, committed 7168K, reserved 8192K
}
Event: 24.741 GC heap before
{Heap before GC invocations=20 (full 4):
 PSYoungGen      total 937472K, used 937448K [0x00000008d5580000, 0x0000000927b80000, 0x0000000d00000000)
  eden space 733184K, 100% used [0x00000008d5580000,0x0000000902180000,0x0000000902180000)
  from space 204288K, 99% used [0x0000000902180000,0x000000090e8fa038,0x000000090e900000)
  to   space 249344K, 0% used [0x0000000918800000,0x0000000918800000,0x0000000927b80000)
 ParOldGen       total 794112K, used 532549K [0x0000000080000000, 0x00000000b0780000, 0x00000008d5580000)
  object space 794112K, 67% used [0x0000000080000000,0x00000000a0811518,0x00000000b0780000)
 Metaspace       used 6602K, capacity 6920K, committed 7168K, reserved 8192K
Event: 25.148 GC heap after
Heap after GC invocations=20 (full 4):
 PSYoungGen      total 1061888K, used 237402K [0x00000008d5580000, 0x000000092d700000, 0x0000000d00000000)
  eden space 812544K, 0% used [0x00000008d5580000,0x00000008d5580000,0x0000000906f00000)
  from space 249344K, 95% used [0x0000000918800000,0x0000000926fd6a30,0x0000000927b80000)
  to   space 287744K, 0% used [0x0000000906f00000,0x0000000906f00000,0x0000000918800000)
 ParOldGen       total 794112K, used 644477K [0x0000000080000000, 0x00000000b0780000, 0x00000008d5580000)
  object space 794112K, 81% used [0x0000000080000000,0x00000000a755f6f0,0x00000000b0780000)
 Metaspace       used 6602K, capacity 6920K, committed 7168K, reserved 8192K
}
Event: 26.496 GC heap before
{Heap before GC invocations=21 (full 4):
 PSYoungGen      total 1061888K, used 1049946K [0x00000008d5580000, 0x000000092d700000, 0x0000000d00000000)
  eden space 812544K, 100% used [0x00000008d5580000,0x0000000906f00000,0x0000000906f00000)
  from space 249344K, 95% used [0x0000000918800000,0x0000000926fd6a30,0x0000000927b80000)
  to   space 287744K, 0% used [0x0000000906f00000,0x0000000906f00000,0x0000000918800000)
 ParOldGen       total 794112K, used 644477K [0x0000000080000000, 0x00000000b0780000, 0x00000008d5580000)
  object space 794112K, 81% used [0x0000000080000000,0x00000000a755f6f0,0x00000000b0780000)
 Metaspace       used 6602K, capacity 6920K, committed 7168K, reserved 8192K
Event: 26.793 GC heap after
Heap after GC invocations=21 (full 4):
 PSYoungGen      total 1100288K, used 287721K [0x00000008d5580000, 0x000000093d280000, 0x0000000d00000000)
  eden space 812544K, 0% used [0x00000008d5580000,0x00000008d5580000,0x0000000906f00000)
  from space 287744K, 99% used [0x0000000906f00000,0x00000009187fa4c8,0x0000000918800000)
  to   space 389632K, 0% used [0x0000000925600000,0x0000000925600000,0x000000093d280000)
 ParOldGen       total 794112K, used 788670K [0x0000000080000000, 0x00000000b0780000, 0x00000008d5580000)
  object space 794112K, 99% used [0x0000000080000000,0x00000000b022faa8,0x00000000b0780000)
 Metaspace       used 6602K, capacity 6920K, committed 7168K, reserved 8192K
}
Event: 26.793 GC heap before
{Heap before GC invocations=22 (full 5):
 PSYoungGen      total 1100288K, used 287721K [0x00000008d5580000, 0x000000093d280000, 0x0000000d00000000)
  eden space 812544K, 0% used [0x00000008d5580000,0x00000008d5580000,0x0000000906f00000)
  from space 287744K, 99% used [0x0000000906f00000,0x00000009187fa4c8,0x0000000918800000)
  to   space 389632K, 0% used [0x0000000925600000,0x0000000925600000,0x000000093d280000)
 ParOldGen       total 794112K, used 788670K [0x0000000080000000, 0x00000000b0780000, 0x00000008d5580000)
  object space 794112K, 99% used [0x0000000080000000,0x00000000b022faa8,0x00000000b0780000)
 Metaspace       used 6602K, capacity 6920K, committed 7168K, reserved 8192K
Event: 30.901 GC heap after
Heap after GC invocations=22 (full 5):
 PSYoungGen      total 1100288K, used 261322K [0x00000008d5580000, 0x000000093d280000, 0x0000000d00000000)
  eden space 812544K, 0% used [0x00000008d5580000,0x00000008d5580000,0x0000000906f00000)
  from space 287744K, 90% used [0x0000000906f00000,0x0000000916e32b30,0x0000000918800000)
  to   space 389632K, 0% used [0x0000000925600000,0x0000000925600000,0x000000093d280000)
 ParOldGen       total 794112K, used 793820K [0x0000000080000000, 0x00000000b0780000, 0x00000008d5580000)
  object space 794112K, 99% used [0x0000000080000000,0x00000000b07370a0,0x00000000b0780000)
 Metaspace       used 6602K, capacity 6920K, committed 7168K, reserved 8192K
}

