# JRE version: Java(TM) SE Runtime Environment (8.0_20-b26) (build 1.8.0_20-b26)
# Java VM: Java HotSpot(TM) 64-Bit Server VM (25.20-b23 mixed mode windows-amd64 )
Heap:
 PSYoungGen      total 1263616K, used 841990K [0x00000008d5580000, 0x0000000954c00000, 0x0000000d00000000)
  eden space 768512K, 45% used [0x00000008d5580000,0x00000008ea843528,0x0000000904400000)
  from space 495104K, 99% used [0x0000000904400000,0x000000092277e3c8,0x0000000922780000)
  to   space 596992K, 0% used [0x0000000930500000,0x0000000930500000,0x0000000954c00000)
 ParOldGen       total 1295872K, used 947974K [0x0000000080000000, 0x00000000cf180000, 0x00000008d5580000)
  object space 1295872K, 73% used [0x0000000080000000,0x00000000b9dc18a8,0x00000000cf180000)
 Metaspace       used 6748K, capacity 6984K, committed 7168K, reserved 8192K
GC Heap History (10 events):
Event: 26.443 GC heap before
{Heap before GC invocations=24 (full 5):
 PSYoungGen      total 1073664K, used 211215K [0x00000008d5580000, 0x0000000935580000, 0x0000000d00000000)
  eden space 669184K, 0% used [0x00000008d5580000,0x00000008d5580000,0x00000008fe300000)
  from space 404480K, 52% used [0x00000008fe300000,0x000000090b143cc8,0x0000000916e00000)
  to   space 403456K, 0% used [0x000000091cb80000,0x000000091cb80000,0x0000000935580000)
 ParOldGen       total 891392K, used 885462K [0x0000000080000000, 0x00000000b6680000, 0x00000008d5580000)
  object space 891392K, 99% used [0x0000000080000000,0x00000000b60b5948,0x00000000b6680000)
 Metaspace       used 6605K, capacity 6920K, committed 7168K, reserved 8192K
Event: 30.140 GC heap after
Heap after GC invocations=24 (full 5):
 PSYoungGen      total 1073664K, used 142966K [0x00000008d5580000, 0x0000000935580000, 0x0000000d00000000)
  eden space 669184K, 0% used [0x00000008d5580000,0x00000008d5580000,0x00000008fe300000)
  from space 404480K, 35% used [0x00000008fe300000,0x0000000906e9db10,0x0000000916e00000)
  to   space 403456K, 0% used [0x000000091cb80000,0x000000091cb80000,0x0000000935580000)
 ParOldGen       total 1295872K, used 891208K [0x0000000080000000, 0x00000000cf180000, 0x00000008d5580000)
  object space 1295872K, 68% used [0x0000000080000000,0x00000000b6652040,0x00000000cf180000)
 Metaspace       used 6605K, capacity 6920K, committed 7168K, reserved 8192K
}
Event: 31.282 GC heap before
{Heap before GC invocations=25 (full 5):
 PSYoungGen      total 1073664K, used 812150K [0x00000008d5580000, 0x0000000935580000, 0x0000000d00000000)
  eden space 669184K, 100% used [0x00000008d5580000,0x00000008fe300000,0x00000008fe300000)
  from space 404480K, 35% used [0x00000008fe300000,0x0000000906e9db10,0x0000000916e00000)
  to   space 403456K, 0% used [0x000000091cb80000,0x000000091cb80000,0x0000000935580000)
 ParOldGen       total 1295872K, used 891208K [0x0000000080000000, 0x00000000cf180000, 0x00000008d5580000)
  object space 1295872K, 68% used [0x0000000080000000,0x00000000b6652040,0x00000000cf180000)
 Metaspace       used 6605K, capacity 6920K, committed 7168K, reserved 8192K
Event: 31.545 GC heap after
Heap after GC invocations=25 (full 5):
 PSYoungGen      total 1105920K, used 191774K [0x00000008d5580000, 0x0000000932d00000, 0x0000000d00000000)
  eden space 743936K, 0% used [0x00000008d5580000,0x00000008d5580000,0x0000000902c00000)
  from space 361984K, 52% used [0x000000091cb80000,0x00000009286c7970,0x0000000932d00000)
  to   space 393728K, 0% used [0x0000000902c00000,0x0000000902c00000,0x000000091ac80000)
 ParOldGen       total 1295872K, used 891208K [0x0000000080000000, 0x00000000cf180000, 0x00000008d5580000)
  object space 1295872K, 68% used [0x0000000080000000,0x00000000b6652040,0x00000000cf180000)
 Metaspace       used 6605K, capacity 6920K, committed 7168K, reserved 8192K
}
Event: 32.458 GC heap before
{Heap before GC invocations=26 (full 5):
 PSYoungGen      total 1105920K, used 935710K [0x00000008d5580000, 0x0000000932d00000, 0x0000000d00000000)
  eden space 743936K, 100% used [0x00000008d5580000,0x0000000902c00000,0x0000000902c00000)
  from space 361984K, 52% used [0x000000091cb80000,0x00000009286c7970,0x0000000932d00000)
  to   space 393728K, 0% used [0x0000000902c00000,0x0000000902c00000,0x000000091ac80000)
 ParOldGen       total 1295872K, used 891208K [0x0000000080000000, 0x00000000cf180000, 0x00000008d5580000)
  object space 1295872K, 68% used [0x0000000080000000,0x00000000b6652040,0x00000000cf180000)
 Metaspace       used 6605K, capacity 6920K, committed 7168K, reserved 8192K
Event: 32.665 GC heap after
Heap after GC invocations=26 (full 5):
 PSYoungGen      total 1137664K, used 310904K [0x00000008d5580000, 0x000000093c900000, 0x0000000d00000000)
  eden space 743936K, 0% used [0x00000008d5580000,0x00000008d5580000,0x0000000902c00000)
  from space 393728K, 78% used [0x0000000902c00000,0x0000000915b9e278,0x000000091ac80000)
  to   space 427520K, 0% used [0x0000000922780000,0x0000000922780000,0x000000093c900000)
 ParOldGen       total 1295872K, used 891208K [0x0000000080000000, 0x00000000cf180000, 0x00000008d5580000)
  object space 1295872K, 68% used [0x0000000080000000,0x00000000b6652040,0x00000000cf180000)
 Metaspace       used 6605K, capacity 6920K, committed 7168K, reserved 8192K
}
Event: 34.124 GC heap before
{Heap before GC invocations=27 (full 5):
 PSYoungGen      total 1137664K, used 1054840K [0x00000008d5580000, 0x000000093c900000, 0x0000000d00000000)
  eden space 743936K, 100% used [0x00000008d5580000,0x0000000902c00000,0x0000000902c00000)
  from space 393728K, 78% used [0x0000000902c00000,0x0000000915b9e278,0x000000091ac80000)
  to   space 427520K, 0% used [0x0000000922780000,0x0000000922780000,0x000000093c900000)
 ParOldGen       total 1295872K, used 891208K [0x0000000080000000, 0x00000000cf180000, 0x00000008d5580000)
  object space 1295872K, 68% used [0x0000000080000000,0x00000000b6652040,0x00000000cf180000)
 Metaspace       used 6675K, capacity 6920K, committed 7168K, reserved 8192K
Event: 34.654 GC heap after
Heap after GC invocations=27 (full 5):
 PSYoungGen      total 1196032K, used 422881K [0x00000008d5580000, 0x0000000945b80000, 0x0000000d00000000)
  eden space 768512K, 0% used [0x00000008d5580000,0x00000008d5580000,0x0000000904400000)
  from space 427520K, 98% used [0x0000000922780000,0x000000093c478558,0x000000093c900000)
  to   space 495104K, 0% used [0x0000000904400000,0x0000000904400000,0x0000000922780000)
 ParOldGen       total 1295872K, used 891208K [0x0000000080000000, 0x00000000cf180000, 0x00000008d5580000)
  object space 1295872K, 68% used [0x0000000080000000,0x00000000b6652040,0x00000000cf180000)
 Metaspace       used 6675K, capacity 6920K, committed 7168K, reserved 8192K
}
Event: 35.780 GC heap before
{Heap before GC invocations=28 (full 5):
 PSYoungGen      total 1196032K, used 1191393K [0x00000008d5580000, 0x0000000945b80000, 0x0000000d00000000)
  eden space 768512K, 100% used [0x00000008d5580000,0x0000000904400000,0x0000000904400000)
  from space 427520K, 98% used [0x0000000922780000,0x000000093c478558,0x000000093c900000)
  to   space 495104K, 0% used [0x0000000904400000,0x0000000904400000,0x0000000922780000)
 ParOldGen       total 1295872K, used 891208K [0x0000000080000000, 0x00000000cf180000, 0x00000008d5580000)
  object space 1295872K, 68% used [0x0000000080000000,0x00000000b6652040,0x00000000cf180000)
 Metaspace       used 6736K, capacity 6984K, committed 7168K, reserved 8192K
Event: 36.289 GC heap after
Heap after GC invocations=28 (full 5):
 PSYoungGen      total 1263616K, used 495096K [0x00000008d5580000, 0x0000000954c00000, 0x0000000d00000000)
  eden space 768512K, 0% used [0x00000008d5580000,0x00000008d5580000,0x0000000904400000)
  from space 495104K, 99% used [0x0000000904400000,0x000000092277e3c8,0x0000000922780000)
  to   space 596992K, 0% used [0x0000000930500000,0x0000000930500000,0x0000000954c00000)
 ParOldGen       total 1295872K, used 947974K [0x0000000080000000, 0x00000000cf180000, 0x00000008d5580000)
  object space 1295872K, 73% used [0x0000000080000000,0x00000000b9dc18a8,0x00000000cf180000)
 Metaspace       used 6736K, capacity 6984K, committed 7168K, reserved 8192K
}

