# JRE version: OpenJDK Runtime Environment (8.0_76-b03) (build 1.8.0_76-release-b03)
# Java VM: OpenJDK 64-Bit Server VM (25.76-b03 mixed mode windows-amd64 )
Heap:
 PSYoungGen      total 621568K, used 267775K [0x00000008d5580000, 0x000000090a500000, 0x0000000d00000000)
  eden space 493568K, 53% used [0x00000008d5580000,0x00000008e56503e0,0x00000008f3780000)
  from space 128000K, 3% used [0x00000008f3780000,0x00000008f3c2f848,0x00000008fb480000)
  to   space 157184K, 0% used [0x0000000900b80000,0x0000000900b80000,0x000000090a500000)
 ParOldGen       total 566784K, used 566351K [0x0000000080000000, 0x00000000a2980000, 0x00000008d5580000)
  object space 566784K, 99% used [0x0000000080000000,0x00000000a2913d28,0x00000000a2980000)
 Metaspace       used 6602K, capacity 6856K, committed 6912K, reserved 8192K
GC Heap History (10 events):
Event: 15.578 GC heap before
{Heap before GC invocations=17 (full 2):
 PSYoungGen      total 601088K, used 601066K [0x00000008d5580000, 0x0000000904c80000, 0x0000000d00000000)
  eden space 493568K, 100% used [0x00000008d5580000,0x00000008f3780000,0x00000008f3780000)
  from space 107520K, 99% used [0x00000008fb480000,0x0000000901d7aa78,0x0000000901d80000)
  to   space 128000K, 0% used [0x00000008f3780000,0x00000008f3780000,0x00000008fb480000)
 ParOldGen       total 302592K, used 241029K [0x0000000080000000, 0x0000000092780000, 0x00000008d5580000)
  object space 302592K, 79% used [0x0000000080000000,0x000000008eb61680,0x0000000092780000)
 Metaspace       used 6595K, capacity 6856K, committed 6912K, reserved 8192K
Event: 16.009 GC heap after
Heap after GC invocations=17 (full 2):
 PSYoungGen      total 621568K, used 80069K [0x00000008d5580000, 0x0000000909e80000, 0x0000000d00000000)
  eden space 493568K, 0% used [0x00000008d5580000,0x00000008d5580000,0x00000008f3780000)
  from space 128000K, 62% used [0x00000008f3780000,0x00000008f85b15f8,0x00000008fb480000)
  to   space 132096K, 0% used [0x0000000901d80000,0x0000000901d80000,0x0000000909e80000)
 ParOldGen       total 349696K, used 349244K [0x0000000080000000, 0x0000000095580000, 0x00000008d5580000)
  object space 349696K, 99% used [0x0000000080000000,0x000000009550f078,0x0000000095580000)
 Metaspace       used 6595K, capacity 6856K, committed 6912K, reserved 8192K
}
Event: 16.009 GC heap before
{Heap before GC invocations=18 (full 3):
 PSYoungGen      total 621568K, used 80069K [0x00000008d5580000, 0x0000000909e80000, 0x0000000d00000000)
  eden space 493568K, 0% used [0x00000008d5580000,0x00000008d5580000,0x00000008f3780000)
  from space 128000K, 62% used [0x00000008f3780000,0x00000008f85b15f8,0x00000008fb480000)
  to   space 132096K, 0% used [0x0000000901d80000,0x0000000901d80000,0x0000000909e80000)
 ParOldGen       total 349696K, used 349244K [0x0000000080000000, 0x0000000095580000, 0x00000008d5580000)
  object space 349696K, 99% used [0x0000000080000000,0x000000009550f078,0x0000000095580000)
 Metaspace       used 6595K, capacity 6856K, committed 6912K, reserved 8192K
Event: 17.937 GC heap after
Heap after GC invocations=18 (full 3):
 PSYoungGen      total 621568K, used 70882K [0x00000008d5580000, 0x0000000909e80000, 0x0000000d00000000)
  eden space 493568K, 0% used [0x00000008d5580000,0x00000008d5580000,0x00000008f3780000)
  from space 128000K, 55% used [0x00000008f3780000,0x00000008f7cb8a18,0x00000008fb480000)
  to   space 132096K, 0% used [0x0000000901d80000,0x0000000901d80000,0x0000000909e80000)
 ParOldGen       total 566784K, used 349259K [0x0000000080000000, 0x00000000a2980000, 0x00000008d5580000)
  object space 566784K, 61% used [0x0000000080000000,0x0000000095512f28,0x00000000a2980000)
 Metaspace       used 6595K, capacity 6856K, committed 6912K, reserved 8192K
}
Event: 20.027 GC heap before
{Heap before GC invocations=19 (full 3):
 PSYoungGen      total 621568K, used 564450K [0x00000008d5580000, 0x0000000909e80000, 0x0000000d00000000)
  eden space 493568K, 100% used [0x00000008d5580000,0x00000008f3780000,0x00000008f3780000)
  from space 128000K, 55% used [0x00000008f3780000,0x00000008f7cb8a18,0x00000008fb480000)
  to   space 132096K, 0% used [0x0000000901d80000,0x0000000901d80000,0x0000000909e80000)
 ParOldGen       total 566784K, used 349259K [0x0000000080000000, 0x00000000a2980000, 0x00000008d5580000)
  object space 566784K, 61% used [0x0000000080000000,0x0000000095512f28,0x00000000a2980000)
 Metaspace       used 6599K, capacity 6856K, committed 6912K, reserved 8192K
Event: 20.354 GC heap after
Heap after GC invocations=19 (full 3):
 PSYoungGen      total 625664K, used 132092K [0x00000008d5580000, 0x0000000909e80000, 0x0000000d00000000)
  eden space 493568K, 0% used [0x00000008d5580000,0x00000008d5580000,0x00000008f3780000)
  from space 132096K, 99% used [0x0000000901d80000,0x0000000909e7f360,0x0000000909e80000)
  to   space 128000K, 0% used [0x00000008f3780000,0x00000008f3780000,0x00000008fb480000)
 ParOldGen       total 566784K, used 365863K [0x0000000080000000, 0x00000000a2980000, 0x00000008d5580000)
  object space 566784K, 64% used [0x0000000080000000,0x0000000096549e28,0x00000000a2980000)
 Metaspace       used 6599K, capacity 6856K, committed 6912K, reserved 8192K
}
Event: 23.294 GC heap before
{Heap before GC invocations=20 (full 3):
 PSYoungGen      total 625664K, used 625660K [0x00000008d5580000, 0x0000000909e80000, 0x0000000d00000000)
  eden space 493568K, 100% used [0x00000008d5580000,0x00000008f3780000,0x00000008f3780000)
  from space 132096K, 99% used [0x0000000901d80000,0x0000000909e7f360,0x0000000909e80000)
  to   space 128000K, 0% used [0x00000008f3780000,0x00000008f3780000,0x00000008fb480000)
 ParOldGen       total 566784K, used 365863K [0x0000000080000000, 0x00000000a2980000, 0x00000008d5580000)
  object space 566784K, 64% used [0x0000000080000000,0x0000000096549e28,0x00000000a2980000)
 Metaspace       used 6602K, capacity 6856K, committed 6912K, reserved 8192K
Event: 23.543 GC heap after
Heap after GC invocations=20 (full 3):
 PSYoungGen      total 621568K, used 77659K [0x00000008d5580000, 0x000000090a500000, 0x0000000d00000000)
  eden space 493568K, 0% used [0x00000008d5580000,0x00000008d5580000,0x00000008f3780000)
  from space 128000K, 60% used [0x00000008f3780000,0x00000008f8356fa8,0x00000008fb480000)
  to   space 157184K, 0% used [0x0000000900b80000,0x0000000900b80000,0x000000090a500000)
 ParOldGen       total 566784K, used 498892K [0x0000000080000000, 0x00000000a2980000, 0x00000008d5580000)
  object space 566784K, 88% used [0x0000000080000000,0x000000009e733058,0x00000000a2980000)
 Metaspace       used 6602K, capacity 6856K, committed 6912K, reserved 8192K
}
Event: 23.543 GC heap before
{Heap before GC invocations=21 (full 4):
 PSYoungGen      total 621568K, used 77659K [0x00000008d5580000, 0x000000090a500000, 0x0000000d00000000)
  eden space 493568K, 0% used [0x00000008d5580000,0x00000008d5580000,0x00000008f3780000)
  from space 128000K, 60% used [0x00000008f3780000,0x00000008f8356fa8,0x00000008fb480000)
  to   space 157184K, 0% used [0x0000000900b80000,0x0000000900b80000,0x000000090a500000)
 ParOldGen       total 566784K, used 498892K [0x0000000080000000, 0x00000000a2980000, 0x00000008d5580000)
  object space 566784K, 88% used [0x0000000080000000,0x000000009e733058,0x00000000a2980000)
 Metaspace       used 6602K, capacity 6856K, committed 6912K, reserved 8192K
Event: 26.425 GC heap after
Heap after GC invocations=21 (full 4):
 PSYoungGen      total 621568K, used 4798K [0x00000008d5580000, 0x000000090a500000, 0x0000000d00000000)
  eden space 493568K, 0% used [0x00000008d5580000,0x00000008d5580000,0x00000008f3780000)
  from space 128000K, 3% used [0x00000008f3780000,0x00000008f3c2f848,0x00000008fb480000)
  to   space 157184K, 0% used [0x0000000900b80000,0x0000000900b80000,0x000000090a500000)
 ParOldGen       total 566784K, used 566351K [0x0000000080000000, 0x00000000a2980000, 0x00000008d5580000)
  object space 566784K, 99% used [0x0000000080000000,0x00000000a2913d28,0x00000000a2980000)
 Metaspace       used 6602K, capacity 6856K, committed 6912K, reserved 8192K
}

