# JRE version: OpenJDK Runtime Environment (8.0_112-b06) (build 1.8.0_112-release-b06)
# Java VM: OpenJDK 64-Bit Server VM (25.112-b06 mixed mode windows-amd64 )
Heap:
 PSYoungGen      total 1504256K, used 504283K [0x00000008d5580000, 0x000000095f900000, 0x0000000d00000000)
  eden space 865792K, 58% used [0x00000008d5580000,0x00000008f41f6cb8,0x000000090a300000)
  from space 638464K, 0% used [0x000000090a300000,0x000000090a300000,0x0000000931280000)
  to   space 530944K, 4% used [0x0000000931280000,0x0000000932b07698,0x0000000951900000)
 ParOldGen       total 1216512K, used 1216229K [0x0000000080000000, 0x00000000ca400000, 0x00000008d5580000)
  object space 1216512K, 99% used [0x0000000080000000,0x00000000ca3b94f8,0x00000000ca400000)
 Metaspace       used 6828K, capacity 7240K, committed 7424K, reserved 8192K
GC Heap History (10 events):
Event: 40.797 GC heap before
{Heap before GC invocations=24 (full 5):
 PSYoungGen      total 1267200K, used 1140854K [0x00000008d5580000, 0x0000000942a80000, 0x0000000d00000000)
  eden space 835584K, 100% used [0x00000008d5580000,0x0000000908580000,0x0000000908580000)
  from space 431616K, 70% used [0x0000000924600000,0x000000093701da70,0x000000093eb80000)
  to   space 459264K, 0% used [0x0000000908580000,0x0000000908580000,0x0000000924600000)
 ParOldGen       total 1156608K, used 864912K [0x0000000080000000, 0x00000000c6980000, 0x00000008d5580000)
  object space 1156608K, 74% used [0x0000000080000000,0x00000000b4ca4378,0x00000000c6980000)
 Metaspace       used 6432K, capacity 6920K, committed 7168K, reserved 8192K
Event: 41.362 GC heap after
Heap after GC invocations=24 (full 5):
 PSYoungGen      total 1294848K, used 440482K [0x00000008d5580000, 0x0000000951900000, 0x0000000d00000000)
  eden space 835584K, 0% used [0x00000008d5580000,0x00000008d5580000,0x0000000908580000)
  from space 459264K, 95% used [0x0000000908580000,0x00000009233a8aa0,0x0000000924600000)
  to   space 530944K, 0% used [0x0000000931280000,0x0000000931280000,0x0000000951900000)
 ParOldGen       total 1156608K, used 864912K [0x0000000080000000, 0x00000000c6980000, 0x00000008d5580000)
  object space 1156608K, 74% used [0x0000000080000000,0x00000000b4ca4378,0x00000000c6980000)
 Metaspace       used 6432K, capacity 6920K, committed 7168K, reserved 8192K
}
Event: 43.353 GC heap before
{Heap before GC invocations=25 (full 5):
 PSYoungGen      total 1294848K, used 1276066K [0x00000008d5580000, 0x0000000951900000, 0x0000000d00000000)
  eden space 835584K, 100% used [0x00000008d5580000,0x0000000908580000,0x0000000908580000)
  from space 459264K, 95% used [0x0000000908580000,0x00000009233a8aa0,0x0000000924600000)
  to   space 530944K, 0% used [0x0000000931280000,0x0000000931280000,0x0000000951900000)
 ParOldGen       total 1156608K, used 864912K [0x0000000080000000, 0x00000000c6980000, 0x00000008d5580000)
  object space 1156608K, 74% used [0x0000000080000000,0x00000000b4ca4378,0x00000000c6980000)
 Metaspace       used 6512K, capacity 6920K, committed 7168K, reserved 8192K
Event: 44.445 GC heap after
Heap after GC invocations=25 (full 5):
 PSYoungGen      total 1396736K, used 530928K [0x00000008d5580000, 0x000000095f900000, 0x0000000d00000000)
  eden space 865792K, 0% used [0x00000008d5580000,0x00000008d5580000,0x000000090a300000)
  from space 530944K, 99% used [0x0000000931280000,0x00000009518fc280,0x0000000951900000)
  to   space 638464K, 0% used [0x000000090a300000,0x000000090a300000,0x0000000931280000)
 ParOldGen       total 1156608K, used 912024K [0x0000000080000000, 0x00000000c6980000, 0x00000008d5580000)
  object space 1156608K, 78% used [0x0000000080000000,0x00000000b7aa6270,0x00000000c6980000)
 Metaspace       used 6512K, capacity 6920K, committed 7168K, reserved 8192K
}
Event: 49.777 GC heap before
{Heap before GC invocations=26 (full 5):
 PSYoungGen      total 1396736K, used 1396720K [0x00000008d5580000, 0x000000095f900000, 0x0000000d00000000)
  eden space 865792K, 100% used [0x00000008d5580000,0x000000090a300000,0x000000090a300000)
  from space 530944K, 99% used [0x0000000931280000,0x00000009518fc280,0x0000000951900000)
  to   space 638464K, 0% used [0x000000090a300000,0x000000090a300000,0x0000000931280000)
 ParOldGen       total 1156608K, used 912024K [0x0000000080000000, 0x00000000c6980000, 0x00000008d5580000)
  object space 1156608K, 78% used [0x0000000080000000,0x00000000b7aa6270,0x00000000c6980000)
 Metaspace       used 6801K, capacity 7176K, committed 7424K, reserved 8192K
Event: 51.065 GC heap after
Heap after GC invocations=26 (full 5):
 PSYoungGen      total 1504256K, used 593272K [0x00000008d5580000, 0x000000095f900000, 0x0000000d00000000)
  eden space 865792K, 0% used [0x00000008d5580000,0x00000008d5580000,0x000000090a300000)
  from space 638464K, 92% used [0x000000090a300000,0x000000092e65e318,0x0000000931280000)
  to   space 530944K, 0% used [0x0000000931280000,0x0000000931280000,0x0000000951900000)
 ParOldGen       total 1156608K, used 1005018K [0x0000000080000000, 0x00000000c6980000, 0x00000008d5580000)
  object space 1156608K, 86% used [0x0000000080000000,0x00000000bd576850,0x00000000c6980000)
 Metaspace       used 6801K, capacity 7176K, committed 7424K, reserved 8192K
}
Event: 53.057 GC heap before
{Heap before GC invocations=27 (full 5):
 PSYoungGen      total 1504256K, used 1459064K [0x00000008d5580000, 0x000000095f900000, 0x0000000d00000000)
  eden space 865792K, 100% used [0x00000008d5580000,0x000000090a300000,0x000000090a300000)
  from space 638464K, 92% used [0x000000090a300000,0x000000092e65e318,0x0000000931280000)
  to   space 530944K, 0% used [0x0000000931280000,0x0000000931280000,0x0000000951900000)
 ParOldGen       total 1156608K, used 1005018K [0x0000000080000000, 0x00000000c6980000, 0x00000008d5580000)
  object space 1156608K, 86% used [0x0000000080000000,0x00000000bd576850,0x00000000c6980000)
 Metaspace       used 6802K, capacity 7176K, committed 7424K, reserved 8192K
Event: 54.579 GC heap after
Heap after GC invocations=27 (full 5):
 PSYoungGen      total 1504256K, used 1459064K [0x00000008d5580000, 0x000000095f900000, 0x0000000d00000000)
  eden space 865792K, 100% used [0x00000008d5580000,0x000000090a300000,0x000000090a300000)
  from space 638464K, 92% used [0x000000090a300000,0x000000092e65e318,0x0000000931280000)
  to   space 530944K, 99% used [0x0000000931280000,0x00000009518fe7a0,0x0000000951900000)
 ParOldGen       total 1216512K, used 1216507K [0x0000000080000000, 0x00000000ca400000, 0x00000008d5580000)
  object space 1216512K, 99% used [0x0000000080000000,0x00000000ca3feeb0,0x00000000ca400000)
 Metaspace       used 6802K, capacity 7176K, committed 7424K, reserved 8192K
}
Event: 54.579 GC heap before
{Heap before GC invocations=28 (full 6):
 PSYoungGen      total 1504256K, used 1459064K [0x00000008d5580000, 0x000000095f900000, 0x0000000d00000000)
  eden space 865792K, 100% used [0x00000008d5580000,0x000000090a300000,0x000000090a300000)
  from space 638464K, 92% used [0x000000090a300000,0x000000092e65e318,0x0000000931280000)
  to   space 530944K, 99% used [0x0000000931280000,0x00000009518fe7a0,0x0000000951900000)
 ParOldGen       total 1216512K, used 1216507K [0x0000000080000000, 0x00000000ca400000, 0x00000008d5580000)
  object space 1216512K, 99% used [0x0000000080000000,0x00000000ca3feeb0,0x00000000ca400000)
 Metaspace       used 6802K, capacity 7176K, committed 7424K, reserved 8192K
Event: 63.259 GC heap after
Heap after GC invocations=28 (full 6):
 PSYoungGen      total 1504256K, used 0K [0x00000008d5580000, 0x000000095f900000, 0x0000000d00000000)
  eden space 865792K, 0% used [0x00000008d5580000,0x00000008d5580000,0x000000090a300000)
  from space 638464K, 0% used [0x000000090a300000,0x000000090a300000,0x0000000931280000)
  to   space 530944K, 4% used [0x0000000931280000,0x0000000932b07698,0x0000000951900000)
 ParOldGen       total 1216512K, used 1216229K [0x0000000080000000, 0x00000000ca400000, 0x00000008d5580000)
  object space 1216512K, 99% used [0x0000000080000000,0x00000000ca3b94f8,0x00000000ca400000)
 Metaspace       used 6802K, capacity 7176K, committed 7424K, reserved 8192K
}

