# JRE version: OpenJDK Runtime Environment (8.0_112-b06) (build 1.8.0_112-release-b06)
# Java VM: OpenJDK 64-Bit Server VM (25.112-b06 mixed mode windows-amd64 )
Heap:
 PSYoungGen      total 38400K, used 19306K [0x00000008d5580000, 0x00000008daf80000, 0x0000000d00000000)
  eden space 33280K, 42% used [0x00000008d5580000,0x00000008d6361668,0x00000008d7600000)
  from space 5120K, 99% used [0x00000008d7600000,0x00000008d7af92b8,0x00000008d7b00000)
  to   space 12800K, 0% used [0x00000008da300000,0x00000008da300000,0x00000008daf80000)
 ParOldGen       total 87552K, used 23319K [0x0000000080000000, 0x0000000085580000, 0x00000008d5580000)
  object space 87552K, 26% used [0x0000000080000000,0x00000000816c5e08,0x0000000085580000)
 Metaspace       used 6687K, capacity 7112K, committed 7168K, reserved 8192K
GC Heap History (6 events):
Event: 1.281 GC heap before
{Heap before GC invocations=1 (full 0):
 PSYoungGen      total 38400K, used 33280K [0x00000008d5580000, 0x00000008d8000000, 0x0000000d00000000)
  eden space 33280K, 100% used [0x00000008d5580000,0x00000008d7600000,0x00000008d7600000)
  from space 5120K, 0% used [0x00000008d7b00000,0x00000008d7b00000,0x00000008d8000000)
  to   space 5120K, 0% used [0x00000008d7600000,0x00000008d7600000,0x00000008d7b00000)
 ParOldGen       total 87552K, used 0K [0x0000000080000000, 0x0000000085580000, 0x00000008d5580000)
  object space 87552K, 0% used [0x0000000080000000,0x0000000080000000,0x0000000085580000)
 Metaspace       used 5862K, capacity 6408K, committed 6656K, reserved 8192K
Event: 1.289 GC heap after
Heap after GC invocations=1 (full 0):
 PSYoungGen      total 38400K, used 5111K [0x00000008d5580000, 0x00000008d8000000, 0x0000000d00000000)
  eden space 33280K, 0% used [0x00000008d5580000,0x00000008d5580000,0x00000008d7600000)
  from space 5120K, 99% used [0x00000008d7600000,0x00000008d7afdca8,0x00000008d7b00000)
  to   space 5120K, 0% used [0x00000008d7b00000,0x00000008d7b00000,0x00000008d8000000)
 ParOldGen       total 87552K, used 1979K [0x0000000080000000, 0x0000000085580000, 0x00000008d5580000)
  object space 87552K, 2% used [0x0000000080000000,0x00000000801eefc0,0x0000000085580000)
 Metaspace       used 5862K, capacity 6408K, committed 6656K, reserved 8192K
}
Event: 2.107 GC heap before
{Heap before GC invocations=2 (full 0):
 PSYoungGen      total 38400K, used 38391K [0x00000008d5580000, 0x00000008d8000000, 0x0000000d00000000)
  eden space 33280K, 100% used [0x00000008d5580000,0x00000008d7600000,0x00000008d7600000)
  from space 5120K, 99% used [0x00000008d7600000,0x00000008d7afdca8,0x00000008d7b00000)
  to   space 5120K, 0% used [0x00000008d7b00000,0x00000008d7b00000,0x00000008d8000000)
 ParOldGen       total 87552K, used 1979K [0x0000000080000000, 0x0000000085580000, 0x00000008d5580000)
  object space 87552K, 2% used [0x0000000080000000,0x00000000801eefc0,0x0000000085580000)
 Metaspace       used 6045K, capacity 6600K, committed 6656K, reserved 8192K
Event: 2.272 GC heap after
Heap after GC invocations=2 (full 0):
 PSYoungGen      total 38400K, used 5108K [0x00000008d5580000, 0x00000008d8000000, 0x0000000d00000000)
  eden space 33280K, 0% used [0x00000008d5580000,0x00000008d5580000,0x00000008d7600000)
  from space 5120K, 99% used [0x00000008d7b00000,0x00000008d7ffd2a0,0x00000008d8000000)
  to   space 5120K, 0% used [0x00000008d7600000,0x00000008d7600000,0x00000008d7b00000)
 ParOldGen       total 87552K, used 7415K [0x0000000080000000, 0x0000000085580000, 0x00000008d5580000)
  object space 87552K, 8% used [0x0000000080000000,0x000000008073dc50,0x0000000085580000)
 Metaspace       used 6045K, capacity 6600K, committed 6656K, reserved 8192K
}
Event: 3.170 GC heap before
{Heap before GC invocations=3 (full 0):
 PSYoungGen      total 38400K, used 38388K [0x00000008d5580000, 0x00000008d8000000, 0x0000000d00000000)
  eden space 33280K, 100% used [0x00000008d5580000,0x00000008d7600000,0x00000008d7600000)
  from space 5120K, 99% used [0x00000008d7b00000,0x00000008d7ffd2a0,0x00000008d8000000)
  to   space 5120K, 0% used [0x00000008d7600000,0x00000008d7600000,0x00000008d7b00000)
 ParOldGen       total 87552K, used 7415K [0x0000000080000000, 0x0000000085580000, 0x00000008d5580000)
  object space 87552K, 8% used [0x0000000080000000,0x000000008073dc50,0x0000000085580000)
 Metaspace       used 6144K, capacity 6664K, committed 6912K, reserved 8192K
Event: 3.182 GC heap after
Heap after GC invocations=3 (full 0):
 PSYoungGen      total 38400K, used 5108K [0x00000008d5580000, 0x00000008d8000000, 0x0000000d00000000)
  eden space 33280K, 0% used [0x00000008d5580000,0x00000008d5580000,0x00000008d7600000)
  from space 5120K, 99% used [0x00000008d7600000,0x00000008d7afd2a0,0x00000008d7b00000)
  to   space 5120K, 0% used [0x00000008d7b00000,0x00000008d7b00000,0x00000008d8000000)
 ParOldGen       total 87552K, used 12901K [0x0000000080000000, 0x0000000085580000, 0x00000008d5580000)
  object space 87552K, 14% used [0x0000000080000000,0x0000000080c99440,0x0000000085580000)
 Metaspace       used 6144K, capacity 6664K, committed 6912K, reserved 8192K
}

