# JRE version: Java(TM) SE Runtime Environment (8.0_20-b26) (build 1.8.0_20-b26)
# Java VM: Java HotSpot(TM) 64-Bit Server VM (25.20-b23 mixed mode windows-amd64 )
Heap:
 PSYoungGen      total 1123328K, used 901464K [0x00000008d5580000, 0x0000000934f00000, 0x0000000d00000000)
  eden space 712192K, 68% used [0x00000008d5580000,0x00000008f34589f0,0x0000000900d00000)
  from space 411136K, 99% used [0x000000091a780000,0x00000009338fd870,0x0000000933900000)
  to   space 420352K, 0% used [0x0000000900d00000,0x0000000900d00000,0x000000091a780000)
 ParOldGen       total 1267712K, used 976598K [0x0000000080000000, 0x00000000cd600000, 0x00000008d5580000)
  object space 1267712K, 77% used [0x0000000080000000,0x00000000bb9b5850,0x00000000cd600000)
 Metaspace       used 6704K, capacity 6984K, committed 7168K, reserved 8192K
GC Heap History (10 events):
Event: 28.347 GC heap before
{Heap before GC invocations=23 (full 5):
 PSYoungGen      total 918528K, used 270838K [0x00000008d5580000, 0x0000000931400000, 0x0000000d00000000)
  eden space 647680K, 0% used [0x00000008d5580000,0x00000008d5580000,0x00000008fce00000)
  from space 270848K, 99% used [0x0000000913b00000,0x000000092437da68,0x0000000924380000)
  to   space 373760K, 0% used [0x00000008fce00000,0x00000008fce00000,0x0000000913b00000)
 ParOldGen       total 887808K, used 751898K [0x0000000080000000, 0x00000000b6300000, 0x00000008d5580000)
  object space 887808K, 84% used [0x0000000080000000,0x00000000ade46958,0x00000000b6300000)
 Metaspace       used 6597K, capacity 6920K, committed 7168K, reserved 8192K
Event: 31.192 GC heap after
Heap after GC invocations=23 (full 5):
 PSYoungGen      total 918528K, used 121430K [0x00000008d5580000, 0x0000000931400000, 0x0000000d00000000)
  eden space 647680K, 0% used [0x00000008d5580000,0x00000008d5580000,0x00000008fce00000)
  from space 270848K, 44% used [0x0000000913b00000,0x000000091b195810,0x0000000924380000)
  to   space 373760K, 0% used [0x00000008fce00000,0x00000008fce00000,0x0000000913b00000)
 ParOldGen       total 1267712K, used 887406K [0x0000000080000000, 0x00000000cd600000, 0x00000008d5580000)
  object space 1267712K, 70% used [0x0000000080000000,0x00000000b629ba18,0x00000000cd600000)
 Metaspace       used 6597K, capacity 6920K, committed 7168K, reserved 8192K
}
Event: 32.807 GC heap before
{Heap before GC invocations=24 (full 5):
 PSYoungGen      total 918528K, used 769110K [0x00000008d5580000, 0x0000000931400000, 0x0000000d00000000)
  eden space 647680K, 100% used [0x00000008d5580000,0x00000008fce00000,0x00000008fce00000)
  from space 270848K, 44% used [0x0000000913b00000,0x000000091b195810,0x0000000924380000)
  to   space 373760K, 0% used [0x00000008fce00000,0x00000008fce00000,0x0000000913b00000)
 ParOldGen       total 1267712K, used 887406K [0x0000000080000000, 0x00000000cd600000, 0x00000008d5580000)
  object space 1267712K, 70% used [0x0000000080000000,0x00000000b629ba18,0x00000000cd600000)
 Metaspace       used 6597K, capacity 6920K, committed 7168K, reserved 8192K
Event: 33.160 GC heap after
Heap after GC invocations=24 (full 5):
 PSYoungGen      total 1021440K, used 300173K [0x00000008d5580000, 0x0000000933900000, 0x0000000d00000000)
  eden space 647680K, 0% used [0x00000008d5580000,0x00000008d5580000,0x00000008fce00000)
  from space 373760K, 80% used [0x00000008fce00000,0x000000090f323660,0x0000000913b00000)
  to   space 411136K, 0% used [0x000000091a780000,0x000000091a780000,0x0000000933900000)
 ParOldGen       total 1267712K, used 917984K [0x0000000080000000, 0x00000000cd600000, 0x00000008d5580000)
  object space 1267712K, 72% used [0x0000000080000000,0x00000000b8078180,0x00000000cd600000)
 Metaspace       used 6597K, capacity 6920K, committed 7168K, reserved 8192K
}
Event: 34.350 GC heap before
{Heap before GC invocations=25 (full 5):
 PSYoungGen      total 1021440K, used 947853K [0x00000008d5580000, 0x0000000933900000, 0x0000000d00000000)
  eden space 647680K, 100% used [0x00000008d5580000,0x00000008fce00000,0x00000008fce00000)
  from space 373760K, 80% used [0x00000008fce00000,0x000000090f323660,0x0000000913b00000)
  to   space 411136K, 0% used [0x000000091a780000,0x000000091a780000,0x0000000933900000)
 ParOldGen       total 1267712K, used 917984K [0x0000000080000000, 0x00000000cd600000, 0x00000008d5580000)
  object space 1267712K, 72% used [0x0000000080000000,0x00000000b8078180,0x00000000cd600000)
 Metaspace       used 6597K, capacity 6920K, committed 7168K, reserved 8192K
Event: 34.562 GC heap after
Heap after GC invocations=25 (full 5):
 PSYoungGen      total 1123328K, used 246608K [0x00000008d5580000, 0x0000000934f00000, 0x0000000d00000000)
  eden space 712192K, 0% used [0x00000008d5580000,0x00000008d5580000,0x0000000900d00000)
  from space 411136K, 59% used [0x000000091a780000,0x0000000929854220,0x0000000933900000)
  to   space 420352K, 0% used [0x0000000900d00000,0x0000000900d00000,0x000000091a780000)
 ParOldGen       total 1267712K, used 917984K [0x0000000080000000, 0x00000000cd600000, 0x00000008d5580000)
  object space 1267712K, 72% used [0x0000000080000000,0x00000000b8078180,0x00000000cd600000)
 Metaspace       used 6597K, capacity 6920K, committed 7168K, reserved 8192K
}
Event: 35.567 GC heap before
{Heap before GC invocations=26 (full 5):
 PSYoungGen      total 1123328K, used 958800K [0x00000008d5580000, 0x0000000934f00000, 0x0000000d00000000)
  eden space 712192K, 100% used [0x00000008d5580000,0x0000000900d00000,0x0000000900d00000)
  from space 411136K, 59% used [0x000000091a780000,0x0000000929854220,0x0000000933900000)
  to   space 420352K, 0% used [0x0000000900d00000,0x0000000900d00000,0x000000091a780000)
 ParOldGen       total 1267712K, used 917984K [0x0000000080000000, 0x00000000cd600000, 0x00000008d5580000)
  object space 1267712K, 72% used [0x0000000080000000,0x00000000b8078180,0x00000000cd600000)
 Metaspace       used 6598K, capacity 6920K, committed 7168K, reserved 8192K
Event: 35.915 GC heap after
Heap after GC invocations=26 (full 5):
 PSYoungGen      total 1132544K, used 362369K [0x00000008d5580000, 0x0000000934f00000, 0x0000000d00000000)
  eden space 712192K, 0% used [0x00000008d5580000,0x00000008d5580000,0x0000000900d00000)
  from space 420352K, 86% used [0x0000000900d00000,0x0000000916ee0410,0x000000091a780000)
  to   space 411136K, 0% used [0x000000091a780000,0x000000091a780000,0x0000000933900000)
 ParOldGen       total 1267712K, used 917984K [0x0000000080000000, 0x00000000cd600000, 0x00000008d5580000)
  object space 1267712K, 72% used [0x0000000080000000,0x00000000b8078180,0x00000000cd600000)
 Metaspace       used 6598K, capacity 6920K, committed 7168K, reserved 8192K
}
Event: 36.894 GC heap before
{Heap before GC invocations=27 (full 5):
 PSYoungGen      total 1132544K, used 1074561K [0x00000008d5580000, 0x0000000934f00000, 0x0000000d00000000)
  eden space 712192K, 100% used [0x00000008d5580000,0x0000000900d00000,0x0000000900d00000)
  from space 420352K, 86% used [0x0000000900d00000,0x0000000916ee0410,0x000000091a780000)
  to   space 411136K, 0% used [0x000000091a780000,0x000000091a780000,0x0000000933900000)
 ParOldGen       total 1267712K, used 917984K [0x0000000080000000, 0x00000000cd600000, 0x00000008d5580000)
  object space 1267712K, 72% used [0x0000000080000000,0x00000000b8078180,0x00000000cd600000)
 Metaspace       used 6661K, capacity 6920K, committed 7168K, reserved 8192K
Event: 37.323 GC heap after
Heap after GC invocations=27 (full 5):
 PSYoungGen      total 1123328K, used 411126K [0x00000008d5580000, 0x0000000934f00000, 0x0000000d00000000)
  eden space 712192K, 0% used [0x00000008d5580000,0x00000008d5580000,0x0000000900d00000)
  from space 411136K, 99% used [0x000000091a780000,0x00000009338fd870,0x0000000933900000)
  to   space 420352K, 0% used [0x0000000900d00000,0x0000000900d00000,0x000000091a780000)
 ParOldGen       total 1267712K, used 976598K [0x0000000080000000, 0x00000000cd600000, 0x00000008d5580000)
  object space 1267712K, 77% used [0x0000000080000000,0x00000000bb9b5850,0x00000000cd600000)
 Metaspace       used 6661K, capacity 6920K, committed 7168K, reserved 8192K
}

