# JRE version: Java(TM) SE Runtime Environment (8.0_20-b26) (build 1.8.0_20-b26)
# Java VM: Java HotSpot(TM) 64-Bit Server VM (25.20-b23 mixed mode windows-amd64 )
Heap:
 PSYoungGen      total 929280K, used 709625K [0x00000008d5580000, 0x0000000921300000, 0x0000000d00000000)
  eden space 697856K, 89% used [0x00000008d5580000,0x00000008fb647da8,0x00000008fff00000)
  from space 231424K, 37% used [0x000000090f580000,0x00000009149b68a8,0x000000091d780000)
  to   space 252416K, 0% used [0x00000008fff00000,0x00000008fff00000,0x000000090f580000)
 ParOldGen       total 883200K, used 593149K [0x0000000080000000, 0x00000000b5e80000, 0x00000008d5580000)
  object space 883200K, 67% used [0x0000000080000000,0x00000000a433f590,0x00000000b5e80000)
 Metaspace       used 6601K, capacity 6920K, committed 7168K, reserved 8192K
GC Heap History (10 events):
Event: 16.744 GC heap before
{Heap before GC invocations=16 (full 2):
 PSYoungGen      total 637440K, used 637429K [0x00000008d5580000, 0x0000000910300000, 0x0000000d00000000)
  eden space 502784K, 100% used [0x00000008d5580000,0x00000008f4080000,0x00000008f4080000)
  from space 134656K, 99% used [0x00000008f4080000,0x00000008fc3fd580,0x00000008fc400000)
  to   space 178176K, 0% used [0x0000000905500000,0x0000000905500000,0x0000000910300000)
 ParOldGen       total 376320K, used 294752K [0x0000000080000000, 0x0000000096f80000, 0x00000008d5580000)
  object space 376320K, 78% used [0x0000000080000000,0x0000000091fd8090,0x0000000096f80000)
 Metaspace       used 6585K, capacity 6920K, committed 7168K, reserved 8192K
Event: 17.098 GC heap after
Heap after GC invocations=16 (full 2):
 PSYoungGen      total 772096K, used 132091K [0x00000008d5580000, 0x0000000912c80000, 0x0000000d00000000)
  eden space 593920K, 0% used [0x00000008d5580000,0x00000008d5580000,0x00000008f9980000)
  from space 178176K, 74% used [0x0000000905500000,0x000000090d5fed20,0x0000000910300000)
  to   space 192000K, 0% used [0x00000008f9980000,0x00000008f9980000,0x0000000905500000)
 ParOldGen       total 376320K, used 376174K [0x0000000080000000, 0x0000000096f80000, 0x00000008d5580000)
  object space 376320K, 99% used [0x0000000080000000,0x0000000096f5b860,0x0000000096f80000)
 Metaspace       used 6585K, capacity 6920K, committed 7168K, reserved 8192K
}
Event: 17.098 GC heap before
{Heap before GC invocations=17 (full 3):
 PSYoungGen      total 772096K, used 132091K [0x00000008d5580000, 0x0000000912c80000, 0x0000000d00000000)
  eden space 593920K, 0% used [0x00000008d5580000,0x00000008d5580000,0x00000008f9980000)
  from space 178176K, 74% used [0x0000000905500000,0x000000090d5fed20,0x0000000910300000)
  to   space 192000K, 0% used [0x00000008f9980000,0x00000008f9980000,0x0000000905500000)
 ParOldGen       total 376320K, used 376174K [0x0000000080000000, 0x0000000096f80000, 0x00000008d5580000)
  object space 376320K, 99% used [0x0000000080000000,0x0000000096f5b860,0x0000000096f80000)
 Metaspace       used 6585K, capacity 6920K, committed 7168K, reserved 8192K
Event: 19.341 GC heap after
Heap after GC invocations=17 (full 3):
 PSYoungGen      total 772096K, used 118292K [0x00000008d5580000, 0x0000000912c80000, 0x0000000d00000000)
  eden space 593920K, 0% used [0x00000008d5580000,0x00000008d5580000,0x00000008f9980000)
  from space 178176K, 66% used [0x0000000905500000,0x000000090c885030,0x0000000910300000)
  to   space 192000K, 0% used [0x00000008f9980000,0x00000008f9980000,0x0000000905500000)
 ParOldGen       total 593408K, used 376084K [0x0000000080000000, 0x00000000a4380000, 0x00000008d5580000)
  object space 593408K, 63% used [0x0000000080000000,0x0000000096f450a8,0x00000000a4380000)
 Metaspace       used 6585K, capacity 6920K, committed 7168K, reserved 8192K
}
Event: 21.419 GC heap before
{Heap before GC invocations=18 (full 3):
 PSYoungGen      total 772096K, used 712212K [0x00000008d5580000, 0x0000000912c80000, 0x0000000d00000000)
  eden space 593920K, 100% used [0x00000008d5580000,0x00000008f9980000,0x00000008f9980000)
  from space 178176K, 66% used [0x0000000905500000,0x000000090c885030,0x0000000910300000)
  to   space 192000K, 0% used [0x00000008f9980000,0x00000008f9980000,0x0000000905500000)
 ParOldGen       total 593408K, used 376084K [0x0000000080000000, 0x00000000a4380000, 0x00000008d5580000)
  object space 593408K, 63% used [0x0000000080000000,0x0000000096f450a8,0x00000000a4380000)
 Metaspace       used 6586K, capacity 6920K, committed 7168K, reserved 8192K
Event: 21.756 GC heap after
Heap after GC invocations=18 (full 3):
 PSYoungGen      total 785920K, used 191971K [0x00000008d5580000, 0x000000091d780000, 0x0000000d00000000)
  eden space 593920K, 0% used [0x00000008d5580000,0x00000008d5580000,0x00000008f9980000)
  from space 192000K, 99% used [0x00000008f9980000,0x00000009054f8f08,0x0000000905500000)
  to   space 231424K, 0% used [0x000000090f580000,0x000000090f580000,0x000000091d780000)
 ParOldGen       total 593408K, used 393754K [0x0000000080000000, 0x00000000a4380000, 0x00000008d5580000)
  object space 593408K, 66% used [0x0000000080000000,0x0000000098086a20,0x00000000a4380000)
 Metaspace       used 6586K, capacity 6920K, committed 7168K, reserved 8192K
}
Event: 23.514 GC heap before
{Heap before GC invocations=19 (full 3):
 PSYoungGen      total 785920K, used 785891K [0x00000008d5580000, 0x000000091d780000, 0x0000000d00000000)
  eden space 593920K, 100% used [0x00000008d5580000,0x00000008f9980000,0x00000008f9980000)
  from space 192000K, 99% used [0x00000008f9980000,0x00000009054f8f08,0x0000000905500000)
  to   space 231424K, 0% used [0x000000090f580000,0x000000090f580000,0x000000091d780000)
 ParOldGen       total 593408K, used 393754K [0x0000000080000000, 0x00000000a4380000, 0x00000008d5580000)
  object space 593408K, 66% used [0x0000000080000000,0x0000000098086a20,0x00000000a4380000)
 Metaspace       used 6589K, capacity 6920K, committed 7168K, reserved 8192K
Event: 24.001 GC heap after
Heap after GC invocations=19 (full 3):
 PSYoungGen      total 929280K, used 179451K [0x00000008d5580000, 0x0000000921300000, 0x0000000d00000000)
  eden space 697856K, 0% used [0x00000008d5580000,0x00000008d5580000,0x00000008fff00000)
  from space 231424K, 77% used [0x000000090f580000,0x000000091a4bee98,0x000000091d780000)
  to   space 252416K, 0% used [0x00000008fff00000,0x00000008fff00000,0x000000090f580000)
 ParOldGen       total 593408K, used 505717K [0x0000000080000000, 0x00000000a4380000, 0x00000008d5580000)
  object space 593408K, 85% used [0x0000000080000000,0x000000009eddd738,0x00000000a4380000)
 Metaspace       used 6589K, capacity 6920K, committed 7168K, reserved 8192K
}
Event: 24.001 GC heap before
{Heap before GC invocations=20 (full 4):
 PSYoungGen      total 929280K, used 179451K [0x00000008d5580000, 0x0000000921300000, 0x0000000d00000000)
  eden space 697856K, 0% used [0x00000008d5580000,0x00000008d5580000,0x00000008fff00000)
  from space 231424K, 77% used [0x000000090f580000,0x000000091a4bee98,0x000000091d780000)
  to   space 252416K, 0% used [0x00000008fff00000,0x00000008fff00000,0x000000090f580000)
 ParOldGen       total 593408K, used 505717K [0x0000000080000000, 0x00000000a4380000, 0x00000008d5580000)
  object space 593408K, 85% used [0x0000000080000000,0x000000009eddd738,0x00000000a4380000)
 Metaspace       used 6589K, capacity 6920K, committed 7168K, reserved 8192K
Event: 27.078 GC heap after
Heap after GC invocations=20 (full 4):
 PSYoungGen      total 929280K, used 86234K [0x00000008d5580000, 0x0000000921300000, 0x0000000d00000000)
  eden space 697856K, 0% used [0x00000008d5580000,0x00000008d5580000,0x00000008fff00000)
  from space 231424K, 37% used [0x000000090f580000,0x00000009149b68a8,0x000000091d780000)
  to   space 252416K, 0% used [0x00000008fff00000,0x00000008fff00000,0x000000090f580000)
 ParOldGen       total 883200K, used 593149K [0x0000000080000000, 0x00000000b5e80000, 0x00000008d5580000)
  object space 883200K, 67% used [0x0000000080000000,0x00000000a433f590,0x00000000b5e80000)
 Metaspace       used 6589K, capacity 6920K, committed 7168K, reserved 8192K
}

