# JRE version: Java(TM) SE Runtime Environment (8.0_20-b26) (build 1.8.0_20-b26)
# Java VM: Java HotSpot(TM) 64-Bit Server VM (25.20-b23 mixed mode windows-amd64 )
Heap:
 PSYoungGen      total 864256K, used 614901K [0x00000008d5580000, 0x000000091c500000, 0x0000000d00000000)
  eden space 620544K, 90% used [0x00000008d5580000,0x00000008f7cbf808,0x00000008fb380000)
  from space 243712K, 20% used [0x000000090b000000,0x000000090e13ddd8,0x0000000919e00000)
  to   space 258560K, 0% used [0x00000008fb380000,0x00000008fb380000,0x000000090b000000)
 ParOldGen       total 799232K, used 799217K [0x0000000080000000, 0x00000000b0c80000, 0x00000008d5580000)
  object space 799232K, 99% used [0x0000000080000000,0x00000000b0c7c690,0x00000000b0c80000)
 Metaspace       used 6603K, capacity 6920K, committed 7168K, reserved 8192K
GC Heap History (10 events):
Event: 21.578 GC heap before
{Heap before GC invocations=21 (full 4):
 PSYoungGen      total 698368K, used 84443K [0x00000008d5580000, 0x000000090de80000, 0x0000000d00000000)
  eden space 532480K, 0% used [0x00000008d5580000,0x00000008d5580000,0x00000008f5d80000)
  from space 165888K, 50% used [0x00000008f5d80000,0x00000008faff6c90,0x00000008fff80000)
  to   space 164352K, 0% used [0x0000000903e00000,0x0000000903e00000,0x000000090de80000)
 ParOldGen       total 507904K, used 507766K [0x0000000080000000, 0x000000009f000000, 0x00000008d5580000)
  object space 507904K, 99% used [0x0000000080000000,0x000000009efdd888,0x000000009f000000)
 Metaspace       used 6589K, capacity 6920K, committed 7168K, reserved 8192K
Event: 25.726 GC heap after
Heap after GC invocations=21 (full 4):
 PSYoungGen      total 698368K, used 74007K [0x00000008d5580000, 0x000000090de80000, 0x0000000d00000000)
  eden space 532480K, 0% used [0x00000008d5580000,0x00000008d5580000,0x00000008f5d80000)
  from space 165888K, 44% used [0x00000008f5d80000,0x00000008fa5c5c48,0x00000008fff80000)
  to   space 164352K, 0% used [0x0000000903e00000,0x0000000903e00000,0x000000090de80000)
 ParOldGen       total 799232K, used 507636K [0x0000000080000000, 0x00000000b0c80000, 0x00000008d5580000)
  object space 799232K, 63% used [0x0000000080000000,0x000000009efbd2b8,0x00000000b0c80000)
 Metaspace       used 6589K, capacity 6920K, committed 7168K, reserved 8192K
}
Event: 26.985 GC heap before
{Heap before GC invocations=22 (full 4):
 PSYoungGen      total 698368K, used 606487K [0x00000008d5580000, 0x000000090de80000, 0x0000000d00000000)
  eden space 532480K, 100% used [0x00000008d5580000,0x00000008f5d80000,0x00000008f5d80000)
  from space 165888K, 44% used [0x00000008f5d80000,0x00000008fa5c5c48,0x00000008fff80000)
  to   space 164352K, 0% used [0x0000000903e00000,0x0000000903e00000,0x000000090de80000)
 ParOldGen       total 799232K, used 507636K [0x0000000080000000, 0x00000000b0c80000, 0x00000008d5580000)
  object space 799232K, 63% used [0x0000000080000000,0x000000009efbd2b8,0x00000000b0c80000)
 Metaspace       used 6592K, capacity 6920K, committed 7168K, reserved 8192K
Event: 27.280 GC heap after
Heap after GC invocations=22 (full 4):
 PSYoungGen      total 736768K, used 159768K [0x00000008d5580000, 0x0000000910380000, 0x0000000d00000000)
  eden space 572416K, 0% used [0x00000008d5580000,0x00000008d5580000,0x00000008f8480000)
  from space 164352K, 97% used [0x0000000903e00000,0x000000090da06020,0x000000090de80000)
  to   space 189952K, 0% used [0x00000008f8480000,0x00000008f8480000,0x0000000903e00000)
 ParOldGen       total 799232K, used 507636K [0x0000000080000000, 0x00000000b0c80000, 0x00000008d5580000)
  object space 799232K, 63% used [0x0000000080000000,0x000000009efbd2b8,0x00000000b0c80000)
 Metaspace       used 6592K, capacity 6920K, committed 7168K, reserved 8192K
}
Event: 28.505 GC heap before
{Heap before GC invocations=23 (full 4):
 PSYoungGen      total 736768K, used 732184K [0x00000008d5580000, 0x0000000910380000, 0x0000000d00000000)
  eden space 572416K, 100% used [0x00000008d5580000,0x00000008f8480000,0x00000008f8480000)
  from space 164352K, 97% used [0x0000000903e00000,0x000000090da06020,0x000000090de80000)
  to   space 189952K, 0% used [0x00000008f8480000,0x00000008f8480000,0x0000000903e00000)
 ParOldGen       total 799232K, used 507636K [0x0000000080000000, 0x00000000b0c80000, 0x00000008d5580000)
  object space 799232K, 63% used [0x0000000080000000,0x000000009efbd2b8,0x00000000b0c80000)
 Metaspace       used 6602K, capacity 6920K, committed 7168K, reserved 8192K
Event: 28.770 GC heap after
Heap after GC invocations=23 (full 4):
 PSYoungGen      total 762368K, used 189932K [0x00000008d5580000, 0x0000000919e00000, 0x0000000d00000000)
  eden space 572416K, 0% used [0x00000008d5580000,0x00000008d5580000,0x00000008f8480000)
  from space 189952K, 99% used [0x00000008f8480000,0x0000000903dfb068,0x0000000903e00000)
  to   space 243712K, 0% used [0x000000090b000000,0x000000090b000000,0x0000000919e00000)
 ParOldGen       total 799232K, used 567528K [0x0000000080000000, 0x00000000b0c80000, 0x00000008d5580000)
  object space 799232K, 71% used [0x0000000080000000,0x00000000a2a3a028,0x00000000b0c80000)
 Metaspace       used 6602K, capacity 6920K, committed 7168K, reserved 8192K
}
Event: 30.081 GC heap before
{Heap before GC invocations=24 (full 4):
 PSYoungGen      total 762368K, used 762348K [0x00000008d5580000, 0x0000000919e00000, 0x0000000d00000000)
  eden space 572416K, 100% used [0x00000008d5580000,0x00000008f8480000,0x00000008f8480000)
  from space 189952K, 99% used [0x00000008f8480000,0x0000000903dfb068,0x0000000903e00000)
  to   space 243712K, 0% used [0x000000090b000000,0x000000090b000000,0x0000000919e00000)
 ParOldGen       total 799232K, used 567528K [0x0000000080000000, 0x00000000b0c80000, 0x00000008d5580000)
  object space 799232K, 71% used [0x0000000080000000,0x00000000a2a3a028,0x00000000b0c80000)
 Metaspace       used 6603K, capacity 6920K, committed 7168K, reserved 8192K
Event: 30.477 GC heap after
Heap after GC invocations=24 (full 4):
 PSYoungGen      total 864256K, used 172644K [0x00000008d5580000, 0x000000091c500000, 0x0000000d00000000)
  eden space 620544K, 0% used [0x00000008d5580000,0x00000008d5580000,0x00000008fb380000)
  from space 243712K, 70% used [0x000000090b000000,0x0000000915899248,0x0000000919e00000)
  to   space 258560K, 0% used [0x00000008fb380000,0x00000008fb380000,0x000000090b000000)
 ParOldGen       total 799232K, used 683990K [0x0000000080000000, 0x00000000b0c80000, 0x00000008d5580000)
  object space 799232K, 85% used [0x0000000080000000,0x00000000a9bf5be8,0x00000000b0c80000)
 Metaspace       used 6603K, capacity 6920K, committed 7168K, reserved 8192K
}
Event: 30.477 GC heap before
{Heap before GC invocations=25 (full 5):
 PSYoungGen      total 864256K, used 172644K [0x00000008d5580000, 0x000000091c500000, 0x0000000d00000000)
  eden space 620544K, 0% used [0x00000008d5580000,0x00000008d5580000,0x00000008fb380000)
  from space 243712K, 70% used [0x000000090b000000,0x0000000915899248,0x0000000919e00000)
  to   space 258560K, 0% used [0x00000008fb380000,0x00000008fb380000,0x000000090b000000)
 ParOldGen       total 799232K, used 683990K [0x0000000080000000, 0x00000000b0c80000, 0x00000008d5580000)
  object space 799232K, 85% used [0x0000000080000000,0x00000000a9bf5be8,0x00000000b0c80000)
 Metaspace       used 6603K, capacity 6920K, committed 7168K, reserved 8192K
Event: 34.141 GC heap after
Heap after GC invocations=25 (full 5):
 PSYoungGen      total 864256K, used 50423K [0x00000008d5580000, 0x000000091c500000, 0x0000000d00000000)
  eden space 620544K, 0% used [0x00000008d5580000,0x00000008d5580000,0x00000008fb380000)
  from space 243712K, 20% used [0x000000090b000000,0x000000090e13ddd8,0x0000000919e00000)
  to   space 258560K, 0% used [0x00000008fb380000,0x00000008fb380000,0x000000090b000000)
 ParOldGen       total 799232K, used 799217K [0x0000000080000000, 0x00000000b0c80000, 0x00000008d5580000)
  object space 799232K, 99% used [0x0000000080000000,0x00000000b0c7c690,0x00000000b0c80000)
 Metaspace       used 6603K, capacity 6920K, committed 7168K, reserved 8192K
}

