# JRE version: Java(TM) SE Runtime Environment (8.0_20-b26) (build 1.8.0_20-b26)
# Java VM: Java HotSpot(TM) 64-Bit Server VM (25.20-b23 mixed mode windows-amd64 )
Heap:
 PSYoungGen      total 693760K, used 252112K [0x00000008d5580000, 0x000000090d000000, 0x0000000d00000000)
  eden space 535552K, 33% used [0x00000008d5580000,0x00000008e0361600,0x00000008f6080000)
  from space 158208K, 46% used [0x00000008f6080000,0x00000008fa8d2b58,0x00000008ffb00000)
  to   space 158208K, 0% used [0x0000000903580000,0x0000000903580000,0x000000090d000000)
 ParOldGen       total 780288K, used 498147K [0x0000000080000000, 0x00000000afa00000, 0x00000008d5580000)
  object space 780288K, 63% used [0x0000000080000000,0x000000009e678d98,0x00000000afa00000)
 Metaspace       used 6584K, capacity 6920K, committed 7168K, reserved 8192K
GC Heap History (10 events):
Event: 17.750 GC heap before
{Heap before GC invocations=17 (full 3):
 PSYoungGen      total 590848K, used 99313K [0x00000008d5580000, 0x0000000903c00000, 0x0000000d00000000)
  eden space 491520K, 0% used [0x00000008d5580000,0x00000008d5580000,0x00000008f3580000)
  from space 99328K, 99% used [0x00000008fad00000,0x0000000900dfc5b8,0x0000000900e00000)
  to   space 122368K, 0% used [0x00000008f3580000,0x00000008f3580000,0x00000008fad00000)
 ParOldGen       total 297472K, used 249316K [0x0000000080000000, 0x0000000092280000, 0x00000008d5580000)
  object space 297472K, 83% used [0x0000000080000000,0x000000008f3791c0,0x0000000092280000)
 Metaspace       used 6565K, capacity 6856K, committed 6912K, reserved 8192K
Event: 20.368 GC heap after
Heap after GC invocations=17 (full 3):
 PSYoungGen      total 590848K, used 45402K [0x00000008d5580000, 0x0000000903c00000, 0x0000000d00000000)
  eden space 491520K, 0% used [0x00000008d5580000,0x00000008d5580000,0x00000008f3580000)
  from space 99328K, 45% used [0x00000008fad00000,0x00000008fd956948,0x0000000900e00000)
  to   space 122368K, 0% used [0x00000008f3580000,0x00000008f3580000,0x00000008fad00000)
 ParOldGen       total 482816K, used 297323K [0x0000000080000000, 0x000000009d780000, 0x00000008d5580000)
  object space 482816K, 61% used [0x0000000080000000,0x000000009225ac40,0x000000009d780000)
 Metaspace       used 6565K, capacity 6856K, committed 6912K, reserved 8192K
}
Event: 23.754 GC heap before
{Heap before GC invocations=18 (full 3):
 PSYoungGen      total 590848K, used 536922K [0x00000008d5580000, 0x0000000903c00000, 0x0000000d00000000)
  eden space 491520K, 100% used [0x00000008d5580000,0x00000008f3580000,0x00000008f3580000)
  from space 99328K, 45% used [0x00000008fad00000,0x00000008fd956948,0x0000000900e00000)
  to   space 122368K, 0% used [0x00000008f3580000,0x00000008f3580000,0x00000008fad00000)
 ParOldGen       total 482816K, used 297323K [0x0000000080000000, 0x000000009d780000, 0x00000008d5580000)
  object space 482816K, 61% used [0x0000000080000000,0x000000009225ac40,0x000000009d780000)
 Metaspace       used 6575K, capacity 6856K, committed 6912K, reserved 8192K
Event: 24.322 GC heap after
Heap after GC invocations=18 (full 3):
 PSYoungGen      total 613888K, used 78030K [0x00000008d5580000, 0x0000000907700000, 0x0000000d00000000)
  eden space 491520K, 0% used [0x00000008d5580000,0x00000008d5580000,0x00000008f3580000)
  from space 122368K, 63% used [0x00000008f3580000,0x00000008f81b38a0,0x00000008fad00000)
  to   space 126976K, 0% used [0x00000008ffb00000,0x00000008ffb00000,0x0000000907700000)
 ParOldGen       total 482816K, used 343266K [0x0000000080000000, 0x000000009d780000, 0x00000008d5580000)
  object space 482816K, 71% used [0x0000000080000000,0x0000000094f38b58,0x000000009d780000)
 Metaspace       used 6575K, capacity 6856K, committed 6912K, reserved 8192K
}
Event: 25.946 GC heap before
{Heap before GC invocations=19 (full 3):
 PSYoungGen      total 613888K, used 569550K [0x00000008d5580000, 0x0000000907700000, 0x0000000d00000000)
  eden space 491520K, 100% used [0x00000008d5580000,0x00000008f3580000,0x00000008f3580000)
  from space 122368K, 63% used [0x00000008f3580000,0x00000008f81b38a0,0x00000008fad00000)
  to   space 126976K, 0% used [0x00000008ffb00000,0x00000008ffb00000,0x0000000907700000)
 ParOldGen       total 482816K, used 343266K [0x0000000080000000, 0x000000009d780000, 0x00000008d5580000)
  object space 482816K, 71% used [0x0000000080000000,0x0000000094f38b58,0x000000009d780000)
 Metaspace       used 6578K, capacity 6856K, committed 6912K, reserved 8192K
Event: 26.193 GC heap after
Heap after GC invocations=19 (full 3):
 PSYoungGen      total 662528K, used 126961K [0x00000008d5580000, 0x000000090b680000, 0x0000000d00000000)
  eden space 535552K, 0% used [0x00000008d5580000,0x00000008d5580000,0x00000008f6080000)
  from space 126976K, 99% used [0x00000008ffb00000,0x00000009076fc658,0x0000000907700000)
  to   space 158208K, 0% used [0x00000008f6080000,0x00000008f6080000,0x00000008ffb00000)
 ParOldGen       total 482816K, used 370079K [0x0000000080000000, 0x000000009d780000, 0x00000008d5580000)
  object space 482816K, 76% used [0x0000000080000000,0x0000000096967fa0,0x000000009d780000)
 Metaspace       used 6578K, capacity 6856K, committed 6912K, reserved 8192K
}
Event: 28.081 GC heap before
{Heap before GC invocations=20 (full 3):
 PSYoungGen      total 662528K, used 662513K [0x00000008d5580000, 0x000000090b680000, 0x0000000d00000000)
  eden space 535552K, 100% used [0x00000008d5580000,0x00000008f6080000,0x00000008f6080000)
  from space 126976K, 99% used [0x00000008ffb00000,0x00000009076fc658,0x0000000907700000)
  to   space 158208K, 0% used [0x00000008f6080000,0x00000008f6080000,0x00000008ffb00000)
 ParOldGen       total 482816K, used 370079K [0x0000000080000000, 0x000000009d780000, 0x00000008d5580000)
  object space 482816K, 76% used [0x0000000080000000,0x0000000096967fa0,0x000000009d780000)
 Metaspace       used 6581K, capacity 6920K, committed 7168K, reserved 8192K
Event: 28.408 GC heap after
Heap after GC invocations=20 (full 3):
 PSYoungGen      total 693760K, used 84872K [0x00000008d5580000, 0x000000090d000000, 0x0000000d00000000)
  eden space 535552K, 0% used [0x00000008d5580000,0x00000008d5580000,0x00000008f6080000)
  from space 158208K, 53% used [0x00000008f6080000,0x00000008fb3620f0,0x00000008ffb00000)
  to   space 158208K, 0% used [0x0000000903580000,0x0000000903580000,0x000000090d000000)
 ParOldGen       total 498176K, used 497585K [0x0000000080000000, 0x000000009e680000, 0x00000008d5580000)
  object space 498176K, 99% used [0x0000000080000000,0x000000009e5ec600,0x000000009e680000)
 Metaspace       used 6581K, capacity 6920K, committed 7168K, reserved 8192K
}
Event: 28.408 GC heap before
{Heap before GC invocations=21 (full 4):
 PSYoungGen      total 693760K, used 84872K [0x00000008d5580000, 0x000000090d000000, 0x0000000d00000000)
  eden space 535552K, 0% used [0x00000008d5580000,0x00000008d5580000,0x00000008f6080000)
  from space 158208K, 53% used [0x00000008f6080000,0x00000008fb3620f0,0x00000008ffb00000)
  to   space 158208K, 0% used [0x0000000903580000,0x0000000903580000,0x000000090d000000)
 ParOldGen       total 498176K, used 497585K [0x0000000080000000, 0x000000009e680000, 0x00000008d5580000)
  object space 498176K, 99% used [0x0000000080000000,0x000000009e5ec600,0x000000009e680000)
 Metaspace       used 6581K, capacity 6920K, committed 7168K, reserved 8192K
Event: 32.051 GC heap after
Heap after GC invocations=21 (full 4):
 PSYoungGen      total 693760K, used 74058K [0x00000008d5580000, 0x000000090d000000, 0x0000000d00000000)
  eden space 535552K, 0% used [0x00000008d5580000,0x00000008d5580000,0x00000008f6080000)
  from space 158208K, 46% used [0x00000008f6080000,0x00000008fa8d2b58,0x00000008ffb00000)
  to   space 158208K, 0% used [0x0000000903580000,0x0000000903580000,0x000000090d000000)
 ParOldGen       total 780288K, used 498147K [0x0000000080000000, 0x00000000afa00000, 0x00000008d5580000)
  object space 780288K, 63% used [0x0000000080000000,0x000000009e678d98,0x00000000afa00000)
 Metaspace       used 6581K, capacity 6920K, committed 7168K, reserved 8192K
}

