# JRE version: Java(TM) SE Runtime Environment (8.0_20-b26) (build 1.8.0_20-b26)
# Java VM: Java HotSpot(TM) 64-Bit Server VM (25.20-b23 mixed mode windows-amd64 )
Heap:
 PSYoungGen      total 792576K, used 225196K [0x00000008d5580000, 0x0000000917780000, 0x0000000d00000000)
  eden space 578048K, 12% used [0x00000008d5580000,0x00000008d9af0990,0x00000008f8a00000)
  from space 214528K, 71% used [0x000000090a600000,0x0000000913c7a6f0,0x0000000917780000)
  to   space 163840K, 0% used [0x00000008f8a00000,0x00000008f8a00000,0x0000000902a00000)
 ParOldGen       total 738816K, used 559217K [0x0000000080000000, 0x00000000ad180000, 0x00000008d5580000)
  object space 738816K, 75% used [0x0000000080000000,0x00000000a221c4b0,0x00000000ad180000)
 Metaspace       used 6614K, capacity 6920K, committed 7168K, reserved 8192K
GC Heap History (10 events):
Event: 17.352 GC heap before
{Heap before GC invocations=18 (full 3):
 PSYoungGen      total 609280K, used 589077K [0x00000008d5580000, 0x0000000902280000, 0x0000000d00000000)
  eden space 517120K, 100% used [0x00000008d5580000,0x00000008f4e80000,0x00000008f4e80000)
  from space 92160K, 78% used [0x00000008fc880000,0x0000000900ec57a8,0x0000000902280000)
  to   space 108544K, 0% used [0x00000008f4e80000,0x00000008f4e80000,0x00000008fb880000)
 ParOldGen       total 474624K, used 285338K [0x0000000080000000, 0x000000009cf80000, 0x00000008d5580000)
  object space 474624K, 60% used [0x0000000080000000,0x00000000916a69e8,0x000000009cf80000)
 Metaspace       used 6597K, capacity 6920K, committed 7168K, reserved 8192K
Event: 17.518 GC heap after
Heap after GC invocations=18 (full 3):
 PSYoungGen      total 625664K, used 108520K [0x00000008d5580000, 0x000000090b600000, 0x0000000d00000000)
  eden space 517120K, 0% used [0x00000008d5580000,0x00000008d5580000,0x00000008f4e80000)
  from space 108544K, 99% used [0x00000008f4e80000,0x00000008fb87a2d0,0x00000008fb880000)
  to   space 143360K, 0% used [0x0000000902a00000,0x0000000902a00000,0x000000090b600000)
 ParOldGen       total 474624K, used 329849K [0x0000000080000000, 0x000000009cf80000, 0x00000008d5580000)
  object space 474624K, 69% used [0x0000000080000000,0x000000009421e780,0x000000009cf80000)
 Metaspace       used 6597K, capacity 6920K, committed 7168K, reserved 8192K
}
Event: 18.788 GC heap before
{Heap before GC invocations=19 (full 3):
 PSYoungGen      total 625664K, used 625640K [0x00000008d5580000, 0x000000090b600000, 0x0000000d00000000)
  eden space 517120K, 100% used [0x00000008d5580000,0x00000008f4e80000,0x00000008f4e80000)
  from space 108544K, 99% used [0x00000008f4e80000,0x00000008fb87a2d0,0x00000008fb880000)
  to   space 143360K, 0% used [0x0000000902a00000,0x0000000902a00000,0x000000090b600000)
 ParOldGen       total 474624K, used 329849K [0x0000000080000000, 0x000000009cf80000, 0x00000008d5580000)
  object space 474624K, 69% used [0x0000000080000000,0x000000009421e780,0x000000009cf80000)
 Metaspace       used 6601K, capacity 6920K, committed 7168K, reserved 8192K
Event: 18.981 GC heap after
Heap after GC invocations=19 (full 3):
 PSYoungGen      total 721408K, used 132412K [0x00000008d5580000, 0x000000090e600000, 0x0000000d00000000)
  eden space 578048K, 0% used [0x00000008d5580000,0x00000008d5580000,0x00000008f8a00000)
  from space 143360K, 92% used [0x0000000902a00000,0x000000090ab4f310,0x000000090b600000)
  to   space 163840K, 0% used [0x00000008f8a00000,0x00000008f8a00000,0x0000000902a00000)
 ParOldGen       total 474624K, used 392602K [0x0000000080000000, 0x000000009cf80000, 0x00000008d5580000)
  object space 474624K, 82% used [0x0000000080000000,0x0000000097f66b58,0x000000009cf80000)
 Metaspace       used 6601K, capacity 6920K, committed 7168K, reserved 8192K
}
Event: 20.209 GC heap before
{Heap before GC invocations=20 (full 3):
 PSYoungGen      total 721408K, used 710460K [0x00000008d5580000, 0x000000090e600000, 0x0000000d00000000)
  eden space 578048K, 100% used [0x00000008d5580000,0x00000008f8a00000,0x00000008f8a00000)
  from space 143360K, 92% used [0x0000000902a00000,0x000000090ab4f310,0x000000090b600000)
  to   space 163840K, 0% used [0x00000008f8a00000,0x00000008f8a00000,0x0000000902a00000)
 ParOldGen       total 474624K, used 392602K [0x0000000080000000, 0x000000009cf80000, 0x00000008d5580000)
  object space 474624K, 82% used [0x0000000080000000,0x0000000097f66b58,0x000000009cf80000)
 Metaspace       used 6603K, capacity 6920K, committed 7168K, reserved 8192K
Event: 20.470 GC heap after
Heap after GC invocations=20 (full 3):
 PSYoungGen      total 741888K, used 163811K [0x00000008d5580000, 0x0000000917780000, 0x0000000d00000000)
  eden space 578048K, 0% used [0x00000008d5580000,0x00000008d5580000,0x00000008f8a00000)
  from space 163840K, 99% used [0x00000008f8a00000,0x00000009029f8f18,0x0000000902a00000)
  to   space 214528K, 0% used [0x000000090a600000,0x000000090a600000,0x0000000917780000)
 ParOldGen       total 474624K, used 453152K [0x0000000080000000, 0x000000009cf80000, 0x00000008d5580000)
  object space 474624K, 95% used [0x0000000080000000,0x000000009ba881a0,0x000000009cf80000)
 Metaspace       used 6603K, capacity 6920K, committed 7168K, reserved 8192K
}
Event: 20.470 GC heap before
{Heap before GC invocations=21 (full 4):
 PSYoungGen      total 741888K, used 163811K [0x00000008d5580000, 0x0000000917780000, 0x0000000d00000000)
  eden space 578048K, 0% used [0x00000008d5580000,0x00000008d5580000,0x00000008f8a00000)
  from space 163840K, 99% used [0x00000008f8a00000,0x00000009029f8f18,0x0000000902a00000)
  to   space 214528K, 0% used [0x000000090a600000,0x000000090a600000,0x0000000917780000)
 ParOldGen       total 474624K, used 453152K [0x0000000080000000, 0x000000009cf80000, 0x00000008d5580000)
  object space 474624K, 95% used [0x0000000080000000,0x000000009ba881a0,0x000000009cf80000)
 Metaspace       used 6603K, capacity 6920K, committed 7168K, reserved 8192K
Event: 22.349 GC heap after
Heap after GC invocations=21 (full 4):
 PSYoungGen      total 741888K, used 134445K [0x00000008d5580000, 0x0000000917780000, 0x0000000d00000000)
  eden space 578048K, 0% used [0x00000008d5580000,0x00000008d5580000,0x00000008f8a00000)
  from space 163840K, 82% used [0x00000008f8a00000,0x0000000900d4b690,0x0000000902a00000)
  to   space 214528K, 0% used [0x000000090a600000,0x000000090a600000,0x0000000917780000)
 ParOldGen       total 738816K, used 474180K [0x0000000080000000, 0x00000000ad180000, 0x00000008d5580000)
  object space 738816K, 64% used [0x0000000080000000,0x000000009cf11058,0x00000000ad180000)
 Metaspace       used 6603K, capacity 6920K, committed 7168K, reserved 8192K
}
Event: 23.722 GC heap before
{Heap before GC invocations=22 (full 4):
 PSYoungGen      total 741888K, used 712493K [0x00000008d5580000, 0x0000000917780000, 0x0000000d00000000)
  eden space 578048K, 100% used [0x00000008d5580000,0x00000008f8a00000,0x00000008f8a00000)
  from space 163840K, 82% used [0x00000008f8a00000,0x0000000900d4b690,0x0000000902a00000)
  to   space 214528K, 0% used [0x000000090a600000,0x000000090a600000,0x0000000917780000)
 ParOldGen       total 738816K, used 474180K [0x0000000080000000, 0x00000000ad180000, 0x00000008d5580000)
  object space 738816K, 64% used [0x0000000080000000,0x000000009cf11058,0x00000000ad180000)
 Metaspace       used 6614K, capacity 6920K, committed 7168K, reserved 8192K
Event: 24.102 GC heap after
Heap after GC invocations=22 (full 4):
 PSYoungGen      total 792576K, used 154089K [0x00000008d5580000, 0x0000000917780000, 0x0000000d00000000)
  eden space 578048K, 0% used [0x00000008d5580000,0x00000008d5580000,0x00000008f8a00000)
  from space 214528K, 71% used [0x000000090a600000,0x0000000913c7a6f0,0x0000000917780000)
  to   space 163840K, 0% used [0x00000008f8a00000,0x00000008f8a00000,0x0000000902a00000)
 ParOldGen       total 738816K, used 559217K [0x0000000080000000, 0x00000000ad180000, 0x00000008d5580000)
  object space 738816K, 75% used [0x0000000080000000,0x00000000a221c4b0,0x00000000ad180000)
 Metaspace       used 6614K, capacity 6920K, committed 7168K, reserved 8192K
}

