# JRE version: Java(TM) SE Runtime Environment (8.0_20-b26) (build 1.8.0_20-b26)
# Java VM: Java HotSpot(TM) 64-Bit Server VM (25.20-b23 mixed mode windows-amd64 )
Heap:
 PSYoungGen      total 1042944K, used 320391K [0x00000008d5580000, 0x000000093b100000, 0x0000000d00000000)
  eden space 753152K, 13% used [0x00000008d5580000,0x00000008dbbb1298,0x0000000903500000)
  from space 289792K, 74% used [0x0000000903500000,0x00000009107b09e0,0x0000000915000000)
  to   space 409600K, 0% used [0x0000000922100000,0x0000000922100000,0x000000093b100000)
 ParOldGen       total 1227776K, used 822792K [0x0000000080000000, 0x00000000caf00000, 0x00000008d5580000)
  object space 1227776K, 67% used [0x0000000080000000,0x00000000b2382388,0x00000000caf00000)
 Metaspace       used 6599K, capacity 6920K, committed 7168K, reserved 8192K
GC Heap History (10 events):
Event: 20.019 GC heap before
{Heap before GC invocations=18 (full 4):
 PSYoungGen      total 886272K, used 160620K [0x00000008d5580000, 0x000000091b600000, 0x0000000d00000000)
  eden space 705024K, 0% used [0x00000008d5580000,0x00000008d5580000,0x0000000900600000)
  from space 181248K, 88% used [0x000000090ce00000,0x0000000916adb020,0x0000000917f00000)
  to   space 204800K, 0% used [0x0000000900600000,0x0000000900600000,0x000000090ce00000)
 ParOldGen       total 529408K, used 441426K [0x0000000080000000, 0x00000000a0500000, 0x00000008d5580000)
  object space 529408K, 83% used [0x0000000080000000,0x000000009af14b90,0x00000000a0500000)
 Metaspace       used 6585K, capacity 6920K, committed 7168K, reserved 8192K
Event: 22.411 GC heap after
Heap after GC invocations=18 (full 4):
 PSYoungGen      total 886272K, used 64188K [0x00000008d5580000, 0x000000091b600000, 0x0000000d00000000)
  eden space 705024K, 0% used [0x00000008d5580000,0x00000008d5580000,0x0000000900600000)
  from space 181248K, 35% used [0x000000090ce00000,0x0000000910caf100,0x0000000917f00000)
  to   space 204800K, 0% used [0x0000000900600000,0x0000000900600000,0x000000090ce00000)
 ParOldGen       total 823296K, used 528920K [0x0000000080000000, 0x00000000b2400000, 0x00000008d5580000)
  object space 823296K, 64% used [0x0000000080000000,0x00000000a0486038,0x00000000b2400000)
 Metaspace       used 6585K, capacity 6920K, committed 7168K, reserved 8192K
}
Event: 24.516 GC heap before
{Heap before GC invocations=19 (full 4):
 PSYoungGen      total 886272K, used 769212K [0x00000008d5580000, 0x000000091b600000, 0x0000000d00000000)
  eden space 705024K, 100% used [0x00000008d5580000,0x0000000900600000,0x0000000900600000)
  from space 181248K, 35% used [0x000000090ce00000,0x0000000910caf100,0x0000000917f00000)
  to   space 204800K, 0% used [0x0000000900600000,0x0000000900600000,0x000000090ce00000)
 ParOldGen       total 823296K, used 528920K [0x0000000080000000, 0x00000000b2400000, 0x00000008d5580000)
  object space 823296K, 64% used [0x0000000080000000,0x00000000a0486038,0x00000000b2400000)
 Metaspace       used 6594K, capacity 6920K, committed 7168K, reserved 8192K
Event: 24.863 GC heap after
Heap after GC invocations=19 (full 4):
 PSYoungGen      total 909824K, used 181481K [0x00000008d5580000, 0x0000000923200000, 0x0000000d00000000)
  eden space 705024K, 0% used [0x00000008d5580000,0x00000008d5580000,0x0000000900600000)
  from space 204800K, 88% used [0x0000000900600000,0x000000090b73a588,0x000000090ce00000)
  to   space 231424K, 0% used [0x0000000915000000,0x0000000915000000,0x0000000923200000)
 ParOldGen       total 823296K, used 528920K [0x0000000080000000, 0x00000000b2400000, 0x00000008d5580000)
  object space 823296K, 64% used [0x0000000080000000,0x00000000a0486038,0x00000000b2400000)
 Metaspace       used 6594K, capacity 6920K, committed 7168K, reserved 8192K
}
Event: 26.912 GC heap before
{Heap before GC invocations=20 (full 4):
 PSYoungGen      total 909824K, used 886505K [0x00000008d5580000, 0x0000000923200000, 0x0000000d00000000)
  eden space 705024K, 100% used [0x00000008d5580000,0x0000000900600000,0x0000000900600000)
  from space 204800K, 88% used [0x0000000900600000,0x000000090b73a588,0x000000090ce00000)
  to   space 231424K, 0% used [0x0000000915000000,0x0000000915000000,0x0000000923200000)
 ParOldGen       total 823296K, used 528920K [0x0000000080000000, 0x00000000b2400000, 0x00000008d5580000)
  object space 823296K, 64% used [0x0000000080000000,0x00000000a0486038,0x00000000b2400000)
 Metaspace       used 6598K, capacity 6920K, committed 7168K, reserved 8192K
Event: 27.318 GC heap after
Heap after GC invocations=20 (full 4):
 PSYoungGen      total 984576K, used 231400K [0x00000008d5580000, 0x000000092b280000, 0x0000000d00000000)
  eden space 753152K, 0% used [0x00000008d5580000,0x00000008d5580000,0x0000000903500000)
  from space 231424K, 99% used [0x0000000915000000,0x00000009231fa0d0,0x0000000923200000)
  to   space 289792K, 0% used [0x0000000903500000,0x0000000903500000,0x0000000915000000)
 ParOldGen       total 823296K, used 579843K [0x0000000080000000, 0x00000000b2400000, 0x00000008d5580000)
  object space 823296K, 70% used [0x0000000080000000,0x00000000a3640e58,0x00000000b2400000)
 Metaspace       used 6598K, capacity 6920K, committed 7168K, reserved 8192K
}
Event: 29.924 GC heap before
{Heap before GC invocations=21 (full 4):
 PSYoungGen      total 984576K, used 984552K [0x00000008d5580000, 0x000000092b280000, 0x0000000d00000000)
  eden space 753152K, 100% used [0x00000008d5580000,0x0000000903500000,0x0000000903500000)
  from space 231424K, 99% used [0x0000000915000000,0x00000009231fa0d0,0x0000000923200000)
  to   space 289792K, 0% used [0x0000000903500000,0x0000000903500000,0x0000000915000000)
 ParOldGen       total 823296K, used 579843K [0x0000000080000000, 0x00000000b2400000, 0x00000008d5580000)
  object space 823296K, 70% used [0x0000000080000000,0x00000000a3640e58,0x00000000b2400000)
 Metaspace       used 6599K, capacity 6920K, committed 7168K, reserved 8192K
Event: 30.452 GC heap after
Heap after GC invocations=21 (full 4):
 PSYoungGen      total 1042944K, used 289760K [0x00000008d5580000, 0x000000093b100000, 0x0000000d00000000)
  eden space 753152K, 0% used [0x00000008d5580000,0x00000008d5580000,0x0000000903500000)
  from space 289792K, 99% used [0x0000000903500000,0x0000000914ff82c8,0x0000000915000000)
  to   space 409600K, 0% used [0x0000000922100000,0x0000000922100000,0x000000093b100000)
 ParOldGen       total 823296K, used 769048K [0x0000000080000000, 0x00000000b2400000, 0x00000008d5580000)
  object space 823296K, 93% used [0x0000000080000000,0x00000000aef06050,0x00000000b2400000)
 Metaspace       used 6599K, capacity 6920K, committed 7168K, reserved 8192K
}
Event: 30.452 GC heap before
{Heap before GC invocations=22 (full 5):
 PSYoungGen      total 1042944K, used 289760K [0x00000008d5580000, 0x000000093b100000, 0x0000000d00000000)
  eden space 753152K, 0% used [0x00000008d5580000,0x00000008d5580000,0x0000000903500000)
  from space 289792K, 99% used [0x0000000903500000,0x0000000914ff82c8,0x0000000915000000)
  to   space 409600K, 0% used [0x0000000922100000,0x0000000922100000,0x000000093b100000)
 ParOldGen       total 823296K, used 769048K [0x0000000080000000, 0x00000000b2400000, 0x00000008d5580000)
  object space 823296K, 93% used [0x0000000080000000,0x00000000aef06050,0x00000000b2400000)
 Metaspace       used 6599K, capacity 6920K, committed 7168K, reserved 8192K
Event: 34.465 GC heap after
Heap after GC invocations=22 (full 5):
 PSYoungGen      total 1042944K, used 215746K [0x00000008d5580000, 0x000000093b100000, 0x0000000d00000000)
  eden space 753152K, 0% used [0x00000008d5580000,0x00000008d5580000,0x0000000903500000)
  from space 289792K, 74% used [0x0000000903500000,0x00000009107b09e0,0x0000000915000000)
  to   space 409600K, 0% used [0x0000000922100000,0x0000000922100000,0x000000093b100000)
 ParOldGen       total 1227776K, used 822792K [0x0000000080000000, 0x00000000caf00000, 0x00000008d5580000)
  object space 1227776K, 67% used [0x0000000080000000,0x00000000b2382388,0x00000000caf00000)
 Metaspace       used 6599K, capacity 6920K, committed 7168K, reserved 8192K
}

