# JRE version: Java(TM) SE Runtime Environment (8.0_20-b26) (build 1.8.0_20-b26)
# Java VM: Java HotSpot(TM) 64-Bit Server VM (25.20-b23 mixed mode windows-amd64 )
Heap:
 PSYoungGen      total 1298432K, used 29514K [0x00000008d5580000, 0x000000093cd80000, 0x0000000d00000000)
  eden space 913408K, 3% used [0x00000008d5580000,0x00000008d7252ad8,0x000000090d180000)
  from space 385024K, 0% used [0x0000000925580000,0x0000000925580000,0x000000093cd80000)
  to   space 391168K, 0% used [0x000000090d180000,0x000000090d180000,0x0000000924f80000)
 ParOldGen       total 1209344K, used 666289K [0x0000000080000000, 0x00000000c9d00000, 0x00000008d5580000)
  object space 1209344K, 55% used [0x0000000080000000,0x00000000a8aac5a0,0x00000000c9d00000)
 Metaspace       used 7470K, capacity 7512K, committed 7680K, reserved 8192K
GC Heap History (10 events):
Event: 30.711 GC heap before
{Heap before GC invocations=23 (full 5):
 PSYoungGen      total 1177600K, used 1064397K [0x00000008d5580000, 0x000000093d800000, 0x0000000d00000000)
  eden space 805888K, 100% used [0x00000008d5580000,0x0000000906880000,0x0000000906880000)
  from space 371712K, 69% used [0x0000000906880000,0x00000009164f35f0,0x000000091d380000)
  to   space 395776K, 0% used [0x0000000925580000,0x0000000925580000,0x000000093d800000)
 ParOldGen       total 1201664K, used 952666K [0x0000000080000000, 0x00000000c9580000, 0x00000008d5580000)
  object space 1201664K, 79% used [0x0000000080000000,0x00000000ba256ba0,0x00000000c9580000)
 Metaspace       used 6593K, capacity 6920K, committed 7168K, reserved 8192K
Event: 30.880 GC heap after
Heap after GC invocations=23 (full 5):
 PSYoungGen      total 1298432K, used 197948K [0x00000008d5580000, 0x000000093cd80000, 0x0000000d00000000)
  eden space 913408K, 0% used [0x00000008d5580000,0x00000008d5580000,0x000000090d180000)
  from space 385024K, 51% used [0x0000000925580000,0x00000009316cf378,0x000000093cd80000)
  to   space 391168K, 0% used [0x000000090d180000,0x000000090d180000,0x0000000924f80000)
 ParOldGen       total 1201664K, used 952666K [0x0000000080000000, 0x00000000c9580000, 0x00000008d5580000)
  object space 1201664K, 79% used [0x0000000080000000,0x00000000ba256ba0,0x00000000c9580000)
 Metaspace       used 6593K, capacity 6920K, committed 7168K, reserved 8192K
}
Event: 32.201 GC heap before
{Heap before GC invocations=24 (full 5):
 PSYoungGen      total 1298432K, used 1111356K [0x00000008d5580000, 0x000000093cd80000, 0x0000000d00000000)
  eden space 913408K, 100% used [0x00000008d5580000,0x000000090d180000,0x000000090d180000)
  from space 385024K, 51% used [0x0000000925580000,0x00000009316cf378,0x000000093cd80000)
  to   space 391168K, 0% used [0x000000090d180000,0x000000090d180000,0x0000000924f80000)
 ParOldGen       total 1201664K, used 952666K [0x0000000080000000, 0x00000000c9580000, 0x00000008d5580000)
  object space 1201664K, 79% used [0x0000000080000000,0x00000000ba256ba0,0x00000000c9580000)
 Metaspace       used 6593K, capacity 6920K, committed 7168K, reserved 8192K
Event: 32.513 GC heap after
Heap after GC invocations=24 (full 5):
 PSYoungGen      total 1304576K, used 342039K [0x00000008d5580000, 0x000000093cd80000, 0x0000000d00000000)
  eden space 913408K, 0% used [0x00000008d5580000,0x00000008d5580000,0x000000090d180000)
  from space 391168K, 87% used [0x000000090d180000,0x0000000921f85cb8,0x0000000924f80000)
  to   space 385024K, 0% used [0x0000000925580000,0x0000000925580000,0x000000093cd80000)
 ParOldGen       total 1201664K, used 952666K [0x0000000080000000, 0x00000000c9580000, 0x00000008d5580000)
  object space 1201664K, 79% used [0x0000000080000000,0x00000000ba256ba0,0x00000000c9580000)
 Metaspace       used 6593K, capacity 6920K, committed 7168K, reserved 8192K
}
Event: 34.576 GC heap before
{Heap before GC invocations=25 (full 5):
 PSYoungGen      total 1304576K, used 1255447K [0x00000008d5580000, 0x000000093cd80000, 0x0000000d00000000)
  eden space 913408K, 100% used [0x00000008d5580000,0x000000090d180000,0x000000090d180000)
  from space 391168K, 87% used [0x000000090d180000,0x0000000921f85cb8,0x0000000924f80000)
  to   space 385024K, 0% used [0x0000000925580000,0x0000000925580000,0x000000093cd80000)
 ParOldGen       total 1201664K, used 952666K [0x0000000080000000, 0x00000000c9580000, 0x00000008d5580000)
  object space 1201664K, 79% used [0x0000000080000000,0x00000000ba256ba0,0x00000000c9580000)
 Metaspace       used 6699K, capacity 6984K, committed 7168K, reserved 8192K
Event: 35.193 GC heap after
Heap after GC invocations=25 (full 5):
 PSYoungGen      total 1298432K, used 385003K [0x00000008d5580000, 0x000000093cd80000, 0x0000000d00000000)
  eden space 913408K, 0% used [0x00000008d5580000,0x00000008d5580000,0x000000090d180000)
  from space 385024K, 99% used [0x0000000925580000,0x000000093cd7afa0,0x000000093cd80000)
  to   space 391168K, 0% used [0x000000090d180000,0x000000090d180000,0x0000000924f80000)
 ParOldGen       total 1201664K, used 1054516K [0x0000000080000000, 0x00000000c9580000, 0x00000008d5580000)
  object space 1201664K, 87% used [0x0000000080000000,0x00000000c05cd1f8,0x00000000c9580000)
 Metaspace       used 6699K, capacity 6984K, committed 7168K, reserved 8192K
}
Event: 35.193 GC heap before
{Heap before GC invocations=26 (full 6):
 PSYoungGen      total 1298432K, used 385003K [0x00000008d5580000, 0x000000093cd80000, 0x0000000d00000000)
  eden space 913408K, 0% used [0x00000008d5580000,0x00000008d5580000,0x000000090d180000)
  from space 385024K, 99% used [0x0000000925580000,0x000000093cd7afa0,0x000000093cd80000)
  to   space 391168K, 0% used [0x000000090d180000,0x000000090d180000,0x0000000924f80000)
 ParOldGen       total 1201664K, used 1054516K [0x0000000080000000, 0x00000000c9580000, 0x00000008d5580000)
  object space 1201664K, 87% used [0x0000000080000000,0x00000000c05cd1f8,0x00000000c9580000)
 Metaspace       used 6699K, capacity 6984K, committed 7168K, reserved 8192K
Event: 43.098 GC heap after
Heap after GC invocations=26 (full 6):
 PSYoungGen      total 1298432K, used 85643K [0x00000008d5580000, 0x000000093cd80000, 0x0000000d00000000)
  eden space 913408K, 0% used [0x00000008d5580000,0x00000008d5580000,0x000000090d180000)
  from space 385024K, 22% used [0x0000000925580000,0x000000092a922ff0,0x000000093cd80000)
  to   space 391168K, 0% used [0x000000090d180000,0x000000090d180000,0x0000000924f80000)
 ParOldGen       total 1201664K, used 1201390K [0x0000000080000000, 0x00000000c9580000, 0x00000008d5580000)
  object space 1201664K, 99% used [0x0000000080000000,0x00000000c953bba0,0x00000000c9580000)
 Metaspace       used 6699K, capacity 6984K, committed 7168K, reserved 8192K
}
Event: 49.005 GC heap before
{Heap before GC invocations=27 (full 7):
 PSYoungGen      total 1298432K, used 999051K [0x00000008d5580000, 0x000000093cd80000, 0x0000000d00000000)
  eden space 913408K, 100% used [0x00000008d5580000,0x000000090d180000,0x000000090d180000)
  from space 385024K, 22% used [0x0000000925580000,0x000000092a922ff0,0x000000093cd80000)
  to   space 391168K, 0% used [0x000000090d180000,0x000000090d180000,0x0000000924f80000)
 ParOldGen       total 1201664K, used 1201390K [0x0000000080000000, 0x00000000c9580000, 0x00000008d5580000)
  object space 1201664K, 99% used [0x0000000080000000,0x00000000c953bba0,0x00000000c9580000)
 Metaspace       used 7425K, capacity 7512K, committed 7680K, reserved 8192K
Event: 54.674 GC heap after
Heap after GC invocations=27 (full 7):
 PSYoungGen      total 1298432K, used 0K [0x00000008d5580000, 0x000000093cd80000, 0x0000000d00000000)
  eden space 913408K, 0% used [0x00000008d5580000,0x00000008d5580000,0x000000090d180000)
  from space 385024K, 0% used [0x0000000925580000,0x0000000925580000,0x000000093cd80000)
  to   space 391168K, 0% used [0x000000090d180000,0x000000090d180000,0x0000000924f80000)
 ParOldGen       total 1209344K, used 666289K [0x0000000080000000, 0x00000000c9d00000, 0x00000008d5580000)
  object space 1209344K, 55% used [0x0000000080000000,0x00000000a8aac5a0,0x00000000c9d00000)
 Metaspace       used 7425K, capacity 7512K, committed 7680K, reserved 8192K
}

