# JRE version: Java(TM) SE Runtime Environment (8.0_20-b26) (build 1.8.0_20-b26)
# Java VM: Java HotSpot(TM) 64-Bit Server VM (25.20-b23 mixed mode windows-amd64 )
Heap:
 PSYoungGen      total 944128K, used 336030K [0x00000008d5580000, 0x0000000926580000, 0x0000000d00000000)
  eden space 690176K, 20% used [0x00000008d5580000,0x00000008ddd87210,0x00000008ff780000)
  from space 253952K, 77% used [0x00000008ff780000,0x000000090b7a0910,0x000000090ef80000)
  to   space 275968K, 0% used [0x0000000915800000,0x0000000915800000,0x0000000926580000)
 ParOldGen       total 876032K, used 589849K [0x0000000080000000, 0x00000000b5780000, 0x00000008d5580000)
  object space 876032K, 67% used [0x0000000080000000,0x00000000a4006680,0x00000000b5780000)
 Metaspace       used 6598K, capacity 6920K, committed 7168K, reserved 8192K
GC Heap History (10 events):
Event: 16.886 GC heap before
{Heap before GC invocations=17 (full 3):
 PSYoungGen      total 772096K, used 128196K [0x00000008d5580000, 0x0000000912780000, 0x0000000d00000000)
  eden space 589824K, 0% used [0x00000008d5580000,0x00000008d5580000,0x00000008f9580000)
  from space 182272K, 70% used [0x0000000905300000,0x000000090d031098,0x0000000910500000)
  to   space 194048K, 0% used [0x00000008f9580000,0x00000008f9580000,0x0000000905300000)
 ParOldGen       total 378880K, used 378762K [0x0000000080000000, 0x0000000097200000, 0x00000008d5580000)
  object space 378880K, 99% used [0x0000000080000000,0x00000000971e28a0,0x0000000097200000)
 Metaspace       used 6581K, capacity 6920K, committed 7168K, reserved 8192K
Event: 19.319 GC heap after
Heap after GC invocations=17 (full 3):
 PSYoungGen      total 772096K, used 113415K [0x00000008d5580000, 0x0000000912780000, 0x0000000d00000000)
  eden space 589824K, 0% used [0x00000008d5580000,0x00000008d5580000,0x00000008f9580000)
  from space 182272K, 62% used [0x0000000905300000,0x000000090c1c1da0,0x0000000910500000)
  to   space 194048K, 0% used [0x00000008f9580000,0x00000008f9580000,0x0000000905300000)
 ParOldGen       total 590336K, used 377558K [0x0000000080000000, 0x00000000a4080000, 0x00000008d5580000)
  object space 590336K, 63% used [0x0000000080000000,0x00000000970b5bd0,0x00000000a4080000)
 Metaspace       used 6581K, capacity 6920K, committed 7168K, reserved 8192K
}
Event: 21.068 GC heap before
{Heap before GC invocations=18 (full 3):
 PSYoungGen      total 772096K, used 703239K [0x00000008d5580000, 0x0000000912780000, 0x0000000d00000000)
  eden space 589824K, 100% used [0x00000008d5580000,0x00000008f9580000,0x00000008f9580000)
  from space 182272K, 62% used [0x0000000905300000,0x000000090c1c1da0,0x0000000910500000)
  to   space 194048K, 0% used [0x00000008f9580000,0x00000008f9580000,0x0000000905300000)
 ParOldGen       total 590336K, used 377558K [0x0000000080000000, 0x00000000a4080000, 0x00000008d5580000)
  object space 590336K, 63% used [0x0000000080000000,0x00000000970b5bd0,0x00000000a4080000)
 Metaspace       used 6582K, capacity 6920K, committed 7168K, reserved 8192K
Event: 21.401 GC heap after
Heap after GC invocations=18 (full 3):
 PSYoungGen      total 783872K, used 194019K [0x00000008d5580000, 0x000000091d100000, 0x0000000d00000000)
  eden space 589824K, 0% used [0x00000008d5580000,0x00000008d5580000,0x00000008f9580000)
  from space 194048K, 99% used [0x00000008f9580000,0x00000009052f8fe0,0x0000000905300000)
  to   space 230912K, 0% used [0x000000090ef80000,0x000000090ef80000,0x000000091d100000)
 ParOldGen       total 590336K, used 386997K [0x0000000080000000, 0x00000000a4080000, 0x00000008d5580000)
  object space 590336K, 65% used [0x0000000080000000,0x00000000979ed7e0,0x00000000a4080000)
 Metaspace       used 6582K, capacity 6920K, committed 7168K, reserved 8192K
}
Event: 23.087 GC heap before
{Heap before GC invocations=19 (full 3):
 PSYoungGen      total 783872K, used 783843K [0x00000008d5580000, 0x000000091d100000, 0x0000000d00000000)
  eden space 589824K, 100% used [0x00000008d5580000,0x00000008f9580000,0x00000008f9580000)
  from space 194048K, 99% used [0x00000008f9580000,0x00000009052f8fe0,0x0000000905300000)
  to   space 230912K, 0% used [0x000000090ef80000,0x000000090ef80000,0x000000091d100000)
 ParOldGen       total 590336K, used 386997K [0x0000000080000000, 0x00000000a4080000, 0x00000008d5580000)
  object space 590336K, 65% used [0x0000000080000000,0x00000000979ed7e0,0x00000000a4080000)
 Metaspace       used 6585K, capacity 6920K, committed 7168K, reserved 8192K
Event: 23.502 GC heap after
Heap after GC invocations=19 (full 3):
 PSYoungGen      total 921088K, used 185023K [0x00000008d5580000, 0x0000000920d00000, 0x0000000d00000000)
  eden space 690176K, 0% used [0x00000008d5580000,0x00000008d5580000,0x00000008ff780000)
  from space 230912K, 80% used [0x000000090ef80000,0x000000091a42fe08,0x000000091d100000)
  to   space 253952K, 0% used [0x00000008ff780000,0x00000008ff780000,0x000000090ef80000)
 ParOldGen       total 590336K, used 494346K [0x0000000080000000, 0x00000000a4080000, 0x00000008d5580000)
  object space 590336K, 83% used [0x0000000080000000,0x000000009e2c2858,0x00000000a4080000)
 Metaspace       used 6585K, capacity 6920K, committed 7168K, reserved 8192K
}
Event: 23.502 GC heap before
{Heap before GC invocations=20 (full 4):
 PSYoungGen      total 921088K, used 185023K [0x00000008d5580000, 0x0000000920d00000, 0x0000000d00000000)
  eden space 690176K, 0% used [0x00000008d5580000,0x00000008d5580000,0x00000008ff780000)
  from space 230912K, 80% used [0x000000090ef80000,0x000000091a42fe08,0x000000091d100000)
  to   space 253952K, 0% used [0x00000008ff780000,0x00000008ff780000,0x000000090ef80000)
 ParOldGen       total 590336K, used 494346K [0x0000000080000000, 0x00000000a4080000, 0x00000008d5580000)
  object space 590336K, 83% used [0x0000000080000000,0x000000009e2c2858,0x00000000a4080000)
 Metaspace       used 6585K, capacity 6920K, committed 7168K, reserved 8192K
Event: 26.737 GC heap after
Heap after GC invocations=20 (full 4):
 PSYoungGen      total 921088K, used 84049K [0x00000008d5580000, 0x0000000920d00000, 0x0000000d00000000)
  eden space 690176K, 0% used [0x00000008d5580000,0x00000008d5580000,0x00000008ff780000)
  from space 230912K, 36% used [0x000000090ef80000,0x0000000914194580,0x000000091d100000)
  to   space 253952K, 0% used [0x00000008ff780000,0x00000008ff780000,0x000000090ef80000)
 ParOldGen       total 876032K, used 589849K [0x0000000080000000, 0x00000000b5780000, 0x00000008d5580000)
  object space 876032K, 67% used [0x0000000080000000,0x00000000a4006680,0x00000000b5780000)
 Metaspace       used 6585K, capacity 6920K, committed 7168K, reserved 8192K
}
Event: 28.829 GC heap before
{Heap before GC invocations=21 (full 4):
 PSYoungGen      total 921088K, used 774225K [0x00000008d5580000, 0x0000000920d00000, 0x0000000d00000000)
  eden space 690176K, 100% used [0x00000008d5580000,0x00000008ff780000,0x00000008ff780000)
  from space 230912K, 36% used [0x000000090ef80000,0x0000000914194580,0x000000091d100000)
  to   space 253952K, 0% used [0x00000008ff780000,0x00000008ff780000,0x000000090ef80000)
 ParOldGen       total 876032K, used 589849K [0x0000000080000000, 0x00000000b5780000, 0x00000008d5580000)
  object space 876032K, 67% used [0x0000000080000000,0x00000000a4006680,0x00000000b5780000)
 Metaspace       used 6598K, capacity 6920K, committed 7168K, reserved 8192K
Event: 29.230 GC heap after
Heap after GC invocations=21 (full 4):
 PSYoungGen      total 944128K, used 196738K [0x00000008d5580000, 0x0000000926580000, 0x0000000d00000000)
  eden space 690176K, 0% used [0x00000008d5580000,0x00000008d5580000,0x00000008ff780000)
  from space 253952K, 77% used [0x00000008ff780000,0x000000090b7a0910,0x000000090ef80000)
  to   space 275968K, 0% used [0x0000000915800000,0x0000000915800000,0x0000000926580000)
 ParOldGen       total 876032K, used 589849K [0x0000000080000000, 0x00000000b5780000, 0x00000008d5580000)
  object space 876032K, 67% used [0x0000000080000000,0x00000000a4006680,0x00000000b5780000)
 Metaspace       used 6598K, capacity 6920K, committed 7168K, reserved 8192K
}

