# JRE version: OpenJDK Runtime Environment (8.0_112-b06) (build 1.8.0_112-release-b06)
# Java VM: OpenJDK 64-Bit Server VM (25.112-b06 mixed mode windows-amd64 )
Heap:
 PSYoungGen      total 1481728K, used 751188K [0x00000008d5580000, 0x000000097ac80000, 0x0000000d00000000)
  eden space 792064K, 65% used [0x00000008d5580000,0x00000008f52e97e8,0x0000000905b00000)
  from space 689664K, 33% used [0x0000000905b00000,0x0000000913b2bb58,0x000000092fc80000)
  to   space 865792K, 0% used [0x0000000945f00000,0x0000000945f00000,0x000000097ac80000)
 ParOldGen       total 1200640K, used 1200237K [0x0000000080000000, 0x00000000c9480000, 0x00000008d5580000)
  object space 1200640K, 99% used [0x0000000080000000,0x00000000c941b750,0x00000000c9480000)
 Metaspace       used 6566K, capacity 6920K, committed 7168K, reserved 8192K
GC Heap History (10 events):
Event: 31.216 GC heap before
{Heap before GC invocations=25 (full 5):
 PSYoungGen      total 1297920K, used 1230173K [0x00000008d5580000, 0x0000000953d00000, 0x0000000d00000000)
  eden space 773120K, 100% used [0x00000008d5580000,0x0000000904880000,0x0000000904880000)
  from space 524800K, 87% used [0x0000000904880000,0x00000009206d76a0,0x0000000924900000)
  to   space 590336K, 0% used [0x000000092fc80000,0x000000092fc80000,0x0000000953d00000)
 ParOldGen       total 1183744K, used 860172K [0x0000000080000000, 0x00000000c8400000, 0x00000008d5580000)
  object space 1183744K, 72% used [0x0000000080000000,0x00000000b4803360,0x00000000c8400000)
 Metaspace       used 6523K, capacity 6920K, committed 7168K, reserved 8192K
Event: 31.742 GC heap after
Heap after GC invocations=25 (full 5):
 PSYoungGen      total 1382400K, used 584479K [0x00000008d5580000, 0x0000000960b80000, 0x0000000d00000000)
  eden space 792064K, 0% used [0x00000008d5580000,0x00000008d5580000,0x0000000905b00000)
  from space 590336K, 99% used [0x000000092fc80000,0x0000000953747ec0,0x0000000953d00000)
  to   space 689664K, 0% used [0x0000000905b00000,0x0000000905b00000,0x000000092fc80000)
 ParOldGen       total 1183744K, used 860172K [0x0000000080000000, 0x00000000c8400000, 0x00000008d5580000)
  object space 1183744K, 72% used [0x0000000080000000,0x00000000b4803360,0x00000000c8400000)
 Metaspace       used 6523K, capacity 6920K, committed 7168K, reserved 8192K
}
Event: 33.423 GC heap before
{Heap before GC invocations=26 (full 5):
 PSYoungGen      total 1382400K, used 1376543K [0x00000008d5580000, 0x0000000960b80000, 0x0000000d00000000)
  eden space 792064K, 100% used [0x00000008d5580000,0x0000000905b00000,0x0000000905b00000)
  from space 590336K, 99% used [0x000000092fc80000,0x0000000953747ec0,0x0000000953d00000)
  to   space 689664K, 0% used [0x0000000905b00000,0x0000000905b00000,0x000000092fc80000)
 ParOldGen       total 1183744K, used 860178K [0x0000000080000000, 0x00000000c8400000, 0x00000008d5580000)
  object space 1183744K, 72% used [0x0000000080000000,0x00000000b4804a78,0x00000000c8400000)
 Metaspace       used 6564K, capacity 6920K, committed 7168K, reserved 8192K
Event: 34.095 GC heap after
Heap after GC invocations=26 (full 5):
 PSYoungGen      total 1481728K, used 689641K [0x00000008d5580000, 0x0000000971880000, 0x0000000d00000000)
  eden space 792064K, 0% used [0x00000008d5580000,0x00000008d5580000,0x0000000905b00000)
  from space 689664K, 99% used [0x0000000905b00000,0x000000092fc7a6d0,0x000000092fc80000)
  to   space 813056K, 0% used [0x000000093fe80000,0x000000093fe80000,0x0000000971880000)
 ParOldGen       total 1183744K, used 875071K [0x0000000080000000, 0x00000000c8400000, 0x00000008d5580000)
  object space 1183744K, 73% used [0x0000000080000000,0x00000000b568ff30,0x00000000c8400000)
 Metaspace       used 6564K, capacity 6920K, committed 7168K, reserved 8192K
}
Event: 34.099 GC heap before
{Heap before GC invocations=27 (full 5):
 PSYoungGen      total 1481728K, used 694218K [0x00000008d5580000, 0x0000000971880000, 0x0000000d00000000)
  eden space 792064K, 0% used [0x00000008d5580000,0x00000008d59f8450,0x0000000905b00000)
  from space 689664K, 99% used [0x0000000905b00000,0x000000092fc7a6d0,0x000000092fc80000)
  to   space 813056K, 0% used [0x000000093fe80000,0x000000093fe80000,0x0000000971880000)
 ParOldGen       total 1183744K, used 875071K [0x0000000080000000, 0x00000000c8400000, 0x00000008d5580000)
  object space 1183744K, 73% used [0x0000000080000000,0x00000000b568ff30,0x00000000c8400000)
 Metaspace       used 6564K, capacity 6920K, committed 7168K, reserved 8192K
Event: 34.666 GC heap after
Heap after GC invocations=27 (full 5):
 PSYoungGen      total 1605120K, used 552705K [0x00000008d5580000, 0x0000000971880000, 0x0000000d00000000)
  eden space 792064K, 0% used [0x00000008d5580000,0x00000008d5580000,0x0000000905b00000)
  from space 813056K, 67% used [0x000000093fe80000,0x0000000961a40558,0x0000000971880000)
  to   space 689664K, 0% used [0x0000000905b00000,0x0000000905b00000,0x000000092fc80000)
 ParOldGen       total 1183744K, used 1013122K [0x0000000080000000, 0x00000000c8400000, 0x00000008d5580000)
  object space 1183744K, 85% used [0x0000000080000000,0x00000000bdd60908,0x00000000c8400000)
 Metaspace       used 6564K, capacity 6920K, committed 7168K, reserved 8192K
}
Event: 35.789 GC heap before
{Heap before GC invocations=28 (full 5):
 PSYoungGen      total 1605120K, used 1344769K [0x00000008d5580000, 0x0000000971880000, 0x0000000d00000000)
  eden space 792064K, 100% used [0x00000008d5580000,0x0000000905b00000,0x0000000905b00000)
  from space 813056K, 67% used [0x000000093fe80000,0x0000000961a40558,0x0000000971880000)
  to   space 689664K, 0% used [0x0000000905b00000,0x0000000905b00000,0x000000092fc80000)
 ParOldGen       total 1183744K, used 1013122K [0x0000000080000000, 0x00000000c8400000, 0x00000008d5580000)
  object space 1183744K, 85% used [0x0000000080000000,0x00000000bdd60908,0x00000000c8400000)
 Metaspace       used 6565K, capacity 6920K, committed 7168K, reserved 8192K
Event: 36.515 GC heap after
Heap after GC invocations=28 (full 5):
 PSYoungGen      total 1481728K, used 493698K [0x00000008d5580000, 0x000000097ac80000, 0x0000000d00000000)
  eden space 792064K, 0% used [0x00000008d5580000,0x00000008d5580000,0x0000000905b00000)
  from space 689664K, 71% used [0x0000000905b00000,0x0000000923d20a60,0x000000092fc80000)
  to   space 865792K, 0% used [0x0000000945f00000,0x0000000945f00000,0x000000097ac80000)
 ParOldGen       total 1200640K, used 1200474K [0x0000000080000000, 0x00000000c9480000, 0x00000008d5580000)
  object space 1200640K, 99% used [0x0000000080000000,0x00000000c94568f8,0x00000000c9480000)
 Metaspace       used 6565K, capacity 6920K, committed 7168K, reserved 8192K
}
Event: 36.515 GC heap before
{Heap before GC invocations=29 (full 6):
 PSYoungGen      total 1481728K, used 493698K [0x00000008d5580000, 0x000000097ac80000, 0x0000000d00000000)
  eden space 792064K, 0% used [0x00000008d5580000,0x00000008d5580000,0x0000000905b00000)
  from space 689664K, 71% used [0x0000000905b00000,0x0000000923d20a60,0x000000092fc80000)
  to   space 865792K, 0% used [0x0000000945f00000,0x0000000945f00000,0x000000097ac80000)
 ParOldGen       total 1200640K, used 1200474K [0x0000000080000000, 0x00000000c9480000, 0x00000008d5580000)
  object space 1200640K, 99% used [0x0000000080000000,0x00000000c94568f8,0x00000000c9480000)
 Metaspace       used 6565K, capacity 6920K, committed 7168K, reserved 8192K
Event: 42.911 GC heap after
Heap after GC invocations=29 (full 6):
 PSYoungGen      total 1481728K, used 229550K [0x00000008d5580000, 0x000000097ac80000, 0x0000000d00000000)
  eden space 792064K, 0% used [0x00000008d5580000,0x00000008d5580000,0x0000000905b00000)
  from space 689664K, 33% used [0x0000000905b00000,0x0000000913b2bb58,0x000000092fc80000)
  to   space 865792K, 0% used [0x0000000945f00000,0x0000000945f00000,0x000000097ac80000)
 ParOldGen       total 1200640K, used 1200237K [0x0000000080000000, 0x00000000c9480000, 0x00000008d5580000)
  object space 1200640K, 99% used [0x0000000080000000,0x00000000c941b750,0x00000000c9480000)
 Metaspace       used 6565K, capacity 6920K, committed 7168K, reserved 8192K
}

