# JRE version: OpenJDK Runtime Environment (8.0_112-b06) (build 1.8.0_112-release-b06)
# Java VM: OpenJDK 64-Bit Server VM (25.112-b06 mixed mode windows-amd64 )
Heap:
 PSYoungGen      total 1173504K, used 398849K [0x00000008d5580000, 0x000000093b300000, 0x0000000d00000000)
  eden space 822272K, 30% used [0x00000008d5580000,0x00000008e4be6128,0x0000000907880000)
  from space 351232K, 41% used [0x0000000907880000,0x000000091079a5e0,0x000000091cf80000)
  to   space 359424K, 0% used [0x0000000925400000,0x0000000925400000,0x000000093b300000)
 ParOldGen       total 1271296K, used 861497K [0x0000000080000000, 0x00000000cd980000, 0x00000008d5580000)
  object space 1271296K, 67% used [0x0000000080000000,0x00000000b494e708,0x00000000cd980000)
 Metaspace       used 6459K, capacity 6856K, committed 6912K, reserved 8192K
GC Heap History (10 events):
Event: 19.779 GC heap before
{Heap before GC invocations=18 (full 4):
 PSYoungGen      total 960000K, used 156333K [0x00000008d5580000, 0x0000000920680000, 0x0000000d00000000)
  eden space 766464K, 0% used [0x00000008d5580000,0x00000008d5580000,0x0000000904200000)
  from space 193536K, 80% used [0x0000000911280000,0x000000091ab2b7b0,0x000000091cf80000)
  to   space 213504K, 0% used [0x0000000904200000,0x0000000904200000,0x0000000911280000)
 ParOldGen       total 506368K, used 477288K [0x0000000080000000, 0x000000009ee80000, 0x00000008d5580000)
  object space 506368K, 94% used [0x0000000080000000,0x000000009d21a1a0,0x000000009ee80000)
 Metaspace       used 6444K, capacity 6856K, committed 6912K, reserved 8192K
Event: 22.560 GC heap after
Heap after GC invocations=18 (full 4):
 PSYoungGen      total 960000K, used 121211K [0x00000008d5580000, 0x0000000920680000, 0x0000000d00000000)
  eden space 766464K, 0% used [0x00000008d5580000,0x00000008d5580000,0x0000000904200000)
  from space 193536K, 62% used [0x0000000911280000,0x00000009188ded20,0x000000091cf80000)
  to   space 213504K, 0% used [0x0000000904200000,0x0000000904200000,0x0000000911280000)
 ParOldGen       total 796672K, used 505874K [0x0000000080000000, 0x00000000b0a00000, 0x00000008d5580000)
  object space 796672K, 63% used [0x0000000080000000,0x000000009ee04820,0x00000000b0a00000)
 Metaspace       used 6444K, capacity 6856K, committed 6912K, reserved 8192K
}
Event: 25.143 GC heap before
{Heap before GC invocations=19 (full 4):
 PSYoungGen      total 960000K, used 887675K [0x00000008d5580000, 0x0000000920680000, 0x0000000d00000000)
  eden space 766464K, 100% used [0x00000008d5580000,0x0000000904200000,0x0000000904200000)
  from space 193536K, 62% used [0x0000000911280000,0x00000009188ded20,0x000000091cf80000)
  to   space 213504K, 0% used [0x0000000904200000,0x0000000904200000,0x0000000911280000)
 ParOldGen       total 796672K, used 505874K [0x0000000080000000, 0x00000000b0a00000, 0x00000008d5580000)
  object space 796672K, 63% used [0x0000000080000000,0x000000009ee04820,0x00000000b0a00000)
 Metaspace       used 6458K, capacity 6856K, committed 6912K, reserved 8192K
Event: 25.638 GC heap after
Heap after GC invocations=19 (full 4):
 PSYoungGen      total 979968K, used 213491K [0x00000008d5580000, 0x000000092d000000, 0x0000000d00000000)
  eden space 766464K, 0% used [0x00000008d5580000,0x00000008d5580000,0x0000000904200000)
  from space 213504K, 99% used [0x0000000904200000,0x000000091127cdc8,0x0000000911280000)
  to   space 262656K, 0% used [0x000000091cf80000,0x000000091cf80000,0x000000092d000000)
 ParOldGen       total 796672K, used 538837K [0x0000000080000000, 0x00000000b0a00000, 0x00000008d5580000)
  object space 796672K, 67% used [0x0000000080000000,0x00000000a0e35408,0x00000000b0a00000)
 Metaspace       used 6458K, capacity 6856K, committed 6912K, reserved 8192K
}
Event: 27.477 GC heap before
{Heap before GC invocations=20 (full 4):
 PSYoungGen      total 979968K, used 979955K [0x00000008d5580000, 0x000000092d000000, 0x0000000d00000000)
  eden space 766464K, 100% used [0x00000008d5580000,0x0000000904200000,0x0000000904200000)
  from space 213504K, 99% used [0x0000000904200000,0x000000091127cdc8,0x0000000911280000)
  to   space 262656K, 0% used [0x000000091cf80000,0x000000091cf80000,0x000000092d000000)
 ParOldGen       total 796672K, used 538837K [0x0000000080000000, 0x00000000b0a00000, 0x00000008d5580000)
  object space 796672K, 67% used [0x0000000080000000,0x00000000a0e35408,0x00000000b0a00000)
 Metaspace       used 6459K, capacity 6856K, committed 6912K, reserved 8192K
Event: 28.187 GC heap after
Heap after GC invocations=20 (full 4):
 PSYoungGen      total 1084928K, used 262654K [0x00000008d5580000, 0x0000000939f80000, 0x0000000d00000000)
  eden space 822272K, 0% used [0x00000008d5580000,0x00000008d5580000,0x0000000907880000)
  from space 262656K, 99% used [0x000000091cf80000,0x000000092cfffbc0,0x000000092d000000)
  to   space 351232K, 0% used [0x0000000907880000,0x0000000907880000,0x000000091cf80000)
 ParOldGen       total 796672K, used 654768K [0x0000000080000000, 0x00000000b0a00000, 0x00000008d5580000)
  object space 796672K, 82% used [0x0000000080000000,0x00000000a7f6c080,0x00000000b0a00000)
 Metaspace       used 6459K, capacity 6856K, committed 6912K, reserved 8192K
}
Event: 30.675 GC heap before
{Heap before GC invocations=21 (full 4):
 PSYoungGen      total 1084928K, used 1084926K [0x00000008d5580000, 0x0000000939f80000, 0x0000000d00000000)
  eden space 822272K, 100% used [0x00000008d5580000,0x0000000907880000,0x0000000907880000)
  from space 262656K, 99% used [0x000000091cf80000,0x000000092cfffbc0,0x000000092d000000)
  to   space 351232K, 0% used [0x0000000907880000,0x0000000907880000,0x000000091cf80000)
 ParOldGen       total 796672K, used 654768K [0x0000000080000000, 0x00000000b0a00000, 0x00000008d5580000)
  object space 796672K, 82% used [0x0000000080000000,0x00000000a7f6c080,0x00000000b0a00000)
 Metaspace       used 6459K, capacity 6856K, committed 6912K, reserved 8192K
Event: 31.093 GC heap after
Heap after GC invocations=21 (full 4):
 PSYoungGen      total 1173504K, used 206959K [0x00000008d5580000, 0x000000093b300000, 0x0000000d00000000)
  eden space 822272K, 0% used [0x00000008d5580000,0x00000008d5580000,0x0000000907880000)
  from space 351232K, 58% used [0x0000000907880000,0x000000091429bc48,0x000000091cf80000)
  to   space 359424K, 0% used [0x0000000925400000,0x0000000925400000,0x000000093b300000)
 ParOldGen       total 861696K, used 861210K [0x0000000080000000, 0x00000000b4980000, 0x00000008d5580000)
  object space 861696K, 99% used [0x0000000080000000,0x00000000b4906a48,0x00000000b4980000)
 Metaspace       used 6459K, capacity 6856K, committed 6912K, reserved 8192K
}
Event: 31.093 GC heap before
{Heap before GC invocations=22 (full 5):
 PSYoungGen      total 1173504K, used 206959K [0x00000008d5580000, 0x000000093b300000, 0x0000000d00000000)
  eden space 822272K, 0% used [0x00000008d5580000,0x00000008d5580000,0x0000000907880000)
  from space 351232K, 58% used [0x0000000907880000,0x000000091429bc48,0x000000091cf80000)
  to   space 359424K, 0% used [0x0000000925400000,0x0000000925400000,0x000000093b300000)
 ParOldGen       total 861696K, used 861210K [0x0000000080000000, 0x00000000b4980000, 0x00000008d5580000)
  object space 861696K, 99% used [0x0000000080000000,0x00000000b4906a48,0x00000000b4980000)
 Metaspace       used 6459K, capacity 6856K, committed 6912K, reserved 8192K
Event: 36.107 GC heap after
Heap after GC invocations=22 (full 5):
 PSYoungGen      total 1173504K, used 146537K [0x00000008d5580000, 0x000000093b300000, 0x0000000d00000000)
  eden space 822272K, 0% used [0x00000008d5580000,0x00000008d5580000,0x0000000907880000)
  from space 351232K, 41% used [0x0000000907880000,0x000000091079a5e0,0x000000091cf80000)
  to   space 359424K, 0% used [0x0000000925400000,0x0000000925400000,0x000000093b300000)
 ParOldGen       total 1271296K, used 861497K [0x0000000080000000, 0x00000000cd980000, 0x00000008d5580000)
  object space 1271296K, 67% used [0x0000000080000000,0x00000000b494e708,0x00000000cd980000)
 Metaspace       used 6459K, capacity 6856K, committed 6912K, reserved 8192K
}

