# JRE version: Java(TM) SE Runtime Environment (8.0_20-b26) (build 1.8.0_20-b26)
# Java VM: Java HotSpot(TM) 64-Bit Server VM (25.20-b23 mixed mode windows-amd64 )
Heap:
 PSYoungGen      total 1239552K, used 582617K [0x00000008d5580000, 0x000000094e200000, 0x0000000d00000000)
  eden space 671232K, 41% used [0x00000008d5580000,0x00000008e63e4cb8,0x00000008fe500000)
  from space 568320K, 53% used [0x0000000924680000,0x00000009371117b0,0x0000000947180000)
  to   space 624128K, 0% used [0x00000008fe500000,0x00000008fe500000,0x0000000924680000)
 ParOldGen       total 1046528K, used 1046206K [0x0000000080000000, 0x00000000bfe00000, 0x00000008d5580000)
  object space 1046528K, 99% used [0x0000000080000000,0x00000000bfdafb70,0x00000000bfe00000)
 Metaspace       used 6996K, capacity 7240K, committed 7424K, reserved 8192K
GC Heap History (10 events):
Event: 52.019 GC heap before
{Heap before GC invocations=28 (full 5):
 PSYoungGen      total 963584K, used 960383K [0x00000008d5580000, 0x000000092e100000, 0x0000000d00000000)
  eden space 641024K, 100% used [0x00000008d5580000,0x00000008fc780000,0x00000008fc780000)
  from space 322560K, 99% used [0x0000000913680000,0x0000000926e5ffc8,0x0000000927180000)
  to   space 375808K, 0% used [0x00000008fc780000,0x00000008fc780000,0x0000000913680000)
 ParOldGen       total 1046528K, used 797986K [0x0000000080000000, 0x00000000bfe00000, 0x00000008d5580000)
  object space 1046528K, 76% used [0x0000000080000000,0x00000000b0b48ba0,0x00000000bfe00000)
 Metaspace       used 6604K, capacity 6920K, committed 7168K, reserved 8192K
Event: 52.248 GC heap after
Heap after GC invocations=28 (full 5):
 PSYoungGen      total 1016832K, used 301971K [0x00000008d5580000, 0x0000000934080000, 0x0000000d00000000)
  eden space 641024K, 0% used [0x00000008d5580000,0x00000008d5580000,0x00000008fc780000)
  from space 375808K, 80% used [0x00000008fc780000,0x000000090ee64c58,0x0000000913680000)
  to   space 412672K, 0% used [0x000000091ad80000,0x000000091ad80000,0x0000000934080000)
 ParOldGen       total 1046528K, used 797986K [0x0000000080000000, 0x00000000bfe00000, 0x00000008d5580000)
  object space 1046528K, 76% used [0x0000000080000000,0x00000000b0b48ba0,0x00000000bfe00000)
 Metaspace       used 6604K, capacity 6920K, committed 7168K, reserved 8192K
}
Event: 55.220 GC heap before
{Heap before GC invocations=29 (full 5):
 PSYoungGen      total 1016832K, used 942995K [0x00000008d5580000, 0x0000000934080000, 0x0000000d00000000)
  eden space 641024K, 100% used [0x00000008d5580000,0x00000008fc780000,0x00000008fc780000)
  from space 375808K, 80% used [0x00000008fc780000,0x000000090ee64c58,0x0000000913680000)
  to   space 412672K, 0% used [0x000000091ad80000,0x000000091ad80000,0x0000000934080000)
 ParOldGen       total 1046528K, used 797986K [0x0000000080000000, 0x00000000bfe00000, 0x00000008d5580000)
  object space 1046528K, 76% used [0x0000000080000000,0x00000000b0b48ba0,0x00000000bfe00000)
 Metaspace       used 6604K, capacity 6920K, committed 7168K, reserved 8192K
Event: 55.626 GC heap after
Heap after GC invocations=29 (full 5):
 PSYoungGen      total 1073152K, used 402475K [0x00000008d5580000, 0x000000093bf00000, 0x0000000d00000000)
  eden space 660480K, 0% used [0x00000008d5580000,0x00000008d5580000,0x00000008fda80000)
  from space 412672K, 97% used [0x000000091ad80000,0x000000093368ae58,0x0000000934080000)
  to   space 478208K, 0% used [0x00000008fda80000,0x00000008fda80000,0x000000091ad80000)
 ParOldGen       total 1046528K, used 797986K [0x0000000080000000, 0x00000000bfe00000, 0x00000008d5580000)
  object space 1046528K, 76% used [0x0000000080000000,0x00000000b0b48ba0,0x00000000bfe00000)
 Metaspace       used 6604K, capacity 6920K, committed 7168K, reserved 8192K
}
Event: 58.010 GC heap before
{Heap before GC invocations=30 (full 5):
 PSYoungGen      total 1073152K, used 1062955K [0x00000008d5580000, 0x000000093bf00000, 0x0000000d00000000)
  eden space 660480K, 100% used [0x00000008d5580000,0x00000008fda80000,0x00000008fda80000)
  from space 412672K, 97% used [0x000000091ad80000,0x000000093368ae58,0x0000000934080000)
  to   space 478208K, 0% used [0x00000008fda80000,0x00000008fda80000,0x000000091ad80000)
 ParOldGen       total 1046528K, used 797986K [0x0000000080000000, 0x00000000bfe00000, 0x00000008d5580000)
  object space 1046528K, 76% used [0x0000000080000000,0x00000000b0b48ba0,0x00000000bfe00000)
 Metaspace       used 6712K, capacity 6984K, committed 7168K, reserved 8192K
Event: 58.442 GC heap after
Heap after GC invocations=30 (full 5):
 PSYoungGen      total 1138688K, used 478205K [0x00000008d5580000, 0x0000000947180000, 0x0000000d00000000)
  eden space 660480K, 0% used [0x00000008d5580000,0x00000008d5580000,0x00000008fda80000)
  from space 478208K, 99% used [0x00000008fda80000,0x000000091ad7f7b0,0x000000091ad80000)
  to   space 568320K, 0% used [0x0000000924680000,0x0000000924680000,0x0000000947180000)
 ParOldGen       total 1046528K, used 825160K [0x0000000080000000, 0x00000000bfe00000, 0x00000008d5580000)
  object space 1046528K, 78% used [0x0000000080000000,0x00000000b25d23e8,0x00000000bfe00000)
 Metaspace       used 6712K, capacity 6984K, committed 7168K, reserved 8192K
}
Event: 60.974 GC heap before
{Heap before GC invocations=31 (full 5):
 PSYoungGen      total 1138688K, used 1138685K [0x00000008d5580000, 0x0000000947180000, 0x0000000d00000000)
  eden space 660480K, 100% used [0x00000008d5580000,0x00000008fda80000,0x00000008fda80000)
  from space 478208K, 99% used [0x00000008fda80000,0x000000091ad7f7b0,0x000000091ad80000)
  to   space 568320K, 0% used [0x0000000924680000,0x0000000924680000,0x0000000947180000)
 ParOldGen       total 1046528K, used 825160K [0x0000000080000000, 0x00000000bfe00000, 0x00000008d5580000)
  object space 1046528K, 78% used [0x0000000080000000,0x00000000b25d23e8,0x00000000bfe00000)
 Metaspace       used 6868K, capacity 7112K, committed 7168K, reserved 8192K
Event: 61.559 GC heap after
Heap after GC invocations=31 (full 5):
 PSYoungGen      total 1239552K, used 459540K [0x00000008d5580000, 0x000000094e200000, 0x0000000d00000000)
  eden space 671232K, 0% used [0x00000008d5580000,0x00000008d5580000,0x00000008fe500000)
  from space 568320K, 80% used [0x0000000924680000,0x0000000940745350,0x0000000947180000)
  to   space 624128K, 0% used [0x00000008fe500000,0x00000008fe500000,0x0000000924680000)
 ParOldGen       total 1046528K, used 959610K [0x0000000080000000, 0x00000000bfe00000, 0x00000008d5580000)
  object space 1046528K, 91% used [0x0000000080000000,0x00000000ba91e968,0x00000000bfe00000)
 Metaspace       used 6868K, capacity 7112K, committed 7168K, reserved 8192K
}
Event: 61.559 GC heap before
{Heap before GC invocations=32 (full 6):
 PSYoungGen      total 1239552K, used 459540K [0x00000008d5580000, 0x000000094e200000, 0x0000000d00000000)
  eden space 671232K, 0% used [0x00000008d5580000,0x00000008d5580000,0x00000008fe500000)
  from space 568320K, 80% used [0x0000000924680000,0x0000000940745350,0x0000000947180000)
  to   space 624128K, 0% used [0x00000008fe500000,0x00000008fe500000,0x0000000924680000)
 ParOldGen       total 1046528K, used 959610K [0x0000000080000000, 0x00000000bfe00000, 0x00000008d5580000)
  object space 1046528K, 91% used [0x0000000080000000,0x00000000ba91e968,0x00000000bfe00000)
 Metaspace       used 6868K, capacity 7112K, committed 7168K, reserved 8192K
Event: 70.518 GC heap after
Heap after GC invocations=32 (full 6):
 PSYoungGen      total 1239552K, used 305733K [0x00000008d5580000, 0x000000094e200000, 0x0000000d00000000)
  eden space 671232K, 0% used [0x00000008d5580000,0x00000008d5580000,0x00000008fe500000)
  from space 568320K, 53% used [0x0000000924680000,0x00000009371117b0,0x0000000947180000)
  to   space 624128K, 0% used [0x00000008fe500000,0x00000008fe500000,0x0000000924680000)
 ParOldGen       total 1046528K, used 1046206K [0x0000000080000000, 0x00000000bfe00000, 0x00000008d5580000)
  object space 1046528K, 99% used [0x0000000080000000,0x00000000bfdafb70,0x00000000bfe00000)
 Metaspace       used 6868K, capacity 7112K, committed 7168K, reserved 8192K
}

