# JRE version: Java(TM) SE Runtime Environment (8.0_20-b26) (build 1.8.0_20-b26)
# Java VM: Java HotSpot(TM) 64-Bit Server VM (25.20-b23 mixed mode windows-amd64 )
Heap:
 PSYoungGen      total 924672K, used 924657K [0x00000008d5580000, 0x0000000922b00000, 0x0000000d00000000)
  eden space 660992K, 100% used [0x00000008d5580000,0x00000008fdb00000,0x00000008fdb00000)
  from space 263680K, 99% used [0x0000000912980000,0x0000000922afc5d8,0x0000000922b00000)
  to   space 250880K, 21% used [0x00000008fdb00000,0x0000000900f77a38,0x000000090d000000)
 ParOldGen       total 898048K, used 697622K [0x0000000080000000, 0x00000000b6d00000, 0x00000008d5580000)
  object space 898048K, 77% used [0x0000000080000000,0x00000000aa945bd8,0x00000000b6d00000)
 Metaspace       used 6607K, capacity 6920K, committed 7168K, reserved 8192K
GC Heap History (10 events):
Event: 21.268 GC heap after
Heap after GC invocations=18 (full 3):
 PSYoungGen      total 764416K, used 195578K [0x00000008d5580000, 0x000000091b180000, 0x0000000d00000000)
  eden space 568832K, 0% used [0x00000008d5580000,0x00000008d5580000,0x00000008f8100000)
  from space 195584K, 99% used [0x00000008f8100000,0x0000000903ffe980,0x0000000904000000)
  to   space 230912K, 0% used [0x000000090d000000,0x000000090d000000,0x000000091b180000)
 ParOldGen       total 595968K, used 377617K [0x0000000080000000, 0x00000000a4600000, 0x00000008d5580000)
  object space 595968K, 63% used [0x0000000080000000,0x00000000970c4640,0x00000000a4600000)
 Metaspace       used 6591K, capacity 6920K, committed 7168K, reserved 8192K
}
Event: 23.052 GC heap before
{Heap before GC invocations=19 (full 3):
 PSYoungGen      total 764416K, used 764410K [0x00000008d5580000, 0x000000091b180000, 0x0000000d00000000)
  eden space 568832K, 100% used [0x00000008d5580000,0x00000008f8100000,0x00000008f8100000)
  from space 195584K, 99% used [0x00000008f8100000,0x0000000903ffe980,0x0000000904000000)
  to   space 230912K, 0% used [0x000000090d000000,0x000000090d000000,0x000000091b180000)
 ParOldGen       total 595968K, used 377617K [0x0000000080000000, 0x00000000a4600000, 0x00000008d5580000)
  object space 595968K, 63% used [0x0000000080000000,0x00000000970c4640,0x00000000a4600000)
 Metaspace       used 6594K, capacity 6920K, committed 7168K, reserved 8192K
Event: 23.552 GC heap after
Heap after GC invocations=19 (full 3):
 PSYoungGen      total 891904K, used 177854K [0x00000008d5580000, 0x000000091ec00000, 0x0000000d00000000)
  eden space 660992K, 0% used [0x00000008d5580000,0x00000008d5580000,0x00000008fdb00000)
  from space 230912K, 77% used [0x000000090d000000,0x0000000917daf8b8,0x000000091b180000)
  to   space 250880K, 0% used [0x00000008fdb00000,0x00000008fdb00000,0x000000090d000000)
 ParOldGen       total 595968K, used 489287K [0x0000000080000000, 0x00000000a4600000, 0x00000008d5580000)
  object space 595968K, 82% used [0x0000000080000000,0x000000009ddd1fa0,0x00000000a4600000)
 Metaspace       used 6594K, capacity 6920K, committed 7168K, reserved 8192K
}
Event: 23.552 GC heap before
{Heap before GC invocations=20 (full 4):
 PSYoungGen      total 891904K, used 177854K [0x00000008d5580000, 0x000000091ec00000, 0x0000000d00000000)
  eden space 660992K, 0% used [0x00000008d5580000,0x00000008d5580000,0x00000008fdb00000)
  from space 230912K, 77% used [0x000000090d000000,0x0000000917daf8b8,0x000000091b180000)
  to   space 250880K, 0% used [0x00000008fdb00000,0x00000008fdb00000,0x000000090d000000)
 ParOldGen       total 595968K, used 489287K [0x0000000080000000, 0x00000000a4600000, 0x00000008d5580000)
  object space 595968K, 82% used [0x0000000080000000,0x000000009ddd1fa0,0x00000000a4600000)
 Metaspace       used 6594K, capacity 6920K, committed 7168K, reserved 8192K
Event: 27.086 GC heap after
Heap after GC invocations=20 (full 4):
 PSYoungGen      total 891904K, used 66271K [0x00000008d5580000, 0x000000091ec00000, 0x0000000d00000000)
  eden space 660992K, 0% used [0x00000008d5580000,0x00000008d5580000,0x00000008fdb00000)
  from space 230912K, 28% used [0x000000090d000000,0x00000009110b7fd0,0x000000091b180000)
  to   space 250880K, 0% used [0x00000008fdb00000,0x00000008fdb00000,0x000000090d000000)
 ParOldGen       total 898048K, used 595721K [0x0000000080000000, 0x00000000b6d00000, 0x00000008d5580000)
  object space 898048K, 66% used [0x0000000080000000,0x00000000a45c2488,0x00000000b6d00000)
 Metaspace       used 6594K, capacity 6920K, committed 7168K, reserved 8192K
}
Event: 29.783 GC heap before
{Heap before GC invocations=21 (full 4):
 PSYoungGen      total 891904K, used 727263K [0x00000008d5580000, 0x000000091ec00000, 0x0000000d00000000)
  eden space 660992K, 100% used [0x00000008d5580000,0x00000008fdb00000,0x00000008fdb00000)
  from space 230912K, 28% used [0x000000090d000000,0x00000009110b7fd0,0x000000091b180000)
  to   space 250880K, 0% used [0x00000008fdb00000,0x00000008fdb00000,0x000000090d000000)
 ParOldGen       total 898048K, used 595721K [0x0000000080000000, 0x00000000b6d00000, 0x00000008d5580000)
  object space 898048K, 66% used [0x0000000080000000,0x00000000a45c2488,0x00000000b6d00000)
 Metaspace       used 6607K, capacity 6920K, committed 7168K, reserved 8192K
Event: 30.123 GC heap after
Heap after GC invocations=21 (full 4):
 PSYoungGen      total 911872K, used 169895K [0x00000008d5580000, 0x0000000922b00000, 0x0000000d00000000)
  eden space 660992K, 0% used [0x00000008d5580000,0x00000008d5580000,0x00000008fdb00000)
  from space 250880K, 67% used [0x00000008fdb00000,0x00000009080e9e38,0x000000090d000000)
  to   space 263680K, 0% used [0x0000000912980000,0x0000000912980000,0x0000000922b00000)
 ParOldGen       total 898048K, used 595721K [0x0000000080000000, 0x00000000b6d00000, 0x00000008d5580000)
  object space 898048K, 66% used [0x0000000080000000,0x00000000a45c2488,0x00000000b6d00000)
 Metaspace       used 6607K, capacity 6920K, committed 7168K, reserved 8192K
}
Event: 32.544 GC heap before
{Heap before GC invocations=22 (full 4):
 PSYoungGen      total 911872K, used 830887K [0x00000008d5580000, 0x0000000922b00000, 0x0000000d00000000)
  eden space 660992K, 100% used [0x00000008d5580000,0x00000008fdb00000,0x00000008fdb00000)
  from space 250880K, 67% used [0x00000008fdb00000,0x00000009080e9e38,0x000000090d000000)
  to   space 263680K, 0% used [0x0000000912980000,0x0000000912980000,0x0000000922b00000)
 ParOldGen       total 898048K, used 595721K [0x0000000080000000, 0x00000000b6d00000, 0x00000008d5580000)
  object space 898048K, 66% used [0x0000000080000000,0x00000000a45c2488,0x00000000b6d00000)
 Metaspace       used 6607K, capacity 6920K, committed 7168K, reserved 8192K
Event: 32.959 GC heap after
Heap after GC invocations=22 (full 4):
 PSYoungGen      total 924672K, used 263665K [0x00000008d5580000, 0x0000000922b00000, 0x0000000d00000000)
  eden space 660992K, 0% used [0x00000008d5580000,0x00000008d5580000,0x00000008fdb00000)
  from space 263680K, 99% used [0x0000000912980000,0x0000000922afc5d8,0x0000000922b00000)
  to   space 250880K, 0% used [0x00000008fdb00000,0x00000008fdb00000,0x000000090d000000)
 ParOldGen       total 898048K, used 681687K [0x0000000080000000, 0x00000000b6d00000, 0x00000008d5580000)
  object space 898048K, 75% used [0x0000000080000000,0x00000000a99b5e70,0x00000000b6d00000)
 Metaspace       used 6607K, capacity 6920K, committed 7168K, reserved 8192K
}
Event: 35.787 GC heap before
{Heap before GC invocations=23 (full 4):
 PSYoungGen      total 924672K, used 924657K [0x00000008d5580000, 0x0000000922b00000, 0x0000000d00000000)
  eden space 660992K, 100% used [0x00000008d5580000,0x00000008fdb00000,0x00000008fdb00000)
  from space 263680K, 99% used [0x0000000912980000,0x0000000922afc5d8,0x0000000922b00000)
  to   space 250880K, 0% used [0x00000008fdb00000,0x00000008fdb00000,0x000000090d000000)
 ParOldGen       total 898048K, used 681687K [0x0000000080000000, 0x00000000b6d00000, 0x00000008d5580000)
  object space 898048K, 75% used [0x0000000080000000,0x00000000a99b5e70,0x00000000b6d00000)
 Metaspace       used 6607K, capacity 6920K, committed 7168K, reserved 8192K

