# JRE version: Java(TM) SE Runtime Environment (8.0_20-b26) (build 1.8.0_20-b26)
# Java VM: Java HotSpot(TM) 64-Bit Server VM (25.20-b23 mixed mode windows-amd64 )
Heap:
 PSYoungGen      total 1078272K, used 798720K [0x00000008d5580000, 0x0000000939d80000, 0x0000000d00000000)
  eden space 798720K, 100% used [0x00000008d5580000,0x0000000906180000,0x0000000906180000)
  from space 279552K, 0% used [0x0000000906180000,0x0000000906180000,0x0000000917280000)
  to   space 374272K, 0% used [0x0000000923000000,0x0000000923000000,0x0000000939d80000)
 ParOldGen       total 786944K, used 786743K [0x0000000080000000, 0x00000000b0080000, 0x00000008d5580000)
  object space 786944K, 99% used [0x0000000080000000,0x00000000b004dfc0,0x00000000b0080000)
 Metaspace       used 7006K, capacity 7240K, committed 7424K, reserved 8192K
GC Heap History (10 events):
Event: 39.372 GC heap before
{Heap before GC invocations=25 (full 8):
 PSYoungGen      total 1078272K, used 798720K [0x00000008d5580000, 0x0000000939d80000, 0x0000000d00000000)
  eden space 798720K, 100% used [0x00000008d5580000,0x0000000906180000,0x0000000906180000)
  from space 279552K, 0% used [0x0000000906180000,0x0000000906180000,0x0000000917280000)
  to   space 374272K, 0% used [0x0000000923000000,0x0000000923000000,0x0000000939d80000)
 ParOldGen       total 786944K, used 786872K [0x0000000080000000, 0x00000000b0080000, 0x00000008d5580000)
  object space 786944K, 99% used [0x0000000080000000,0x00000000b006e3d0,0x00000000b0080000)
 Metaspace       used 6672K, capacity 6920K, committed 7168K, reserved 8192K
Event: 43.956 GC heap after
Heap after GC invocations=25 (full 8):
 PSYoungGen      total 1078272K, used 396372K [0x00000008d5580000, 0x0000000939d80000, 0x0000000d00000000)
  eden space 798720K, 49% used [0x00000008d5580000,0x00000008ed895278,0x0000000906180000)
  from space 279552K, 0% used [0x0000000906180000,0x0000000906180000,0x0000000917280000)
  to   space 374272K, 0% used [0x0000000923000000,0x0000000923000000,0x0000000939d80000)
 ParOldGen       total 786944K, used 786782K [0x0000000080000000, 0x00000000b0080000, 0x00000008d5580000)
  object space 786944K, 99% used [0x0000000080000000,0x00000000b0057b28,0x00000000b0080000)
 Metaspace       used 6672K, capacity 6920K, committed 7168K, reserved 8192K
}
Event: 44.657 GC heap before
{Heap before GC invocations=26 (full 9):
 PSYoungGen      total 1078272K, used 798720K [0x00000008d5580000, 0x0000000939d80000, 0x0000000d00000000)
  eden space 798720K, 100% used [0x00000008d5580000,0x0000000906180000,0x0000000906180000)
  from space 279552K, 0% used [0x0000000906180000,0x0000000906180000,0x0000000917280000)
  to   space 374272K, 0% used [0x0000000923000000,0x0000000923000000,0x0000000939d80000)
 ParOldGen       total 786944K, used 786782K [0x0000000080000000, 0x00000000b0080000, 0x00000008d5580000)
  object space 786944K, 99% used [0x0000000080000000,0x00000000b0057b28,0x00000000b0080000)
 Metaspace       used 6706K, capacity 6984K, committed 7168K, reserved 8192K
Event: 49.216 GC heap after
Heap after GC invocations=26 (full 9):
 PSYoungGen      total 1078272K, used 447297K [0x00000008d5580000, 0x0000000939d80000, 0x0000000d00000000)
  eden space 798720K, 56% used [0x00000008d5580000,0x00000008f0a507c8,0x0000000906180000)
  from space 279552K, 0% used [0x0000000906180000,0x0000000906180000,0x0000000917280000)
  to   space 374272K, 0% used [0x0000000923000000,0x0000000923000000,0x0000000939d80000)
 ParOldGen       total 786944K, used 786832K [0x0000000080000000, 0x00000000b0080000, 0x00000008d5580000)
  object space 786944K, 99% used [0x0000000080000000,0x00000000b0064328,0x00000000b0080000)
 Metaspace       used 6706K, capacity 6984K, committed 7168K, reserved 8192K
}
Event: 49.932 GC heap before
{Heap before GC invocations=27 (full 10):
 PSYoungGen      total 1078272K, used 798720K [0x00000008d5580000, 0x0000000939d80000, 0x0000000d00000000)
  eden space 798720K, 100% used [0x00000008d5580000,0x0000000906180000,0x0000000906180000)
  from space 279552K, 0% used [0x0000000906180000,0x0000000906180000,0x0000000917280000)
  to   space 374272K, 0% used [0x0000000923000000,0x0000000923000000,0x0000000939d80000)
 ParOldGen       total 786944K, used 786832K [0x0000000080000000, 0x00000000b0080000, 0x00000008d5580000)
  object space 786944K, 99% used [0x0000000080000000,0x00000000b0064328,0x00000000b0080000)
 Metaspace       used 6716K, capacity 6984K, committed 7168K, reserved 8192K
Event: 52.676 GC heap after
Heap after GC invocations=27 (full 10):
 PSYoungGen      total 1078272K, used 502434K [0x00000008d5580000, 0x0000000939d80000, 0x0000000d00000000)
  eden space 798720K, 62% used [0x00000008d5580000,0x00000008f4028b58,0x0000000906180000)
  from space 279552K, 0% used [0x0000000906180000,0x0000000906180000,0x0000000917280000)
  to   space 374272K, 0% used [0x0000000923000000,0x0000000923000000,0x0000000939d80000)
 ParOldGen       total 786944K, used 786757K [0x0000000080000000, 0x00000000b0080000, 0x00000008d5580000)
  object space 786944K, 99% used [0x0000000080000000,0x00000000b0051728,0x00000000b0080000)
 Metaspace       used 6716K, capacity 6984K, committed 7168K, reserved 8192K
}
Event: 53.029 GC heap before
{Heap before GC invocations=28 (full 11):
 PSYoungGen      total 1078272K, used 798720K [0x00000008d5580000, 0x0000000939d80000, 0x0000000d00000000)
  eden space 798720K, 100% used [0x00000008d5580000,0x0000000906180000,0x0000000906180000)
  from space 279552K, 0% used [0x0000000906180000,0x0000000906180000,0x0000000917280000)
  to   space 374272K, 0% used [0x0000000923000000,0x0000000923000000,0x0000000939d80000)
 ParOldGen       total 786944K, used 786757K [0x0000000080000000, 0x00000000b0080000, 0x00000008d5580000)
  object space 786944K, 99% used [0x0000000080000000,0x00000000b0051728,0x00000000b0080000)
 Metaspace       used 6716K, capacity 6984K, committed 7168K, reserved 8192K
Event: 55.795 GC heap after
Heap after GC invocations=28 (full 11):
 PSYoungGen      total 1078272K, used 548710K [0x00000008d5580000, 0x0000000939d80000, 0x0000000d00000000)
  eden space 798720K, 68% used [0x00000008d5580000,0x00000008f6d599f8,0x0000000906180000)
  from space 279552K, 0% used [0x0000000906180000,0x0000000906180000,0x0000000917280000)
  to   space 374272K, 0% used [0x0000000923000000,0x0000000923000000,0x0000000939d80000)
 ParOldGen       total 786944K, used 786754K [0x0000000080000000, 0x00000000b0080000, 0x00000008d5580000)
  object space 786944K, 99% used [0x0000000080000000,0x00000000b0050b40,0x00000000b0080000)
 Metaspace       used 6716K, capacity 6984K, committed 7168K, reserved 8192K
}
Event: 56.388 GC heap before
{Heap before GC invocations=29 (full 12):
 PSYoungGen      total 1078272K, used 798720K [0x00000008d5580000, 0x0000000939d80000, 0x0000000d00000000)
  eden space 798720K, 100% used [0x00000008d5580000,0x0000000906180000,0x0000000906180000)
  from space 279552K, 0% used [0x0000000906180000,0x0000000906180000,0x0000000917280000)
  to   space 374272K, 0% used [0x0000000923000000,0x0000000923000000,0x0000000939d80000)
 ParOldGen       total 786944K, used 786754K [0x0000000080000000, 0x00000000b0080000, 0x00000008d5580000)
  object space 786944K, 99% used [0x0000000080000000,0x00000000b0050b40,0x00000000b0080000)
 Metaspace       used 6750K, capacity 6984K, committed 7168K, reserved 8192K
Event: 59.779 GC heap after
Heap after GC invocations=29 (full 12):
 PSYoungGen      total 1078272K, used 574162K [0x00000008d5580000, 0x0000000939d80000, 0x0000000d00000000)
  eden space 798720K, 71% used [0x00000008d5580000,0x00000008f8634840,0x0000000906180000)
  from space 279552K, 0% used [0x0000000906180000,0x0000000906180000,0x0000000917280000)
  to   space 374272K, 0% used [0x0000000923000000,0x0000000923000000,0x0000000939d80000)
 ParOldGen       total 786944K, used 786743K [0x0000000080000000, 0x00000000b0080000, 0x00000008d5580000)
  object space 786944K, 99% used [0x0000000080000000,0x00000000b004dfc0,0x00000000b0080000)
 Metaspace       used 6750K, capacity 6984K, committed 7168K, reserved 8192K
}

