# JRE version: Java(TM) SE Runtime Environment (8.0_20-b26) (build 1.8.0_20-b26)
# Java VM: Java HotSpot(TM) 64-Bit Server VM (25.20-b23 mixed mode windows-amd64 )
Heap:
 PSYoungGen      total 962048K, used 686080K [0x00000008d5580000, 0x0000000926880000, 0x0000000d00000000)
  eden space 686080K, 100% used [0x00000008d5580000,0x00000008ff380000,0x00000008ff380000)
  from space 275968K, 0% used [0x0000000915b00000,0x0000000915b00000,0x0000000926880000)
  to   space 257536K, 0% used [0x00000008ff380000,0x00000008ff380000,0x000000090ef00000)
 ParOldGen       total 890368K, used 890140K [0x0000000080000000, 0x00000000b6580000, 0x00000008d5580000)
  object space 890368K, 99% used [0x0000000080000000,0x00000000b65470a8,0x00000000b6580000)
 Metaspace       used 7006K, capacity 7240K, committed 7424K, reserved 8192K
GC Heap History (10 events):
Event: 45.023 GC heap after
Heap after GC invocations=27 (full 9):
 PSYoungGen      total 962048K, used 264561K [0x00000008d5580000, 0x0000000926880000, 0x0000000d00000000)
  eden space 686080K, 38% used [0x00000008d5580000,0x00000008e57dc470,0x00000008ff380000)
  from space 275968K, 0% used [0x0000000915b00000,0x0000000915b00000,0x0000000926880000)
  to   space 257536K, 0% used [0x00000008ff380000,0x00000008ff380000,0x000000090ef00000)
 ParOldGen       total 890368K, used 890062K [0x0000000080000000, 0x00000000b6580000, 0x00000008d5580000)
  object space 890368K, 99% used [0x0000000080000000,0x00000000b6533800,0x00000000b6580000)
 Metaspace       used 6597K, capacity 6920K, committed 7168K, reserved 8192K
}
Event: 45.823 GC heap before
{Heap before GC invocations=28 (full 10):
 PSYoungGen      total 962048K, used 686080K [0x00000008d5580000, 0x0000000926880000, 0x0000000d00000000)
  eden space 686080K, 100% used [0x00000008d5580000,0x00000008ff380000,0x00000008ff380000)
  from space 275968K, 0% used [0x0000000915b00000,0x0000000915b00000,0x0000000926880000)
  to   space 257536K, 0% used [0x00000008ff380000,0x00000008ff380000,0x000000090ef00000)
 ParOldGen       total 890368K, used 890062K [0x0000000080000000, 0x00000000b6580000, 0x00000008d5580000)
  object space 890368K, 99% used [0x0000000080000000,0x00000000b6533800,0x00000000b6580000)
 Metaspace       used 6667K, capacity 6920K, committed 7168K, reserved 8192K
Event: 50.798 GC heap after
Heap after GC invocations=28 (full 10):
 PSYoungGen      total 962048K, used 319234K [0x00000008d5580000, 0x0000000926880000, 0x0000000d00000000)
  eden space 686080K, 46% used [0x00000008d5580000,0x00000008e8d40888,0x00000008ff380000)
  from space 275968K, 0% used [0x0000000915b00000,0x0000000915b00000,0x0000000926880000)
  to   space 257536K, 0% used [0x00000008ff380000,0x00000008ff380000,0x000000090ef00000)
 ParOldGen       total 890368K, used 890358K [0x0000000080000000, 0x00000000b6580000, 0x00000008d5580000)
  object space 890368K, 99% used [0x0000000080000000,0x00000000b657db60,0x00000000b6580000)
 Metaspace       used 6667K, capacity 6920K, committed 7168K, reserved 8192K
}
Event: 51.618 GC heap before
{Heap before GC invocations=29 (full 11):
 PSYoungGen      total 962048K, used 686080K [0x00000008d5580000, 0x0000000926880000, 0x0000000d00000000)
  eden space 686080K, 100% used [0x00000008d5580000,0x00000008ff380000,0x00000008ff380000)
  from space 275968K, 0% used [0x0000000915b00000,0x0000000915b00000,0x0000000926880000)
  to   space 257536K, 0% used [0x00000008ff380000,0x00000008ff380000,0x000000090ef00000)
 ParOldGen       total 890368K, used 890358K [0x0000000080000000, 0x00000000b6580000, 0x00000008d5580000)
  object space 890368K, 99% used [0x0000000080000000,0x00000000b657db60,0x00000000b6580000)
 Metaspace       used 6704K, capacity 6984K, committed 7168K, reserved 8192K
Event: 57.519 GC heap after
Heap after GC invocations=29 (full 11):
 PSYoungGen      total 962048K, used 371647K [0x00000008d5580000, 0x0000000926880000, 0x0000000d00000000)
  eden space 686080K, 54% used [0x00000008d5580000,0x00000008ec06fc58,0x00000008ff380000)
  from space 275968K, 0% used [0x0000000915b00000,0x0000000915b00000,0x0000000926880000)
  to   space 257536K, 0% used [0x00000008ff380000,0x00000008ff380000,0x000000090ef00000)
 ParOldGen       total 890368K, used 890154K [0x0000000080000000, 0x00000000b6580000, 0x00000008d5580000)
  object space 890368K, 99% used [0x0000000080000000,0x00000000b654a930,0x00000000b6580000)
 Metaspace       used 6704K, capacity 6984K, committed 7168K, reserved 8192K
}
Event: 58.054 GC heap before
{Heap before GC invocations=30 (full 12):
 PSYoungGen      total 962048K, used 686080K [0x00000008d5580000, 0x0000000926880000, 0x0000000d00000000)
  eden space 686080K, 100% used [0x00000008d5580000,0x00000008ff380000,0x00000008ff380000)
  from space 275968K, 0% used [0x0000000915b00000,0x0000000915b00000,0x0000000926880000)
  to   space 257536K, 0% used [0x00000008ff380000,0x00000008ff380000,0x000000090ef00000)
 ParOldGen       total 890368K, used 890154K [0x0000000080000000, 0x00000000b6580000, 0x00000008d5580000)
  object space 890368K, 99% used [0x0000000080000000,0x00000000b654a930,0x00000000b6580000)
 Metaspace       used 6704K, capacity 6984K, committed 7168K, reserved 8192K
Event: 60.996 GC heap after
Heap after GC invocations=30 (full 12):
 PSYoungGen      total 962048K, used 420817K [0x00000008d5580000, 0x0000000926880000, 0x0000000d00000000)
  eden space 686080K, 61% used [0x00000008d5580000,0x00000008ef074758,0x00000008ff380000)
  from space 275968K, 0% used [0x0000000915b00000,0x0000000915b00000,0x0000000926880000)
  to   space 257536K, 0% used [0x00000008ff380000,0x00000008ff380000,0x000000090ef00000)
 ParOldGen       total 890368K, used 890152K [0x0000000080000000, 0x00000000b6580000, 0x00000008d5580000)
  object space 890368K, 99% used [0x0000000080000000,0x00000000b654a2d0,0x00000000b6580000)
 Metaspace       used 6704K, capacity 6984K, committed 7168K, reserved 8192K
}
Event: 61.603 GC heap before
{Heap before GC invocations=31 (full 13):
 PSYoungGen      total 962048K, used 686080K [0x00000008d5580000, 0x0000000926880000, 0x0000000d00000000)
  eden space 686080K, 100% used [0x00000008d5580000,0x00000008ff380000,0x00000008ff380000)
  from space 275968K, 0% used [0x0000000915b00000,0x0000000915b00000,0x0000000926880000)
  to   space 257536K, 0% used [0x00000008ff380000,0x00000008ff380000,0x000000090ef00000)
 ParOldGen       total 890368K, used 890152K [0x0000000080000000, 0x00000000b6580000, 0x00000008d5580000)
  object space 890368K, 99% used [0x0000000080000000,0x00000000b654a2d0,0x00000000b6580000)
 Metaspace       used 6739K, capacity 6984K, committed 7168K, reserved 8192K
Event: 64.791 GC heap after
Heap after GC invocations=31 (full 13):
 PSYoungGen      total 962048K, used 452699K [0x00000008d5580000, 0x0000000926880000, 0x0000000d00000000)
  eden space 686080K, 65% used [0x00000008d5580000,0x00000008f0f96ef8,0x00000008ff380000)
  from space 275968K, 0% used [0x0000000915b00000,0x0000000915b00000,0x0000000926880000)
  to   space 257536K, 0% used [0x00000008ff380000,0x00000008ff380000,0x000000090ef00000)
 ParOldGen       total 890368K, used 890140K [0x0000000080000000, 0x00000000b6580000, 0x00000008d5580000)
  object space 890368K, 99% used [0x0000000080000000,0x00000000b65470a8,0x00000000b6580000)
 Metaspace       used 6739K, capacity 6984K, committed 7168K, reserved 8192K
}
Event: 66.135 GC heap before
{Heap before GC invocations=32 (full 14):
 PSYoungGen      total 962048K, used 686080K [0x00000008d5580000, 0x0000000926880000, 0x0000000d00000000)
  eden space 686080K, 100% used [0x00000008d5580000,0x00000008ff380000,0x00000008ff380000)
  from space 275968K, 0% used [0x0000000915b00000,0x0000000915b00000,0x0000000926880000)
  to   space 257536K, 0% used [0x00000008ff380000,0x00000008ff380000,0x000000090ef00000)
 ParOldGen       total 890368K, used 890140K [0x0000000080000000, 0x00000000b6580000, 0x00000008d5580000)
  object space 890368K, 99% used [0x0000000080000000,0x00000000b65470a8,0x00000000b6580000)
 Metaspace       used 7006K, capacity 7240K, committed 7424K, reserved 8192K

