# JRE version: Java(TM) SE Runtime Environment (8.0_20-b26) (build 1.8.0_20-b26)
# Java VM: Java HotSpot(TM) 64-Bit Server VM (25.20-b23 mixed mode windows-amd64 )
Heap:
 PSYoungGen      total 1078784K, used 1078760K [0x00000008d5580000, 0x000000092f500000, 0x0000000d00000000)
  eden space 718848K, 100% used [0x00000008d5580000,0x0000000901380000,0x0000000901380000)
  from space 359936K, 99% used [0x0000000901380000,0x00000009172fa340,0x0000000917300000)
  to   space 307712K, 96% used [0x0000000917300000,0x0000000929426fe8,0x0000000929f80000)
 ParOldGen       total 896512K, used 870383K [0x0000000080000000, 0x00000000b6b80000, 0x00000008d5580000)
  object space 896512K, 97% used [0x0000000080000000,0x00000000b51fdcf0,0x00000000b6b80000)
 Metaspace       used 6663K, capacity 6920K, committed 7168K, reserved 8192K
GC Heap History (10 events):
Event: 24.815 GC heap before
{Heap before GC invocations=21 (full 4):
 PSYoungGen      total 909824K, used 249852K [0x00000008d5580000, 0x0000000929f80000, 0x0000000d00000000)
  eden space 659968K, 0% used [0x00000008d5580000,0x00000008d5580000,0x00000008fda00000)
  from space 249856K, 99% used [0x00000008fda00000,0x000000090cdff140,0x000000090ce00000)
  to   space 307712K, 0% used [0x0000000917300000,0x0000000917300000,0x0000000929f80000)
 ParOldGen       total 604672K, used 537048K [0x0000000080000000, 0x00000000a4e80000, 0x00000008d5580000)
  object space 604672K, 88% used [0x0000000080000000,0x00000000a0c76348,0x00000000a4e80000)
 Metaspace       used 6592K, capacity 6920K, committed 7168K, reserved 8192K
Event: 27.974 GC heap after
Heap after GC invocations=21 (full 4):
 PSYoungGen      total 909824K, used 178404K [0x00000008d5580000, 0x0000000929f80000, 0x0000000d00000000)
  eden space 659968K, 0% used [0x00000008d5580000,0x00000008d5580000,0x00000008fda00000)
  from space 249856K, 71% used [0x00000008fda00000,0x0000000908839168,0x000000090ce00000)
  to   space 307712K, 0% used [0x0000000917300000,0x0000000917300000,0x0000000929f80000)
 ParOldGen       total 896512K, used 604421K [0x0000000080000000, 0x00000000b6b80000, 0x00000008d5580000)
  object space 896512K, 67% used [0x0000000080000000,0x00000000a4e415c0,0x00000000b6b80000)
 Metaspace       used 6592K, capacity 6920K, committed 7168K, reserved 8192K
}
Event: 29.596 GC heap before
{Heap before GC invocations=22 (full 4):
 PSYoungGen      total 909824K, used 838372K [0x00000008d5580000, 0x0000000929f80000, 0x0000000d00000000)
  eden space 659968K, 100% used [0x00000008d5580000,0x00000008fda00000,0x00000008fda00000)
  from space 249856K, 71% used [0x00000008fda00000,0x0000000908839168,0x000000090ce00000)
  to   space 307712K, 0% used [0x0000000917300000,0x0000000917300000,0x0000000929f80000)
 ParOldGen       total 896512K, used 604421K [0x0000000080000000, 0x00000000b6b80000, 0x00000008d5580000)
  object space 896512K, 67% used [0x0000000080000000,0x00000000a4e415c0,0x00000000b6b80000)
 Metaspace       used 6592K, capacity 6920K, committed 7168K, reserved 8192K
Event: 30.145 GC heap after
Heap after GC invocations=22 (full 4):
 PSYoungGen      total 1026560K, used 305676K [0x00000008d5580000, 0x000000092f500000, 0x0000000d00000000)
  eden space 718848K, 0% used [0x00000008d5580000,0x00000008d5580000,0x0000000901380000)
  from space 307712K, 99% used [0x0000000917300000,0x0000000929d83250,0x0000000929f80000)
  to   space 359936K, 0% used [0x0000000901380000,0x0000000901380000,0x0000000917300000)
 ParOldGen       total 896512K, used 714009K [0x0000000080000000, 0x00000000b6b80000, 0x00000008d5580000)
  object space 896512K, 79% used [0x0000000080000000,0x00000000ab946478,0x00000000b6b80000)
 Metaspace       used 6592K, capacity 6920K, committed 7168K, reserved 8192K
}
Event: 32.134 GC heap before
{Heap before GC invocations=23 (full 4):
 PSYoungGen      total 1026560K, used 1024524K [0x00000008d5580000, 0x000000092f500000, 0x0000000d00000000)
  eden space 718848K, 100% used [0x00000008d5580000,0x0000000901380000,0x0000000901380000)
  from space 307712K, 99% used [0x0000000917300000,0x0000000929d83250,0x0000000929f80000)
  to   space 359936K, 0% used [0x0000000901380000,0x0000000901380000,0x0000000917300000)
 ParOldGen       total 896512K, used 714009K [0x0000000080000000, 0x00000000b6b80000, 0x00000008d5580000)
  object space 896512K, 79% used [0x0000000080000000,0x00000000ab946478,0x00000000b6b80000)
 Metaspace       used 6592K, capacity 6920K, committed 7168K, reserved 8192K
Event: 32.437 GC heap after
Heap after GC invocations=23 (full 4):
 PSYoungGen      total 1078784K, used 338142K [0x00000008d5580000, 0x000000092f500000, 0x0000000d00000000)
  eden space 718848K, 0% used [0x00000008d5580000,0x00000008d5580000,0x0000000901380000)
  from space 359936K, 93% used [0x0000000901380000,0x0000000915db7898,0x0000000917300000)
  to   space 307712K, 0% used [0x0000000917300000,0x0000000917300000,0x0000000929f80000)
 ParOldGen       total 896512K, used 714009K [0x0000000080000000, 0x00000000b6b80000, 0x00000008d5580000)
  object space 896512K, 79% used [0x0000000080000000,0x00000000ab946478,0x00000000b6b80000)
 Metaspace       used 6592K, capacity 6920K, committed 7168K, reserved 8192K
}
Event: 33.885 GC heap before
{Heap before GC invocations=24 (full 4):
 PSYoungGen      total 1078784K, used 1056990K [0x00000008d5580000, 0x000000092f500000, 0x0000000d00000000)
  eden space 718848K, 100% used [0x00000008d5580000,0x0000000901380000,0x0000000901380000)
  from space 359936K, 93% used [0x0000000901380000,0x0000000915db7898,0x0000000917300000)
  to   space 307712K, 0% used [0x0000000917300000,0x0000000917300000,0x0000000929f80000)
 ParOldGen       total 896512K, used 714009K [0x0000000080000000, 0x00000000b6b80000, 0x00000008d5580000)
  object space 896512K, 79% used [0x0000000080000000,0x00000000ab946478,0x00000000b6b80000)
 Metaspace       used 6592K, capacity 6920K, committed 7168K, reserved 8192K
Event: 34.124 GC heap after
Heap after GC invocations=24 (full 4):
 PSYoungGen      total 1026560K, used 293458K [0x00000008d5580000, 0x000000092f500000, 0x0000000d00000000)
  eden space 718848K, 0% used [0x00000008d5580000,0x00000008d5580000,0x0000000901380000)
  from space 307712K, 95% used [0x0000000917300000,0x0000000929194850,0x0000000929f80000)
  to   space 359936K, 0% used [0x0000000901380000,0x0000000901380000,0x0000000917300000)
 ParOldGen       total 896512K, used 714009K [0x0000000080000000, 0x00000000b6b80000, 0x00000008d5580000)
  object space 896512K, 79% used [0x0000000080000000,0x00000000ab946478,0x00000000b6b80000)
 Metaspace       used 6592K, capacity 6920K, committed 7168K, reserved 8192K
}
Event: 35.264 GC heap before
{Heap before GC invocations=25 (full 4):
 PSYoungGen      total 1026560K, used 1012306K [0x00000008d5580000, 0x000000092f500000, 0x0000000d00000000)
  eden space 718848K, 100% used [0x00000008d5580000,0x0000000901380000,0x0000000901380000)
  from space 307712K, 95% used [0x0000000917300000,0x0000000929194850,0x0000000929f80000)
  to   space 359936K, 0% used [0x0000000901380000,0x0000000901380000,0x0000000917300000)
 ParOldGen       total 896512K, used 714009K [0x0000000080000000, 0x00000000b6b80000, 0x00000008d5580000)
  object space 896512K, 79% used [0x0000000080000000,0x00000000ab946478,0x00000000b6b80000)
 Metaspace       used 6593K, capacity 6920K, committed 7168K, reserved 8192K
Event: 36.112 GC heap after
Heap after GC invocations=25 (full 4):
 PSYoungGen      total 1078784K, used 359912K [0x00000008d5580000, 0x000000092f500000, 0x0000000d00000000)
  eden space 718848K, 0% used [0x00000008d5580000,0x00000008d5580000,0x0000000901380000)
  from space 359936K, 99% used [0x0000000901380000,0x00000009172fa340,0x0000000917300000)
  to   space 307712K, 0% used [0x0000000917300000,0x0000000917300000,0x0000000929f80000)
 ParOldGen       total 896512K, used 764716K [0x0000000080000000, 0x00000000b6b80000, 0x00000008d5580000)
  object space 896512K, 85% used [0x0000000080000000,0x00000000aeacb178,0x00000000b6b80000)
 Metaspace       used 6593K, capacity 6920K, committed 7168K, reserved 8192K
}

