# JRE version: Java(TM) SE Runtime Environment (8.0_20-b26) (build 1.8.0_20-b26)
# Java VM: Java HotSpot(TM) 64-Bit Server VM (25.20-b23 mixed mode windows-amd64 )
Heap:
 PSYoungGen      total 948224K, used 516200K [0x00000008d5580000, 0x0000000925680000, 0x0000000d00000000)
  eden space 707072K, 73% used [0x00000008d5580000,0x00000008f4d9a138,0x0000000900800000)
  from space 241152K, 0% used [0x0000000910b00000,0x0000000910b00000,0x000000091f680000)
  to   space 265216K, 0% used [0x0000000900800000,0x0000000900800000,0x0000000910b00000)
 ParOldGen       total 596480K, used 596348K [0x0000000080000000, 0x00000000a4680000, 0x00000008d5580000)
  object space 596480K, 99% used [0x0000000080000000,0x00000000a465f350,0x00000000a4680000)
 Metaspace       used 6597K, capacity 6920K, committed 7168K, reserved 8192K
GC Heap History (10 events):
Event: 19.735 GC heap before
{Heap before GC invocations=17 (full 3):
 PSYoungGen      total 774656K, used 153220K [0x00000008d5580000, 0x0000000914280000, 0x0000000d00000000)
  eden space 591872K, 0% used [0x00000008d5580000,0x00000008d5580000,0x00000008f9780000)
  from space 182784K, 83% used [0x0000000905e80000,0x000000090f421000,0x0000000911100000)
  to   space 203776K, 0% used [0x00000008f9780000,0x00000008f9780000,0x0000000905e80000)
 ParOldGen       total 383488K, used 360864K [0x0000000080000000, 0x0000000097680000, 0x00000008d5580000)
  object space 383488K, 94% used [0x0000000080000000,0x00000000960683f8,0x0000000097680000)
 Metaspace       used 6583K, capacity 6920K, committed 7168K, reserved 8192K
Event: 21.774 GC heap after
Heap after GC invocations=17 (full 3):
 PSYoungGen      total 774656K, used 115587K [0x00000008d5580000, 0x0000000914280000, 0x0000000d00000000)
  eden space 591872K, 0% used [0x00000008d5580000,0x00000008d5580000,0x00000008f9780000)
  from space 182784K, 63% used [0x0000000905e80000,0x000000090cf60f80,0x0000000911100000)
  to   space 203776K, 0% used [0x00000008f9780000,0x00000008f9780000,0x0000000905e80000)
 ParOldGen       total 596480K, used 383008K [0x0000000080000000, 0x00000000a4680000, 0x00000008d5580000)
  object space 596480K, 64% used [0x0000000080000000,0x00000000976083a0,0x00000000a4680000)
 Metaspace       used 6583K, capacity 6920K, committed 7168K, reserved 8192K
}
Event: 23.504 GC heap before
{Heap before GC invocations=18 (full 3):
 PSYoungGen      total 774656K, used 707459K [0x00000008d5580000, 0x0000000914280000, 0x0000000d00000000)
  eden space 591872K, 100% used [0x00000008d5580000,0x00000008f9780000,0x00000008f9780000)
  from space 182784K, 63% used [0x0000000905e80000,0x000000090cf60f80,0x0000000911100000)
  to   space 203776K, 0% used [0x00000008f9780000,0x00000008f9780000,0x0000000905e80000)
 ParOldGen       total 596480K, used 383008K [0x0000000080000000, 0x00000000a4680000, 0x00000008d5580000)
  object space 596480K, 64% used [0x0000000080000000,0x00000000976083a0,0x00000000a4680000)
 Metaspace       used 6584K, capacity 6920K, committed 7168K, reserved 8192K
Event: 23.847 GC heap after
Heap after GC invocations=18 (full 3):
 PSYoungGen      total 795648K, used 203761K [0x00000008d5580000, 0x000000091f680000, 0x0000000d00000000)
  eden space 591872K, 0% used [0x00000008d5580000,0x00000008d5580000,0x00000008f9780000)
  from space 203776K, 99% used [0x00000008f9780000,0x0000000905e7c760,0x0000000905e80000)
  to   space 241152K, 0% used [0x0000000910b00000,0x0000000910b00000,0x000000091f680000)
 ParOldGen       total 596480K, used 388543K [0x0000000080000000, 0x00000000a4680000, 0x00000008d5580000)
  object space 596480K, 65% used [0x0000000080000000,0x0000000097b6ffd0,0x00000000a4680000)
 Metaspace       used 6584K, capacity 6920K, committed 7168K, reserved 8192K
}
Event: 25.306 GC heap before
{Heap before GC invocations=19 (full 3):
 PSYoungGen      total 795648K, used 795633K [0x00000008d5580000, 0x000000091f680000, 0x0000000d00000000)
  eden space 591872K, 100% used [0x00000008d5580000,0x00000008f9780000,0x00000008f9780000)
  from space 203776K, 99% used [0x00000008f9780000,0x0000000905e7c760,0x0000000905e80000)
  to   space 241152K, 0% used [0x0000000910b00000,0x0000000910b00000,0x000000091f680000)
 ParOldGen       total 596480K, used 388543K [0x0000000080000000, 0x00000000a4680000, 0x00000008d5580000)
  object space 596480K, 65% used [0x0000000080000000,0x0000000097b6ffd0,0x00000000a4680000)
 Metaspace       used 6587K, capacity 6920K, committed 7168K, reserved 8192K
Event: 26.395 GC heap after
Heap after GC invocations=19 (full 3):
 PSYoungGen      total 948224K, used 192679K [0x00000008d5580000, 0x0000000925680000, 0x0000000d00000000)
  eden space 707072K, 0% used [0x00000008d5580000,0x00000008d5580000,0x0000000900800000)
  from space 241152K, 79% used [0x0000000910b00000,0x000000091c729e80,0x000000091f680000)
  to   space 265216K, 0% used [0x0000000900800000,0x0000000900800000,0x0000000910b00000)
 ParOldGen       total 596480K, used 501429K [0x0000000080000000, 0x00000000a4680000, 0x00000008d5580000)
  object space 596480K, 84% used [0x0000000080000000,0x000000009e9ad5a8,0x00000000a4680000)
 Metaspace       used 6587K, capacity 6920K, committed 7168K, reserved 8192K
}
Event: 26.396 GC heap before
{Heap before GC invocations=20 (full 4):
 PSYoungGen      total 948224K, used 192679K [0x00000008d5580000, 0x0000000925680000, 0x0000000d00000000)
  eden space 707072K, 0% used [0x00000008d5580000,0x00000008d5580000,0x0000000900800000)
  from space 241152K, 79% used [0x0000000910b00000,0x000000091c729e80,0x000000091f680000)
  to   space 265216K, 0% used [0x0000000900800000,0x0000000900800000,0x0000000910b00000)
 ParOldGen       total 596480K, used 501429K [0x0000000080000000, 0x00000000a4680000, 0x00000008d5580000)
  object space 596480K, 84% used [0x0000000080000000,0x000000009e9ad5a8,0x00000000a4680000)
 Metaspace       used 6587K, capacity 6920K, committed 7168K, reserved 8192K
Event: 30.142 GC heap after
Heap after GC invocations=20 (full 4):
 PSYoungGen      total 948224K, used 92744K [0x00000008d5580000, 0x0000000925680000, 0x0000000d00000000)
  eden space 707072K, 0% used [0x00000008d5580000,0x00000008d5580000,0x0000000900800000)
  from space 241152K, 38% used [0x0000000910b00000,0x00000009165920f8,0x000000091f680000)
  to   space 265216K, 0% used [0x0000000900800000,0x0000000900800000,0x0000000910b00000)
 ParOldGen       total 596480K, used 596019K [0x0000000080000000, 0x00000000a4680000, 0x00000008d5580000)
  object space 596480K, 99% used [0x0000000080000000,0x00000000a460cde8,0x00000000a4680000)
 Metaspace       used 6587K, capacity 6920K, committed 7168K, reserved 8192K
}
Event: 31.683 GC heap before
{Heap before GC invocations=21 (full 5):
 PSYoungGen      total 948224K, used 799816K [0x00000008d5580000, 0x0000000925680000, 0x0000000d00000000)
  eden space 707072K, 100% used [0x00000008d5580000,0x0000000900800000,0x0000000900800000)
  from space 241152K, 38% used [0x0000000910b00000,0x00000009165920f8,0x000000091f680000)
  to   space 265216K, 0% used [0x0000000900800000,0x0000000900800000,0x0000000910b00000)
 ParOldGen       total 596480K, used 596019K [0x0000000080000000, 0x00000000a4680000, 0x00000008d5580000)
  object space 596480K, 99% used [0x0000000080000000,0x00000000a460cde8,0x00000000a4680000)
 Metaspace       used 6597K, capacity 6920K, committed 7168K, reserved 8192K
Event: 36.004 GC heap after
Heap after GC invocations=21 (full 5):
 PSYoungGen      total 948224K, used 203587K [0x00000008d5580000, 0x0000000925680000, 0x0000000d00000000)
  eden space 707072K, 28% used [0x00000008d5580000,0x00000008e1c50f98,0x0000000900800000)
  from space 241152K, 0% used [0x0000000910b00000,0x0000000910b00000,0x000000091f680000)
  to   space 265216K, 0% used [0x0000000900800000,0x0000000900800000,0x0000000910b00000)
 ParOldGen       total 596480K, used 596348K [0x0000000080000000, 0x00000000a4680000, 0x00000008d5580000)
  object space 596480K, 99% used [0x0000000080000000,0x00000000a465f350,0x00000000a4680000)
 Metaspace       used 6597K, capacity 6920K, committed 7168K, reserved 8192K
}

