# JRE version: Java(TM) SE Runtime Environment (8.0_20-b26) (build 1.8.0_20-b26)
# Java VM: Java HotSpot(TM) 64-Bit Server VM (25.20-b23 mixed mode windows-amd64 )
Heap:
 PSYoungGen      total 1009664K, used 368496K [0x00000008d5580000, 0x000000092b780000, 0x0000000d00000000)
  eden space 729088K, 50% used [0x00000008d5580000,0x00000008ebd5c140,0x0000000901d80000)
  from space 280576K, 0% used [0x000000091a580000,0x000000091a580000,0x000000092b780000)
  to   space 246272K, 0% used [0x0000000901d80000,0x0000000901d80000,0x0000000910e00000)
 ParOldGen       total 850944K, used 850785K [0x0000000080000000, 0x00000000b3f00000, 0x00000008d5580000)
  object space 850944K, 99% used [0x0000000080000000,0x00000000b3ed85d0,0x00000000b3f00000)
 Metaspace       used 6673K, capacity 6920K, committed 7168K, reserved 8192K
GC Heap History (10 events):
Event: 27.607 GC heap before
{Heap before GC invocations=22 (full 5):
 PSYoungGen      total 1009664K, used 1009638K [0x00000008d5580000, 0x000000092b780000, 0x0000000d00000000)
  eden space 729088K, 100% used [0x00000008d5580000,0x0000000901d80000,0x0000000901d80000)
  from space 280576K, 99% used [0x000000091a580000,0x000000092b779880,0x000000092b780000)
  to   space 246272K, 99% used [0x0000000901d80000,0x0000000910dfc258,0x0000000910e00000)
 ParOldGen       total 850944K, used 850936K [0x0000000080000000, 0x00000000b3f00000, 0x00000008d5580000)
  object space 850944K, 99% used [0x0000000080000000,0x00000000b3efe3e0,0x00000000b3f00000)
 Metaspace       used 6606K, capacity 6920K, committed 7168K, reserved 8192K
Event: 31.215 GC heap after
Heap after GC invocations=22 (full 5):
 PSYoungGen      total 1009664K, used 0K [0x00000008d5580000, 0x000000092b780000, 0x0000000d00000000)
  eden space 729088K, 0% used [0x00000008d5580000,0x00000008d5580000,0x0000000901d80000)
  from space 280576K, 0% used [0x000000091a580000,0x000000091a580000,0x000000092b780000)
  to   space 246272K, 82% used [0x0000000901d80000,0x000000090e2db778,0x0000000910e00000)
 ParOldGen       total 850944K, used 850748K [0x0000000080000000, 0x00000000b3f00000, 0x00000008d5580000)
  object space 850944K, 99% used [0x0000000080000000,0x00000000b3ecf018,0x00000000b3f00000)
 Metaspace       used 6606K, capacity 6920K, committed 7168K, reserved 8192K
}
Event: 32.641 GC heap before
{Heap before GC invocations=23 (full 6):
 PSYoungGen      total 1009664K, used 729088K [0x00000008d5580000, 0x000000092b780000, 0x0000000d00000000)
  eden space 729088K, 100% used [0x00000008d5580000,0x0000000901d80000,0x0000000901d80000)
  from space 280576K, 0% used [0x000000091a580000,0x000000091a580000,0x000000092b780000)
  to   space 246272K, 82% used [0x0000000901d80000,0x000000090e2db778,0x0000000910e00000)
 ParOldGen       total 850944K, used 850748K [0x0000000080000000, 0x00000000b3f00000, 0x00000008d5580000)
  object space 850944K, 99% used [0x0000000080000000,0x00000000b3ecf018,0x00000000b3f00000)
 Metaspace       used 6606K, capacity 6920K, committed 7168K, reserved 8192K
Event: 35.365 GC heap after
Heap after GC invocations=23 (full 6):
 PSYoungGen      total 1009664K, used 229733K [0x00000008d5580000, 0x000000092b780000, 0x0000000d00000000)
  eden space 729088K, 31% used [0x00000008d5580000,0x00000008e35d94a8,0x0000000901d80000)
  from space 280576K, 0% used [0x000000091a580000,0x000000091a580000,0x000000092b780000)
  to   space 246272K, 0% used [0x0000000901d80000,0x0000000901d80000,0x0000000910e00000)
 ParOldGen       total 850944K, used 850905K [0x0000000080000000, 0x00000000b3f00000, 0x00000008d5580000)
  object space 850944K, 99% used [0x0000000080000000,0x00000000b3ef67b0,0x00000000b3f00000)
 Metaspace       used 6606K, capacity 6920K, committed 7168K, reserved 8192K
}
Event: 35.890 GC heap before
{Heap before GC invocations=24 (full 7):
 PSYoungGen      total 1009664K, used 729088K [0x00000008d5580000, 0x000000092b780000, 0x0000000d00000000)
  eden space 729088K, 100% used [0x00000008d5580000,0x0000000901d80000,0x0000000901d80000)
  from space 280576K, 0% used [0x000000091a580000,0x000000091a580000,0x000000092b780000)
  to   space 246272K, 0% used [0x0000000901d80000,0x0000000901d80000,0x0000000910e00000)
 ParOldGen       total 850944K, used 850905K [0x0000000080000000, 0x00000000b3f00000, 0x00000008d5580000)
  object space 850944K, 99% used [0x0000000080000000,0x00000000b3ef67b0,0x00000000b3f00000)
 Metaspace       used 6606K, capacity 6920K, committed 7168K, reserved 8192K
Event: 39.103 GC heap after
Heap after GC invocations=24 (full 7):
 PSYoungGen      total 1009664K, used 192146K [0x00000008d5580000, 0x000000092b780000, 0x0000000d00000000)
  eden space 729088K, 26% used [0x00000008d5580000,0x00000008e1124b18,0x0000000901d80000)
  from space 280576K, 0% used [0x000000091a580000,0x000000091a580000,0x000000092b780000)
  to   space 246272K, 0% used [0x0000000901d80000,0x0000000901d80000,0x0000000910e00000)
 ParOldGen       total 850944K, used 850801K [0x0000000080000000, 0x00000000b3f00000, 0x00000008d5580000)
  object space 850944K, 99% used [0x0000000080000000,0x00000000b3edc700,0x00000000b3f00000)
 Metaspace       used 6606K, capacity 6920K, committed 7168K, reserved 8192K
}
Event: 39.831 GC heap before
{Heap before GC invocations=25 (full 8):
 PSYoungGen      total 1009664K, used 729088K [0x00000008d5580000, 0x000000092b780000, 0x0000000d00000000)
  eden space 729088K, 100% used [0x00000008d5580000,0x0000000901d80000,0x0000000901d80000)
  from space 280576K, 0% used [0x000000091a580000,0x000000091a580000,0x000000092b780000)
  to   space 246272K, 0% used [0x0000000901d80000,0x0000000901d80000,0x0000000910e00000)
 ParOldGen       total 850944K, used 850801K [0x0000000080000000, 0x00000000b3f00000, 0x00000008d5580000)
  object space 850944K, 99% used [0x0000000080000000,0x00000000b3edc700,0x00000000b3f00000)
 Metaspace       used 6606K, capacity 6920K, committed 7168K, reserved 8192K
Event: 42.998 GC heap after
Heap after GC invocations=25 (full 8):
 PSYoungGen      total 1009664K, used 275318K [0x00000008d5580000, 0x000000092b780000, 0x0000000d00000000)
  eden space 729088K, 37% used [0x00000008d5580000,0x00000008e625d8e0,0x0000000901d80000)
  from space 280576K, 0% used [0x000000091a580000,0x000000091a580000,0x000000092b780000)
  to   space 246272K, 0% used [0x0000000901d80000,0x0000000901d80000,0x0000000910e00000)
 ParOldGen       total 850944K, used 850759K [0x0000000080000000, 0x00000000b3f00000, 0x00000008d5580000)
  object space 850944K, 99% used [0x0000000080000000,0x00000000b3ed1f40,0x00000000b3f00000)
 Metaspace       used 6606K, capacity 6920K, committed 7168K, reserved 8192K
}
Event: 43.645 GC heap before
{Heap before GC invocations=26 (full 9):
 PSYoungGen      total 1009664K, used 729088K [0x00000008d5580000, 0x000000092b780000, 0x0000000d00000000)
  eden space 729088K, 100% used [0x00000008d5580000,0x0000000901d80000,0x0000000901d80000)
  from space 280576K, 0% used [0x000000091a580000,0x000000091a580000,0x000000092b780000)
  to   space 246272K, 0% used [0x0000000901d80000,0x0000000901d80000,0x0000000910e00000)
 ParOldGen       total 850944K, used 850759K [0x0000000080000000, 0x00000000b3f00000, 0x00000008d5580000)
  object space 850944K, 99% used [0x0000000080000000,0x00000000b3ed1f40,0x00000000b3f00000)
 Metaspace       used 6669K, capacity 6920K, committed 7168K, reserved 8192K
Event: 48.326 GC heap after
Heap after GC invocations=26 (full 9):
 PSYoungGen      total 1009664K, used 337740K [0x00000008d5580000, 0x000000092b780000, 0x0000000d00000000)
  eden space 729088K, 46% used [0x00000008d5580000,0x00000008e9f533e0,0x0000000901d80000)
  from space 280576K, 0% used [0x000000091a580000,0x000000091a580000,0x000000092b780000)
  to   space 246272K, 0% used [0x0000000901d80000,0x0000000901d80000,0x0000000910e00000)
 ParOldGen       total 850944K, used 850785K [0x0000000080000000, 0x00000000b3f00000, 0x00000008d5580000)
  object space 850944K, 99% used [0x0000000080000000,0x00000000b3ed85d0,0x00000000b3f00000)
 Metaspace       used 6669K, capacity 6920K, committed 7168K, reserved 8192K
}

