# JRE version: Java(TM) SE Runtime Environment (8.0_20-b26) (build 1.8.0_20-b26)
# Java VM: Java HotSpot(TM) 64-Bit Server VM (25.20-b23 mixed mode windows-amd64 )
Heap:
 PSYoungGen      total 1068032K, used 446272K [0x00000008d5580000, 0x000000093f080000, 0x0000000d00000000)
  eden space 655872K, 68% used [0x00000008d5580000,0x00000008f09503c0,0x00000008fd600000)
  from space 412160K, 0% used [0x00000008fd600000,0x00000008fd600000,0x0000000916880000)
  to   space 482304K, 0% used [0x0000000921980000,0x0000000921980000,0x000000093f080000)
 ParOldGen       total 822272K, used 822208K [0x0000000080000000, 0x00000000b2300000, 0x00000008d5580000)
  object space 822272K, 99% used [0x0000000080000000,0x00000000b22f0368,0x00000000b2300000)
 Metaspace       used 6683K, capacity 6920K, committed 7168K, reserved 8192K
GC Heap History (10 events):
Event: 27.986 GC heap before
{Heap before GC invocations=24 (full 5):
 PSYoungGen      total 1068032K, used 408575K [0x00000008d5580000, 0x000000093f080000, 0x0000000d00000000)
  eden space 655872K, 0% used [0x00000008d5580000,0x00000008d5580000,0x00000008fd600000)
  from space 412160K, 99% used [0x00000008fd600000,0x00000009164ffde8,0x0000000916880000)
  to   space 482304K, 0% used [0x0000000921980000,0x0000000921980000,0x000000093f080000)
 ParOldGen       total 822272K, used 819281K [0x0000000080000000, 0x00000000b2300000, 0x00000008d5580000)
  object space 822272K, 99% used [0x0000000080000000,0x00000000b2014460,0x00000000b2300000)
 Metaspace       used 6605K, capacity 6920K, committed 7168K, reserved 8192K
Event: 32.200 GC heap after
Heap after GC invocations=24 (full 5):
 PSYoungGen      total 1068032K, used 254934K [0x00000008d5580000, 0x000000093f080000, 0x0000000d00000000)
  eden space 655872K, 0% used [0x00000008d5580000,0x00000008d5580000,0x00000008fd600000)
  from space 412160K, 61% used [0x00000008fd600000,0x000000090cef5b80,0x0000000916880000)
  to   space 482304K, 0% used [0x0000000921980000,0x0000000921980000,0x000000093f080000)
 ParOldGen       total 822272K, used 822068K [0x0000000080000000, 0x00000000b2300000, 0x00000008d5580000)
  object space 822272K, 99% used [0x0000000080000000,0x00000000b22cd298,0x00000000b2300000)
 Metaspace       used 6605K, capacity 6920K, committed 7168K, reserved 8192K
}
Event: 33.482 GC heap before
{Heap before GC invocations=25 (full 6):
 PSYoungGen      total 1068032K, used 910806K [0x00000008d5580000, 0x000000093f080000, 0x0000000d00000000)
  eden space 655872K, 100% used [0x00000008d5580000,0x00000008fd600000,0x00000008fd600000)
  from space 412160K, 61% used [0x00000008fd600000,0x000000090cef5b80,0x0000000916880000)
  to   space 482304K, 0% used [0x0000000921980000,0x0000000921980000,0x000000093f080000)
 ParOldGen       total 822272K, used 822068K [0x0000000080000000, 0x00000000b2300000, 0x00000008d5580000)
  object space 822272K, 99% used [0x0000000080000000,0x00000000b22cd298,0x00000000b2300000)
 Metaspace       used 6605K, capacity 6920K, committed 7168K, reserved 8192K
Event: 36.824 GC heap after
Heap after GC invocations=25 (full 6):
 PSYoungGen      total 1068032K, used 178660K [0x00000008d5580000, 0x000000093f080000, 0x0000000d00000000)
  eden space 655872K, 27% used [0x00000008d5580000,0x00000008e03f90e0,0x00000008fd600000)
  from space 412160K, 0% used [0x00000008fd600000,0x00000008fd600000,0x0000000916880000)
  to   space 482304K, 0% used [0x0000000921980000,0x0000000921980000,0x000000093f080000)
 ParOldGen       total 822272K, used 822231K [0x0000000080000000, 0x00000000b2300000, 0x00000008d5580000)
  object space 822272K, 99% used [0x0000000080000000,0x00000000b22f5e68,0x00000000b2300000)
 Metaspace       used 6605K, capacity 6920K, committed 7168K, reserved 8192K
}
Event: 39.297 GC heap before
{Heap before GC invocations=26 (full 7):
 PSYoungGen      total 1068032K, used 655872K [0x00000008d5580000, 0x000000093f080000, 0x0000000d00000000)
  eden space 655872K, 100% used [0x00000008d5580000,0x00000008fd600000,0x00000008fd600000)
  from space 412160K, 0% used [0x00000008fd600000,0x00000008fd600000,0x0000000916880000)
  to   space 482304K, 0% used [0x0000000921980000,0x0000000921980000,0x000000093f080000)
 ParOldGen       total 822272K, used 822231K [0x0000000080000000, 0x00000000b2300000, 0x00000008d5580000)
  object space 822272K, 99% used [0x0000000080000000,0x00000000b22f5e68,0x00000000b2300000)
 Metaspace       used 6606K, capacity 6920K, committed 7168K, reserved 8192K
Event: 42.171 GC heap after
Heap after GC invocations=26 (full 7):
 PSYoungGen      total 1068032K, used 255533K [0x00000008d5580000, 0x000000093f080000, 0x0000000d00000000)
  eden space 655872K, 38% used [0x00000008d5580000,0x00000008e4f0b6e0,0x00000008fd600000)
  from space 412160K, 0% used [0x00000008fd600000,0x00000008fd600000,0x0000000916880000)
  to   space 482304K, 0% used [0x0000000921980000,0x0000000921980000,0x000000093f080000)
 ParOldGen       total 822272K, used 821939K [0x0000000080000000, 0x00000000b2300000, 0x00000008d5580000)
  object space 822272K, 99% used [0x0000000080000000,0x00000000b22acc98,0x00000000b2300000)
 Metaspace       used 6606K, capacity 6920K, committed 7168K, reserved 8192K
}
Event: 42.685 GC heap before
{Heap before GC invocations=27 (full 8):
 PSYoungGen      total 1068032K, used 655872K [0x00000008d5580000, 0x000000093f080000, 0x0000000d00000000)
  eden space 655872K, 100% used [0x00000008d5580000,0x00000008fd600000,0x00000008fd600000)
  from space 412160K, 0% used [0x00000008fd600000,0x00000008fd600000,0x0000000916880000)
  to   space 482304K, 0% used [0x0000000921980000,0x0000000921980000,0x000000093f080000)
 ParOldGen       total 822272K, used 821939K [0x0000000080000000, 0x00000000b2300000, 0x00000008d5580000)
  object space 822272K, 99% used [0x0000000080000000,0x00000000b22acc98,0x00000000b2300000)
 Metaspace       used 6606K, capacity 6920K, committed 7168K, reserved 8192K
Event: 45.755 GC heap after
Heap after GC invocations=27 (full 8):
 PSYoungGen      total 1068032K, used 317711K [0x00000008d5580000, 0x000000093f080000, 0x0000000d00000000)
  eden space 655872K, 48% used [0x00000008d5580000,0x00000008e8bc3e28,0x00000008fd600000)
  from space 412160K, 0% used [0x00000008fd600000,0x00000008fd600000,0x0000000916880000)
  to   space 482304K, 0% used [0x0000000921980000,0x0000000921980000,0x000000093f080000)
 ParOldGen       total 822272K, used 821930K [0x0000000080000000, 0x00000000b2300000, 0x00000008d5580000)
  object space 822272K, 99% used [0x0000000080000000,0x00000000b22aaa90,0x00000000b2300000)
 Metaspace       used 6606K, capacity 6920K, committed 7168K, reserved 8192K
}
Event: 46.415 GC heap before
{Heap before GC invocations=28 (full 9):
 PSYoungGen      total 1068032K, used 655872K [0x00000008d5580000, 0x000000093f080000, 0x0000000d00000000)
  eden space 655872K, 100% used [0x00000008d5580000,0x00000008fd600000,0x00000008fd600000)
  from space 412160K, 0% used [0x00000008fd600000,0x00000008fd600000,0x0000000916880000)
  to   space 482304K, 0% used [0x0000000921980000,0x0000000921980000,0x000000093f080000)
 ParOldGen       total 822272K, used 821930K [0x0000000080000000, 0x00000000b2300000, 0x00000008d5580000)
  object space 822272K, 99% used [0x0000000080000000,0x00000000b22aaa90,0x00000000b2300000)
 Metaspace       used 6672K, capacity 6920K, committed 7168K, reserved 8192K
Event: 52.964 GC heap after
Heap after GC invocations=28 (full 9):
 PSYoungGen      total 1068032K, used 362539K [0x00000008d5580000, 0x000000093f080000, 0x0000000d00000000)
  eden space 655872K, 55% used [0x00000008d5580000,0x00000008eb78ae00,0x00000008fd600000)
  from space 412160K, 0% used [0x00000008fd600000,0x00000008fd600000,0x0000000916880000)
  to   space 482304K, 0% used [0x0000000921980000,0x0000000921980000,0x000000093f080000)
 ParOldGen       total 822272K, used 822208K [0x0000000080000000, 0x00000000b2300000, 0x00000008d5580000)
  object space 822272K, 99% used [0x0000000080000000,0x00000000b22f0368,0x00000000b2300000)
 Metaspace       used 6672K, capacity 6920K, committed 7168K, reserved 8192K
}

