# JRE version: Java(TM) SE Runtime Environment (8.0_20-b26) (build 1.8.0_20-b26)
# Java VM: Java HotSpot(TM) 64-Bit Server VM (25.20-b23 mixed mode windows-amd64 )
Heap:
 PSYoungGen      total 812032K, used 649749K [0x00000008d5580000, 0x0000000917280000, 0x0000000d00000000)
  eden space 610816K, 89% used [0x00000008d5580000,0x00000008f6a76278,0x00000008faa00000)
  from space 201216K, 51% used [0x00000008faa00000,0x0000000900f8f3c0,0x0000000906e80000)
  to   space 198656K, 0% used [0x000000090b080000,0x000000090b080000,0x0000000917280000)
 ParOldGen       total 1236480K, used 1065910K [0x0000000080000000, 0x00000000cb780000, 0x00000008d5580000)
  object space 1236480K, 86% used [0x0000000080000000,0x00000000c10edb00,0x00000000cb780000)
 Metaspace       used 6612K, capacity 6920K, committed 7168K, reserved 8192K
GC Heap History (10 events):
Event: 26.128 GC heap before
{Heap before GC invocations=21 (full 4):
 PSYoungGen      total 712192K, used 625786K [0x00000008d5580000, 0x0000000911580000, 0x0000000d00000000)
  eden space 539136K, 100% used [0x00000008d5580000,0x00000008f6400000,0x00000008f6400000)
  from space 173056K, 50% used [0x00000008f6400000,0x00000008fb89e858,0x0000000900d00000)
  to   space 171008K, 0% used [0x0000000906e80000,0x0000000906e80000,0x0000000911580000)
 ParOldGen       total 768512K, used 634948K [0x0000000080000000, 0x00000000aee80000, 0x00000008d5580000)
  object space 768512K, 82% used [0x0000000080000000,0x00000000a6c110e0,0x00000000aee80000)
 Metaspace       used 6611K, capacity 6920K, committed 7168K, reserved 8192K
Event: 26.355 GC heap after
Heap after GC invocations=21 (full 4):
 PSYoungGen      total 781824K, used 170988K [0x00000008d5580000, 0x0000000913800000, 0x0000000d00000000)
  eden space 610816K, 0% used [0x00000008d5580000,0x00000008d5580000,0x00000008faa00000)
  from space 171008K, 99% used [0x0000000906e80000,0x000000091157b330,0x0000000911580000)
  to   space 201216K, 0% used [0x00000008faa00000,0x00000008faa00000,0x0000000906e80000)
 ParOldGen       total 768512K, used 640092K [0x0000000080000000, 0x00000000aee80000, 0x00000008d5580000)
  object space 768512K, 83% used [0x0000000080000000,0x00000000a71171b8,0x00000000aee80000)
 Metaspace       used 6611K, capacity 6920K, committed 7168K, reserved 8192K
}
Event: 27.826 GC heap before
{Heap before GC invocations=22 (full 4):
 PSYoungGen      total 781824K, used 781804K [0x00000008d5580000, 0x0000000913800000, 0x0000000d00000000)
  eden space 610816K, 100% used [0x00000008d5580000,0x00000008faa00000,0x00000008faa00000)
  from space 171008K, 99% used [0x0000000906e80000,0x000000091157b330,0x0000000911580000)
  to   space 201216K, 0% used [0x00000008faa00000,0x00000008faa00000,0x0000000906e80000)
 ParOldGen       total 768512K, used 640092K [0x0000000080000000, 0x00000000aee80000, 0x00000008d5580000)
  object space 768512K, 83% used [0x0000000080000000,0x00000000a71171b8,0x00000000aee80000)
 Metaspace       used 6611K, capacity 6920K, committed 7168K, reserved 8192K
Event: 28.383 GC heap after
Heap after GC invocations=22 (full 4):
 PSYoungGen      total 781824K, used 781804K [0x00000008d5580000, 0x0000000913800000, 0x0000000d00000000)
  eden space 610816K, 100% used [0x00000008d5580000,0x00000008faa00000,0x00000008faa00000)
  from space 171008K, 99% used [0x0000000906e80000,0x000000091157b330,0x0000000911580000)
  to   space 201216K, 99% used [0x00000008faa00000,0x0000000906e79508,0x0000000906e80000)
 ParOldGen       total 868352K, used 867900K [0x0000000080000000, 0x00000000b5000000, 0x00000008d5580000)
  object space 868352K, 99% used [0x0000000080000000,0x00000000b4f8f388,0x00000000b5000000)
 Metaspace       used 6611K, capacity 6920K, committed 7168K, reserved 8192K
}
Event: 28.383 GC heap before
{Heap before GC invocations=23 (full 5):
 PSYoungGen      total 781824K, used 781804K [0x00000008d5580000, 0x0000000913800000, 0x0000000d00000000)
  eden space 610816K, 100% used [0x00000008d5580000,0x00000008faa00000,0x00000008faa00000)
  from space 171008K, 99% used [0x0000000906e80000,0x000000091157b330,0x0000000911580000)
  to   space 201216K, 99% used [0x00000008faa00000,0x0000000906e79508,0x0000000906e80000)
 ParOldGen       total 868352K, used 867900K [0x0000000080000000, 0x00000000b5000000, 0x00000008d5580000)
  object space 868352K, 99% used [0x0000000080000000,0x00000000b4f8f388,0x00000000b5000000)
 Metaspace       used 6611K, capacity 6920K, committed 7168K, reserved 8192K
Event: 32.237 GC heap after
Heap after GC invocations=23 (full 5):
 PSYoungGen      total 781824K, used 0K [0x00000008d5580000, 0x0000000913800000, 0x0000000d00000000)
  eden space 610816K, 0% used [0x00000008d5580000,0x00000008d5580000,0x00000008faa00000)
  from space 171008K, 0% used [0x0000000906e80000,0x0000000906e80000,0x0000000911580000)
  to   space 201216K, 88% used [0x00000008faa00000,0x0000000905745c88,0x0000000906e80000)
 ParOldGen       total 1236480K, used 868186K [0x0000000080000000, 0x00000000cb780000, 0x00000008d5580000)
  object space 1236480K, 70% used [0x0000000080000000,0x00000000b4fd6828,0x00000000cb780000)
 Metaspace       used 6611K, capacity 6920K, committed 7168K, reserved 8192K
}
Event: 33.868 GC heap before
{Heap before GC invocations=24 (full 6):
 PSYoungGen      total 781824K, used 610816K [0x00000008d5580000, 0x0000000913800000, 0x0000000d00000000)
  eden space 610816K, 100% used [0x00000008d5580000,0x00000008faa00000,0x00000008faa00000)
  from space 171008K, 0% used [0x0000000906e80000,0x0000000906e80000,0x0000000911580000)
  to   space 201216K, 88% used [0x00000008faa00000,0x0000000905745c88,0x0000000906e80000)
 ParOldGen       total 1236480K, used 868186K [0x0000000080000000, 0x00000000cb780000, 0x00000008d5580000)
  object space 1236480K, 70% used [0x0000000080000000,0x00000000b4fd6828,0x00000000cb780000)
 Metaspace       used 6611K, capacity 6920K, committed 7168K, reserved 8192K
Event: 35.689 GC heap after
Heap after GC invocations=24 (full 6):
 PSYoungGen      total 781824K, used 0K [0x00000008d5580000, 0x0000000913800000, 0x0000000d00000000)
  eden space 610816K, 0% used [0x00000008d5580000,0x00000008d5580000,0x00000008faa00000)
  from space 171008K, 0% used [0x0000000906e80000,0x0000000906e80000,0x0000000911580000)
  to   space 201216K, 0% used [0x00000008faa00000,0x00000008faa00000,0x0000000906e80000)
 ParOldGen       total 1236480K, used 1065910K [0x0000000080000000, 0x00000000cb780000, 0x00000008d5580000)
  object space 1236480K, 86% used [0x0000000080000000,0x00000000c10edb00,0x00000000cb780000)
 Metaspace       used 6611K, capacity 6920K, committed 7168K, reserved 8192K
}
Event: 36.863 GC heap before
{Heap before GC invocations=25 (full 6):
 PSYoungGen      total 781824K, used 610816K [0x00000008d5580000, 0x0000000913800000, 0x0000000d00000000)
  eden space 610816K, 100% used [0x00000008d5580000,0x00000008faa00000,0x00000008faa00000)
  from space 171008K, 0% used [0x0000000906e80000,0x0000000906e80000,0x0000000911580000)
  to   space 201216K, 0% used [0x00000008faa00000,0x00000008faa00000,0x0000000906e80000)
 ParOldGen       total 1236480K, used 1065910K [0x0000000080000000, 0x00000000cb780000, 0x00000008d5580000)
  object space 1236480K, 86% used [0x0000000080000000,0x00000000c10edb00,0x00000000cb780000)
 Metaspace       used 6611K, capacity 6920K, committed 7168K, reserved 8192K
Event: 36.955 GC heap after
Heap after GC invocations=25 (full 6):
 PSYoungGen      total 812032K, used 103996K [0x00000008d5580000, 0x0000000917280000, 0x0000000d00000000)
  eden space 610816K, 0% used [0x00000008d5580000,0x00000008d5580000,0x00000008faa00000)
  from space 201216K, 51% used [0x00000008faa00000,0x0000000900f8f3c0,0x0000000906e80000)
  to   space 198656K, 0% used [0x000000090b080000,0x000000090b080000,0x0000000917280000)
 ParOldGen       total 1236480K, used 1065910K [0x0000000080000000, 0x00000000cb780000, 0x00000008d5580000)
  object space 1236480K, 86% used [0x0000000080000000,0x00000000c10edb00,0x00000000cb780000)
 Metaspace       used 6611K, capacity 6920K, committed 7168K, reserved 8192K
}

