# JRE version: Java(TM) SE Runtime Environment (8.0_20-b26) (build 1.8.0_20-b26)
# Java VM: Java HotSpot(TM) 64-Bit Server VM (25.20-b23 mixed mode windows-amd64 )
Heap:
 PSYoungGen      total 1340928K, used 899673K [0x00000008d5580000, 0x0000000951c00000, 0x0000000d00000000)
  eden space 880128K, 49% used [0x00000008d5580000,0x00000008f021a750,0x000000090b100000)
  from space 460800K, 99% used [0x000000092c300000,0x00000009484fbf98,0x0000000948500000)
  to   space 542720K, 0% used [0x000000090b100000,0x000000090b100000,0x000000092c300000)
 ParOldGen       total 1147904K, used 796867K [0x0000000080000000, 0x00000000c6100000, 0x00000008d5580000)
  object space 1147904K, 69% used [0x0000000080000000,0x00000000b0a30c78,0x00000000c6100000)
 Metaspace       used 7346K, capacity 7368K, committed 7424K, reserved 8192K
GC Heap History (10 events):
Event: 38.117 GC heap before
{Heap before GC invocations=21 (full 4):
 PSYoungGen      total 1057280K, used 1057277K [0x00000008d5580000, 0x0000000937400000, 0x0000000d00000000)
  eden space 773120K, 100% used [0x00000008d5580000,0x0000000904880000,0x0000000904880000)
  from space 284160K, 99% used [0x000000091b400000,0x000000092c97f480,0x000000092c980000)
  to   space 372224K, 0% used [0x0000000904880000,0x0000000904880000,0x000000091b400000)
 ParOldGen       total 782848K, used 608616K [0x0000000080000000, 0x00000000afc80000, 0x00000008d5580000)
  object space 782848K, 77% used [0x0000000080000000,0x00000000a525a058,0x00000000afc80000)
 Metaspace       used 6611K, capacity 6920K, committed 7168K, reserved 8192K
Event: 39.109 GC heap after
Heap after GC invocations=21 (full 4):
 PSYoungGen      total 1145344K, used 349226K [0x00000008d5580000, 0x000000093f580000, 0x0000000d00000000)
  eden space 773120K, 0% used [0x00000008d5580000,0x00000008d5580000,0x0000000904880000)
  from space 372224K, 93% used [0x0000000904880000,0x0000000919d8ab08,0x000000091b400000)
  to   space 428544K, 0% used [0x0000000925300000,0x0000000925300000,0x000000093f580000)
 ParOldGen       total 782848K, used 701434K [0x0000000080000000, 0x00000000afc80000, 0x00000008d5580000)
  object space 782848K, 89% used [0x0000000080000000,0x00000000aacfebc8,0x00000000afc80000)
 Metaspace       used 6611K, capacity 6920K, committed 7168K, reserved 8192K
}
Event: 39.109 GC heap before
{Heap before GC invocations=22 (full 5):
 PSYoungGen      total 1145344K, used 349226K [0x00000008d5580000, 0x000000093f580000, 0x0000000d00000000)
  eden space 773120K, 0% used [0x00000008d5580000,0x00000008d5580000,0x0000000904880000)
  from space 372224K, 93% used [0x0000000904880000,0x0000000919d8ab08,0x000000091b400000)
  to   space 428544K, 0% used [0x0000000925300000,0x0000000925300000,0x000000093f580000)
 ParOldGen       total 782848K, used 701434K [0x0000000080000000, 0x00000000afc80000, 0x00000008d5580000)
  object space 782848K, 89% used [0x0000000080000000,0x00000000aacfebc8,0x00000000afc80000)
 Metaspace       used 6611K, capacity 6920K, committed 7168K, reserved 8192K
Event: 43.768 GC heap after
Heap after GC invocations=22 (full 5):
 PSYoungGen      total 1145344K, used 186853K [0x00000008d5580000, 0x000000093f580000, 0x0000000d00000000)
  eden space 773120K, 0% used [0x00000008d5580000,0x00000008d5580000,0x0000000904880000)
  from space 372224K, 50% used [0x0000000904880000,0x000000090fef95a0,0x000000091b400000)
  to   space 428544K, 0% used [0x0000000925300000,0x0000000925300000,0x000000093f580000)
 ParOldGen       total 1147904K, used 782401K [0x0000000080000000, 0x00000000c6100000, 0x00000008d5580000)
  object space 1147904K, 68% used [0x0000000080000000,0x00000000afc10620,0x00000000c6100000)
 Metaspace       used 6611K, capacity 6920K, committed 7168K, reserved 8192K
}
Event: 46.121 GC heap before
{Heap before GC invocations=23 (full 5):
 PSYoungGen      total 1145344K, used 959973K [0x00000008d5580000, 0x000000093f580000, 0x0000000d00000000)
  eden space 773120K, 100% used [0x00000008d5580000,0x0000000904880000,0x0000000904880000)
  from space 372224K, 50% used [0x0000000904880000,0x000000090fef95a0,0x000000091b400000)
  to   space 428544K, 0% used [0x0000000925300000,0x0000000925300000,0x000000093f580000)
 ParOldGen       total 1147904K, used 782401K [0x0000000080000000, 0x00000000c6100000, 0x00000008d5580000)
  object space 1147904K, 68% used [0x0000000080000000,0x00000000afc10620,0x00000000c6100000)
 Metaspace       used 6611K, capacity 6920K, committed 7168K, reserved 8192K
Event: 46.488 GC heap after
Heap after GC invocations=23 (full 5):
 PSYoungGen      total 1267200K, used 200207K [0x00000008d5580000, 0x000000093d800000, 0x0000000d00000000)
  eden space 868864K, 0% used [0x00000008d5580000,0x00000008d5580000,0x000000090a600000)
  from space 398336K, 50% used [0x0000000925300000,0x0000000931683ee0,0x000000093d800000)
  to   space 418816K, 0% used [0x000000090a600000,0x000000090a600000,0x0000000923f00000)
 ParOldGen       total 1147904K, used 782401K [0x0000000080000000, 0x00000000c6100000, 0x00000008d5580000)
  object space 1147904K, 68% used [0x0000000080000000,0x00000000afc10620,0x00000000c6100000)
 Metaspace       used 6611K, capacity 6920K, committed 7168K, reserved 8192K
}
Event: 55.219 GC heap before
{Heap before GC invocations=24 (full 5):
 PSYoungGen      total 1267200K, used 1069071K [0x00000008d5580000, 0x000000093d800000, 0x0000000d00000000)
  eden space 868864K, 100% used [0x00000008d5580000,0x000000090a600000,0x000000090a600000)
  from space 398336K, 50% used [0x0000000925300000,0x0000000931683ee0,0x000000093d800000)
  to   space 418816K, 0% used [0x000000090a600000,0x000000090a600000,0x0000000923f00000)
 ParOldGen       total 1147904K, used 782401K [0x0000000080000000, 0x00000000c6100000, 0x00000008d5580000)
  object space 1147904K, 68% used [0x0000000080000000,0x00000000afc10620,0x00000000c6100000)
 Metaspace       used 6612K, capacity 6920K, committed 7168K, reserved 8192K
Event: 55.495 GC heap after
Heap after GC invocations=24 (full 5):
 PSYoungGen      total 1287680K, used 341910K [0x00000008d5580000, 0x0000000948500000, 0x0000000d00000000)
  eden space 868864K, 0% used [0x00000008d5580000,0x00000008d5580000,0x000000090a600000)
  from space 418816K, 81% used [0x000000090a600000,0x000000091f3e5870,0x0000000923f00000)
  to   space 460800K, 0% used [0x000000092c300000,0x000000092c300000,0x0000000948500000)
 ParOldGen       total 1147904K, used 782401K [0x0000000080000000, 0x00000000c6100000, 0x00000008d5580000)
  object space 1147904K, 68% used [0x0000000080000000,0x00000000afc10620,0x00000000c6100000)
 Metaspace       used 6612K, capacity 6920K, committed 7168K, reserved 8192K
}
Event: 65.410 GC heap before
{Heap before GC invocations=25 (full 5):
 PSYoungGen      total 1287680K, used 1210774K [0x00000008d5580000, 0x0000000948500000, 0x0000000d00000000)
  eden space 868864K, 100% used [0x00000008d5580000,0x000000090a600000,0x000000090a600000)
  from space 418816K, 81% used [0x000000090a600000,0x000000091f3e5870,0x0000000923f00000)
  to   space 460800K, 0% used [0x000000092c300000,0x000000092c300000,0x0000000948500000)
 ParOldGen       total 1147904K, used 782401K [0x0000000080000000, 0x00000000c6100000, 0x00000008d5580000)
  object space 1147904K, 68% used [0x0000000080000000,0x00000000afc10620,0x00000000c6100000)
 Metaspace       used 6740K, capacity 6984K, committed 7168K, reserved 8192K
Event: 65.897 GC heap after
Heap after GC invocations=25 (full 5):
 PSYoungGen      total 1340928K, used 460783K [0x00000008d5580000, 0x0000000951c00000, 0x0000000d00000000)
  eden space 880128K, 0% used [0x00000008d5580000,0x00000008d5580000,0x000000090b100000)
  from space 460800K, 99% used [0x000000092c300000,0x00000009484fbf98,0x0000000948500000)
  to   space 542720K, 0% used [0x000000090b100000,0x000000090b100000,0x000000092c300000)
 ParOldGen       total 1147904K, used 796867K [0x0000000080000000, 0x00000000c6100000, 0x00000008d5580000)
  object space 1147904K, 69% used [0x0000000080000000,0x00000000b0a30c78,0x00000000c6100000)
 Metaspace       used 6740K, capacity 6984K, committed 7168K, reserved 8192K
}

