# JRE version: Java(TM) SE Runtime Environment (8.0_20-b26) (build 1.8.0_20-b26)
# Java VM: Java HotSpot(TM) 64-Bit Server VM (25.20-b23 mixed mode windows-amd64 )
Heap:
 PSYoungGen      total 1009664K, used 460953K [0x00000008d5580000, 0x000000092b080000, 0x0000000d00000000)
  eden space 711680K, 28% used [0x00000008d5580000,0x00000008e1e85f70,0x0000000900c80000)
  from space 297984K, 85% used [0x0000000915200000,0x0000000924b207e0,0x0000000927500000)
  to   space 333312K, 0% used [0x0000000900c80000,0x0000000900c80000,0x0000000915200000)
 ParOldGen       total 900608K, used 695974K [0x0000000080000000, 0x00000000b6f80000, 0x00000008d5580000)
  object space 900608K, 77% used [0x0000000080000000,0x00000000aa7a9910,0x00000000b6f80000)
 Metaspace       used 6589K, capacity 6920K, committed 7168K, reserved 8192K
GC Heap History (10 events):
Event: 20.385 GC heap before
{Heap before GC invocations=18 (full 3):
 PSYoungGen      total 744448K, used 675419K [0x00000008d5580000, 0x0000000910980000, 0x0000000d00000000)
  eden space 572928K, 100% used [0x00000008d5580000,0x00000008f8500000,0x00000008f8500000)
  from space 171520K, 59% used [0x0000000903b00000,0x0000000909f16da8,0x000000090e280000)
  to   space 186368K, 0% used [0x00000008f8500000,0x00000008f8500000,0x0000000903b00000)
 ParOldGen       total 603136K, used 379508K [0x0000000080000000, 0x00000000a4d00000, 0x00000008d5580000)
  object space 603136K, 62% used [0x0000000080000000,0x000000009729d030,0x00000000a4d00000)
 Metaspace       used 6575K, capacity 6856K, committed 6912K, reserved 8192K
Event: 20.705 GC heap after
Heap after GC invocations=18 (full 3):
 PSYoungGen      total 759296K, used 186352K [0x00000008d5580000, 0x0000000919900000, 0x0000000d00000000)
  eden space 572928K, 0% used [0x00000008d5580000,0x00000008d5580000,0x00000008f8500000)
  from space 186368K, 99% used [0x00000008f8500000,0x0000000903afc060,0x0000000903b00000)
  to   space 219648K, 0% used [0x000000090c280000,0x000000090c280000,0x0000000919900000)
 ParOldGen       total 603136K, used 382985K [0x0000000080000000, 0x00000000a4d00000, 0x00000008d5580000)
  object space 603136K, 63% used [0x0000000080000000,0x00000000976025b8,0x00000000a4d00000)
 Metaspace       used 6575K, capacity 6856K, committed 6912K, reserved 8192K
}
Event: 22.321 GC heap before
{Heap before GC invocations=19 (full 3):
 PSYoungGen      total 759296K, used 759280K [0x00000008d5580000, 0x0000000919900000, 0x0000000d00000000)
  eden space 572928K, 100% used [0x00000008d5580000,0x00000008f8500000,0x00000008f8500000)
  from space 186368K, 99% used [0x00000008f8500000,0x0000000903afc060,0x0000000903b00000)
  to   space 219648K, 0% used [0x000000090c280000,0x000000090c280000,0x0000000919900000)
 ParOldGen       total 603136K, used 382985K [0x0000000080000000, 0x00000000a4d00000, 0x00000008d5580000)
  object space 603136K, 63% used [0x0000000080000000,0x00000000976025b8,0x00000000a4d00000)
 Metaspace       used 6578K, capacity 6856K, committed 6912K, reserved 8192K
Event: 22.673 GC heap after
Heap after GC invocations=19 (full 3):
 PSYoungGen      total 875520K, used 179202K [0x00000008d5580000, 0x000000091d180000, 0x0000000d00000000)
  eden space 655872K, 0% used [0x00000008d5580000,0x00000008d5580000,0x00000008fd600000)
  from space 219648K, 81% used [0x000000090c280000,0x0000000917180bd8,0x0000000919900000)
  to   space 242176K, 0% used [0x00000008fd600000,0x00000008fd600000,0x000000090c280000)
 ParOldGen       total 603136K, used 484349K [0x0000000080000000, 0x00000000a4d00000, 0x00000008d5580000)
  object space 603136K, 80% used [0x0000000080000000,0x000000009d8ff560,0x00000000a4d00000)
 Metaspace       used 6578K, capacity 6856K, committed 6912K, reserved 8192K
}
Event: 24.569 GC heap before
{Heap before GC invocations=20 (full 3):
 PSYoungGen      total 875520K, used 835074K [0x00000008d5580000, 0x000000091d180000, 0x0000000d00000000)
  eden space 655872K, 100% used [0x00000008d5580000,0x00000008fd600000,0x00000008fd600000)
  from space 219648K, 81% used [0x000000090c280000,0x0000000917180bd8,0x0000000919900000)
  to   space 242176K, 0% used [0x00000008fd600000,0x00000008fd600000,0x000000090c280000)
 ParOldGen       total 603136K, used 484349K [0x0000000080000000, 0x00000000a4d00000, 0x00000008d5580000)
  object space 603136K, 80% used [0x0000000080000000,0x000000009d8ff560,0x00000000a4d00000)
 Metaspace       used 6588K, capacity 6920K, committed 7168K, reserved 8192K
Event: 24.852 GC heap after
Heap after GC invocations=20 (full 3):
 PSYoungGen      total 898048K, used 242175K [0x00000008d5580000, 0x0000000927500000, 0x0000000d00000000)
  eden space 655872K, 0% used [0x00000008d5580000,0x00000008d5580000,0x00000008fd600000)
  from space 242176K, 99% used [0x00000008fd600000,0x000000090c27fe68,0x000000090c280000)
  to   space 297984K, 0% used [0x0000000915200000,0x0000000915200000,0x0000000927500000)
 ParOldGen       total 603136K, used 524013K [0x0000000080000000, 0x00000000a4d00000, 0x00000008d5580000)
  object space 603136K, 86% used [0x0000000080000000,0x000000009ffbb6c0,0x00000000a4d00000)
 Metaspace       used 6588K, capacity 6920K, committed 7168K, reserved 8192K
}
Event: 24.852 GC heap before
{Heap before GC invocations=21 (full 4):
 PSYoungGen      total 898048K, used 242175K [0x00000008d5580000, 0x0000000927500000, 0x0000000d00000000)
  eden space 655872K, 0% used [0x00000008d5580000,0x00000008d5580000,0x00000008fd600000)
  from space 242176K, 99% used [0x00000008fd600000,0x000000090c27fe68,0x000000090c280000)
  to   space 297984K, 0% used [0x0000000915200000,0x0000000915200000,0x0000000927500000)
 ParOldGen       total 603136K, used 524013K [0x0000000080000000, 0x00000000a4d00000, 0x00000008d5580000)
  object space 603136K, 86% used [0x0000000080000000,0x000000009ffbb6c0,0x00000000a4d00000)
 Metaspace       used 6588K, capacity 6920K, committed 7168K, reserved 8192K
Event: 27.930 GC heap after
Heap after GC invocations=21 (full 4):
 PSYoungGen      total 898048K, used 157468K [0x00000008d5580000, 0x0000000927500000, 0x0000000d00000000)
  eden space 655872K, 0% used [0x00000008d5580000,0x00000008d5580000,0x00000008fd600000)
  from space 242176K, 65% used [0x00000008fd600000,0x0000000906fc7368,0x000000090c280000)
  to   space 297984K, 0% used [0x0000000915200000,0x0000000915200000,0x0000000927500000)
 ParOldGen       total 900608K, used 602745K [0x0000000080000000, 0x00000000b6f80000, 0x00000008d5580000)
  object space 900608K, 66% used [0x0000000080000000,0x00000000a4c9e468,0x00000000b6f80000)
 Metaspace       used 6588K, capacity 6920K, committed 7168K, reserved 8192K
}
Event: 30.383 GC heap before
{Heap before GC invocations=22 (full 4):
 PSYoungGen      total 898048K, used 813340K [0x00000008d5580000, 0x0000000927500000, 0x0000000d00000000)
  eden space 655872K, 100% used [0x00000008d5580000,0x00000008fd600000,0x00000008fd600000)
  from space 242176K, 65% used [0x00000008fd600000,0x0000000906fc7368,0x000000090c280000)
  to   space 297984K, 0% used [0x0000000915200000,0x0000000915200000,0x0000000927500000)
 ParOldGen       total 900608K, used 602745K [0x0000000080000000, 0x00000000b6f80000, 0x00000008d5580000)
  object space 900608K, 66% used [0x0000000080000000,0x00000000a4c9e468,0x00000000b6f80000)
 Metaspace       used 6589K, capacity 6920K, committed 7168K, reserved 8192K
Event: 30.943 GC heap after
Heap after GC invocations=22 (full 4):
 PSYoungGen      total 1009664K, used 255105K [0x00000008d5580000, 0x000000092b080000, 0x0000000d00000000)
  eden space 711680K, 0% used [0x00000008d5580000,0x00000008d5580000,0x0000000900c80000)
  from space 297984K, 85% used [0x0000000915200000,0x0000000924b207e0,0x0000000927500000)
  to   space 333312K, 0% used [0x0000000900c80000,0x0000000900c80000,0x0000000915200000)
 ParOldGen       total 900608K, used 695974K [0x0000000080000000, 0x00000000b6f80000, 0x00000008d5580000)
  object space 900608K, 77% used [0x0000000080000000,0x00000000aa7a9910,0x00000000b6f80000)
 Metaspace       used 6589K, capacity 6920K, committed 7168K, reserved 8192K
}

