# JRE version: Java(TM) SE Runtime Environment (8.0_20-b26) (build 1.8.0_20-b26)
# Java VM: Java HotSpot(TM) 64-Bit Server VM (25.20-b23 mixed mode windows-amd64 )
Heap:
 PSYoungGen      total 1383424K, used 639486K [0x00000008d5580000, 0x000000095de80000, 0x0000000d00000000)
  eden space 776704K, 26% used [0x00000008d5580000,0x00000008e1ccd0a8,0x0000000904c00000)
  from space 606720K, 71% used [0x0000000904c00000,0x000000091f532788,0x0000000929c80000)
  to   space 661504K, 0% used [0x0000000935880000,0x0000000935880000,0x000000095de80000)
 ParOldGen       total 1256448K, used 887997K [0x0000000080000000, 0x00000000ccb00000, 0x00000008d5580000)
  object space 1256448K, 70% used [0x0000000080000000,0x00000000b632f728,0x00000000ccb00000)
 Metaspace       used 6739K, capacity 6984K, committed 7168K, reserved 8192K
GC Heap History (10 events):
Event: 32.335 GC heap before
{Heap before GC invocations=24 (full 4):
 PSYoungGen      total 1055744K, used 1047173K [0x00000008d5580000, 0x0000000937700000, 0x0000000d00000000)
  eden space 707072K, 100% used [0x00000008d5580000,0x0000000900800000,0x0000000900800000)
  from space 348672K, 97% used [0x0000000900800000,0x00000009154217c0,0x0000000915c80000)
  to   space 404992K, 0% used [0x000000091eb80000,0x000000091eb80000,0x0000000937700000)
 ParOldGen       total 888320K, used 676812K [0x0000000080000000, 0x00000000b6380000, 0x00000008d5580000)
  object space 888320K, 76% used [0x0000000080000000,0x00000000a94f32c8,0x00000000b6380000)
 Metaspace       used 6606K, capacity 6920K, committed 7168K, reserved 8192K
Event: 32.687 GC heap after
Heap after GC invocations=24 (full 4):
 PSYoungGen      total 1169408K, used 307268K [0x00000008d5580000, 0x000000093bb00000, 0x0000000d00000000)
  eden space 764416K, 0% used [0x00000008d5580000,0x00000008d5580000,0x0000000904000000)
  from space 404992K, 75% used [0x000000091eb80000,0x0000000931791130,0x0000000937700000)
  to   space 437760K, 0% used [0x0000000904000000,0x0000000904000000,0x000000091eb80000)
 ParOldGen       total 888320K, used 676812K [0x0000000080000000, 0x00000000b6380000, 0x00000008d5580000)
  object space 888320K, 76% used [0x0000000080000000,0x00000000a94f32c8,0x00000000b6380000)
 Metaspace       used 6606K, capacity 6920K, committed 7168K, reserved 8192K
}
Event: 34.271 GC heap before
{Heap before GC invocations=25 (full 4):
 PSYoungGen      total 1169408K, used 1071684K [0x00000008d5580000, 0x000000093bb00000, 0x0000000d00000000)
  eden space 764416K, 100% used [0x00000008d5580000,0x0000000904000000,0x0000000904000000)
  from space 404992K, 75% used [0x000000091eb80000,0x0000000931791130,0x0000000937700000)
  to   space 437760K, 0% used [0x0000000904000000,0x0000000904000000,0x000000091eb80000)
 ParOldGen       total 888320K, used 676812K [0x0000000080000000, 0x00000000b6380000, 0x00000008d5580000)
  object space 888320K, 76% used [0x0000000080000000,0x00000000a94f32c8,0x00000000b6380000)
 Metaspace       used 6607K, capacity 6920K, committed 7168K, reserved 8192K
Event: 34.646 GC heap after
Heap after GC invocations=25 (full 4):
 PSYoungGen      total 1202176K, used 430928K [0x00000008d5580000, 0x0000000948d80000, 0x0000000d00000000)
  eden space 764416K, 0% used [0x00000008d5580000,0x00000008d5580000,0x0000000904000000)
  from space 437760K, 98% used [0x0000000904000000,0x000000091e4d4308,0x000000091eb80000)
  to   space 508928K, 0% used [0x0000000929c80000,0x0000000929c80000,0x0000000948d80000)
 ParOldGen       total 888320K, used 676812K [0x0000000080000000, 0x00000000b6380000, 0x00000008d5580000)
  object space 888320K, 76% used [0x0000000080000000,0x00000000a94f32c8,0x00000000b6380000)
 Metaspace       used 6607K, capacity 6920K, committed 7168K, reserved 8192K
}
Event: 36.271 GC heap before
{Heap before GC invocations=26 (full 4):
 PSYoungGen      total 1202176K, used 1195344K [0x00000008d5580000, 0x0000000948d80000, 0x0000000d00000000)
  eden space 764416K, 100% used [0x00000008d5580000,0x0000000904000000,0x0000000904000000)
  from space 437760K, 98% used [0x0000000904000000,0x000000091e4d4308,0x000000091eb80000)
  to   space 508928K, 0% used [0x0000000929c80000,0x0000000929c80000,0x0000000948d80000)
 ParOldGen       total 888320K, used 676812K [0x0000000080000000, 0x00000000b6380000, 0x00000008d5580000)
  object space 888320K, 76% used [0x0000000080000000,0x00000000a94f32c8,0x00000000b6380000)
 Metaspace       used 6677K, capacity 6920K, committed 7168K, reserved 8192K
Event: 36.935 GC heap after
Heap after GC invocations=26 (full 4):
 PSYoungGen      total 1285632K, used 508908K [0x00000008d5580000, 0x0000000955c80000, 0x0000000d00000000)
  eden space 776704K, 0% used [0x00000008d5580000,0x00000008d5580000,0x0000000904c00000)
  from space 508928K, 99% used [0x0000000929c80000,0x0000000948d7b3a0,0x0000000948d80000)
  to   space 606720K, 0% used [0x0000000904c00000,0x0000000904c00000,0x0000000929c80000)
 ParOldGen       total 888320K, used 710624K [0x0000000080000000, 0x00000000b6380000, 0x00000008d5580000)
  object space 888320K, 79% used [0x0000000080000000,0x00000000ab5f8248,0x00000000b6380000)
 Metaspace       used 6677K, capacity 6920K, committed 7168K, reserved 8192K
}
Event: 38.776 GC heap before
{Heap before GC invocations=27 (full 4):
 PSYoungGen      total 1285632K, used 1285612K [0x00000008d5580000, 0x0000000955c80000, 0x0000000d00000000)
  eden space 776704K, 100% used [0x00000008d5580000,0x0000000904c00000,0x0000000904c00000)
  from space 508928K, 99% used [0x0000000929c80000,0x0000000948d7b3a0,0x0000000948d80000)
  to   space 606720K, 0% used [0x0000000904c00000,0x0000000904c00000,0x0000000929c80000)
 ParOldGen       total 888320K, used 710624K [0x0000000080000000, 0x00000000b6380000, 0x00000008d5580000)
  object space 888320K, 79% used [0x0000000080000000,0x00000000ab5f8248,0x00000000b6380000)
 Metaspace       used 6714K, capacity 6984K, committed 7168K, reserved 8192K
Event: 39.473 GC heap after
Heap after GC invocations=27 (full 4):
 PSYoungGen      total 1383424K, used 477733K [0x00000008d5580000, 0x000000095de80000, 0x0000000d00000000)
  eden space 776704K, 0% used [0x00000008d5580000,0x00000008d5580000,0x0000000904c00000)
  from space 606720K, 78% used [0x0000000904c00000,0x0000000921e89540,0x0000000929c80000)
  to   space 661504K, 0% used [0x0000000935880000,0x0000000935880000,0x000000095de80000)
 ParOldGen       total 888320K, used 871366K [0x0000000080000000, 0x00000000b6380000, 0x00000008d5580000)
  object space 888320K, 98% used [0x0000000080000000,0x00000000b52f1b78,0x00000000b6380000)
 Metaspace       used 6714K, capacity 6984K, committed 7168K, reserved 8192K
}
Event: 39.474 GC heap before
{Heap before GC invocations=28 (full 5):
 PSYoungGen      total 1383424K, used 477733K [0x00000008d5580000, 0x000000095de80000, 0x0000000d00000000)
  eden space 776704K, 0% used [0x00000008d5580000,0x00000008d5580000,0x0000000904c00000)
  from space 606720K, 78% used [0x0000000904c00000,0x0000000921e89540,0x0000000929c80000)
  to   space 661504K, 0% used [0x0000000935880000,0x0000000935880000,0x000000095de80000)
 ParOldGen       total 888320K, used 871366K [0x0000000080000000, 0x00000000b6380000, 0x00000008d5580000)
  object space 888320K, 98% used [0x0000000080000000,0x00000000b52f1b78,0x00000000b6380000)
 Metaspace       used 6714K, capacity 6984K, committed 7168K, reserved 8192K
Event: 47.730 GC heap after
Heap after GC invocations=28 (full 5):
 PSYoungGen      total 1383424K, used 435401K [0x00000008d5580000, 0x000000095de80000, 0x0000000d00000000)
  eden space 776704K, 0% used [0x00000008d5580000,0x00000008d5580000,0x0000000904c00000)
  from space 606720K, 71% used [0x0000000904c00000,0x000000091f532788,0x0000000929c80000)
  to   space 661504K, 0% used [0x0000000935880000,0x0000000935880000,0x000000095de80000)
 ParOldGen       total 1256448K, used 887997K [0x0000000080000000, 0x00000000ccb00000, 0x00000008d5580000)
  object space 1256448K, 70% used [0x0000000080000000,0x00000000b632f728,0x00000000ccb00000)
 Metaspace       used 6714K, capacity 6984K, committed 7168K, reserved 8192K
}

