# JRE version: Java(TM) SE Runtime Environment (8.0_20-b26) (build 1.8.0_20-b26)
# Java VM: Java HotSpot(TM) 64-Bit Server VM (25.20-b23 mixed mode windows-amd64 )
Heap:
 PSYoungGen      total 468480K, used 191697K [0x00000008d5580000, 0x00000008fa600000, 0x0000000d00000000)
  eden space 451072K, 42% used [0x00000008d5580000,0x00000008e10b4648,0x00000008f0e00000)
  from space 17408K, 0% used [0x00000008f7280000,0x00000008f7280000,0x00000008f8380000)
  to   space 77824K, 0% used [0x00000008f0e00000,0x00000008f0e00000,0x00000008f5a00000)
 ParOldGen       total 461312K, used 457971K [0x0000000080000000, 0x000000009c280000, 0x00000008d5580000)
  object space 461312K, 99% used [0x0000000080000000,0x000000009bf3cdf8,0x000000009c280000)
 Metaspace       used 6575K, capacity 6856K, committed 6912K, reserved 8192K
GC Heap History (10 events):
Event: 22.548 GC heap before
{Heap before GC invocations=16 (full 3):
 PSYoungGen      total 528896K, used 528891K [0x00000008d5580000, 0x00000008fa600000, 0x0000000d00000000)
  eden space 451072K, 100% used [0x00000008d5580000,0x00000008f0e00000,0x00000008f0e00000)
  from space 77824K, 99% used [0x00000008f0e00000,0x00000008f59fed18,0x00000008f5a00000)
  to   space 17408K, 0% used [0x00000008f7280000,0x00000008f7280000,0x00000008f8380000)
 ParOldGen       total 461312K, used 323091K [0x0000000080000000, 0x000000009c280000, 0x00000008d5580000)
  object space 461312K, 70% used [0x0000000080000000,0x0000000093b84ed8,0x000000009c280000)
 Metaspace       used 6575K, capacity 6856K, committed 6912K, reserved 8192K
Event: 22.906 GC heap after
Heap after GC invocations=16 (full 3):
 PSYoungGen      total 468480K, used 17389K [0x00000008d5580000, 0x00000008fa600000, 0x0000000d00000000)
  eden space 451072K, 0% used [0x00000008d5580000,0x00000008d5580000,0x00000008f0e00000)
  from space 17408K, 99% used [0x00000008f7280000,0x00000008f837b638,0x00000008f8380000)
  to   space 77824K, 0% used [0x00000008f0e00000,0x00000008f0e00000,0x00000008f5a00000)
 ParOldGen       total 461312K, used 457932K [0x0000000080000000, 0x000000009c280000, 0x00000008d5580000)
  object space 461312K, 99% used [0x0000000080000000,0x000000009bf331d8,0x000000009c280000)
 Metaspace       used 6575K, capacity 6856K, committed 6912K, reserved 8192K
}
Event: 22.906 GC heap before
{Heap before GC invocations=17 (full 4):
 PSYoungGen      total 468480K, used 17389K [0x00000008d5580000, 0x00000008fa600000, 0x0000000d00000000)
  eden space 451072K, 0% used [0x00000008d5580000,0x00000008d5580000,0x00000008f0e00000)
  from space 17408K, 99% used [0x00000008f7280000,0x00000008f837b638,0x00000008f8380000)
  to   space 77824K, 0% used [0x00000008f0e00000,0x00000008f0e00000,0x00000008f5a00000)
 ParOldGen       total 461312K, used 457932K [0x0000000080000000, 0x000000009c280000, 0x00000008d5580000)
  object space 461312K, 99% used [0x0000000080000000,0x000000009bf331d8,0x000000009c280000)
 Metaspace       used 6575K, capacity 6856K, committed 6912K, reserved 8192K
Event: 26.503 GC heap after
Heap after GC invocations=17 (full 4):
 PSYoungGen      total 468480K, used 2526K [0x00000008d5580000, 0x00000008fa600000, 0x0000000d00000000)
  eden space 451072K, 0% used [0x00000008d5580000,0x00000008d5580000,0x00000008f0e00000)
  from space 17408K, 14% used [0x00000008f7280000,0x00000008f74f7960,0x00000008f8380000)
  to   space 77824K, 0% used [0x00000008f0e00000,0x00000008f0e00000,0x00000008f5a00000)
 ParOldGen       total 461312K, used 461084K [0x0000000080000000, 0x000000009c280000, 0x00000008d5580000)
  object space 461312K, 99% used [0x0000000080000000,0x000000009c247138,0x000000009c280000)
 Metaspace       used 6575K, capacity 6856K, committed 6912K, reserved 8192K
}
Event: 28.271 GC heap before
{Heap before GC invocations=18 (full 5):
 PSYoungGen      total 468480K, used 453598K [0x00000008d5580000, 0x00000008fa600000, 0x0000000d00000000)
  eden space 451072K, 100% used [0x00000008d5580000,0x00000008f0e00000,0x00000008f0e00000)
  from space 17408K, 14% used [0x00000008f7280000,0x00000008f74f7960,0x00000008f8380000)
  to   space 77824K, 0% used [0x00000008f0e00000,0x00000008f0e00000,0x00000008f5a00000)
 ParOldGen       total 461312K, used 461086K [0x0000000080000000, 0x000000009c280000, 0x00000008d5580000)
  object space 461312K, 99% used [0x0000000080000000,0x000000009c247838,0x000000009c280000)
 Metaspace       used 6575K, capacity 6856K, committed 6912K, reserved 8192K
Event: 31.469 GC heap after
Heap after GC invocations=18 (full 5):
 PSYoungGen      total 468480K, used 70725K [0x00000008d5580000, 0x00000008fa600000, 0x0000000d00000000)
  eden space 451072K, 15% used [0x00000008d5580000,0x00000008d9a91728,0x00000008f0e00000)
  from space 17408K, 0% used [0x00000008f7280000,0x00000008f7280000,0x00000008f8380000)
  to   space 77824K, 0% used [0x00000008f0e00000,0x00000008f0e00000,0x00000008f5a00000)
 ParOldGen       total 461312K, used 458017K [0x0000000080000000, 0x000000009c280000, 0x00000008d5580000)
  object space 461312K, 99% used [0x0000000080000000,0x000000009bf486b0,0x000000009c280000)
 Metaspace       used 6575K, capacity 6856K, committed 6912K, reserved 8192K
}
Event: 31.473 GC heap before
{Heap before GC invocations=19 (full 6):
 PSYoungGen      total 468480K, used 74304K [0x00000008d5580000, 0x00000008fa600000, 0x0000000d00000000)
  eden space 451072K, 16% used [0x00000008d5580000,0x00000008d9e10268,0x00000008f0e00000)
  from space 17408K, 0% used [0x00000008f7280000,0x00000008f7280000,0x00000008f8380000)
  to   space 77824K, 0% used [0x00000008f0e00000,0x00000008f0e00000,0x00000008f5a00000)
 ParOldGen       total 461312K, used 458017K [0x0000000080000000, 0x000000009c280000, 0x00000008d5580000)
  object space 461312K, 99% used [0x0000000080000000,0x000000009bf486b0,0x000000009c280000)
 Metaspace       used 6575K, capacity 6856K, committed 6912K, reserved 8192K
Event: 33.399 GC heap after
Heap after GC invocations=19 (full 6):
 PSYoungGen      total 468480K, used 68903K [0x00000008d5580000, 0x00000008fa600000, 0x0000000d00000000)
  eden space 451072K, 15% used [0x00000008d5580000,0x00000008d98c9db8,0x00000008f0e00000)
  from space 17408K, 0% used [0x00000008f7280000,0x00000008f7280000,0x00000008f8380000)
  to   space 77824K, 0% used [0x00000008f0e00000,0x00000008f0e00000,0x00000008f5a00000)
 ParOldGen       total 461312K, used 457977K [0x0000000080000000, 0x000000009c280000, 0x00000008d5580000)
  object space 461312K, 99% used [0x0000000080000000,0x000000009bf3e718,0x000000009c280000)
 Metaspace       used 6575K, capacity 6856K, committed 6912K, reserved 8192K
}
Event: 34.931 GC heap before
{Heap before GC invocations=20 (full 7):
 PSYoungGen      total 468480K, used 451072K [0x00000008d5580000, 0x00000008fa600000, 0x0000000d00000000)
  eden space 451072K, 100% used [0x00000008d5580000,0x00000008f0e00000,0x00000008f0e00000)
  from space 17408K, 0% used [0x00000008f7280000,0x00000008f7280000,0x00000008f8380000)
  to   space 77824K, 0% used [0x00000008f0e00000,0x00000008f0e00000,0x00000008f5a00000)
 ParOldGen       total 461312K, used 457977K [0x0000000080000000, 0x000000009c280000, 0x00000008d5580000)
  object space 461312K, 99% used [0x0000000080000000,0x000000009bf3e718,0x000000009c280000)
 Metaspace       used 6575K, capacity 6856K, committed 6912K, reserved 8192K
Event: 38.022 GC heap after
Heap after GC invocations=20 (full 7):
 PSYoungGen      total 468480K, used 129296K [0x00000008d5580000, 0x00000008fa600000, 0x0000000d00000000)
  eden space 451072K, 28% used [0x00000008d5580000,0x00000008dd3c4218,0x00000008f0e00000)
  from space 17408K, 0% used [0x00000008f7280000,0x00000008f7280000,0x00000008f8380000)
  to   space 77824K, 0% used [0x00000008f0e00000,0x00000008f0e00000,0x00000008f5a00000)
 ParOldGen       total 461312K, used 457971K [0x0000000080000000, 0x000000009c280000, 0x00000008d5580000)
  object space 461312K, 99% used [0x0000000080000000,0x000000009bf3cdf8,0x000000009c280000)
 Metaspace       used 6575K, capacity 6856K, committed 6912K, reserved 8192K
}

