# JRE version: Java(TM) SE Runtime Environment (8.0_20-b26) (build 1.8.0_20-b26)
# Java VM: Java HotSpot(TM) 64-Bit Server VM (25.20-b23 mixed mode windows-amd64 )
Heap:
 PSYoungGen      total 990208K, used 805591K [0x00000008d5580000, 0x0000000929080000, 0x0000000d00000000)
  eden space 656896K, 100% used [0x00000008d5580000,0x00000008fd700000,0x00000008fd700000)
  from space 333312K, 44% used [0x00000008fd700000,0x0000000906835f38,0x0000000911c80000)
  to   space 322048K, 25% used [0x0000000915600000,0x000000091a67b708,0x0000000929080000)
 ParOldGen       total 1246720K, used 887204K [0x0000000080000000, 0x00000000cc180000, 0x00000008d5580000)
  object space 1246720K, 71% used [0x0000000080000000,0x00000000b62691d8,0x00000000cc180000)
 Metaspace       used 6604K, capacity 6920K, committed 7168K, reserved 8192K
GC Heap History (10 events):
Event: 24.307 GC heap after
Heap after GC invocations=21 (full 4):
 PSYoungGen      total 775680K, used 169979K [0x00000008d5580000, 0x0000000913680000, 0x0000000d00000000)
  eden space 605696K, 0% used [0x00000008d5580000,0x00000008d5580000,0x00000008fa500000)
  from space 169984K, 99% used [0x0000000906900000,0x0000000910efed20,0x0000000910f00000)
  to   space 200704K, 0% used [0x00000008fa500000,0x00000008fa500000,0x0000000906900000)
 ParOldGen       total 763392K, used 636125K [0x0000000080000000, 0x00000000ae980000, 0x00000008d5580000)
  object space 763392K, 83% used [0x0000000080000000,0x00000000a6d376a0,0x00000000ae980000)
 Metaspace       used 6603K, capacity 6920K, committed 7168K, reserved 8192K
}
Event: 25.761 GC heap before
{Heap before GC invocations=22 (full 4):
 PSYoungGen      total 775680K, used 775675K [0x00000008d5580000, 0x0000000913680000, 0x0000000d00000000)
  eden space 605696K, 100% used [0x00000008d5580000,0x00000008fa500000,0x00000008fa500000)
  from space 169984K, 99% used [0x0000000906900000,0x0000000910efed20,0x0000000910f00000)
  to   space 200704K, 0% used [0x00000008fa500000,0x00000008fa500000,0x0000000906900000)
 ParOldGen       total 763392K, used 636125K [0x0000000080000000, 0x00000000ae980000, 0x00000008d5580000)
  object space 763392K, 83% used [0x0000000080000000,0x00000000a6d376a0,0x00000000ae980000)
 Metaspace       used 6603K, capacity 6920K, committed 7168K, reserved 8192K
Event: 26.007 GC heap after
Heap after GC invocations=22 (full 4):
 PSYoungGen      total 806400K, used 200689K [0x00000008d5580000, 0x0000000924700000, 0x0000000d00000000)
  eden space 605696K, 0% used [0x00000008d5580000,0x00000008d5580000,0x00000008fa500000)
  from space 200704K, 99% used [0x00000008fa500000,0x00000009068fc730,0x0000000906900000)
  to   space 305664K, 0% used [0x0000000911c80000,0x0000000911c80000,0x0000000924700000)
 ParOldGen       total 829440K, used 829235K [0x0000000080000000, 0x00000000b2a00000, 0x00000008d5580000)
  object space 829440K, 99% used [0x0000000080000000,0x00000000b29ccd90,0x00000000b2a00000)
 Metaspace       used 6603K, capacity 6920K, committed 7168K, reserved 8192K
}
Event: 26.007 GC heap before
{Heap before GC invocations=23 (full 5):
 PSYoungGen      total 806400K, used 200689K [0x00000008d5580000, 0x0000000924700000, 0x0000000d00000000)
  eden space 605696K, 0% used [0x00000008d5580000,0x00000008d5580000,0x00000008fa500000)
  from space 200704K, 99% used [0x00000008fa500000,0x00000009068fc730,0x0000000906900000)
  to   space 305664K, 0% used [0x0000000911c80000,0x0000000911c80000,0x0000000924700000)
 ParOldGen       total 829440K, used 829235K [0x0000000080000000, 0x00000000b2a00000, 0x00000008d5580000)
  object space 829440K, 99% used [0x0000000080000000,0x00000000b29ccd90,0x00000000b2a00000)
 Metaspace       used 6603K, capacity 6920K, committed 7168K, reserved 8192K
Event: 29.728 GC heap after
Heap after GC invocations=23 (full 5):
 PSYoungGen      total 806400K, used 188147K [0x00000008d5580000, 0x0000000924700000, 0x0000000d00000000)
  eden space 605696K, 0% used [0x00000008d5580000,0x00000008d5580000,0x00000008fa500000)
  from space 200704K, 93% used [0x00000008fa500000,0x0000000905cbce48,0x0000000906900000)
  to   space 305664K, 0% used [0x0000000911c80000,0x0000000911c80000,0x0000000924700000)
 ParOldGen       total 1246720K, used 829241K [0x0000000080000000, 0x00000000cc180000, 0x00000008d5580000)
  object space 1246720K, 66% used [0x0000000080000000,0x00000000b29ce7d0,0x00000000cc180000)
 Metaspace       used 6603K, capacity 6920K, committed 7168K, reserved 8192K
}
Event: 31.225 GC heap before
{Heap before GC invocations=24 (full 5):
 PSYoungGen      total 806400K, used 793843K [0x00000008d5580000, 0x0000000924700000, 0x0000000d00000000)
  eden space 605696K, 100% used [0x00000008d5580000,0x00000008fa500000,0x00000008fa500000)
  from space 200704K, 93% used [0x00000008fa500000,0x0000000905cbce48,0x0000000906900000)
  to   space 305664K, 0% used [0x0000000911c80000,0x0000000911c80000,0x0000000924700000)
 ParOldGen       total 1246720K, used 829241K [0x0000000080000000, 0x00000000cc180000, 0x00000008d5580000)
  object space 1246720K, 66% used [0x0000000080000000,0x00000000b29ce7d0,0x00000000cc180000)
 Metaspace       used 6603K, capacity 6920K, committed 7168K, reserved 8192K
Event: 31.550 GC heap after
Heap after GC invocations=24 (full 5):
 PSYoungGen      total 962560K, used 236365K [0x00000008d5580000, 0x0000000927180000, 0x0000000d00000000)
  eden space 656896K, 0% used [0x00000008d5580000,0x00000008d5580000,0x00000008fd700000)
  from space 305664K, 77% used [0x0000000911c80000,0x00000009203536b8,0x0000000924700000)
  to   space 333312K, 0% used [0x00000008fd700000,0x00000008fd700000,0x0000000911c80000)
 ParOldGen       total 1246720K, used 887204K [0x0000000080000000, 0x00000000cc180000, 0x00000008d5580000)
  object space 1246720K, 71% used [0x0000000080000000,0x00000000b62691d8,0x00000000cc180000)
 Metaspace       used 6603K, capacity 6920K, committed 7168K, reserved 8192K
}
Event: 32.665 GC heap before
{Heap before GC invocations=25 (full 5):
 PSYoungGen      total 962560K, used 893261K [0x00000008d5580000, 0x0000000927180000, 0x0000000d00000000)
  eden space 656896K, 100% used [0x00000008d5580000,0x00000008fd700000,0x00000008fd700000)
  from space 305664K, 77% used [0x0000000911c80000,0x00000009203536b8,0x0000000924700000)
  to   space 333312K, 0% used [0x00000008fd700000,0x00000008fd700000,0x0000000911c80000)
 ParOldGen       total 1246720K, used 887204K [0x0000000080000000, 0x00000000cc180000, 0x00000008d5580000)
  object space 1246720K, 71% used [0x0000000080000000,0x00000000b62691d8,0x00000000cc180000)
 Metaspace       used 6603K, capacity 6920K, committed 7168K, reserved 8192K
Event: 32.778 GC heap after
Heap after GC invocations=25 (full 5):
 PSYoungGen      total 990208K, used 148695K [0x00000008d5580000, 0x0000000929080000, 0x0000000d00000000)
  eden space 656896K, 0% used [0x00000008d5580000,0x00000008d5580000,0x00000008fd700000)
  from space 333312K, 44% used [0x00000008fd700000,0x0000000906835f38,0x0000000911c80000)
  to   space 322048K, 0% used [0x0000000915600000,0x0000000915600000,0x0000000929080000)
 ParOldGen       total 1246720K, used 887204K [0x0000000080000000, 0x00000000cc180000, 0x00000008d5580000)
  object space 1246720K, 71% used [0x0000000080000000,0x00000000b62691d8,0x00000000cc180000)
 Metaspace       used 6603K, capacity 6920K, committed 7168K, reserved 8192K
}
Event: 33.766 GC heap before
{Heap before GC invocations=26 (full 5):
 PSYoungGen      total 990208K, used 805591K [0x00000008d5580000, 0x0000000929080000, 0x0000000d00000000)
  eden space 656896K, 100% used [0x00000008d5580000,0x00000008fd700000,0x00000008fd700000)
  from space 333312K, 44% used [0x00000008fd700000,0x0000000906835f38,0x0000000911c80000)
  to   space 322048K, 0% used [0x0000000915600000,0x0000000915600000,0x0000000929080000)
 ParOldGen       total 1246720K, used 887204K [0x0000000080000000, 0x00000000cc180000, 0x00000008d5580000)
  object space 1246720K, 71% used [0x0000000080000000,0x00000000b62691d8,0x00000000cc180000)
 Metaspace       used 6604K, capacity 6920K, committed 7168K, reserved 8192K

