# JRE version: Java(TM) SE Runtime Environment (8.0_20-b26) (build 1.8.0_20-b26)
# Java VM: Java HotSpot(TM) 64-Bit Server VM (25.20-b23 mixed mode windows-amd64 )
Heap:
 PSYoungGen      total 1146368K, used 793600K [0x00000008d5580000, 0x0000000936580000, 0x0000000d00000000)
  eden space 793600K, 100% used [0x00000008d5580000,0x0000000905c80000,0x0000000905c80000)
  from space 352768K, 0% used [0x0000000905c80000,0x0000000905c80000,0x000000091b500000)
  to   space 277504K, 0% used [0x000000091b500000,0x000000091b500000,0x000000092c400000)
 ParOldGen       total 806400K, used 805901K [0x0000000080000000, 0x00000000b1380000, 0x00000008d5580000)
  object space 806400K, 99% used [0x0000000080000000,0x00000000b1303578,0x00000000b1380000)
 Metaspace       used 6894K, capacity 7112K, committed 7168K, reserved 8192K
GC Heap History (10 events):
Event: 43.398 GC heap after
Heap after GC invocations=24 (full 7):
 PSYoungGen      total 1146368K, used 308264K [0x00000008d5580000, 0x0000000936580000, 0x0000000d00000000)
  eden space 793600K, 38% used [0x00000008d5580000,0x00000008e828a048,0x0000000905c80000)
  from space 352768K, 0% used [0x0000000905c80000,0x0000000905c80000,0x000000091b500000)
  to   space 277504K, 0% used [0x000000091b500000,0x000000091b500000,0x000000092c400000)
 ParOldGen       total 806400K, used 806348K [0x0000000080000000, 0x00000000b1380000, 0x00000008d5580000)
  object space 806400K, 99% used [0x0000000080000000,0x00000000b13733c0,0x00000000b1380000)
 Metaspace       used 6604K, capacity 6920K, committed 7168K, reserved 8192K
}
Event: 44.050 GC heap before
{Heap before GC invocations=25 (full 8):
 PSYoungGen      total 1146368K, used 793600K [0x00000008d5580000, 0x0000000936580000, 0x0000000d00000000)
  eden space 793600K, 100% used [0x00000008d5580000,0x0000000905c80000,0x0000000905c80000)
  from space 352768K, 0% used [0x0000000905c80000,0x0000000905c80000,0x000000091b500000)
  to   space 277504K, 0% used [0x000000091b500000,0x000000091b500000,0x000000092c400000)
 ParOldGen       total 806400K, used 806348K [0x0000000080000000, 0x00000000b1380000, 0x00000008d5580000)
  object space 806400K, 99% used [0x0000000080000000,0x00000000b13733c0,0x00000000b1380000)
 Metaspace       used 6670K, capacity 6920K, committed 7168K, reserved 8192K
Event: 49.031 GC heap after
Heap after GC invocations=25 (full 8):
 PSYoungGen      total 1146368K, used 374984K [0x00000008d5580000, 0x0000000936580000, 0x0000000d00000000)
  eden space 793600K, 47% used [0x00000008d5580000,0x00000008ec3b2390,0x0000000905c80000)
  from space 352768K, 0% used [0x0000000905c80000,0x0000000905c80000,0x000000091b500000)
  to   space 277504K, 0% used [0x000000091b500000,0x000000091b500000,0x000000092c400000)
 ParOldGen       total 806400K, used 806087K [0x0000000080000000, 0x00000000b1380000, 0x00000008d5580000)
  object space 806400K, 99% used [0x0000000080000000,0x00000000b1331f60,0x00000000b1380000)
 Metaspace       used 6670K, capacity 6920K, committed 7168K, reserved 8192K
}
Event: 49.946 GC heap before
{Heap before GC invocations=26 (full 9):
 PSYoungGen      total 1146368K, used 793600K [0x00000008d5580000, 0x0000000936580000, 0x0000000d00000000)
  eden space 793600K, 100% used [0x00000008d5580000,0x0000000905c80000,0x0000000905c80000)
  from space 352768K, 0% used [0x0000000905c80000,0x0000000905c80000,0x000000091b500000)
  to   space 277504K, 0% used [0x000000091b500000,0x000000091b500000,0x000000092c400000)
 ParOldGen       total 806400K, used 806087K [0x0000000080000000, 0x00000000b1380000, 0x00000008d5580000)
  object space 806400K, 99% used [0x0000000080000000,0x00000000b1331f60,0x00000000b1380000)
 Metaspace       used 6710K, capacity 6984K, committed 7168K, reserved 8192K
Event: 54.784 GC heap after
Heap after GC invocations=26 (full 9):
 PSYoungGen      total 1146368K, used 432060K [0x00000008d5580000, 0x0000000936580000, 0x0000000d00000000)
  eden space 793600K, 54% used [0x00000008d5580000,0x00000008efb6f080,0x0000000905c80000)
  from space 352768K, 0% used [0x0000000905c80000,0x0000000905c80000,0x000000091b500000)
  to   space 277504K, 0% used [0x000000091b500000,0x000000091b500000,0x000000092c400000)
 ParOldGen       total 806400K, used 805986K [0x0000000080000000, 0x00000000b1380000, 0x00000008d5580000)
  object space 806400K, 99% used [0x0000000080000000,0x00000000b1318aa0,0x00000000b1380000)
 Metaspace       used 6710K, capacity 6984K, committed 7168K, reserved 8192K
}
Event: 55.185 GC heap before
{Heap before GC invocations=27 (full 10):
 PSYoungGen      total 1146368K, used 793600K [0x00000008d5580000, 0x0000000936580000, 0x0000000d00000000)
  eden space 793600K, 100% used [0x00000008d5580000,0x0000000905c80000,0x0000000905c80000)
  from space 352768K, 0% used [0x0000000905c80000,0x0000000905c80000,0x000000091b500000)
  to   space 277504K, 0% used [0x000000091b500000,0x000000091b500000,0x000000092c400000)
 ParOldGen       total 806400K, used 805986K [0x0000000080000000, 0x00000000b1380000, 0x00000008d5580000)
  object space 806400K, 99% used [0x0000000080000000,0x00000000b1318aa0,0x00000000b1380000)
 Metaspace       used 6710K, capacity 6984K, committed 7168K, reserved 8192K
Event: 57.948 GC heap after
Heap after GC invocations=27 (full 10):
 PSYoungGen      total 1146368K, used 488527K [0x00000008d5580000, 0x0000000936580000, 0x0000000d00000000)
  eden space 793600K, 61% used [0x00000008d5580000,0x00000008f3293ee0,0x0000000905c80000)
  from space 352768K, 0% used [0x0000000905c80000,0x0000000905c80000,0x000000091b500000)
  to   space 277504K, 0% used [0x000000091b500000,0x000000091b500000,0x000000092c400000)
 ParOldGen       total 806400K, used 805911K [0x0000000080000000, 0x00000000b1380000, 0x00000008d5580000)
  object space 806400K, 99% used [0x0000000080000000,0x00000000b1305f00,0x00000000b1380000)
 Metaspace       used 6710K, capacity 6984K, committed 7168K, reserved 8192K
}
Event: 58.414 GC heap before
{Heap before GC invocations=28 (full 11):
 PSYoungGen      total 1146368K, used 793600K [0x00000008d5580000, 0x0000000936580000, 0x0000000d00000000)
  eden space 793600K, 100% used [0x00000008d5580000,0x0000000905c80000,0x0000000905c80000)
  from space 352768K, 0% used [0x0000000905c80000,0x0000000905c80000,0x000000091b500000)
  to   space 277504K, 0% used [0x000000091b500000,0x000000091b500000,0x000000092c400000)
 ParOldGen       total 806400K, used 805911K [0x0000000080000000, 0x00000000b1380000, 0x00000008d5580000)
  object space 806400K, 99% used [0x0000000080000000,0x00000000b1305f00,0x00000000b1380000)
 Metaspace       used 6745K, capacity 6984K, committed 7168K, reserved 8192K
Event: 61.403 GC heap after
Heap after GC invocations=28 (full 11):
 PSYoungGen      total 1146368K, used 532824K [0x00000008d5580000, 0x0000000936580000, 0x0000000d00000000)
  eden space 793600K, 67% used [0x00000008d5580000,0x00000008f5dd63c8,0x0000000905c80000)
  from space 352768K, 0% used [0x0000000905c80000,0x0000000905c80000,0x000000091b500000)
  to   space 277504K, 0% used [0x000000091b500000,0x000000091b500000,0x000000092c400000)
 ParOldGen       total 806400K, used 805901K [0x0000000080000000, 0x00000000b1380000, 0x00000008d5580000)
  object space 806400K, 99% used [0x0000000080000000,0x00000000b1303578,0x00000000b1380000)
 Metaspace       used 6745K, capacity 6984K, committed 7168K, reserved 8192K
}
Event: 62.315 GC heap before
{Heap before GC invocations=29 (full 12):
 PSYoungGen      total 1146368K, used 793600K [0x00000008d5580000, 0x0000000936580000, 0x0000000d00000000)
  eden space 793600K, 100% used [0x00000008d5580000,0x0000000905c80000,0x0000000905c80000)
  from space 352768K, 0% used [0x0000000905c80000,0x0000000905c80000,0x000000091b500000)
  to   space 277504K, 0% used [0x000000091b500000,0x000000091b500000,0x000000092c400000)
 ParOldGen       total 806400K, used 805901K [0x0000000080000000, 0x00000000b1380000, 0x00000008d5580000)
  object space 806400K, 99% used [0x0000000080000000,0x00000000b1303578,0x00000000b1380000)
 Metaspace       used 6894K, capacity 7112K, committed 7168K, reserved 8192K

