# JRE version: Java(TM) SE Runtime Environment (8.0_20-b26) (build 1.8.0_20-b26)
# Java VM: Java HotSpot(TM) 64-Bit Server VM (25.20-b23 mixed mode windows-amd64 )
Heap:
 PSYoungGen      total 1339392K, used 1040778K [0x00000008d5580000, 0x0000000958880000, 0x0000000d00000000)
  eden space 839680K, 64% used [0x00000008d5580000,0x00000008f65e47a0,0x0000000908980000)
  from space 499712K, 99% used [0x0000000908980000,0x000000092717e448,0x0000000927180000)
  to   space 587264K, 0% used [0x0000000934b00000,0x0000000934b00000,0x0000000958880000)
 ParOldGen       total 1246720K, used 933631K [0x0000000080000000, 0x00000000cc180000, 0x00000008d5580000)
  object space 1246720K, 74% used [0x0000000080000000,0x00000000b8fbffe0,0x00000000cc180000)
 Metaspace       used 6724K, capacity 6984K, committed 7168K, reserved 8192K
GC Heap History (10 events):
Event: 29.915 GC heap before
{Heap before GC invocations=24 (full 5):
 PSYoungGen      total 1059328K, used 356323K [0x00000008d5580000, 0x000000093dd00000, 0x0000000d00000000)
  eden space 702976K, 0% used [0x00000008d5580000,0x00000008d5580000,0x0000000900400000)
  from space 356352K, 99% used [0x0000000900400000,0x0000000915ff8fd8,0x0000000916000000)
  to   space 453632K, 0% used [0x0000000922200000,0x0000000922200000,0x000000093dd00000)
 ParOldGen       total 884224K, used 763123K [0x0000000080000000, 0x00000000b5f80000, 0x00000008d5580000)
  object space 884224K, 86% used [0x0000000080000000,0x00000000ae93cd58,0x00000000b5f80000)
 Metaspace       used 6578K, capacity 6856K, committed 6912K, reserved 8192K
Event: 33.335 GC heap after
Heap after GC invocations=24 (full 5):
 PSYoungGen      total 1059328K, used 155624K [0x00000008d5580000, 0x000000093dd00000, 0x0000000d00000000)
  eden space 702976K, 0% used [0x00000008d5580000,0x00000008d5580000,0x0000000900400000)
  from space 356352K, 43% used [0x0000000900400000,0x0000000909bfa360,0x0000000916000000)
  to   space 453632K, 0% used [0x0000000922200000,0x0000000922200000,0x000000093dd00000)
 ParOldGen       total 1246720K, used 884169K [0x0000000080000000, 0x00000000cc180000, 0x00000008d5580000)
  object space 1246720K, 70% used [0x0000000080000000,0x00000000b5f72410,0x00000000cc180000)
 Metaspace       used 6578K, capacity 6856K, committed 6912K, reserved 8192K
}
Event: 34.500 GC heap before
{Heap before GC invocations=25 (full 5):
 PSYoungGen      total 1059328K, used 858600K [0x00000008d5580000, 0x000000093dd00000, 0x0000000d00000000)
  eden space 702976K, 100% used [0x00000008d5580000,0x0000000900400000,0x0000000900400000)
  from space 356352K, 43% used [0x0000000900400000,0x0000000909bfa360,0x0000000916000000)
  to   space 453632K, 0% used [0x0000000922200000,0x0000000922200000,0x000000093dd00000)
 ParOldGen       total 1246720K, used 884169K [0x0000000080000000, 0x00000000cc180000, 0x00000008d5580000)
  object space 1246720K, 70% used [0x0000000080000000,0x00000000b5f72410,0x00000000cc180000)
 Metaspace       used 6578K, capacity 6856K, committed 6912K, reserved 8192K
Event: 34.861 GC heap after
Heap after GC invocations=25 (full 5):
 PSYoungGen      total 1209856K, used 214287K [0x00000008d5580000, 0x000000093bb80000, 0x0000000d00000000)
  eden space 790528K, 0% used [0x00000008d5580000,0x00000008d5580000,0x0000000905980000)
  from space 419328K, 51% used [0x0000000922200000,0x000000092f343f50,0x000000093bb80000)
  to   space 443392K, 0% used [0x0000000905980000,0x0000000905980000,0x0000000920a80000)
 ParOldGen       total 1246720K, used 917254K [0x0000000080000000, 0x00000000cc180000, 0x00000008d5580000)
  object space 1246720K, 73% used [0x0000000080000000,0x00000000b7fc1be8,0x00000000cc180000)
 Metaspace       used 6578K, capacity 6856K, committed 6912K, reserved 8192K
}
Event: 36.362 GC heap before
{Heap before GC invocations=26 (full 5):
 PSYoungGen      total 1209856K, used 1004815K [0x00000008d5580000, 0x000000093bb80000, 0x0000000d00000000)
  eden space 790528K, 100% used [0x00000008d5580000,0x0000000905980000,0x0000000905980000)
  from space 419328K, 51% used [0x0000000922200000,0x000000092f343f50,0x000000093bb80000)
  to   space 443392K, 0% used [0x0000000905980000,0x0000000905980000,0x0000000920a80000)
 ParOldGen       total 1246720K, used 917254K [0x0000000080000000, 0x00000000cc180000, 0x00000008d5580000)
  object space 1246720K, 73% used [0x0000000080000000,0x00000000b7fc1be8,0x00000000cc180000)
 Metaspace       used 6578K, capacity 6856K, committed 6912K, reserved 8192K
Event: 36.592 GC heap after
Heap after GC invocations=26 (full 5):
 PSYoungGen      total 1233920K, used 261372K [0x00000008d5580000, 0x0000000942900000, 0x0000000d00000000)
  eden space 790528K, 0% used [0x00000008d5580000,0x00000008d5580000,0x0000000905980000)
  from space 443392K, 58% used [0x0000000905980000,0x00000009158bf350,0x0000000920a80000)
  to   space 450048K, 0% used [0x0000000927180000,0x0000000927180000,0x0000000942900000)
 ParOldGen       total 1246720K, used 917254K [0x0000000080000000, 0x00000000cc180000, 0x00000008d5580000)
  object space 1246720K, 73% used [0x0000000080000000,0x00000000b7fc1be8,0x00000000cc180000)
 Metaspace       used 6578K, capacity 6856K, committed 6912K, reserved 8192K
}
Event: 38.247 GC heap before
{Heap before GC invocations=27 (full 5):
 PSYoungGen      total 1233920K, used 1051900K [0x00000008d5580000, 0x0000000942900000, 0x0000000d00000000)
  eden space 790528K, 100% used [0x00000008d5580000,0x0000000905980000,0x0000000905980000)
  from space 443392K, 58% used [0x0000000905980000,0x00000009158bf350,0x0000000920a80000)
  to   space 450048K, 0% used [0x0000000927180000,0x0000000927180000,0x0000000942900000)
 ParOldGen       total 1246720K, used 917254K [0x0000000080000000, 0x00000000cc180000, 0x00000008d5580000)
  object space 1246720K, 73% used [0x0000000080000000,0x00000000b7fc1be8,0x00000000cc180000)
 Metaspace       used 6685K, capacity 6920K, committed 7168K, reserved 8192K
Event: 38.667 GC heap after
Heap after GC invocations=27 (full 5):
 PSYoungGen      total 1289728K, used 385759K [0x00000008d5580000, 0x0000000949300000, 0x0000000d00000000)
  eden space 839680K, 0% used [0x00000008d5580000,0x00000008d5580000,0x0000000908980000)
  from space 450048K, 85% used [0x0000000927180000,0x000000093ea37ce0,0x0000000942900000)
  to   space 499712K, 0% used [0x0000000908980000,0x0000000908980000,0x0000000927180000)
 ParOldGen       total 1246720K, used 917254K [0x0000000080000000, 0x00000000cc180000, 0x00000008d5580000)
  object space 1246720K, 73% used [0x0000000080000000,0x00000000b7fc1be8,0x00000000cc180000)
 Metaspace       used 6685K, capacity 6920K, committed 7168K, reserved 8192K
}
Event: 39.818 GC heap before
{Heap before GC invocations=28 (full 5):
 PSYoungGen      total 1289728K, used 1225439K [0x00000008d5580000, 0x0000000949300000, 0x0000000d00000000)
  eden space 839680K, 100% used [0x00000008d5580000,0x0000000908980000,0x0000000908980000)
  from space 450048K, 85% used [0x0000000927180000,0x000000093ea37ce0,0x0000000942900000)
  to   space 499712K, 0% used [0x0000000908980000,0x0000000908980000,0x0000000927180000)
 ParOldGen       total 1246720K, used 917254K [0x0000000080000000, 0x00000000cc180000, 0x00000008d5580000)
  object space 1246720K, 73% used [0x0000000080000000,0x00000000b7fc1be8,0x00000000cc180000)
 Metaspace       used 6686K, capacity 6920K, committed 7168K, reserved 8192K
Event: 40.392 GC heap after
Heap after GC invocations=28 (full 5):
 PSYoungGen      total 1339392K, used 499705K [0x00000008d5580000, 0x0000000958880000, 0x0000000d00000000)
  eden space 839680K, 0% used [0x00000008d5580000,0x00000008d5580000,0x0000000908980000)
  from space 499712K, 99% used [0x0000000908980000,0x000000092717e448,0x0000000927180000)
  to   space 587264K, 0% used [0x0000000934b00000,0x0000000934b00000,0x0000000958880000)
 ParOldGen       total 1246720K, used 933631K [0x0000000080000000, 0x00000000cc180000, 0x00000008d5580000)
  object space 1246720K, 74% used [0x0000000080000000,0x00000000b8fbffe0,0x00000000cc180000)
 Metaspace       used 6686K, capacity 6920K, committed 7168K, reserved 8192K
}

