# JRE version: Java(TM) SE Runtime Environment (8.0_20-b26) (build 1.8.0_20-b26)
# Java VM: Java HotSpot(TM) 64-Bit Server VM (25.20-b23 mixed mode windows-amd64 )
Heap:
 PSYoungGen      total 953856K, used 274299K [0x00000008d5580000, 0x0000000934980000, 0x0000000d00000000)
  eden space 684032K, 21% used [0x00000008d5580000,0x00000008de400d10,0x00000008ff180000)
  from space 269824K, 47% used [0x0000000916300000,0x000000091e05e020,0x0000000926a80000)
  to   space 378368K, 0% used [0x00000008ff180000,0x00000008ff180000,0x0000000916300000)
 ParOldGen       total 895488K, used 895199K [0x0000000080000000, 0x00000000b6a80000, 0x00000008d5580000)
  object space 895488K, 99% used [0x0000000080000000,0x00000000b6a37f08,0x00000000b6a80000)
 Metaspace       used 6730K, capacity 6920K, committed 7168K, reserved 8192K
GC Heap History (10 events):
Event: 20.681 GC heap before
{Heap before GC invocations=19 (full 3):
 PSYoungGen      total 784384K, used 784372K [0x00000008d5580000, 0x000000091d180000, 0x0000000d00000000)
  eden space 595968K, 100% used [0x00000008d5580000,0x00000008f9b80000,0x00000008f9b80000)
  from space 188416K, 99% used [0x00000008f9b80000,0x000000090537d3e0,0x0000000905380000)
  to   space 224256K, 0% used [0x000000090f680000,0x000000090f680000,0x000000091d180000)
 ParOldGen       total 605184K, used 394537K [0x0000000080000000, 0x00000000a4f00000, 0x00000008d5580000)
  object space 605184K, 65% used [0x0000000080000000,0x000000009814a6c8,0x00000000a4f00000)
 Metaspace       used 6718K, capacity 6920K, committed 7168K, reserved 8192K
Event: 21.011 GC heap after
Heap after GC invocations=19 (full 3):
 PSYoungGen      total 926208K, used 187126K [0x00000008d5580000, 0x0000000921180000, 0x0000000d00000000)
  eden space 701952K, 0% used [0x00000008d5580000,0x00000008d5580000,0x0000000900300000)
  from space 224256K, 83% used [0x000000090f680000,0x000000091ad3da88,0x000000091d180000)
  to   space 249344K, 0% used [0x0000000900300000,0x0000000900300000,0x000000090f680000)
 ParOldGen       total 605184K, used 496749K [0x0000000080000000, 0x00000000a4f00000, 0x00000008d5580000)
  object space 605184K, 82% used [0x0000000080000000,0x000000009e51b760,0x00000000a4f00000)
 Metaspace       used 6718K, capacity 6920K, committed 7168K, reserved 8192K
}
Event: 21.011 GC heap before
{Heap before GC invocations=20 (full 4):
 PSYoungGen      total 926208K, used 187126K [0x00000008d5580000, 0x0000000921180000, 0x0000000d00000000)
  eden space 701952K, 0% used [0x00000008d5580000,0x00000008d5580000,0x0000000900300000)
  from space 224256K, 83% used [0x000000090f680000,0x000000091ad3da88,0x000000091d180000)
  to   space 249344K, 0% used [0x0000000900300000,0x0000000900300000,0x000000090f680000)
 ParOldGen       total 605184K, used 496749K [0x0000000080000000, 0x00000000a4f00000, 0x00000008d5580000)
  object space 605184K, 82% used [0x0000000080000000,0x000000009e51b760,0x00000000a4f00000)
 Metaspace       used 6718K, capacity 6920K, committed 7168K, reserved 8192K
Event: 23.257 GC heap after
Heap after GC invocations=20 (full 4):
 PSYoungGen      total 926208K, used 75493K [0x00000008d5580000, 0x0000000921180000, 0x0000000d00000000)
  eden space 701952K, 0% used [0x00000008d5580000,0x00000008d5580000,0x0000000900300000)
  from space 224256K, 33% used [0x000000090f680000,0x0000000914039580,0x000000091d180000)
  to   space 249344K, 0% used [0x0000000900300000,0x0000000900300000,0x000000090f680000)
 ParOldGen       total 895488K, used 604986K [0x0000000080000000, 0x00000000b6a80000, 0x00000008d5580000)
  object space 895488K, 67% used [0x0000000080000000,0x00000000a4eceb10,0x00000000b6a80000)
 Metaspace       used 6718K, capacity 6920K, committed 7168K, reserved 8192K
}
Event: 25.112 GC heap before
{Heap before GC invocations=21 (full 4):
 PSYoungGen      total 926208K, used 777445K [0x00000008d5580000, 0x0000000921180000, 0x0000000d00000000)
  eden space 701952K, 100% used [0x00000008d5580000,0x0000000900300000,0x0000000900300000)
  from space 224256K, 33% used [0x000000090f680000,0x0000000914039580,0x000000091d180000)
  to   space 249344K, 0% used [0x0000000900300000,0x0000000900300000,0x000000090f680000)
 ParOldGen       total 895488K, used 604986K [0x0000000080000000, 0x00000000b6a80000, 0x00000008d5580000)
  object space 895488K, 67% used [0x0000000080000000,0x00000000a4eceb10,0x00000000b6a80000)
 Metaspace       used 6729K, capacity 6920K, committed 7168K, reserved 8192K
Event: 25.370 GC heap after
Heap after GC invocations=21 (full 4):
 PSYoungGen      total 951296K, used 190160K [0x00000008d5580000, 0x0000000926a80000, 0x0000000d00000000)
  eden space 701952K, 0% used [0x00000008d5580000,0x00000008d5580000,0x0000000900300000)
  from space 249344K, 76% used [0x0000000900300000,0x000000090bcb41d0,0x000000090f680000)
  to   space 269824K, 0% used [0x0000000916300000,0x0000000916300000,0x0000000926a80000)
 ParOldGen       total 895488K, used 604994K [0x0000000080000000, 0x00000000b6a80000, 0x00000008d5580000)
  object space 895488K, 67% used [0x0000000080000000,0x00000000a4ed0b10,0x00000000b6a80000)
 Metaspace       used 6729K, capacity 6920K, committed 7168K, reserved 8192K
}
Event: 27.261 GC heap before
{Heap before GC invocations=22 (full 4):
 PSYoungGen      total 951296K, used 892112K [0x00000008d5580000, 0x0000000926a80000, 0x0000000d00000000)
  eden space 701952K, 100% used [0x00000008d5580000,0x0000000900300000,0x0000000900300000)
  from space 249344K, 76% used [0x0000000900300000,0x000000090bcb41d0,0x000000090f680000)
  to   space 269824K, 0% used [0x0000000916300000,0x0000000916300000,0x0000000926a80000)
 ParOldGen       total 895488K, used 604994K [0x0000000080000000, 0x00000000b6a80000, 0x00000008d5580000)
  object space 895488K, 67% used [0x0000000080000000,0x00000000a4ed0b10,0x00000000b6a80000)
 Metaspace       used 6730K, capacity 6920K, committed 7168K, reserved 8192K
Event: 27.732 GC heap after
Heap after GC invocations=22 (full 4):
 PSYoungGen      total 953856K, used 269794K [0x00000008d5580000, 0x0000000934980000, 0x0000000d00000000)
  eden space 684032K, 0% used [0x00000008d5580000,0x00000008d5580000,0x00000008ff180000)
  from space 269824K, 99% used [0x0000000916300000,0x0000000926a78bc0,0x0000000926a80000)
  to   space 378368K, 0% used [0x00000008ff180000,0x00000008ff180000,0x0000000916300000)
 ParOldGen       total 895488K, used 776048K [0x0000000080000000, 0x00000000b6a80000, 0x00000008d5580000)
  object space 895488K, 86% used [0x0000000080000000,0x00000000af5dc3d0,0x00000000b6a80000)
 Metaspace       used 6730K, capacity 6920K, committed 7168K, reserved 8192K
}
Event: 27.732 GC heap before
{Heap before GC invocations=23 (full 5):
 PSYoungGen      total 953856K, used 269794K [0x00000008d5580000, 0x0000000934980000, 0x0000000d00000000)
  eden space 684032K, 0% used [0x00000008d5580000,0x00000008d5580000,0x00000008ff180000)
  from space 269824K, 99% used [0x0000000916300000,0x0000000926a78bc0,0x0000000926a80000)
  to   space 378368K, 0% used [0x00000008ff180000,0x00000008ff180000,0x0000000916300000)
 ParOldGen       total 895488K, used 776048K [0x0000000080000000, 0x00000000b6a80000, 0x00000008d5580000)
  object space 895488K, 86% used [0x0000000080000000,0x00000000af5dc3d0,0x00000000b6a80000)
 Metaspace       used 6730K, capacity 6920K, committed 7168K, reserved 8192K
Event: 31.161 GC heap after
Heap after GC invocations=23 (full 5):
 PSYoungGen      total 953856K, used 128376K [0x00000008d5580000, 0x0000000934980000, 0x0000000d00000000)
  eden space 684032K, 0% used [0x00000008d5580000,0x00000008d5580000,0x00000008ff180000)
  from space 269824K, 47% used [0x0000000916300000,0x000000091e05e020,0x0000000926a80000)
  to   space 378368K, 0% used [0x00000008ff180000,0x00000008ff180000,0x0000000916300000)
 ParOldGen       total 895488K, used 895199K [0x0000000080000000, 0x00000000b6a80000, 0x00000008d5580000)
  object space 895488K, 99% used [0x0000000080000000,0x00000000b6a37f08,0x00000000b6a80000)
 Metaspace       used 6730K, capacity 6920K, committed 7168K, reserved 8192K
}

