# JRE version: Java(TM) SE Runtime Environment (8.0_20-b26) (build 1.8.0_20-b26)
# Java VM: Java HotSpot(TM) 64-Bit Server VM (25.20-b23 mixed mode windows-amd64 )
Heap:
 PSYoungGen      total 1039872K, used 421287K [0x00000008d5580000, 0x0000000936300000, 0x0000000d00000000)
  eden space 672768K, 8% used [0x00000008d5580000,0x00000008d8a6c828,0x00000008fe680000)
  from space 367104K, 99% used [0x00000008fe680000,0x0000000914cfd6b8,0x0000000914d00000)
  to   space 407552K, 0% used [0x000000091d500000,0x000000091d500000,0x0000000936300000)
 ParOldGen       total 1543680K, used 995433K [0x0000000080000000, 0x00000000de380000, 0x00000008d5580000)
  object space 1543680K, 64% used [0x0000000080000000,0x00000000bcc1a790,0x00000000de380000)
 Metaspace       used 6989K, capacity 7240K, committed 7424K, reserved 8192K
GC Heap History (10 events):
Event: 33.092 GC heap before
{Heap before GC invocations=27 (full 5):
 PSYoungGen      total 1080320K, used 283822K [0x00000008d5580000, 0x0000000936300000, 0x0000000d00000000)
  eden space 672768K, 0% used [0x00000008d5580000,0x00000008d5580000,0x00000008fe680000)
  from space 407552K, 69% used [0x000000091d500000,0x000000092ea2b828,0x0000000936300000)
  to   space 367104K, 0% used [0x00000008fe680000,0x00000008fe680000,0x0000000914d00000)
 ParOldGen       total 932864K, used 932707K [0x0000000080000000, 0x00000000b8f00000, 0x00000008d5580000)
  object space 932864K, 99% used [0x0000000080000000,0x00000000b8ed8eb8,0x00000000b8f00000)
 Metaspace       used 6590K, capacity 6920K, committed 7168K, reserved 8192K
Event: 37.814 GC heap after
Heap after GC invocations=27 (full 5):
 PSYoungGen      total 1080320K, used 230387K [0x00000008d5580000, 0x0000000936300000, 0x0000000d00000000)
  eden space 672768K, 0% used [0x00000008d5580000,0x00000008d5580000,0x00000008fe680000)
  from space 407552K, 56% used [0x000000091d500000,0x000000092b5fce40,0x0000000936300000)
  to   space 367104K, 0% used [0x00000008fe680000,0x00000008fe680000,0x0000000914d00000)
 ParOldGen       total 932864K, used 932497K [0x0000000080000000, 0x00000000b8f00000, 0x00000008d5580000)
  object space 932864K, 99% used [0x0000000080000000,0x00000000b8ea45f8,0x00000000b8f00000)
 Metaspace       used 6590K, capacity 6920K, committed 7168K, reserved 8192K
}
Event: 39.129 GC heap before
{Heap before GC invocations=28 (full 6):
 PSYoungGen      total 1080320K, used 903155K [0x00000008d5580000, 0x0000000936300000, 0x0000000d00000000)
  eden space 672768K, 100% used [0x00000008d5580000,0x00000008fe680000,0x00000008fe680000)
  from space 407552K, 56% used [0x000000091d500000,0x000000092b5fce40,0x0000000936300000)
  to   space 367104K, 0% used [0x00000008fe680000,0x00000008fe680000,0x0000000914d00000)
 ParOldGen       total 932864K, used 932497K [0x0000000080000000, 0x00000000b8f00000, 0x00000008d5580000)
  object space 932864K, 99% used [0x0000000080000000,0x00000000b8ea45f8,0x00000000b8f00000)
 Metaspace       used 6694K, capacity 6984K, committed 7168K, reserved 8192K
Event: 44.241 GC heap after
Heap after GC invocations=28 (full 6):
 PSYoungGen      total 1080320K, used 317992K [0x00000008d5580000, 0x0000000936300000, 0x0000000d00000000)
  eden space 672768K, 47% used [0x00000008d5580000,0x00000008e8c0a278,0x00000008fe680000)
  from space 407552K, 0% used [0x000000091d500000,0x000000091d500000,0x0000000936300000)
  to   space 367104K, 0% used [0x00000008fe680000,0x00000008fe680000,0x0000000914d00000)
 ParOldGen       total 932864K, used 932837K [0x0000000080000000, 0x00000000b8f00000, 0x00000008d5580000)
  object space 932864K, 99% used [0x0000000080000000,0x00000000b8ef9410,0x00000000b8f00000)
 Metaspace       used 6694K, capacity 6984K, committed 7168K, reserved 8192K
}
Event: 44.689 GC heap before
{Heap before GC invocations=29 (full 7):
 PSYoungGen      total 1080320K, used 672768K [0x00000008d5580000, 0x0000000936300000, 0x0000000d00000000)
  eden space 672768K, 100% used [0x00000008d5580000,0x00000008fe680000,0x00000008fe680000)
  from space 407552K, 0% used [0x000000091d500000,0x000000091d500000,0x0000000936300000)
  to   space 367104K, 0% used [0x00000008fe680000,0x00000008fe680000,0x0000000914d00000)
 ParOldGen       total 932864K, used 932837K [0x0000000080000000, 0x00000000b8f00000, 0x00000008d5580000)
  object space 932864K, 99% used [0x0000000080000000,0x00000000b8ef9410,0x00000000b8f00000)
 Metaspace       used 6695K, capacity 6984K, committed 7168K, reserved 8192K
Event: 47.873 GC heap after
Heap after GC invocations=29 (full 7):
 PSYoungGen      total 1080320K, used 372744K [0x00000008d5580000, 0x0000000936300000, 0x0000000d00000000)
  eden space 672768K, 55% used [0x00000008d5580000,0x00000008ec182390,0x00000008fe680000)
  from space 407552K, 0% used [0x000000091d500000,0x000000091d500000,0x0000000936300000)
  to   space 367104K, 0% used [0x00000008fe680000,0x00000008fe680000,0x0000000914d00000)
 ParOldGen       total 932864K, used 932416K [0x0000000080000000, 0x00000000b8f00000, 0x00000008d5580000)
  object space 932864K, 99% used [0x0000000080000000,0x00000000b8e903b0,0x00000000b8f00000)
 Metaspace       used 6695K, capacity 6984K, committed 7168K, reserved 8192K
}
Event: 48.521 GC heap before
{Heap before GC invocations=30 (full 8):
 PSYoungGen      total 1080320K, used 672768K [0x00000008d5580000, 0x0000000936300000, 0x0000000d00000000)
  eden space 672768K, 100% used [0x00000008d5580000,0x00000008fe680000,0x00000008fe680000)
  from space 407552K, 0% used [0x000000091d500000,0x000000091d500000,0x0000000936300000)
  to   space 367104K, 0% used [0x00000008fe680000,0x00000008fe680000,0x0000000914d00000)
 ParOldGen       total 932864K, used 932416K [0x0000000080000000, 0x00000000b8f00000, 0x00000008d5580000)
  object space 932864K, 99% used [0x0000000080000000,0x00000000b8e903b0,0x00000000b8f00000)
 Metaspace       used 6729K, capacity 6984K, committed 7168K, reserved 8192K
Event: 52.019 GC heap after
Heap after GC invocations=30 (full 8):
 PSYoungGen      total 1080320K, used 410539K [0x00000008d5580000, 0x0000000936300000, 0x0000000d00000000)
  eden space 672768K, 61% used [0x00000008d5580000,0x00000008ee66ad48,0x00000008fe680000)
  from space 407552K, 0% used [0x000000091d500000,0x000000091d500000,0x0000000936300000)
  to   space 367104K, 0% used [0x00000008fe680000,0x00000008fe680000,0x0000000914d00000)
 ParOldGen       total 1543680K, used 932405K [0x0000000080000000, 0x00000000de380000, 0x00000008d5580000)
  object space 1543680K, 60% used [0x0000000080000000,0x00000000b8e8d680,0x00000000de380000)
 Metaspace       used 6729K, capacity 6984K, committed 7168K, reserved 8192K
}
Event: 53.800 GC heap before
{Heap before GC invocations=31 (full 8):
 PSYoungGen      total 1080320K, used 672768K [0x00000008d5580000, 0x0000000936300000, 0x0000000d00000000)
  eden space 672768K, 100% used [0x00000008d5580000,0x00000008fe680000,0x00000008fe680000)
  from space 407552K, 0% used [0x000000091d500000,0x000000091d500000,0x0000000936300000)
  to   space 367104K, 0% used [0x00000008fe680000,0x00000008fe680000,0x0000000914d00000)
 ParOldGen       total 1543680K, used 932405K [0x0000000080000000, 0x00000000de380000, 0x00000008d5580000)
  object space 1543680K, 60% used [0x0000000080000000,0x00000000b8e8d680,0x00000000de380000)
 Metaspace       used 6952K, capacity 7176K, committed 7424K, reserved 8192K
Event: 54.385 GC heap after
Heap after GC invocations=31 (full 8):
 PSYoungGen      total 1039872K, used 367093K [0x00000008d5580000, 0x0000000936300000, 0x0000000d00000000)
  eden space 672768K, 0% used [0x00000008d5580000,0x00000008d5580000,0x00000008fe680000)
  from space 367104K, 99% used [0x00000008fe680000,0x0000000914cfd6b8,0x0000000914d00000)
  to   space 407552K, 0% used [0x000000091d500000,0x000000091d500000,0x0000000936300000)
 ParOldGen       total 1543680K, used 995433K [0x0000000080000000, 0x00000000de380000, 0x00000008d5580000)
  object space 1543680K, 64% used [0x0000000080000000,0x00000000bcc1a790,0x00000000de380000)
 Metaspace       used 6952K, capacity 7176K, committed 7424K, reserved 8192K
}

