# JRE version: Java(TM) SE Runtime Environment (8.0_20-b26) (build 1.8.0_20-b26)
# Java VM: Java HotSpot(TM) 64-Bit Server VM (25.20-b23 mixed mode windows-amd64 )
Heap:
 PSYoungGen      total 1027072K, used 715148K [0x00000008d5580000, 0x000000092fb80000, 0x0000000d00000000)
  eden space 669696K, 100% used [0x00000008d5580000,0x00000008fe380000,0x00000008fe380000)
  from space 357376K, 12% used [0x0000000915b80000,0x00000009187e3240,0x000000092b880000)
  to   space 385024K, 0% used [0x00000008fe380000,0x00000008fe380000,0x0000000915b80000)
 ParOldGen       total 1230336K, used 1229828K [0x0000000080000000, 0x00000000cb180000, 0x00000008d5580000)
  object space 1230336K, 99% used [0x0000000080000000,0x00000000cb101238,0x00000000cb180000)
 Metaspace       used 6724K, capacity 6984K, committed 7168K, reserved 8192K
GC Heap History (10 events):
Event: 44.163 GC heap before
{Heap before GC invocations=28 (full 5):
 PSYoungGen      total 961536K, used 895133K [0x00000008d5580000, 0x0000000929f00000, 0x0000000d00000000)
  eden space 627200K, 100% used [0x00000008d5580000,0x00000008fba00000,0x00000008fba00000)
  from space 334336K, 80% used [0x0000000912080000,0x00000009226275d8,0x0000000926700000)
  to   space 367104K, 0% used [0x00000008fba00000,0x00000008fba00000,0x0000000912080000)
 ParOldGen       total 1230336K, used 955824K [0x0000000080000000, 0x00000000cb180000, 0x00000008d5580000)
  object space 1230336K, 77% used [0x0000000080000000,0x00000000ba56c268,0x00000000cb180000)
 Metaspace       used 6599K, capacity 6920K, committed 7168K, reserved 8192K
Event: 44.372 GC heap after
Heap after GC invocations=28 (full 5):
 PSYoungGen      total 994304K, used 172334K [0x00000008d5580000, 0x000000092b880000, 0x0000000d00000000)
  eden space 627200K, 0% used [0x00000008d5580000,0x00000008d5580000,0x00000008fba00000)
  from space 367104K, 46% used [0x00000008fba00000,0x000000090624b878,0x0000000912080000)
  to   space 357376K, 0% used [0x0000000915b80000,0x0000000915b80000,0x000000092b880000)
 ParOldGen       total 1230336K, used 955824K [0x0000000080000000, 0x00000000cb180000, 0x00000008d5580000)
  object space 1230336K, 77% used [0x0000000080000000,0x00000000ba56c268,0x00000000cb180000)
 Metaspace       used 6599K, capacity 6920K, committed 7168K, reserved 8192K
}
Event: 45.983 GC heap before
{Heap before GC invocations=29 (full 5):
 PSYoungGen      total 994304K, used 799534K [0x00000008d5580000, 0x000000092b880000, 0x0000000d00000000)
  eden space 627200K, 100% used [0x00000008d5580000,0x00000008fba00000,0x00000008fba00000)
  from space 367104K, 46% used [0x00000008fba00000,0x000000090624b878,0x0000000912080000)
  to   space 357376K, 0% used [0x0000000915b80000,0x0000000915b80000,0x000000092b880000)
 ParOldGen       total 1230336K, used 955824K [0x0000000080000000, 0x00000000cb180000, 0x00000008d5580000)
  object space 1230336K, 77% used [0x0000000080000000,0x00000000ba56c268,0x00000000cb180000)
 Metaspace       used 6600K, capacity 6920K, committed 7168K, reserved 8192K
Event: 46.573 GC heap after
Heap after GC invocations=29 (full 5):
 PSYoungGen      total 1027072K, used 273247K [0x00000008d5580000, 0x000000092fb80000, 0x0000000d00000000)
  eden space 669696K, 0% used [0x00000008d5580000,0x00000008d5580000,0x00000008fe380000)
  from space 357376K, 76% used [0x0000000915b80000,0x0000000926657c28,0x000000092b880000)
  to   space 385024K, 0% used [0x00000008fe380000,0x00000008fe380000,0x0000000915b80000)
 ParOldGen       total 1230336K, used 955824K [0x0000000080000000, 0x00000000cb180000, 0x00000008d5580000)
  object space 1230336K, 77% used [0x0000000080000000,0x00000000ba56c268,0x00000000cb180000)
 Metaspace       used 6600K, capacity 6920K, committed 7168K, reserved 8192K
}
Event: 48.677 GC heap before
{Heap before GC invocations=30 (full 5):
 PSYoungGen      total 1027072K, used 942943K [0x00000008d5580000, 0x000000092fb80000, 0x0000000d00000000)
  eden space 669696K, 100% used [0x00000008d5580000,0x00000008fe380000,0x00000008fe380000)
  from space 357376K, 76% used [0x0000000915b80000,0x0000000926657c28,0x000000092b880000)
  to   space 385024K, 0% used [0x00000008fe380000,0x00000008fe380000,0x0000000915b80000)
 ParOldGen       total 1230336K, used 955824K [0x0000000080000000, 0x00000000cb180000, 0x00000008d5580000)
  object space 1230336K, 77% used [0x0000000080000000,0x00000000ba56c268,0x00000000cb180000)
 Metaspace       used 6660K, capacity 6920K, committed 7168K, reserved 8192K
Event: 49.013 GC heap after
Heap after GC invocations=30 (full 5):
 PSYoungGen      total 1054720K, used 376106K [0x00000008d5580000, 0x000000092fb80000, 0x0000000d00000000)
  eden space 669696K, 0% used [0x00000008d5580000,0x00000008d5580000,0x00000008fe380000)
  from space 385024K, 97% used [0x00000008fe380000,0x00000009152ca8b8,0x0000000915b80000)
  to   space 357376K, 0% used [0x0000000915b80000,0x0000000915b80000,0x000000092b880000)
 ParOldGen       total 1230336K, used 955824K [0x0000000080000000, 0x00000000cb180000, 0x00000008d5580000)
  object space 1230336K, 77% used [0x0000000080000000,0x00000000ba56c268,0x00000000cb180000)
 Metaspace       used 6660K, capacity 6920K, committed 7168K, reserved 8192K
}
Event: 50.669 GC heap before
{Heap before GC invocations=31 (full 5):
 PSYoungGen      total 1054720K, used 1045802K [0x00000008d5580000, 0x000000092fb80000, 0x0000000d00000000)
  eden space 669696K, 100% used [0x00000008d5580000,0x00000008fe380000,0x00000008fe380000)
  from space 385024K, 97% used [0x00000008fe380000,0x00000009152ca8b8,0x0000000915b80000)
  to   space 357376K, 0% used [0x0000000915b80000,0x0000000915b80000,0x000000092b880000)
 ParOldGen       total 1230336K, used 955824K [0x0000000080000000, 0x00000000cb180000, 0x00000008d5580000)
  object space 1230336K, 77% used [0x0000000080000000,0x00000000ba56c268,0x00000000cb180000)
 Metaspace       used 6705K, capacity 6984K, committed 7168K, reserved 8192K
Event: 51.271 GC heap after
Heap after GC invocations=31 (full 5):
 PSYoungGen      total 1027072K, used 357352K [0x00000008d5580000, 0x000000092fb80000, 0x0000000d00000000)
  eden space 669696K, 0% used [0x00000008d5580000,0x00000008d5580000,0x00000008fe380000)
  from space 357376K, 99% used [0x0000000915b80000,0x000000092b87a320,0x000000092b880000)
  to   space 385024K, 0% used [0x00000008fe380000,0x00000008fe380000,0x0000000915b80000)
 ParOldGen       total 1230336K, used 1078235K [0x0000000080000000, 0x00000000cb180000, 0x00000008d5580000)
  object space 1230336K, 87% used [0x0000000080000000,0x00000000c1cf6e98,0x00000000cb180000)
 Metaspace       used 6705K, capacity 6984K, committed 7168K, reserved 8192K
}
Event: 51.271 GC heap before
{Heap before GC invocations=32 (full 6):
 PSYoungGen      total 1027072K, used 357352K [0x00000008d5580000, 0x000000092fb80000, 0x0000000d00000000)
  eden space 669696K, 0% used [0x00000008d5580000,0x00000008d5580000,0x00000008fe380000)
  from space 357376K, 99% used [0x0000000915b80000,0x000000092b87a320,0x000000092b880000)
  to   space 385024K, 0% used [0x00000008fe380000,0x00000008fe380000,0x0000000915b80000)
 ParOldGen       total 1230336K, used 1078235K [0x0000000080000000, 0x00000000cb180000, 0x00000008d5580000)
  object space 1230336K, 87% used [0x0000000080000000,0x00000000c1cf6e98,0x00000000cb180000)
 Metaspace       used 6705K, capacity 6984K, committed 7168K, reserved 8192K
Event: 58.259 GC heap after
Heap after GC invocations=32 (full 6):
 PSYoungGen      total 1027072K, used 45452K [0x00000008d5580000, 0x000000092fb80000, 0x0000000d00000000)
  eden space 669696K, 0% used [0x00000008d5580000,0x00000008d5580000,0x00000008fe380000)
  from space 357376K, 12% used [0x0000000915b80000,0x00000009187e3240,0x000000092b880000)
  to   space 385024K, 0% used [0x00000008fe380000,0x00000008fe380000,0x0000000915b80000)
 ParOldGen       total 1230336K, used 1229828K [0x0000000080000000, 0x00000000cb180000, 0x00000008d5580000)
  object space 1230336K, 99% used [0x0000000080000000,0x00000000cb101238,0x00000000cb180000)
 Metaspace       used 6705K, capacity 6984K, committed 7168K, reserved 8192K
}

