# JRE version: OpenJDK Runtime Environment (8.0_112-b06) (build 1.8.0_112-release-b06)
# Java VM: OpenJDK 64-Bit Server VM (25.112-b06 mixed mode windows-amd64 )
Heap:
 PSYoungGen      total 71680K, used 63330K [0x000000112ab00000, 0x0000001133700000, 0x0000001980000000)
  eden space 66560K, 87% used [0x000000112ab00000,0x000000112e3df130,0x000000112ec00000)
  from space 5120K, 99% used [0x000000112ec00000,0x000000112f0f98f8,0x000000112f100000)
  to   space 5120K, 0% used [0x0000001133200000,0x0000001133200000,0x0000001133700000)
 ParOldGen       total 87552K, used 21659K [0x0000000080000000, 0x0000000085580000, 0x000000112ab00000)
  object space 87552K, 24% used [0x0000000080000000,0x0000000081526f30,0x0000000085580000)
 Metaspace       used 6118K, capacity 6728K, committed 6912K, reserved 8192K
GC Heap History (6 events):
Event: 1.452 GC heap before
{Heap before GC invocations=1 (full 0):
 PSYoungGen      total 38400K, used 33280K [0x000000112ab00000, 0x000000112d580000, 0x0000001980000000)
  eden space 33280K, 100% used [0x000000112ab00000,0x000000112cb80000,0x000000112cb80000)
  from space 5120K, 0% used [0x000000112d080000,0x000000112d080000,0x000000112d580000)
  to   space 5120K, 0% used [0x000000112cb80000,0x000000112cb80000,0x000000112d080000)
 ParOldGen       total 87552K, used 0K [0x0000000080000000, 0x0000000085580000, 0x000000112ab00000)
  object space 87552K, 0% used [0x0000000080000000,0x0000000080000000,0x0000000085580000)
 Metaspace       used 5672K, capacity 6408K, committed 6656K, reserved 8192K
Event: 1.469 GC heap after
Heap after GC invocations=1 (full 0):
 PSYoungGen      total 38400K, used 5093K [0x000000112ab00000, 0x000000112f600000, 0x0000001980000000)
  eden space 33280K, 0% used [0x000000112ab00000,0x000000112ab00000,0x000000112cb80000)
  from space 5120K, 99% used [0x000000112cb80000,0x000000112d079600,0x000000112d080000)
  to   space 5120K, 0% used [0x000000112f100000,0x000000112f100000,0x000000112f600000)
 ParOldGen       total 87552K, used 4652K [0x0000000080000000, 0x0000000085580000, 0x000000112ab00000)
  object space 87552K, 5% used [0x0000000080000000,0x000000008048b3a0,0x0000000085580000)
 Metaspace       used 5672K, capacity 6408K, committed 6656K, reserved 8192K
}
Event: 1.980 GC heap before
{Heap before GC invocations=2 (full 0):
 PSYoungGen      total 38400K, used 38373K [0x000000112ab00000, 0x000000112f600000, 0x0000001980000000)
  eden space 33280K, 100% used [0x000000112ab00000,0x000000112cb80000,0x000000112cb80000)
  from space 5120K, 99% used [0x000000112cb80000,0x000000112d079600,0x000000112d080000)
  to   space 5120K, 0% used [0x000000112f100000,0x000000112f100000,0x000000112f600000)
 ParOldGen       total 87552K, used 4652K [0x0000000080000000, 0x0000000085580000, 0x000000112ab00000)
  object space 87552K, 5% used [0x0000000080000000,0x000000008048b3a0,0x0000000085580000)
 Metaspace       used 5960K, capacity 6664K, committed 6912K, reserved 8192K
Event: 2.000 GC heap after
Heap after GC invocations=2 (full 0):
 PSYoungGen      total 71680K, used 5103K [0x000000112ab00000, 0x000000112f600000, 0x0000001980000000)
  eden space 66560K, 0% used [0x000000112ab00000,0x000000112ab00000,0x000000112ec00000)
  from space 5120K, 99% used [0x000000112f100000,0x000000112f5fbc68,0x000000112f600000)
  to   space 5120K, 0% used [0x000000112ec00000,0x000000112ec00000,0x000000112f100000)
 ParOldGen       total 87552K, used 11214K [0x0000000080000000, 0x0000000085580000, 0x000000112ab00000)
  object space 87552K, 12% used [0x0000000080000000,0x0000000080af3a60,0x0000000085580000)
 Metaspace       used 5960K, capacity 6664K, committed 6912K, reserved 8192K
}
Event: 2.376 GC heap before
{Heap before GC invocations=3 (full 0):
 PSYoungGen      total 71680K, used 71663K [0x000000112ab00000, 0x000000112f600000, 0x0000001980000000)
  eden space 66560K, 100% used [0x000000112ab00000,0x000000112ec00000,0x000000112ec00000)
  from space 5120K, 99% used [0x000000112f100000,0x000000112f5fbc68,0x000000112f600000)
  to   space 5120K, 0% used [0x000000112ec00000,0x000000112ec00000,0x000000112f100000)
 ParOldGen       total 87552K, used 11214K [0x0000000080000000, 0x0000000085580000, 0x000000112ab00000)
  object space 87552K, 12% used [0x0000000080000000,0x0000000080af3a60,0x0000000085580000)
 Metaspace       used 6103K, capacity 6728K, committed 6912K, reserved 8192K
Event: 2.403 GC heap after
Heap after GC invocations=3 (full 0):
 PSYoungGen      total 71680K, used 5094K [0x000000112ab00000, 0x0000001133700000, 0x0000001980000000)
  eden space 66560K, 0% used [0x000000112ab00000,0x000000112ab00000,0x000000112ec00000)
  from space 5120K, 99% used [0x000000112ec00000,0x000000112f0f98f8,0x000000112f100000)
  to   space 5120K, 0% used [0x0000001133200000,0x0000001133200000,0x0000001133700000)
 ParOldGen       total 87552K, used 21659K [0x0000000080000000, 0x0000000085580000, 0x000000112ab00000)
  object space 87552K, 24% used [0x0000000080000000,0x0000000081526f30,0x0000000085580000)
 Metaspace       used 6103K, capacity 6728K, committed 6912K, reserved 8192K
}

