# JRE version: Java(TM) SE Runtime Environment (8.0_20-b26) (build 1.8.0_20-b26)
# Java VM: Java HotSpot(TM) 64-Bit Server VM (25.20-b23 mixed mode windows-amd64 )
Heap:
 PSYoungGen      total 1241088K, used 800109K [0x00000008d5580000, 0x0000000932800000, 0x0000000d00000000)
  eden space 955904K, 60% used [0x00000008d5580000,0x00000008f8d81770,0x000000090fb00000)
  from space 285184K, 76% used [0x000000090fb00000,0x000000091d059e30,0x0000000921180000)
  to   space 263680K, 0% used [0x0000000922680000,0x0000000922680000,0x0000000932800000)
 ParOldGen       total 1233920K, used 890954K [0x0000000080000000, 0x00000000cb500000, 0x00000008d5580000)
  object space 1233920K, 72% used [0x0000000080000000,0x00000000b6612ba0,0x00000000cb500000)
 Metaspace       used 6664K, capacity 6920K, committed 7168K, reserved 8192K
GC Heap History (10 events):
Event: 25.728 GC heap before
{Heap before GC invocations=21 (full 4):
 PSYoungGen      total 944640K, used 804310K [0x00000008d5580000, 0x0000000923c00000, 0x0000000d00000000)
  eden space 709632K, 100% used [0x00000008d5580000,0x0000000900a80000,0x0000000900a80000)
  from space 235008K, 40% used [0x0000000910780000,0x00000009163f5958,0x000000091ed00000)
  to   space 259072K, 0% used [0x0000000900a80000,0x0000000900a80000,0x0000000910780000)
 ParOldGen       total 876544K, used 598171K [0x0000000080000000, 0x00000000b5800000, 0x00000008d5580000)
  object space 876544K, 68% used [0x0000000080000000,0x00000000a4826de0,0x00000000b5800000)
 Metaspace       used 6603K, capacity 6920K, committed 7168K, reserved 8192K
Event: 26.139 GC heap after
Heap after GC invocations=21 (full 4):
 PSYoungGen      total 968704K, used 186909K [0x00000008d5580000, 0x0000000929180000, 0x0000000d00000000)
  eden space 709632K, 0% used [0x00000008d5580000,0x00000008d5580000,0x0000000900a80000)
  from space 259072K, 72% used [0x0000000900a80000,0x000000090c107488,0x0000000910780000)
  to   space 276480K, 0% used [0x0000000918380000,0x0000000918380000,0x0000000929180000)
 ParOldGen       total 876544K, used 615447K [0x0000000080000000, 0x00000000b5800000, 0x00000008d5580000)
  object space 876544K, 70% used [0x0000000080000000,0x00000000a5905ca8,0x00000000b5800000)
 Metaspace       used 6603K, capacity 6920K, committed 7168K, reserved 8192K
}
Event: 26.142 GC heap before
{Heap before GC invocations=22 (full 4):
 PSYoungGen      total 968704K, used 195484K [0x00000008d5580000, 0x0000000929180000, 0x0000000d00000000)
  eden space 709632K, 1% used [0x00000008d5580000,0x00000008d5ddfee0,0x0000000900a80000)
  from space 259072K, 72% used [0x0000000900a80000,0x000000090c107488,0x0000000910780000)
  to   space 276480K, 0% used [0x0000000918380000,0x0000000918380000,0x0000000929180000)
 ParOldGen       total 876544K, used 615447K [0x0000000080000000, 0x00000000b5800000, 0x00000008d5580000)
  object space 876544K, 70% used [0x0000000080000000,0x00000000a5905ca8,0x00000000b5800000)
 Metaspace       used 6603K, capacity 6920K, committed 7168K, reserved 8192K
Event: 26.323 GC heap after
Heap after GC invocations=22 (full 4):
 PSYoungGen      total 1083392K, used 184508K [0x00000008d5580000, 0x000000092e500000, 0x0000000d00000000)
  eden space 806912K, 0% used [0x00000008d5580000,0x00000008d5580000,0x0000000906980000)
  from space 276480K, 66% used [0x0000000918380000,0x00000009237af260,0x0000000929180000)
  to   space 288768K, 0% used [0x0000000906980000,0x0000000906980000,0x0000000918380000)
 ParOldGen       total 876544K, used 615447K [0x0000000080000000, 0x00000000b5800000, 0x00000008d5580000)
  object space 876544K, 70% used [0x0000000080000000,0x00000000a5905ca8,0x00000000b5800000)
 Metaspace       used 6603K, capacity 6920K, committed 7168K, reserved 8192K
}
Event: 28.048 GC heap before
{Heap before GC invocations=23 (full 4):
 PSYoungGen      total 1083392K, used 991420K [0x00000008d5580000, 0x000000092e500000, 0x0000000d00000000)
  eden space 806912K, 100% used [0x00000008d5580000,0x0000000906980000,0x0000000906980000)
  from space 276480K, 66% used [0x0000000918380000,0x00000009237af260,0x0000000929180000)
  to   space 288768K, 0% used [0x0000000906980000,0x0000000906980000,0x0000000918380000)
 ParOldGen       total 876544K, used 615447K [0x0000000080000000, 0x00000000b5800000, 0x00000008d5580000)
  object space 876544K, 70% used [0x0000000080000000,0x00000000a5905ca8,0x00000000b5800000)
 Metaspace       used 6604K, capacity 6920K, committed 7168K, reserved 8192K
Event: 28.368 GC heap after
Heap after GC invocations=23 (full 4):
 PSYoungGen      total 1095680K, used 95803K [0x00000008d5580000, 0x0000000933200000, 0x0000000d00000000)
  eden space 806912K, 0% used [0x00000008d5580000,0x00000008d5580000,0x0000000906980000)
  from space 288768K, 33% used [0x0000000906980000,0x000000090c70ed08,0x0000000918380000)
  to   space 273920K, 0% used [0x0000000922680000,0x0000000922680000,0x0000000933200000)
 ParOldGen       total 876544K, used 801135K [0x0000000080000000, 0x00000000b5800000, 0x00000008d5580000)
  object space 876544K, 91% used [0x0000000080000000,0x00000000b0e5bdc8,0x00000000b5800000)
 Metaspace       used 6604K, capacity 6920K, committed 7168K, reserved 8192K
}
Event: 28.368 GC heap before
{Heap before GC invocations=24 (full 5):
 PSYoungGen      total 1095680K, used 95803K [0x00000008d5580000, 0x0000000933200000, 0x0000000d00000000)
  eden space 806912K, 0% used [0x00000008d5580000,0x00000008d5580000,0x0000000906980000)
  from space 288768K, 33% used [0x0000000906980000,0x000000090c70ed08,0x0000000918380000)
  to   space 273920K, 0% used [0x0000000922680000,0x0000000922680000,0x0000000933200000)
 ParOldGen       total 876544K, used 801135K [0x0000000080000000, 0x00000000b5800000, 0x00000008d5580000)
  object space 876544K, 91% used [0x0000000080000000,0x00000000b0e5bdc8,0x00000000b5800000)
 Metaspace       used 6604K, capacity 6920K, committed 7168K, reserved 8192K
Event: 31.855 GC heap after
Heap after GC invocations=24 (full 5):
 PSYoungGen      total 1095680K, used 15802K [0x00000008d5580000, 0x0000000933200000, 0x0000000d00000000)
  eden space 806912K, 0% used [0x00000008d5580000,0x00000008d5580000,0x0000000906980000)
  from space 288768K, 5% used [0x0000000906980000,0x00000009078ee938,0x0000000918380000)
  to   space 273920K, 0% used [0x0000000922680000,0x0000000922680000,0x0000000933200000)
 ParOldGen       total 1233920K, used 876238K [0x0000000080000000, 0x00000000cb500000, 0x00000008d5580000)
  object space 1233920K, 71% used [0x0000000080000000,0x00000000b57b3840,0x00000000cb500000)
 Metaspace       used 6604K, capacity 6920K, committed 7168K, reserved 8192K
}
Event: 33.659 GC heap before
{Heap before GC invocations=25 (full 5):
 PSYoungGen      total 1095680K, used 822714K [0x00000008d5580000, 0x0000000933200000, 0x0000000d00000000)
  eden space 806912K, 100% used [0x00000008d5580000,0x0000000906980000,0x0000000906980000)
  from space 288768K, 5% used [0x0000000906980000,0x00000009078ee938,0x0000000918380000)
  to   space 273920K, 0% used [0x0000000922680000,0x0000000922680000,0x0000000933200000)
 ParOldGen       total 1233920K, used 876238K [0x0000000080000000, 0x00000000cb500000, 0x00000008d5580000)
  object space 1233920K, 71% used [0x0000000080000000,0x00000000b57b3840,0x00000000cb500000)
 Metaspace       used 6604K, capacity 6920K, committed 7168K, reserved 8192K
Event: 34.206 GC heap after
Heap after GC invocations=25 (full 5):
 PSYoungGen      total 1219584K, used 185301K [0x00000008d5580000, 0x0000000932800000, 0x0000000d00000000)
  eden space 955904K, 0% used [0x00000008d5580000,0x00000008d5580000,0x000000090fb00000)
  from space 263680K, 70% used [0x0000000922680000,0x000000092db75768,0x0000000932800000)
  to   space 285184K, 0% used [0x000000090fb00000,0x000000090fb00000,0x0000000921180000)
 ParOldGen       total 1233920K, used 890954K [0x0000000080000000, 0x00000000cb500000, 0x00000008d5580000)
  object space 1233920K, 72% used [0x0000000080000000,0x00000000b6612ba0,0x00000000cb500000)
 Metaspace       used 6604K, capacity 6920K, committed 7168K, reserved 8192K
}

