# JRE version: Java(TM) SE Runtime Environment (8.0_20-b26) (build 1.8.0_20-b26)
# Java VM: Java HotSpot(TM) 64-Bit Server VM (25.20-b23 mixed mode windows-amd64 )
Heap:
 PSYoungGen      total 957952K, used 898368K [0x00000008d5580000, 0x0000000929b80000, 0x0000000d00000000)
  eden space 744448K, 91% used [0x00000008d5580000,0x00000008ff252408,0x0000000902c80000)
  from space 213504K, 99% used [0x0000000902c80000,0x000000090fcfdd30,0x000000090fd00000)
  to   space 256512K, 0% used [0x000000091a100000,0x000000091a100000,0x0000000929b80000)
 ParOldGen       total 805888K, used 524543K [0x0000000080000000, 0x00000000b1300000, 0x00000008d5580000)
  object space 805888K, 65% used [0x0000000080000000,0x00000000a003fc20,0x00000000b1300000)
 Metaspace       used 6604K, capacity 6920K, committed 7168K, reserved 8192K
GC Heap History (10 events):
Event: 15.275 GC heap before
{Heap before GC invocations=15 (full 3):
 PSYoungGen      total 708608K, used 618225K [0x00000008d5580000, 0x000000090d900000, 0x0000000d00000000)
  eden space 587776K, 100% used [0x00000008d5580000,0x00000008f9380000,0x00000008f9380000)
  from space 120832K, 25% used [0x00000008f9380000,0x00000008fb13c590,0x0000000900980000)
  to   space 122368K, 0% used [0x0000000906180000,0x0000000906180000,0x000000090d900000)
 ParOldGen       total 507904K, used 303129K [0x0000000080000000, 0x000000009f000000, 0x00000008d5580000)
  object space 507904K, 59% used [0x0000000080000000,0x00000000928066a0,0x000000009f000000)
 Metaspace       used 6584K, capacity 6920K, committed 7168K, reserved 8192K
Event: 15.493 GC heap after
Heap after GC invocations=15 (full 3):
 PSYoungGen      total 778752K, used 118797K [0x00000008d5580000, 0x000000090fc00000, 0x0000000d00000000)
  eden space 656384K, 0% used [0x00000008d5580000,0x00000008d5580000,0x00000008fd680000)
  from space 122368K, 97% used [0x0000000906180000,0x000000090d583738,0x000000090d900000)
  to   space 142336K, 0% used [0x00000008fd680000,0x00000008fd680000,0x0000000906180000)
 ParOldGen       total 507904K, used 303129K [0x0000000080000000, 0x000000009f000000, 0x00000008d5580000)
  object space 507904K, 59% used [0x0000000080000000,0x00000000928066a0,0x000000009f000000)
 Metaspace       used 6584K, capacity 6920K, committed 7168K, reserved 8192K
}
Event: 17.586 GC heap before
{Heap before GC invocations=16 (full 3):
 PSYoungGen      total 778752K, used 775181K [0x00000008d5580000, 0x000000090fc00000, 0x0000000d00000000)
  eden space 656384K, 100% used [0x00000008d5580000,0x00000008fd680000,0x00000008fd680000)
  from space 122368K, 97% used [0x0000000906180000,0x000000090d583738,0x000000090d900000)
  to   space 142336K, 0% used [0x00000008fd680000,0x00000008fd680000,0x0000000906180000)
 ParOldGen       total 507904K, used 303129K [0x0000000080000000, 0x000000009f000000, 0x00000008d5580000)
  object space 507904K, 59% used [0x0000000080000000,0x00000000928066a0,0x000000009f000000)
 Metaspace       used 6588K, capacity 6920K, committed 7168K, reserved 8192K
Event: 17.923 GC heap after
Heap after GC invocations=16 (full 3):
 PSYoungGen      total 798720K, used 142304K [0x00000008d5580000, 0x000000091bc80000, 0x0000000d00000000)
  eden space 656384K, 0% used [0x00000008d5580000,0x00000008d5580000,0x00000008fd680000)
  from space 142336K, 99% used [0x00000008fd680000,0x00000009061780f0,0x0000000906180000)
  to   space 196096K, 0% used [0x000000090fd00000,0x000000090fd00000,0x000000091bc80000)
 ParOldGen       total 507904K, used 382243K [0x0000000080000000, 0x000000009f000000, 0x00000008d5580000)
  object space 507904K, 75% used [0x0000000080000000,0x0000000097548e68,0x000000009f000000)
 Metaspace       used 6588K, capacity 6920K, committed 7168K, reserved 8192K
}
Event: 19.606 GC heap before
{Heap before GC invocations=17 (full 3):
 PSYoungGen      total 798720K, used 798688K [0x00000008d5580000, 0x000000091bc80000, 0x0000000d00000000)
  eden space 656384K, 100% used [0x00000008d5580000,0x00000008fd680000,0x00000008fd680000)
  from space 142336K, 99% used [0x00000008fd680000,0x00000009061780f0,0x0000000906180000)
  to   space 196096K, 0% used [0x000000090fd00000,0x000000090fd00000,0x000000091bc80000)
 ParOldGen       total 507904K, used 382243K [0x0000000080000000, 0x000000009f000000, 0x00000008d5580000)
  object space 507904K, 75% used [0x0000000080000000,0x0000000097548e68,0x000000009f000000)
 Metaspace       used 6591K, capacity 6920K, committed 7168K, reserved 8192K
Event: 19.951 GC heap after
Heap after GC invocations=17 (full 3):
 PSYoungGen      total 940544K, used 150364K [0x00000008d5580000, 0x000000091eb80000, 0x0000000d00000000)
  eden space 744448K, 0% used [0x00000008d5580000,0x00000008d5580000,0x0000000902c80000)
  from space 196096K, 76% used [0x000000090fd00000,0x0000000918fd73f0,0x000000091bc80000)
  to   space 213504K, 0% used [0x0000000902c80000,0x0000000902c80000,0x000000090fd00000)
 ParOldGen       total 507904K, used 479519K [0x0000000080000000, 0x000000009f000000, 0x00000008d5580000)
  object space 507904K, 94% used [0x0000000080000000,0x000000009d447dd0,0x000000009f000000)
 Metaspace       used 6591K, capacity 6920K, committed 7168K, reserved 8192K
}
Event: 19.951 GC heap before
{Heap before GC invocations=18 (full 4):
 PSYoungGen      total 940544K, used 150364K [0x00000008d5580000, 0x000000091eb80000, 0x0000000d00000000)
  eden space 744448K, 0% used [0x00000008d5580000,0x00000008d5580000,0x0000000902c80000)
  from space 196096K, 76% used [0x000000090fd00000,0x0000000918fd73f0,0x000000091bc80000)
  to   space 213504K, 0% used [0x0000000902c80000,0x0000000902c80000,0x000000090fd00000)
 ParOldGen       total 507904K, used 479519K [0x0000000080000000, 0x000000009f000000, 0x00000008d5580000)
  object space 507904K, 94% used [0x0000000080000000,0x000000009d447dd0,0x000000009f000000)
 Metaspace       used 6591K, capacity 6920K, committed 7168K, reserved 8192K
Event: 22.898 GC heap after
Heap after GC invocations=18 (full 4):
 PSYoungGen      total 940544K, used 113223K [0x00000008d5580000, 0x000000091eb80000, 0x0000000d00000000)
  eden space 744448K, 0% used [0x00000008d5580000,0x00000008d5580000,0x0000000902c80000)
  from space 196096K, 57% used [0x000000090fd00000,0x0000000916b91c20,0x000000091bc80000)
  to   space 213504K, 0% used [0x0000000902c80000,0x0000000902c80000,0x000000090fd00000)
 ParOldGen       total 805888K, used 507399K [0x0000000080000000, 0x00000000b1300000, 0x00000008d5580000)
  object space 805888K, 62% used [0x0000000080000000,0x000000009ef81db0,0x00000000b1300000)
 Metaspace       used 6591K, capacity 6920K, committed 7168K, reserved 8192K
}
Event: 25.102 GC heap before
{Heap before GC invocations=19 (full 4):
 PSYoungGen      total 940544K, used 857671K [0x00000008d5580000, 0x000000091eb80000, 0x0000000d00000000)
  eden space 744448K, 100% used [0x00000008d5580000,0x0000000902c80000,0x0000000902c80000)
  from space 196096K, 57% used [0x000000090fd00000,0x0000000916b91c20,0x000000091bc80000)
  to   space 213504K, 0% used [0x0000000902c80000,0x0000000902c80000,0x000000090fd00000)
 ParOldGen       total 805888K, used 507399K [0x0000000080000000, 0x00000000b1300000, 0x00000008d5580000)
  object space 805888K, 62% used [0x0000000080000000,0x000000009ef81db0,0x00000000b1300000)
 Metaspace       used 6603K, capacity 6920K, committed 7168K, reserved 8192K
Event: 25.598 GC heap after
Heap after GC invocations=19 (full 4):
 PSYoungGen      total 957952K, used 213495K [0x00000008d5580000, 0x0000000929b80000, 0x0000000d00000000)
  eden space 744448K, 0% used [0x00000008d5580000,0x00000008d5580000,0x0000000902c80000)
  from space 213504K, 99% used [0x0000000902c80000,0x000000090fcfdd30,0x000000090fd00000)
  to   space 256512K, 0% used [0x000000091a100000,0x000000091a100000,0x0000000929b80000)
 ParOldGen       total 805888K, used 524543K [0x0000000080000000, 0x00000000b1300000, 0x00000008d5580000)
  object space 805888K, 65% used [0x0000000080000000,0x00000000a003fc20,0x00000000b1300000)
 Metaspace       used 6603K, capacity 6920K, committed 7168K, reserved 8192K
}

