# JRE version: Java(TM) SE Runtime Environment (8.0_20-b26) (build 1.8.0_20-b26)
# Java VM: Java HotSpot(TM) 64-Bit Server VM (25.20-b23 mixed mode windows-amd64 )
Heap:
 PSYoungGen      total 1089536K, used 507300K [0x00000008d5580000, 0x0000000935800000, 0x0000000d00000000)
  eden space 696320K, 16% used [0x00000008d5580000,0x00000008dc4eedc8,0x00000008ffd80000)
  from space 393216K, 99% used [0x0000000919980000,0x000000093197a460,0x0000000931980000)
  to   space 421888K, 0% used [0x00000008ffd80000,0x00000008ffd80000,0x0000000919980000)
 ParOldGen       total 1528320K, used 1182944K [0x0000000080000000, 0x00000000dd480000, 0x00000008d5580000)
  object space 1528320K, 77% used [0x0000000080000000,0x00000000c83382a8,0x00000000dd480000)
 Metaspace       used 7002K, capacity 7240K, committed 7424K, reserved 8192K
GC Heap History (10 events):
Event: 33.614 GC heap before
{Heap before GC invocations=28 (full 6):
 PSYoungGen      total 979968K, used 585728K [0x00000008d5580000, 0x000000092f080000, 0x0000000d00000000)
  eden space 585728K, 100% used [0x00000008d5580000,0x00000008f9180000,0x00000008f9180000)
  from space 394240K, 0% used [0x00000008f9180000,0x00000008f9180000,0x0000000911280000)
  to   space 402432K, 0% used [0x0000000916780000,0x0000000916780000,0x000000092f080000)
 ParOldGen       total 1528320K, used 1058413K [0x0000000080000000, 0x00000000dd480000, 0x00000008d5580000)
  object space 1528320K, 69% used [0x0000000080000000,0x00000000c099b660,0x00000000dd480000)
 Metaspace       used 6610K, capacity 6920K, committed 7168K, reserved 8192K
Event: 33.749 GC heap after
Heap after GC invocations=28 (full 6):
 PSYoungGen      total 1026048K, used 212686K [0x00000008d5580000, 0x000000092db00000, 0x0000000d00000000)
  eden space 645632K, 0% used [0x00000008d5580000,0x00000008d5580000,0x00000008fcc00000)
  from space 380416K, 55% used [0x0000000916780000,0x0000000923733820,0x000000092db00000)
  to   space 400896K, 0% used [0x00000008fcc00000,0x00000008fcc00000,0x0000000915380000)
 ParOldGen       total 1528320K, used 1058413K [0x0000000080000000, 0x00000000dd480000, 0x00000008d5580000)
  object space 1528320K, 69% used [0x0000000080000000,0x00000000c099b660,0x00000000dd480000)
 Metaspace       used 6610K, capacity 6920K, committed 7168K, reserved 8192K
}
Event: 34.578 GC heap before
{Heap before GC invocations=29 (full 6):
 PSYoungGen      total 1026048K, used 858318K [0x00000008d5580000, 0x000000092db00000, 0x0000000d00000000)
  eden space 645632K, 100% used [0x00000008d5580000,0x00000008fcc00000,0x00000008fcc00000)
  from space 380416K, 55% used [0x0000000916780000,0x0000000923733820,0x000000092db00000)
  to   space 400896K, 0% used [0x00000008fcc00000,0x00000008fcc00000,0x0000000915380000)
 ParOldGen       total 1528320K, used 1058413K [0x0000000080000000, 0x00000000dd480000, 0x00000008d5580000)
  object space 1528320K, 69% used [0x0000000080000000,0x00000000c099b660,0x00000000dd480000)
 Metaspace       used 6611K, capacity 6920K, committed 7168K, reserved 8192K
Event: 34.849 GC heap after
Heap after GC invocations=29 (full 6):
 PSYoungGen      total 1046528K, used 199534K [0x00000008d5580000, 0x0000000931980000, 0x0000000d00000000)
  eden space 645632K, 0% used [0x00000008d5580000,0x00000008d5580000,0x00000008fcc00000)
  from space 400896K, 49% used [0x00000008fcc00000,0x0000000908edb960,0x0000000915380000)
  to   space 393216K, 0% used [0x0000000919980000,0x0000000919980000,0x0000000931980000)
 ParOldGen       total 1528320K, used 1058413K [0x0000000080000000, 0x00000000dd480000, 0x00000008d5580000)
  object space 1528320K, 69% used [0x0000000080000000,0x00000000c099b660,0x00000000dd480000)
 Metaspace       used 6611K, capacity 6920K, committed 7168K, reserved 8192K
}
Event: 36.008 GC heap before
{Heap before GC invocations=30 (full 6):
 PSYoungGen      total 1046528K, used 845166K [0x00000008d5580000, 0x0000000931980000, 0x0000000d00000000)
  eden space 645632K, 100% used [0x00000008d5580000,0x00000008fcc00000,0x00000008fcc00000)
  from space 400896K, 49% used [0x00000008fcc00000,0x0000000908edb960,0x0000000915380000)
  to   space 393216K, 0% used [0x0000000919980000,0x0000000919980000,0x0000000931980000)
 ParOldGen       total 1528320K, used 1058413K [0x0000000080000000, 0x00000000dd480000, 0x00000008d5580000)
  object space 1528320K, 69% used [0x0000000080000000,0x00000000c099b660,0x00000000dd480000)
 Metaspace       used 6638K, capacity 6920K, committed 7168K, reserved 8192K
Event: 36.335 GC heap after
Heap after GC invocations=30 (full 6):
 PSYoungGen      total 1089536K, used 299139K [0x00000008d5580000, 0x0000000935800000, 0x0000000d00000000)
  eden space 696320K, 0% used [0x00000008d5580000,0x00000008d5580000,0x00000008ffd80000)
  from space 393216K, 76% used [0x0000000919980000,0x000000092bda0db8,0x0000000931980000)
  to   space 421888K, 0% used [0x00000008ffd80000,0x00000008ffd80000,0x0000000919980000)
 ParOldGen       total 1528320K, used 1058421K [0x0000000080000000, 0x00000000dd480000, 0x00000008d5580000)
  object space 1528320K, 69% used [0x0000000080000000,0x00000000c099d660,0x00000000dd480000)
 Metaspace       used 6638K, capacity 6920K, committed 7168K, reserved 8192K
}
Event: 37.940 GC heap before
{Heap before GC invocations=31 (full 6):
 PSYoungGen      total 1089536K, used 995459K [0x00000008d5580000, 0x0000000935800000, 0x0000000d00000000)
  eden space 696320K, 100% used [0x00000008d5580000,0x00000008ffd80000,0x00000008ffd80000)
  from space 393216K, 76% used [0x0000000919980000,0x000000092bda0db8,0x0000000931980000)
  to   space 421888K, 0% used [0x00000008ffd80000,0x00000008ffd80000,0x0000000919980000)
 ParOldGen       total 1528320K, used 1058421K [0x0000000080000000, 0x00000000dd480000, 0x00000008d5580000)
  object space 1528320K, 69% used [0x0000000080000000,0x00000000c099d660,0x00000000dd480000)
 Metaspace       used 6717K, capacity 6984K, committed 7168K, reserved 8192K
Event: 38.274 GC heap after
Heap after GC invocations=31 (full 6):
 PSYoungGen      total 1118208K, used 408064K [0x00000008d5580000, 0x0000000935800000, 0x0000000d00000000)
  eden space 696320K, 0% used [0x00000008d5580000,0x00000008d5580000,0x00000008ffd80000)
  from space 421888K, 96% used [0x00000008ffd80000,0x0000000918c000c0,0x0000000919980000)
  to   space 393216K, 0% used [0x0000000919980000,0x0000000919980000,0x0000000931980000)
 ParOldGen       total 1528320K, used 1058421K [0x0000000080000000, 0x00000000dd480000, 0x00000008d5580000)
  object space 1528320K, 69% used [0x0000000080000000,0x00000000c099d660,0x00000000dd480000)
 Metaspace       used 6717K, capacity 6984K, committed 7168K, reserved 8192K
}
Event: 40.410 GC heap before
{Heap before GC invocations=32 (full 6):
 PSYoungGen      total 1118208K, used 1104384K [0x00000008d5580000, 0x0000000935800000, 0x0000000d00000000)
  eden space 696320K, 100% used [0x00000008d5580000,0x00000008ffd80000,0x00000008ffd80000)
  from space 421888K, 96% used [0x00000008ffd80000,0x0000000918c000c0,0x0000000919980000)
  to   space 393216K, 0% used [0x0000000919980000,0x0000000919980000,0x0000000931980000)
 ParOldGen       total 1528320K, used 1058421K [0x0000000080000000, 0x00000000dd480000, 0x00000008d5580000)
  object space 1528320K, 69% used [0x0000000080000000,0x00000000c099d660,0x00000000dd480000)
 Metaspace       used 6996K, capacity 7240K, committed 7424K, reserved 8192K
Event: 41.016 GC heap after
Heap after GC invocations=32 (full 6):
 PSYoungGen      total 1089536K, used 393193K [0x00000008d5580000, 0x0000000935800000, 0x0000000d00000000)
  eden space 696320K, 0% used [0x00000008d5580000,0x00000008d5580000,0x00000008ffd80000)
  from space 393216K, 99% used [0x0000000919980000,0x000000093197a460,0x0000000931980000)
  to   space 421888K, 0% used [0x00000008ffd80000,0x00000008ffd80000,0x0000000919980000)
 ParOldGen       total 1528320K, used 1182944K [0x0000000080000000, 0x00000000dd480000, 0x00000008d5580000)
  object space 1528320K, 77% used [0x0000000080000000,0x00000000c83382a8,0x00000000dd480000)
 Metaspace       used 6996K, capacity 7240K, committed 7424K, reserved 8192K
}

