# JRE version: Java(TM) SE Runtime Environment (8.0_20-b26) (build 1.8.0_20-b26)
# Java VM: Java HotSpot(TM) 64-Bit Server VM (25.20-b23 mixed mode windows-amd64 )
Heap:
 PSYoungGen      total 934400K, used 368630K [0x00000008d5580000, 0x0000000931d80000, 0x0000000d00000000)
  eden space 663040K, 14% used [0x00000008d5580000,0x00000008db47eaf0,0x00000008fdd00000)
  from space 271360K, 99% used [0x0000000914780000,0x000000092507ef48,0x0000000925080000)
  to   space 371200K, 0% used [0x00000008fdd00000,0x00000008fdd00000,0x0000000914780000)
 ParOldGen       total 897024K, used 749307K [0x0000000080000000, 0x00000000b6c00000, 0x00000008d5580000)
  object space 897024K, 83% used [0x0000000080000000,0x00000000adbbec50,0x00000000b6c00000)
 Metaspace       used 6593K, capacity 6920K, committed 7168K, reserved 8192K
GC Heap History (10 events):
Event: 19.482 GC heap before
{Heap before GC invocations=18 (full 3):
 PSYoungGen      total 761856K, used 691572K [0x00000008d5580000, 0x0000000911e00000, 0x0000000d00000000)
  eden space 581120K, 100% used [0x00000008d5580000,0x00000008f8d00000,0x00000008f8d00000)
  from space 180736K, 61% used [0x0000000904900000,0x000000090b4dd3a0,0x000000090f980000)
  to   space 192512K, 0% used [0x00000008f8d00000,0x00000008f8d00000,0x0000000904900000)
 ParOldGen       total 603136K, used 383313K [0x0000000080000000, 0x00000000a4d00000, 0x00000008d5580000)
  object space 603136K, 63% used [0x0000000080000000,0x0000000097654620,0x00000000a4d00000)
 Metaspace       used 6578K, capacity 6856K, committed 6912K, reserved 8192K
Event: 19.720 GC heap after
Heap after GC invocations=18 (full 3):
 PSYoungGen      total 773632K, used 192495K [0x00000008d5580000, 0x000000091c100000, 0x0000000d00000000)
  eden space 581120K, 0% used [0x00000008d5580000,0x00000008d5580000,0x00000008f8d00000)
  from space 192512K, 99% used [0x00000008f8d00000,0x00000009048fbcf8,0x0000000904900000)
  to   space 228864K, 0% used [0x000000090e180000,0x000000090e180000,0x000000091c100000)
 ParOldGen       total 603136K, used 392908K [0x0000000080000000, 0x00000000a4d00000, 0x00000008d5580000)
  object space 603136K, 65% used [0x0000000080000000,0x0000000097fb3200,0x00000000a4d00000)
 Metaspace       used 6578K, capacity 6856K, committed 6912K, reserved 8192K
}
Event: 20.932 GC heap before
{Heap before GC invocations=19 (full 3):
 PSYoungGen      total 773632K, used 773615K [0x00000008d5580000, 0x000000091c100000, 0x0000000d00000000)
  eden space 581120K, 100% used [0x00000008d5580000,0x00000008f8d00000,0x00000008f8d00000)
  from space 192512K, 99% used [0x00000008f8d00000,0x00000009048fbcf8,0x0000000904900000)
  to   space 228864K, 0% used [0x000000090e180000,0x000000090e180000,0x000000091c100000)
 ParOldGen       total 603136K, used 392908K [0x0000000080000000, 0x00000000a4d00000, 0x00000008d5580000)
  object space 603136K, 65% used [0x0000000080000000,0x0000000097fb3200,0x00000000a4d00000)
 Metaspace       used 6579K, capacity 6856K, committed 6912K, reserved 8192K
Event: 21.224 GC heap after
Heap after GC invocations=19 (full 3):
 PSYoungGen      total 906240K, used 186118K [0x00000008d5580000, 0x0000000920180000, 0x0000000d00000000)
  eden space 677376K, 0% used [0x00000008d5580000,0x00000008d5580000,0x00000008feb00000)
  from space 228864K, 81% used [0x000000090e180000,0x00000009197419a0,0x000000091c100000)
  to   space 252416K, 0% used [0x00000008feb00000,0x00000008feb00000,0x000000090e180000)
 ParOldGen       total 603136K, used 498434K [0x0000000080000000, 0x00000000a4d00000, 0x00000008d5580000)
  object space 603136K, 82% used [0x0000000080000000,0x000000009e6c0af0,0x00000000a4d00000)
 Metaspace       used 6579K, capacity 6856K, committed 6912K, reserved 8192K
}
Event: 21.224 GC heap before
{Heap before GC invocations=20 (full 4):
 PSYoungGen      total 906240K, used 186118K [0x00000008d5580000, 0x0000000920180000, 0x0000000d00000000)
  eden space 677376K, 0% used [0x00000008d5580000,0x00000008d5580000,0x00000008feb00000)
  from space 228864K, 81% used [0x000000090e180000,0x00000009197419a0,0x000000091c100000)
  to   space 252416K, 0% used [0x00000008feb00000,0x00000008feb00000,0x000000090e180000)
 ParOldGen       total 603136K, used 498434K [0x0000000080000000, 0x00000000a4d00000, 0x00000008d5580000)
  object space 603136K, 82% used [0x0000000080000000,0x000000009e6c0af0,0x00000000a4d00000)
 Metaspace       used 6579K, capacity 6856K, committed 6912K, reserved 8192K
Event: 23.388 GC heap after
Heap after GC invocations=20 (full 4):
 PSYoungGen      total 906240K, used 76030K [0x00000008d5580000, 0x0000000920180000, 0x0000000d00000000)
  eden space 677376K, 0% used [0x00000008d5580000,0x00000008d5580000,0x00000008feb00000)
  from space 228864K, 33% used [0x000000090e180000,0x0000000912bbfa98,0x000000091c100000)
  to   space 252416K, 0% used [0x00000008feb00000,0x00000008feb00000,0x000000090e180000)
 ParOldGen       total 897024K, used 602910K [0x0000000080000000, 0x00000000b6c00000, 0x00000008d5580000)
  object space 897024K, 67% used [0x0000000080000000,0x00000000a4cc7a50,0x00000000b6c00000)
 Metaspace       used 6579K, capacity 6856K, committed 6912K, reserved 8192K
}
Event: 24.878 GC heap before
{Heap before GC invocations=21 (full 4):
 PSYoungGen      total 906240K, used 753406K [0x00000008d5580000, 0x0000000920180000, 0x0000000d00000000)
  eden space 677376K, 100% used [0x00000008d5580000,0x00000008feb00000,0x00000008feb00000)
  from space 228864K, 33% used [0x000000090e180000,0x0000000912bbfa98,0x000000091c100000)
  to   space 252416K, 0% used [0x00000008feb00000,0x00000008feb00000,0x000000090e180000)
 ParOldGen       total 897024K, used 602910K [0x0000000080000000, 0x00000000b6c00000, 0x00000008d5580000)
  object space 897024K, 67% used [0x0000000080000000,0x00000000a4cc7a50,0x00000000b6c00000)
 Metaspace       used 6592K, capacity 6920K, committed 7168K, reserved 8192K
Event: 25.164 GC heap after
Heap after GC invocations=21 (full 4):
 PSYoungGen      total 929792K, used 187459K [0x00000008d5580000, 0x0000000925080000, 0x0000000d00000000)
  eden space 677376K, 0% used [0x00000008d5580000,0x00000008d5580000,0x00000008feb00000)
  from space 252416K, 74% used [0x00000008feb00000,0x000000090a210e88,0x000000090e180000)
  to   space 271360K, 0% used [0x0000000914780000,0x0000000914780000,0x0000000925080000)
 ParOldGen       total 897024K, used 602910K [0x0000000080000000, 0x00000000b6c00000, 0x00000008d5580000)
  object space 897024K, 67% used [0x0000000080000000,0x00000000a4cc7a50,0x00000000b6c00000)
 Metaspace       used 6592K, capacity 6920K, committed 7168K, reserved 8192K
}
Event: 26.313 GC heap before
{Heap before GC invocations=22 (full 4):
 PSYoungGen      total 929792K, used 864835K [0x00000008d5580000, 0x0000000925080000, 0x0000000d00000000)
  eden space 677376K, 100% used [0x00000008d5580000,0x00000008feb00000,0x00000008feb00000)
  from space 252416K, 74% used [0x00000008feb00000,0x000000090a210e88,0x000000090e180000)
  to   space 271360K, 0% used [0x0000000914780000,0x0000000914780000,0x0000000925080000)
 ParOldGen       total 897024K, used 602910K [0x0000000080000000, 0x00000000b6c00000, 0x00000008d5580000)
  object space 897024K, 67% used [0x0000000080000000,0x00000000a4cc7a50,0x00000000b6c00000)
 Metaspace       used 6593K, capacity 6920K, committed 7168K, reserved 8192K
Event: 26.578 GC heap after
Heap after GC invocations=22 (full 4):
 PSYoungGen      total 934400K, used 271355K [0x00000008d5580000, 0x0000000931d80000, 0x0000000d00000000)
  eden space 663040K, 0% used [0x00000008d5580000,0x00000008d5580000,0x00000008fdd00000)
  from space 271360K, 99% used [0x0000000914780000,0x000000092507ef48,0x0000000925080000)
  to   space 371200K, 0% used [0x00000008fdd00000,0x00000008fdd00000,0x0000000914780000)
 ParOldGen       total 897024K, used 749307K [0x0000000080000000, 0x00000000b6c00000, 0x00000008d5580000)
  object space 897024K, 83% used [0x0000000080000000,0x00000000adbbec50,0x00000000b6c00000)
 Metaspace       used 6593K, capacity 6920K, committed 7168K, reserved 8192K
}

