# JRE version: Java(TM) SE Runtime Environment (8.0_20-b26) (build 1.8.0_20-b26)
# Java VM: Java HotSpot(TM) 64-Bit Server VM (25.20-b23 mixed mode windows-amd64 )
Heap:
 PSYoungGen      total 1382400K, used 1038531K [0x00000008d5580000, 0x000000095e200000, 0x0000000d00000000)
  eden space 848384K, 60% used [0x00000008d5580000,0x00000008f46f58e0,0x0000000909200000)
  from space 534016K, 99% used [0x0000000909200000,0x00000009296bb430,0x0000000929b80000)
  to   space 620544K, 0% used [0x0000000938400000,0x0000000938400000,0x000000095e200000)
 ParOldGen       total 1296896K, used 973995K [0x0000000080000000, 0x00000000cf280000, 0x00000008d5580000)
  object space 1296896K, 75% used [0x0000000080000000,0x00000000bb72acd8,0x00000000cf280000)
 Metaspace       used 6977K, capacity 7240K, committed 7424K, reserved 8192K
GC Heap History (10 events):
Event: 28.875 GC heap before
{Heap before GC invocations=24 (full 5):
 PSYoungGen      total 1079808K, used 381920K [0x00000008d5580000, 0x0000000944680000, 0x0000000d00000000)
  eden space 697856K, 0% used [0x00000008d5580000,0x00000008d5580000,0x00000008fff00000)
  from space 381952K, 99% used [0x00000008fff00000,0x00000009173f8250,0x0000000917400000)
  to   space 508416K, 0% used [0x0000000925600000,0x0000000925600000,0x0000000944680000)
 ParOldGen       total 893440K, used 879477K [0x0000000080000000, 0x00000000b6880000, 0x00000008d5580000)
  object space 893440K, 98% used [0x0000000080000000,0x00000000b5add578,0x00000000b6880000)
 Metaspace       used 6595K, capacity 6920K, committed 7168K, reserved 8192K
Event: 32.815 GC heap after
Heap after GC invocations=24 (full 5):
 PSYoungGen      total 1079808K, used 213434K [0x00000008d5580000, 0x0000000944680000, 0x0000000d00000000)
  eden space 697856K, 0% used [0x00000008d5580000,0x00000008d5580000,0x00000008fff00000)
  from space 381952K, 55% used [0x00000008fff00000,0x000000090cf6ea28,0x0000000917400000)
  to   space 508416K, 0% used [0x0000000925600000,0x0000000925600000,0x0000000944680000)
 ParOldGen       total 1296896K, used 893368K [0x0000000080000000, 0x00000000cf280000, 0x00000008d5580000)
  object space 1296896K, 68% used [0x0000000080000000,0x00000000b686e1e0,0x00000000cf280000)
 Metaspace       used 6595K, capacity 6920K, committed 7168K, reserved 8192K
}
Event: 34.249 GC heap before
{Heap before GC invocations=25 (full 5):
 PSYoungGen      total 1079808K, used 911290K [0x00000008d5580000, 0x0000000944680000, 0x0000000d00000000)
  eden space 697856K, 100% used [0x00000008d5580000,0x00000008fff00000,0x00000008fff00000)
  from space 381952K, 55% used [0x00000008fff00000,0x000000090cf6ea28,0x0000000917400000)
  to   space 508416K, 0% used [0x0000000925600000,0x0000000925600000,0x0000000944680000)
 ParOldGen       total 1296896K, used 893368K [0x0000000080000000, 0x00000000cf280000, 0x00000008d5580000)
  object space 1296896K, 68% used [0x0000000080000000,0x00000000b686e1e0,0x00000000cf280000)
 Metaspace       used 6595K, capacity 6920K, committed 7168K, reserved 8192K
Event: 34.662 GC heap after
Heap after GC invocations=25 (full 5):
 PSYoungGen      total 1222144K, used 144926K [0x00000008d5580000, 0x0000000940100000, 0x0000000d00000000)
  eden space 784896K, 0% used [0x00000008d5580000,0x00000008d5580000,0x0000000905400000)
  from space 437248K, 33% used [0x0000000925600000,0x000000092e387be0,0x0000000940100000)
  to   space 481792K, 0% used [0x0000000905400000,0x0000000905400000,0x0000000922a80000)
 ParOldGen       total 1296896K, used 973995K [0x0000000080000000, 0x00000000cf280000, 0x00000008d5580000)
  object space 1296896K, 75% used [0x0000000080000000,0x00000000bb72acd8,0x00000000cf280000)
 Metaspace       used 6595K, capacity 6920K, committed 7168K, reserved 8192K
}
Event: 35.873 GC heap before
{Heap before GC invocations=26 (full 5):
 PSYoungGen      total 1222144K, used 929822K [0x00000008d5580000, 0x0000000940100000, 0x0000000d00000000)
  eden space 784896K, 100% used [0x00000008d5580000,0x0000000905400000,0x0000000905400000)
  from space 437248K, 33% used [0x0000000925600000,0x000000092e387be0,0x0000000940100000)
  to   space 481792K, 0% used [0x0000000905400000,0x0000000905400000,0x0000000922a80000)
 ParOldGen       total 1296896K, used 973995K [0x0000000080000000, 0x00000000cf280000, 0x00000008d5580000)
  object space 1296896K, 75% used [0x0000000080000000,0x00000000bb72acd8,0x00000000cf280000)
 Metaspace       used 6596K, capacity 6920K, committed 7168K, reserved 8192K
Event: 36.246 GC heap after
Heap after GC invocations=26 (full 5):
 PSYoungGen      total 1266688K, used 270583K [0x00000008d5580000, 0x0000000947600000, 0x0000000d00000000)
  eden space 784896K, 0% used [0x00000008d5580000,0x00000008d5580000,0x0000000905400000)
  from space 481792K, 56% used [0x0000000905400000,0x0000000915c3dd90,0x0000000922a80000)
  to   space 485888K, 0% used [0x0000000929b80000,0x0000000929b80000,0x0000000947600000)
 ParOldGen       total 1296896K, used 973995K [0x0000000080000000, 0x00000000cf280000, 0x00000008d5580000)
  object space 1296896K, 75% used [0x0000000080000000,0x00000000bb72acd8,0x00000000cf280000)
 Metaspace       used 6596K, capacity 6920K, committed 7168K, reserved 8192K
}
Event: 37.876 GC heap before
{Heap before GC invocations=27 (full 5):
 PSYoungGen      total 1266688K, used 1055479K [0x00000008d5580000, 0x0000000947600000, 0x0000000d00000000)
  eden space 784896K, 100% used [0x00000008d5580000,0x0000000905400000,0x0000000905400000)
  from space 481792K, 56% used [0x0000000905400000,0x0000000915c3dd90,0x0000000922a80000)
  to   space 485888K, 0% used [0x0000000929b80000,0x0000000929b80000,0x0000000947600000)
 ParOldGen       total 1296896K, used 973995K [0x0000000080000000, 0x00000000cf280000, 0x00000008d5580000)
  object space 1296896K, 75% used [0x0000000080000000,0x00000000bb72acd8,0x00000000cf280000)
 Metaspace       used 6693K, capacity 6920K, committed 7168K, reserved 8192K
Event: 38.447 GC heap after
Heap after GC invocations=27 (full 5):
 PSYoungGen      total 1334272K, used 396247K [0x00000008d5580000, 0x000000094df80000, 0x0000000d00000000)
  eden space 848384K, 0% used [0x00000008d5580000,0x00000008d5580000,0x0000000909200000)
  from space 485888K, 81% used [0x0000000929b80000,0x0000000941e75cd8,0x0000000947600000)
  to   space 534016K, 0% used [0x0000000909200000,0x0000000909200000,0x0000000929b80000)
 ParOldGen       total 1296896K, used 973995K [0x0000000080000000, 0x00000000cf280000, 0x00000008d5580000)
  object space 1296896K, 75% used [0x0000000080000000,0x00000000bb72acd8,0x00000000cf280000)
 Metaspace       used 6693K, capacity 6920K, committed 7168K, reserved 8192K
}
Event: 39.879 GC heap before
{Heap before GC invocations=28 (full 5):
 PSYoungGen      total 1334272K, used 1244631K [0x00000008d5580000, 0x000000094df80000, 0x0000000d00000000)
  eden space 848384K, 100% used [0x00000008d5580000,0x0000000909200000,0x0000000909200000)
  from space 485888K, 81% used [0x0000000929b80000,0x0000000941e75cd8,0x0000000947600000)
  to   space 534016K, 0% used [0x0000000909200000,0x0000000909200000,0x0000000929b80000)
 ParOldGen       total 1296896K, used 973995K [0x0000000080000000, 0x00000000cf280000, 0x00000008d5580000)
  object space 1296896K, 75% used [0x0000000080000000,0x00000000bb72acd8,0x00000000cf280000)
 Metaspace       used 6704K, capacity 6984K, committed 7168K, reserved 8192K
Event: 40.989 GC heap after
Heap after GC invocations=28 (full 5):
 PSYoungGen      total 1382400K, used 529133K [0x00000008d5580000, 0x000000095e200000, 0x0000000d00000000)
  eden space 848384K, 0% used [0x00000008d5580000,0x00000008d5580000,0x0000000909200000)
  from space 534016K, 99% used [0x0000000909200000,0x00000009296bb430,0x0000000929b80000)
  to   space 620544K, 0% used [0x0000000938400000,0x0000000938400000,0x000000095e200000)
 ParOldGen       total 1296896K, used 973995K [0x0000000080000000, 0x00000000cf280000, 0x00000008d5580000)
  object space 1296896K, 75% used [0x0000000080000000,0x00000000bb72acd8,0x00000000cf280000)
 Metaspace       used 6704K, capacity 6984K, committed 7168K, reserved 8192K
}

