# JRE version: Java(TM) SE Runtime Environment (8.0_20-b26) (build 1.8.0_20-b26)
# Java VM: Java HotSpot(TM) 64-Bit Server VM (25.20-b23 mixed mode windows-amd64 )
Heap:
 PSYoungGen      total 956928K, used 703488K [0x00000008d5580000, 0x0000000921c00000, 0x0000000d00000000)
  eden space 703488K, 100% used [0x00000008d5580000,0x0000000900480000,0x0000000900480000)
  from space 253440K, 0% used [0x0000000900480000,0x0000000900480000,0x000000090fc00000)
  to   space 227840K, 0% used [0x000000090fc00000,0x000000090fc00000,0x000000091da80000)
 ParOldGen       total 801792K, used 801780K [0x0000000080000000, 0x00000000b0f00000, 0x00000008d5580000)
  object space 801792K, 99% used [0x0000000080000000,0x00000000b0efd0a8,0x00000000b0f00000)
 Metaspace       used 6980K, capacity 7240K, committed 7424K, reserved 8192K
GC Heap History (10 events):
Event: 71.332 GC heap after
Heap after GC invocations=28 (full 11):
 PSYoungGen      total 956928K, used 444695K [0x00000008d5580000, 0x0000000921c00000, 0x0000000d00000000)
  eden space 703488K, 63% used [0x00000008d5580000,0x00000008f07c5ca0,0x0000000900480000)
  from space 253440K, 0% used [0x0000000900480000,0x0000000900480000,0x000000090fc00000)
  to   space 227840K, 0% used [0x000000090fc00000,0x000000090fc00000,0x000000091da80000)
 ParOldGen       total 801792K, used 801357K [0x0000000080000000, 0x00000000b0f00000, 0x00000008d5580000)
  object space 801792K, 99% used [0x0000000080000000,0x00000000b0e93428,0x00000000b0f00000)
 Metaspace       used 6710K, capacity 6984K, committed 7168K, reserved 8192K
}
Event: 71.612 GC heap before
{Heap before GC invocations=29 (full 12):
 PSYoungGen      total 956928K, used 703488K [0x00000008d5580000, 0x0000000921c00000, 0x0000000d00000000)
  eden space 703488K, 100% used [0x00000008d5580000,0x0000000900480000,0x0000000900480000)
  from space 253440K, 0% used [0x0000000900480000,0x0000000900480000,0x000000090fc00000)
  to   space 227840K, 0% used [0x000000090fc00000,0x000000090fc00000,0x000000091da80000)
 ParOldGen       total 801792K, used 801357K [0x0000000080000000, 0x00000000b0f00000, 0x00000008d5580000)
  object space 801792K, 99% used [0x0000000080000000,0x00000000b0e93428,0x00000000b0f00000)
 Metaspace       used 6710K, capacity 6984K, committed 7168K, reserved 8192K
Event: 74.281 GC heap after
Heap after GC invocations=29 (full 12):
 PSYoungGen      total 956928K, used 485205K [0x00000008d5580000, 0x0000000921c00000, 0x0000000d00000000)
  eden space 703488K, 68% used [0x00000008d5580000,0x00000008f2f55578,0x0000000900480000)
  from space 253440K, 0% used [0x0000000900480000,0x0000000900480000,0x000000090fc00000)
  to   space 227840K, 0% used [0x000000090fc00000,0x000000090fc00000,0x000000091da80000)
 ParOldGen       total 801792K, used 801282K [0x0000000080000000, 0x00000000b0f00000, 0x00000008d5580000)
  object space 801792K, 99% used [0x0000000080000000,0x00000000b0e80ac8,0x00000000b0f00000)
 Metaspace       used 6710K, capacity 6984K, committed 7168K, reserved 8192K
}
Event: 74.494 GC heap before
{Heap before GC invocations=30 (full 13):
 PSYoungGen      total 956928K, used 703488K [0x00000008d5580000, 0x0000000921c00000, 0x0000000d00000000)
  eden space 703488K, 100% used [0x00000008d5580000,0x0000000900480000,0x0000000900480000)
  from space 253440K, 0% used [0x0000000900480000,0x0000000900480000,0x000000090fc00000)
  to   space 227840K, 0% used [0x000000090fc00000,0x000000090fc00000,0x000000091da80000)
 ParOldGen       total 801792K, used 801282K [0x0000000080000000, 0x00000000b0f00000, 0x00000008d5580000)
  object space 801792K, 99% used [0x0000000080000000,0x00000000b0e80ac8,0x00000000b0f00000)
 Metaspace       used 6710K, capacity 6984K, committed 7168K, reserved 8192K
Event: 77.292 GC heap after
Heap after GC invocations=30 (full 13):
 PSYoungGen      total 956928K, used 519406K [0x00000008d5580000, 0x0000000921c00000, 0x0000000d00000000)
  eden space 703488K, 73% used [0x00000008d5580000,0x00000008f50bb900,0x0000000900480000)
  from space 253440K, 0% used [0x0000000900480000,0x0000000900480000,0x000000090fc00000)
  to   space 227840K, 0% used [0x000000090fc00000,0x000000090fc00000,0x000000091da80000)
 ParOldGen       total 801792K, used 801281K [0x0000000080000000, 0x00000000b0f00000, 0x00000008d5580000)
  object space 801792K, 99% used [0x0000000080000000,0x00000000b0e80630,0x00000000b0f00000)
 Metaspace       used 6710K, capacity 6984K, committed 7168K, reserved 8192K
}
Event: 77.637 GC heap before
{Heap before GC invocations=31 (full 14):
 PSYoungGen      total 956928K, used 703488K [0x00000008d5580000, 0x0000000921c00000, 0x0000000d00000000)
  eden space 703488K, 100% used [0x00000008d5580000,0x0000000900480000,0x0000000900480000)
  from space 253440K, 0% used [0x0000000900480000,0x0000000900480000,0x000000090fc00000)
  to   space 227840K, 0% used [0x000000090fc00000,0x000000090fc00000,0x000000091da80000)
 ParOldGen       total 801792K, used 801281K [0x0000000080000000, 0x00000000b0f00000, 0x00000008d5580000)
  object space 801792K, 99% used [0x0000000080000000,0x00000000b0e80630,0x00000000b0f00000)
 Metaspace       used 6737K, capacity 6984K, committed 7168K, reserved 8192K
Event: 86.475 GC heap after
Heap after GC invocations=31 (full 14):
 PSYoungGen      total 956928K, used 544183K [0x00000008d5580000, 0x0000000921c00000, 0x0000000d00000000)
  eden space 703488K, 77% used [0x00000008d5580000,0x00000008f68edfa8,0x0000000900480000)
  from space 253440K, 0% used [0x0000000900480000,0x0000000900480000,0x000000090fc00000)
  to   space 227840K, 0% used [0x000000090fc00000,0x000000090fc00000,0x000000091da80000)
 ParOldGen       total 801792K, used 801784K [0x0000000080000000, 0x00000000b0f00000, 0x00000008d5580000)
  object space 801792K, 99% used [0x0000000080000000,0x00000000b0efe2d8,0x00000000b0f00000)
 Metaspace       used 6737K, capacity 6984K, committed 7168K, reserved 8192K
}
Event: 86.823 GC heap before
{Heap before GC invocations=32 (full 15):
 PSYoungGen      total 956928K, used 703488K [0x00000008d5580000, 0x0000000921c00000, 0x0000000d00000000)
  eden space 703488K, 100% used [0x00000008d5580000,0x0000000900480000,0x0000000900480000)
  from space 253440K, 0% used [0x0000000900480000,0x0000000900480000,0x000000090fc00000)
  to   space 227840K, 0% used [0x000000090fc00000,0x000000090fc00000,0x000000091da80000)
 ParOldGen       total 801792K, used 801784K [0x0000000080000000, 0x00000000b0f00000, 0x00000008d5580000)
  object space 801792K, 99% used [0x0000000080000000,0x00000000b0efe2d8,0x00000000b0f00000)
 Metaspace       used 6744K, capacity 6984K, committed 7168K, reserved 8192K
Event: 93.165 GC heap after
Heap after GC invocations=32 (full 15):
 PSYoungGen      total 956928K, used 561106K [0x00000008d5580000, 0x0000000921c00000, 0x0000000d00000000)
  eden space 703488K, 79% used [0x00000008d5580000,0x00000008f7974850,0x0000000900480000)
  from space 253440K, 0% used [0x0000000900480000,0x0000000900480000,0x000000090fc00000)
  to   space 227840K, 0% used [0x000000090fc00000,0x000000090fc00000,0x000000091da80000)
 ParOldGen       total 801792K, used 801780K [0x0000000080000000, 0x00000000b0f00000, 0x00000008d5580000)
  object space 801792K, 99% used [0x0000000080000000,0x00000000b0efd0a8,0x00000000b0f00000)
 Metaspace       used 6744K, capacity 6984K, committed 7168K, reserved 8192K
}
Event: 94.347 GC heap before
{Heap before GC invocations=33 (full 16):
 PSYoungGen      total 956928K, used 703488K [0x00000008d5580000, 0x0000000921c00000, 0x0000000d00000000)
  eden space 703488K, 100% used [0x00000008d5580000,0x0000000900480000,0x0000000900480000)
  from space 253440K, 0% used [0x0000000900480000,0x0000000900480000,0x000000090fc00000)
  to   space 227840K, 0% used [0x000000090fc00000,0x000000090fc00000,0x000000091da80000)
 ParOldGen       total 801792K, used 801780K [0x0000000080000000, 0x00000000b0f00000, 0x00000008d5580000)
  object space 801792K, 99% used [0x0000000080000000,0x00000000b0efd0a8,0x00000000b0f00000)
 Metaspace       used 6980K, capacity 7240K, committed 7424K, reserved 8192K

