# JRE version: OpenJDK Runtime Environment (8.0_112-b06) (build 1.8.0_112-release-b06)
# Java VM: OpenJDK 64-Bit Server VM (25.112-b06 mixed mode windows-amd64 )
Heap:
 PSYoungGen      total 138240K, used 99864K [0x00000008d5580000, 0x00000008de180000, 0x0000000d00000000)
  eden space 133120K, 71% used [0x00000008d5580000,0x00000008db208100,0x00000008dd780000)
  from space 5120K, 99% used [0x00000008ddc80000,0x00000008de17dfe0,0x00000008de180000)
  to   space 5120K, 0% used [0x00000008dd780000,0x00000008dd780000,0x00000008ddc80000)
 ParOldGen       total 87552K, used 28951K [0x0000000080000000, 0x0000000085580000, 0x00000008d5580000)
  object space 87552K, 33% used [0x0000000080000000,0x0000000081c45d10,0x0000000085580000)
 Metaspace       used 6384K, capacity 6792K, committed 6912K, reserved 8192K
GC Heap History (8 events):
Event: 1.092 GC heap before
{Heap before GC invocations=1 (full 0):
 PSYoungGen      total 38400K, used 33280K [0x00000008d5580000, 0x00000008d8000000, 0x0000000d00000000)
  eden space 33280K, 100% used [0x00000008d5580000,0x00000008d7600000,0x00000008d7600000)
  from space 5120K, 0% used [0x00000008d7b00000,0x00000008d7b00000,0x00000008d8000000)
  to   space 5120K, 0% used [0x00000008d7600000,0x00000008d7600000,0x00000008d7b00000)
 ParOldGen       total 87552K, used 0K [0x0000000080000000, 0x0000000085580000, 0x00000008d5580000)
  object space 87552K, 0% used [0x0000000080000000,0x0000000080000000,0x0000000085580000)
 Metaspace       used 5783K, capacity 6344K, committed 6400K, reserved 8192K
Event: 1.199 GC heap after
Heap after GC invocations=1 (full 0):
 PSYoungGen      total 38400K, used 5111K [0x00000008d5580000, 0x00000008da080000, 0x0000000d00000000)
  eden space 33280K, 0% used [0x00000008d5580000,0x00000008d5580000,0x00000008d7600000)
  from space 5120K, 99% used [0x00000008d7600000,0x00000008d7afdca8,0x00000008d7b00000)
  to   space 5120K, 0% used [0x00000008d9b80000,0x00000008d9b80000,0x00000008da080000)
 ParOldGen       total 87552K, used 1749K [0x0000000080000000, 0x0000000085580000, 0x00000008d5580000)
  object space 87552K, 1% used [0x0000000080000000,0x00000000801b5590,0x0000000085580000)
 Metaspace       used 5783K, capacity 6344K, committed 6400K, reserved 8192K
}
Event: 1.803 GC heap before
{Heap before GC invocations=2 (full 0):
 PSYoungGen      total 38400K, used 38391K [0x00000008d5580000, 0x00000008da080000, 0x0000000d00000000)
  eden space 33280K, 100% used [0x00000008d5580000,0x00000008d7600000,0x00000008d7600000)
  from space 5120K, 99% used [0x00000008d7600000,0x00000008d7afdca8,0x00000008d7b00000)
  to   space 5120K, 0% used [0x00000008d9b80000,0x00000008d9b80000,0x00000008da080000)
 ParOldGen       total 87552K, used 1749K [0x0000000080000000, 0x0000000085580000, 0x00000008d5580000)
  object space 87552K, 1% used [0x0000000080000000,0x00000000801b5590,0x0000000085580000)
 Metaspace       used 6011K, capacity 6536K, committed 6656K, reserved 8192K
Event: 2.091 GC heap after
Heap after GC invocations=2 (full 0):
 PSYoungGen      total 71680K, used 5112K [0x00000008d5580000, 0x00000008da080000, 0x0000000d00000000)
  eden space 66560K, 0% used [0x00000008d5580000,0x00000008d5580000,0x00000008d9680000)
  from space 5120K, 99% used [0x00000008d9b80000,0x00000008da07e130,0x00000008da080000)
  to   space 5120K, 0% used [0x00000008d9680000,0x00000008d9680000,0x00000008d9b80000)
 ParOldGen       total 87552K, used 6781K [0x0000000080000000, 0x0000000085580000, 0x00000008d5580000)
  object space 87552K, 7% used [0x0000000080000000,0x000000008069f610,0x0000000085580000)
 Metaspace       used 6011K, capacity 6536K, committed 6656K, reserved 8192K
}
Event: 3.332 GC heap before
{Heap before GC invocations=3 (full 0):
 PSYoungGen      total 71680K, used 71672K [0x00000008d5580000, 0x00000008da080000, 0x0000000d00000000)
  eden space 66560K, 100% used [0x00000008d5580000,0x00000008d9680000,0x00000008d9680000)
  from space 5120K, 99% used [0x00000008d9b80000,0x00000008da07e130,0x00000008da080000)
  to   space 5120K, 0% used [0x00000008d9680000,0x00000008d9680000,0x00000008d9b80000)
 ParOldGen       total 87552K, used 6781K [0x0000000080000000, 0x0000000085580000, 0x00000008d5580000)
  object space 87552K, 7% used [0x0000000080000000,0x000000008069f610,0x0000000085580000)
 Metaspace       used 6158K, capacity 6664K, committed 6912K, reserved 8192K
Event: 3.474 GC heap after
Heap after GC invocations=3 (full 0):
 PSYoungGen      total 71680K, used 5095K [0x00000008d5580000, 0x00000008de180000, 0x0000000d00000000)
  eden space 66560K, 0% used [0x00000008d5580000,0x00000008d5580000,0x00000008d9680000)
  from space 5120K, 99% used [0x00000008d9680000,0x00000008d9b79fe0,0x00000008d9b80000)
  to   space 5120K, 0% used [0x00000008ddc80000,0x00000008ddc80000,0x00000008de180000)
 ParOldGen       total 87552K, used 17782K [0x0000000080000000, 0x0000000085580000, 0x00000008d5580000)
  object space 87552K, 20% used [0x0000000080000000,0x000000008115db10,0x0000000085580000)
 Metaspace       used 6158K, capacity 6664K, committed 6912K, reserved 8192K
}
Event: 5.430 GC heap before
{Heap before GC invocations=4 (full 0):
 PSYoungGen      total 71680K, used 71655K [0x00000008d5580000, 0x00000008de180000, 0x0000000d00000000)
  eden space 66560K, 100% used [0x00000008d5580000,0x00000008d9680000,0x00000008d9680000)
  from space 5120K, 99% used [0x00000008d9680000,0x00000008d9b79fe0,0x00000008d9b80000)
  to   space 5120K, 0% used [0x00000008ddc80000,0x00000008ddc80000,0x00000008de180000)
 ParOldGen       total 87552K, used 17782K [0x0000000080000000, 0x0000000085580000, 0x00000008d5580000)
  object space 87552K, 20% used [0x0000000080000000,0x000000008115db10,0x0000000085580000)
 Metaspace       used 6196K, capacity 6664K, committed 6912K, reserved 8192K
Event: 5.554 GC heap after
Heap after GC invocations=4 (full 0):
 PSYoungGen      total 138240K, used 5111K [0x00000008d5580000, 0x00000008de180000, 0x0000000d00000000)
  eden space 133120K, 0% used [0x00000008d5580000,0x00000008d5580000,0x00000008dd780000)
  from space 5120K, 99% used [0x00000008ddc80000,0x00000008de17dfe0,0x00000008de180000)
  to   space 5120K, 0% used [0x00000008dd780000,0x00000008dd780000,0x00000008ddc80000)
 ParOldGen       total 87552K, used 28951K [0x0000000080000000, 0x0000000085580000, 0x00000008d5580000)
  object space 87552K, 33% used [0x0000000080000000,0x0000000081c45d10,0x0000000085580000)
 Metaspace       used 6196K, capacity 6664K, committed 6912K, reserved 8192K
}

