# JRE version: Java(TM) SE Runtime Environment (8.0_20-b26) (build 1.8.0_20-b26)
# Java VM: Java HotSpot(TM) 64-Bit Server VM (25.20-b23 mixed mode windows-amd64 )
Heap:
 PSYoungGen      total 1048576K, used 674816K [0x00000008d5580000, 0x0000000932980000, 0x0000000d00000000)
  eden space 674816K, 100% used [0x00000008d5580000,0x00000008fe880000,0x00000008fe880000)
  from space 373760K, 0% used [0x00000008fe880000,0x00000008fe880000,0x0000000915580000)
  to   space 280576K, 0% used [0x0000000915580000,0x0000000915580000,0x0000000926780000)
 ParOldGen       total 886272K, used 885957K [0x0000000080000000, 0x00000000b6180000, 0x00000008d5580000)
  object space 886272K, 99% used [0x0000000080000000,0x00000000b6131668,0x00000000b6180000)
 Metaspace       used 6628K, capacity 6920K, committed 7168K, reserved 8192K
GC Heap History (10 events):
Event: 30.180 GC heap before
{Heap before GC invocations=22 (full 4):
 PSYoungGen      total 949248K, used 892916K [0x00000008d5580000, 0x0000000926780000, 0x0000000d00000000)
  eden space 691712K, 100% used [0x00000008d5580000,0x00000008ff900000,0x00000008ff900000)
  from space 257536K, 78% used [0x00000008ff900000,0x000000090bd7d350,0x000000090f480000)
  to   space 280576K, 0% used [0x0000000915580000,0x0000000915580000,0x0000000926780000)
 ParOldGen       total 886272K, used 595028K [0x0000000080000000, 0x00000000b6180000, 0x00000008d5580000)
  object space 886272K, 67% used [0x0000000080000000,0x00000000a45152d0,0x00000000b6180000)
 Metaspace       used 6595K, capacity 6920K, committed 7168K, reserved 8192K
Event: 30.684 GC heap after
Heap after GC invocations=22 (full 4):
 PSYoungGen      total 955392K, used 280557K [0x00000008d5580000, 0x0000000932980000, 0x0000000d00000000)
  eden space 674816K, 0% used [0x00000008d5580000,0x00000008d5580000,0x00000008fe880000)
  from space 280576K, 99% used [0x0000000915580000,0x000000092677b7b0,0x0000000926780000)
  to   space 373760K, 0% used [0x00000008fe880000,0x00000008fe880000,0x0000000915580000)
 ParOldGen       total 886272K, used 719106K [0x0000000080000000, 0x00000000b6180000, 0x00000008d5580000)
  object space 886272K, 81% used [0x0000000080000000,0x00000000abe40b78,0x00000000b6180000)
 Metaspace       used 6595K, capacity 6920K, committed 7168K, reserved 8192K
}
Event: 31.788 GC heap before
{Heap before GC invocations=23 (full 4):
 PSYoungGen      total 955392K, used 955373K [0x00000008d5580000, 0x0000000932980000, 0x0000000d00000000)
  eden space 674816K, 100% used [0x00000008d5580000,0x00000008fe880000,0x00000008fe880000)
  from space 280576K, 99% used [0x0000000915580000,0x000000092677b7b0,0x0000000926780000)
  to   space 373760K, 0% used [0x00000008fe880000,0x00000008fe880000,0x0000000915580000)
 ParOldGen       total 886272K, used 719106K [0x0000000080000000, 0x00000000b6180000, 0x00000008d5580000)
  object space 886272K, 81% used [0x0000000080000000,0x00000000abe40b78,0x00000000b6180000)
 Metaspace       used 6595K, capacity 6920K, committed 7168K, reserved 8192K
Event: 32.184 GC heap after
Heap after GC invocations=23 (full 4):
 PSYoungGen      total 1048576K, used 373731K [0x00000008d5580000, 0x0000000932980000, 0x0000000d00000000)
  eden space 674816K, 0% used [0x00000008d5580000,0x00000008d5580000,0x00000008fe880000)
  from space 373760K, 99% used [0x00000008fe880000,0x0000000915578cc8,0x0000000915580000)
  to   space 280576K, 0% used [0x0000000915580000,0x0000000915580000,0x0000000926780000)
 ParOldGen       total 886272K, used 871802K [0x0000000080000000, 0x00000000b6180000, 0x00000008d5580000)
  object space 886272K, 98% used [0x0000000080000000,0x00000000b535e8d0,0x00000000b6180000)
 Metaspace       used 6595K, capacity 6920K, committed 7168K, reserved 8192K
}
Event: 32.184 GC heap before
{Heap before GC invocations=24 (full 5):
 PSYoungGen      total 1048576K, used 373731K [0x00000008d5580000, 0x0000000932980000, 0x0000000d00000000)
  eden space 674816K, 0% used [0x00000008d5580000,0x00000008d5580000,0x00000008fe880000)
  from space 373760K, 99% used [0x00000008fe880000,0x0000000915578cc8,0x0000000915580000)
  to   space 280576K, 0% used [0x0000000915580000,0x0000000915580000,0x0000000926780000)
 ParOldGen       total 886272K, used 871802K [0x0000000080000000, 0x00000000b6180000, 0x00000008d5580000)
  object space 886272K, 98% used [0x0000000080000000,0x00000000b535e8d0,0x00000000b6180000)
 Metaspace       used 6595K, capacity 6920K, committed 7168K, reserved 8192K
Event: 37.084 GC heap after
Heap after GC invocations=24 (full 5):
 PSYoungGen      total 1048576K, used 191428K [0x00000008d5580000, 0x0000000932980000, 0x0000000d00000000)
  eden space 674816K, 0% used [0x00000008d5580000,0x00000008d5580000,0x00000008fe880000)
  from space 373760K, 51% used [0x00000008fe880000,0x000000090a371088,0x0000000915580000)
  to   space 280576K, 0% used [0x0000000915580000,0x0000000915580000,0x0000000926780000)
 ParOldGen       total 886272K, used 885975K [0x0000000080000000, 0x00000000b6180000, 0x00000008d5580000)
  object space 886272K, 99% used [0x0000000080000000,0x00000000b6135c20,0x00000000b6180000)
 Metaspace       used 6595K, capacity 6920K, committed 7168K, reserved 8192K
}
Event: 38.690 GC heap before
{Heap before GC invocations=25 (full 6):
 PSYoungGen      total 1048576K, used 866244K [0x00000008d5580000, 0x0000000932980000, 0x0000000d00000000)
  eden space 674816K, 100% used [0x00000008d5580000,0x00000008fe880000,0x00000008fe880000)
  from space 373760K, 51% used [0x00000008fe880000,0x000000090a371088,0x0000000915580000)
  to   space 280576K, 0% used [0x0000000915580000,0x0000000915580000,0x0000000926780000)
 ParOldGen       total 886272K, used 885975K [0x0000000080000000, 0x00000000b6180000, 0x00000008d5580000)
  object space 886272K, 99% used [0x0000000080000000,0x00000000b6135c20,0x00000000b6180000)
 Metaspace       used 6595K, capacity 6920K, committed 7168K, reserved 8192K
Event: 42.648 GC heap after
Heap after GC invocations=25 (full 6):
 PSYoungGen      total 1048576K, used 119049K [0x00000008d5580000, 0x0000000932980000, 0x0000000d00000000)
  eden space 674816K, 17% used [0x00000008d5580000,0x00000008dc9c2648,0x00000008fe880000)
  from space 373760K, 0% used [0x00000008fe880000,0x00000008fe880000,0x0000000915580000)
  to   space 280576K, 0% used [0x0000000915580000,0x0000000915580000,0x0000000926780000)
 ParOldGen       total 886272K, used 885904K [0x0000000080000000, 0x00000000b6180000, 0x00000008d5580000)
  object space 886272K, 99% used [0x0000000080000000,0x00000000b6124130,0x00000000b6180000)
 Metaspace       used 6595K, capacity 6920K, committed 7168K, reserved 8192K
}
Event: 43.782 GC heap before
{Heap before GC invocations=26 (full 7):
 PSYoungGen      total 1048576K, used 674816K [0x00000008d5580000, 0x0000000932980000, 0x0000000d00000000)
  eden space 674816K, 100% used [0x00000008d5580000,0x00000008fe880000,0x00000008fe880000)
  from space 373760K, 0% used [0x00000008fe880000,0x00000008fe880000,0x0000000915580000)
  to   space 280576K, 0% used [0x0000000915580000,0x0000000915580000,0x0000000926780000)
 ParOldGen       total 886272K, used 885904K [0x0000000080000000, 0x00000000b6180000, 0x00000008d5580000)
  object space 886272K, 99% used [0x0000000080000000,0x00000000b6124130,0x00000000b6180000)
 Metaspace       used 6596K, capacity 6920K, committed 7168K, reserved 8192K
Event: 49.164 GC heap after
Heap after GC invocations=26 (full 7):
 PSYoungGen      total 1048576K, used 207601K [0x00000008d5580000, 0x0000000932980000, 0x0000000d00000000)
  eden space 674816K, 30% used [0x00000008d5580000,0x00000008e203c700,0x00000008fe880000)
  from space 373760K, 0% used [0x00000008fe880000,0x00000008fe880000,0x0000000915580000)
  to   space 280576K, 0% used [0x0000000915580000,0x0000000915580000,0x0000000926780000)
 ParOldGen       total 886272K, used 885957K [0x0000000080000000, 0x00000000b6180000, 0x00000008d5580000)
  object space 886272K, 99% used [0x0000000080000000,0x00000000b6131668,0x00000000b6180000)
 Metaspace       used 6596K, capacity 6920K, committed 7168K, reserved 8192K
}

