# JRE version: Java(TM) SE Runtime Environment (8.0_20-b26) (build 1.8.0_20-b26)
# Java VM: Java HotSpot(TM) 64-Bit Server VM (25.20-b23 mixed mode windows-amd64 )
Heap:
 PSYoungGen      total 877056K, used 135308K [0x00000008d5580000, 0x000000092cf80000, 0x0000000d00000000)
  eden space 583680K, 23% used [0x00000008d5580000,0x00000008dd9a3080,0x00000008f8f80000)
  from space 293376K, 0% used [0x00000008f8f80000,0x00000008f8f80000,0x000000090ae00000)
  to   space 389120K, 0% used [0x0000000915380000,0x0000000915380000,0x000000092cf80000)
 ParOldGen       total 1122816K, used 1095949K [0x0000000080000000, 0x00000000c4880000, 0x00000008d5580000)
  object space 1122816K, 97% used [0x0000000080000000,0x00000000c2e43688,0x00000000c4880000)
 Metaspace       used 6574K, capacity 6856K, committed 6912K, reserved 8192K
GC Heap History (10 events):
Event: 23.347 GC heap before
{Heap before GC invocations=22 (full 5):
 PSYoungGen      total 784384K, used 122948K [0x00000008d5580000, 0x0000000913580000, 0x0000000d00000000)
  eden space 594944K, 0% used [0x00000008d5580000,0x00000008d5580000,0x00000008f9a80000)
  from space 189440K, 64% used [0x0000000907c80000,0x000000090f491300,0x0000000913580000)
  to   space 210432K, 0% used [0x00000008f9a80000,0x00000008f9a80000,0x0000000906800000)
 ParOldGen       total 760832K, used 666220K [0x0000000080000000, 0x00000000ae700000, 0x00000008d5580000)
  object space 760832K, 87% used [0x0000000080000000,0x00000000a8a9b3d0,0x00000000ae700000)
 Metaspace       used 6573K, capacity 6856K, committed 6912K, reserved 8192K
Event: 26.309 GC heap after
Heap after GC invocations=22 (full 5):
 PSYoungGen      total 784384K, used 21847K [0x00000008d5580000, 0x0000000913580000, 0x0000000d00000000)
  eden space 594944K, 0% used [0x00000008d5580000,0x00000008d5580000,0x00000008f9a80000)
  from space 189440K, 11% used [0x0000000907c80000,0x00000009091d5f80,0x0000000913580000)
  to   space 210432K, 0% used [0x00000008f9a80000,0x00000008f9a80000,0x0000000906800000)
 ParOldGen       total 1122816K, used 760378K [0x0000000080000000, 0x00000000c4880000, 0x00000008d5580000)
  object space 1122816K, 67% used [0x0000000080000000,0x00000000ae68ea20,0x00000000c4880000)
 Metaspace       used 6573K, capacity 6856K, committed 6912K, reserved 8192K
}
Event: 27.300 GC heap before
{Heap before GC invocations=23 (full 5):
 PSYoungGen      total 784384K, used 616791K [0x00000008d5580000, 0x0000000913580000, 0x0000000d00000000)
  eden space 594944K, 100% used [0x00000008d5580000,0x00000008f9a80000,0x00000008f9a80000)
  from space 189440K, 11% used [0x0000000907c80000,0x00000009091d5f80,0x0000000913580000)
  to   space 210432K, 0% used [0x00000008f9a80000,0x00000008f9a80000,0x0000000906800000)
 ParOldGen       total 1122816K, used 760378K [0x0000000080000000, 0x00000000c4880000, 0x00000008d5580000)
  object space 1122816K, 67% used [0x0000000080000000,0x00000000ae68ea20,0x00000000c4880000)
 Metaspace       used 6574K, capacity 6856K, committed 6912K, reserved 8192K
Event: 27.716 GC heap after
Heap after GC invocations=23 (full 5):
 PSYoungGen      total 805376K, used 122418K [0x00000008d5580000, 0x0000000917e00000, 0x0000000d00000000)
  eden space 594944K, 0% used [0x00000008d5580000,0x00000008d5580000,0x00000008f9a80000)
  from space 210432K, 58% used [0x00000008f9a80000,0x000000090120cb00,0x0000000906800000)
  to   space 212992K, 0% used [0x000000090ae00000,0x000000090ae00000,0x0000000917e00000)
 ParOldGen       total 1122816K, used 760378K [0x0000000080000000, 0x00000000c4880000, 0x00000008d5580000)
  object space 1122816K, 67% used [0x0000000080000000,0x00000000ae68ea20,0x00000000c4880000)
 Metaspace       used 6574K, capacity 6856K, committed 6912K, reserved 8192K
}
Event: 29.794 GC heap before
{Heap before GC invocations=24 (full 5):
 PSYoungGen      total 805376K, used 717362K [0x00000008d5580000, 0x0000000917e00000, 0x0000000d00000000)
  eden space 594944K, 100% used [0x00000008d5580000,0x00000008f9a80000,0x00000008f9a80000)
  from space 210432K, 58% used [0x00000008f9a80000,0x000000090120cb00,0x0000000906800000)
  to   space 212992K, 0% used [0x000000090ae00000,0x000000090ae00000,0x0000000917e00000)
 ParOldGen       total 1122816K, used 760378K [0x0000000080000000, 0x00000000c4880000, 0x00000008d5580000)
  object space 1122816K, 67% used [0x0000000080000000,0x00000000ae68ea20,0x00000000c4880000)
 Metaspace       used 6574K, capacity 6856K, committed 6912K, reserved 8192K
Event: 30.123 GC heap after
Heap after GC invocations=24 (full 5):
 PSYoungGen      total 796672K, used 212981K [0x00000008d5580000, 0x0000000921b80000, 0x0000000d00000000)
  eden space 583680K, 0% used [0x00000008d5580000,0x00000008d5580000,0x00000008f8f80000)
  from space 212992K, 99% used [0x000000090ae00000,0x0000000917dfd670,0x0000000917e00000)
  to   space 293376K, 0% used [0x00000008f8f80000,0x00000008f8f80000,0x000000090ae00000)
 ParOldGen       total 1122816K, used 882692K [0x0000000080000000, 0x00000000c4880000, 0x00000008d5580000)
  object space 1122816K, 78% used [0x0000000080000000,0x00000000b5e01170,0x00000000c4880000)
 Metaspace       used 6574K, capacity 6856K, committed 6912K, reserved 8192K
}
Event: 31.508 GC heap before
{Heap before GC invocations=25 (full 5):
 PSYoungGen      total 796672K, used 796661K [0x00000008d5580000, 0x0000000921b80000, 0x0000000d00000000)
  eden space 583680K, 100% used [0x00000008d5580000,0x00000008f8f80000,0x00000008f8f80000)
  from space 212992K, 99% used [0x000000090ae00000,0x0000000917dfd670,0x0000000917e00000)
  to   space 293376K, 0% used [0x00000008f8f80000,0x00000008f8f80000,0x000000090ae00000)
 ParOldGen       total 1122816K, used 882692K [0x0000000080000000, 0x00000000c4880000, 0x00000008d5580000)
  object space 1122816K, 78% used [0x0000000080000000,0x00000000b5e01170,0x00000000c4880000)
 Metaspace       used 6574K, capacity 6856K, committed 6912K, reserved 8192K
Event: 31.862 GC heap after
Heap after GC invocations=25 (full 5):
 PSYoungGen      total 877056K, used 293356K [0x00000008d5580000, 0x000000092cf80000, 0x0000000d00000000)
  eden space 583680K, 0% used [0x00000008d5580000,0x00000008d5580000,0x00000008f8f80000)
  from space 293376K, 99% used [0x00000008f8f80000,0x000000090adfb098,0x000000090ae00000)
  to   space 389120K, 0% used [0x0000000915380000,0x0000000915380000,0x000000092cf80000)
 ParOldGen       total 1122816K, used 1007298K [0x0000000080000000, 0x00000000c4880000, 0x00000008d5580000)
  object space 1122816K, 89% used [0x0000000080000000,0x00000000bd7b0a30,0x00000000c4880000)
 Metaspace       used 6574K, capacity 6856K, committed 6912K, reserved 8192K
}
Event: 31.862 GC heap before
{Heap before GC invocations=26 (full 6):
 PSYoungGen      total 877056K, used 293356K [0x00000008d5580000, 0x000000092cf80000, 0x0000000d00000000)
  eden space 583680K, 0% used [0x00000008d5580000,0x00000008d5580000,0x00000008f8f80000)
  from space 293376K, 99% used [0x00000008f8f80000,0x000000090adfb098,0x000000090ae00000)
  to   space 389120K, 0% used [0x0000000915380000,0x0000000915380000,0x000000092cf80000)
 ParOldGen       total 1122816K, used 1007298K [0x0000000080000000, 0x00000000c4880000, 0x00000008d5580000)
  object space 1122816K, 89% used [0x0000000080000000,0x00000000bd7b0a30,0x00000000c4880000)
 Metaspace       used 6574K, capacity 6856K, committed 6912K, reserved 8192K
Event: 34.313 GC heap after
Heap after GC invocations=26 (full 6):
 PSYoungGen      total 877056K, used 0K [0x00000008d5580000, 0x000000092cf80000, 0x0000000d00000000)
  eden space 583680K, 0% used [0x00000008d5580000,0x00000008d5580000,0x00000008f8f80000)
  from space 293376K, 0% used [0x00000008f8f80000,0x00000008f8f80000,0x000000090ae00000)
  to   space 389120K, 0% used [0x0000000915380000,0x0000000915380000,0x000000092cf80000)
 ParOldGen       total 1122816K, used 1095949K [0x0000000080000000, 0x00000000c4880000, 0x00000008d5580000)
  object space 1122816K, 97% used [0x0000000080000000,0x00000000c2e43688,0x00000000c4880000)
 Metaspace       used 6574K, capacity 6856K, committed 6912K, reserved 8192K
}

