# JRE version: Java(TM) SE Runtime Environment (8.0_20-b26) (build 1.8.0_20-b26)
# Java VM: Java HotSpot(TM) 64-Bit Server VM (25.20-b23 mixed mode windows-amd64 )
Heap:
 PSYoungGen      total 1192448K, used 694105K [0x00000008d5580000, 0x0000000947480000, 0x0000000d00000000)
  eden space 669184K, 42% used [0x00000008d5580000,0x00000008e6a91608,0x00000008fe300000)
  from space 523264K, 78% used [0x00000008fe300000,0x00000009173c5038,0x000000091e200000)
  to   space 568320K, 0% used [0x0000000924980000,0x0000000924980000,0x0000000947480000)
 ParOldGen       total 1300480K, used 1088393K [0x0000000080000000, 0x00000000cf600000, 0x00000008d5580000)
  object space 1300480K, 83% used [0x0000000080000000,0x00000000c26e2678,0x00000000cf600000)
 Metaspace       used 7124K, capacity 7368K, committed 7424K, reserved 8192K
GC Heap History (10 events):
Event: 40.769 GC heap before
{Heap before GC invocations=28 (full 5):
 PSYoungGen      total 949248K, used 924522K [0x00000008d5580000, 0x000000092a200000, 0x0000000d00000000)
  eden space 636928K, 100% used [0x00000008d5580000,0x00000008fc380000,0x00000008fc380000)
  from space 312320K, 92% used [0x0000000912000000,0x00000009238da988,0x0000000925100000)
  to   space 356864K, 0% used [0x00000008fc380000,0x00000008fc380000,0x0000000912000000)
 ParOldGen       total 1300480K, used 983502K [0x0000000080000000, 0x00000000cf600000, 0x00000008d5580000)
  object space 1300480K, 75% used [0x0000000080000000,0x00000000bc073a28,0x00000000cf600000)
 Metaspace       used 6607K, capacity 6920K, committed 7168K, reserved 8192K
Event: 40.989 GC heap after
Heap after GC invocations=28 (full 5):
 PSYoungGen      total 993792K, used 194465K [0x00000008d5580000, 0x000000092c280000, 0x0000000d00000000)
  eden space 636928K, 0% used [0x00000008d5580000,0x00000008d5580000,0x00000008fc380000)
  from space 356864K, 54% used [0x00000008fc380000,0x0000000908168460,0x0000000912000000)
  to   space 357888K, 0% used [0x0000000916500000,0x0000000916500000,0x000000092c280000)
 ParOldGen       total 1300480K, used 983502K [0x0000000080000000, 0x00000000cf600000, 0x00000008d5580000)
  object space 1300480K, 75% used [0x0000000080000000,0x00000000bc073a28,0x00000000cf600000)
 Metaspace       used 6607K, capacity 6920K, committed 7168K, reserved 8192K
}
Event: 42.927 GC heap before
{Heap before GC invocations=29 (full 5):
 PSYoungGen      total 993792K, used 831393K [0x00000008d5580000, 0x000000092c280000, 0x0000000d00000000)
  eden space 636928K, 100% used [0x00000008d5580000,0x00000008fc380000,0x00000008fc380000)
  from space 356864K, 54% used [0x00000008fc380000,0x0000000908168460,0x0000000912000000)
  to   space 357888K, 0% used [0x0000000916500000,0x0000000916500000,0x000000092c280000)
 ParOldGen       total 1300480K, used 983502K [0x0000000080000000, 0x00000000cf600000, 0x00000008d5580000)
  object space 1300480K, 75% used [0x0000000080000000,0x00000000bc073a28,0x00000000cf600000)
 Metaspace       used 6609K, capacity 6920K, committed 7168K, reserved 8192K
Event: 43.240 GC heap after
Heap after GC invocations=29 (full 5):
 PSYoungGen      total 1027584K, used 296574K [0x00000008d5580000, 0x0000000930e80000, 0x0000000d00000000)
  eden space 669696K, 0% used [0x00000008d5580000,0x00000008d5580000,0x00000008fe380000)
  from space 357888K, 82% used [0x0000000916500000,0x000000092869f988,0x000000092c280000)
  to   space 394752K, 0% used [0x00000008fe380000,0x00000008fe380000,0x0000000916500000)
 ParOldGen       total 1300480K, used 983502K [0x0000000080000000, 0x00000000cf600000, 0x00000008d5580000)
  object space 1300480K, 75% used [0x0000000080000000,0x00000000bc073a28,0x00000000cf600000)
 Metaspace       used 6609K, capacity 6920K, committed 7168K, reserved 8192K
}
Event: 45.698 GC heap before
{Heap before GC invocations=30 (full 5):
 PSYoungGen      total 1027584K, used 966270K [0x00000008d5580000, 0x0000000930e80000, 0x0000000d00000000)
  eden space 669696K, 100% used [0x00000008d5580000,0x00000008fe380000,0x00000008fe380000)
  from space 357888K, 82% used [0x0000000916500000,0x000000092869f988,0x000000092c280000)
  to   space 394752K, 0% used [0x00000008fe380000,0x00000008fe380000,0x0000000916500000)
 ParOldGen       total 1300480K, used 983502K [0x0000000080000000, 0x00000000cf600000, 0x00000008d5580000)
  object space 1300480K, 75% used [0x0000000080000000,0x00000000bc073a28,0x00000000cf600000)
 Metaspace       used 6672K, capacity 6920K, committed 7168K, reserved 8192K
Event: 46.142 GC heap after
Heap after GC invocations=30 (full 5):
 PSYoungGen      total 1064448K, used 394721K [0x00000008d5580000, 0x000000093a400000, 0x0000000d00000000)
  eden space 669696K, 0% used [0x00000008d5580000,0x00000008d5580000,0x00000008fe380000)
  from space 394752K, 99% used [0x00000008fe380000,0x00000009164f86c8,0x0000000916500000)
  to   space 460800K, 0% used [0x000000091e200000,0x000000091e200000,0x000000093a400000)
 ParOldGen       total 1300480K, used 985698K [0x0000000080000000, 0x00000000cf600000, 0x00000008d5580000)
  object space 1300480K, 75% used [0x0000000080000000,0x00000000bc298940,0x00000000cf600000)
 Metaspace       used 6672K, capacity 6920K, committed 7168K, reserved 8192K
}
Event: 50.187 GC heap before
{Heap before GC invocations=31 (full 5):
 PSYoungGen      total 1064448K, used 1064417K [0x00000008d5580000, 0x000000093a400000, 0x0000000d00000000)
  eden space 669696K, 100% used [0x00000008d5580000,0x00000008fe380000,0x00000008fe380000)
  from space 394752K, 99% used [0x00000008fe380000,0x00000009164f86c8,0x0000000916500000)
  to   space 460800K, 0% used [0x000000091e200000,0x000000091e200000,0x000000093a400000)
 ParOldGen       total 1300480K, used 985698K [0x0000000080000000, 0x00000000cf600000, 0x00000008d5580000)
  object space 1300480K, 75% used [0x0000000080000000,0x00000000bc298940,0x00000000cf600000)
 Metaspace       used 6981K, capacity 7240K, committed 7424K, reserved 8192K
Event: 50.702 GC heap after
Heap after GC invocations=31 (full 5):
 PSYoungGen      total 1129984K, used 423251K [0x00000008d5580000, 0x0000000941d00000, 0x0000000d00000000)
  eden space 669184K, 0% used [0x00000008d5580000,0x00000008d5580000,0x00000008fe300000)
  from space 460800K, 91% used [0x000000091e200000,0x0000000937f54d20,0x000000093a400000)
  to   space 523264K, 0% used [0x00000008fe300000,0x00000008fe300000,0x000000091e200000)
 ParOldGen       total 1300480K, used 1088385K [0x0000000080000000, 0x00000000cf600000, 0x00000008d5580000)
  object space 1300480K, 83% used [0x0000000080000000,0x00000000c26e0678,0x00000000cf600000)
 Metaspace       used 6981K, capacity 7240K, committed 7424K, reserved 8192K
}
Event: 53.779 GC heap before
{Heap before GC invocations=32 (full 5):
 PSYoungGen      total 1129984K, used 1092435K [0x00000008d5580000, 0x0000000941d00000, 0x0000000d00000000)
  eden space 669184K, 100% used [0x00000008d5580000,0x00000008fe300000,0x00000008fe300000)
  from space 460800K, 91% used [0x000000091e200000,0x0000000937f54d20,0x000000093a400000)
  to   space 523264K, 0% used [0x00000008fe300000,0x00000008fe300000,0x000000091e200000)
 ParOldGen       total 1300480K, used 1088385K [0x0000000080000000, 0x00000000cf600000, 0x00000008d5580000)
  object space 1300480K, 83% used [0x0000000080000000,0x00000000c26e0678,0x00000000cf600000)
 Metaspace       used 7072K, capacity 7304K, committed 7424K, reserved 8192K
Event: 54.196 GC heap after
Heap after GC invocations=32 (full 5):
 PSYoungGen      total 1192448K, used 410388K [0x00000008d5580000, 0x0000000947480000, 0x0000000d00000000)
  eden space 669184K, 0% used [0x00000008d5580000,0x00000008d5580000,0x00000008fe300000)
  from space 523264K, 78% used [0x00000008fe300000,0x00000009173c5038,0x000000091e200000)
  to   space 568320K, 0% used [0x0000000924980000,0x0000000924980000,0x0000000947480000)
 ParOldGen       total 1300480K, used 1088393K [0x0000000080000000, 0x00000000cf600000, 0x00000008d5580000)
  object space 1300480K, 83% used [0x0000000080000000,0x00000000c26e2678,0x00000000cf600000)
 Metaspace       used 7072K, capacity 7304K, committed 7424K, reserved 8192K
}

