# JRE version: Java(TM) SE Runtime Environment (8.0_20-b26) (build 1.8.0_20-b26)
# Java VM: Java HotSpot(TM) 64-Bit Server VM (25.20-b23 mixed mode windows-amd64 )
Heap:
 PSYoungGen      total 1026048K, used 767435K [0x00000008d5580000, 0x000000092af80000, 0x0000000d00000000)
  eden space 728064K, 72% used [0x00000008d5580000,0x00000008f5946590,0x0000000901c80000)
  from space 297984K, 80% used [0x0000000915c00000,0x00000009245ac790,0x0000000927f00000)
  to   space 327168K, 0% used [0x0000000901c80000,0x0000000901c80000,0x0000000915c00000)
 ParOldGen       total 910336K, used 701031K [0x0000000080000000, 0x00000000b7900000, 0x00000008d5580000)
  object space 910336K, 77% used [0x0000000080000000,0x00000000aac99ee8,0x00000000b7900000)
 Metaspace       used 6595K, capacity 6920K, committed 7168K, reserved 8192K
GC Heap History (10 events):
Event: 24.001 GC heap before
{Heap before GC invocations=18 (full 3):
 PSYoungGen      total 753664K, used 675855K [0x00000008d5580000, 0x0000000910600000, 0x0000000d00000000)
  eden space 577024K, 100% used [0x00000008d5580000,0x00000008f8900000,0x00000008f8900000)
  from space 176640K, 55% used [0x0000000903f00000,0x0000000909f83d40,0x000000090eb80000)
  to   space 186368K, 0% used [0x00000008f8900000,0x00000008f8900000,0x0000000903f00000)
 ParOldGen       total 611840K, used 381833K [0x0000000080000000, 0x00000000a5580000, 0x00000008d5580000)
  object space 611840K, 62% used [0x0000000080000000,0x00000000974e27c0,0x00000000a5580000)
 Metaspace       used 6579K, capacity 6920K, committed 7168K, reserved 8192K
Event: 24.347 GC heap after
Heap after GC invocations=18 (full 3):
 PSYoungGen      total 763392K, used 186355K [0x00000008d5580000, 0x0000000919b00000, 0x0000000d00000000)
  eden space 577024K, 0% used [0x00000008d5580000,0x00000008d5580000,0x00000008f8900000)
  from space 186368K, 99% used [0x00000008f8900000,0x0000000903efccf0,0x0000000903f00000)
  to   space 218624K, 0% used [0x000000090c580000,0x000000090c580000,0x0000000919b00000)
 ParOldGen       total 611840K, used 383173K [0x0000000080000000, 0x00000000a5580000, 0x00000008d5580000)
  object space 611840K, 62% used [0x0000000080000000,0x0000000097631790,0x00000000a5580000)
 Metaspace       used 6579K, capacity 6920K, committed 7168K, reserved 8192K
}
Event: 26.262 GC heap before
{Heap before GC invocations=19 (full 3):
 PSYoungGen      total 763392K, used 763379K [0x00000008d5580000, 0x0000000919b00000, 0x0000000d00000000)
  eden space 577024K, 100% used [0x00000008d5580000,0x00000008f8900000,0x00000008f8900000)
  from space 186368K, 99% used [0x00000008f8900000,0x0000000903efccf0,0x0000000903f00000)
  to   space 218624K, 0% used [0x000000090c580000,0x000000090c580000,0x0000000919b00000)
 ParOldGen       total 611840K, used 383173K [0x0000000080000000, 0x00000000a5580000, 0x00000008d5580000)
  object space 611840K, 62% used [0x0000000080000000,0x0000000097631790,0x00000000a5580000)
 Metaspace       used 6581K, capacity 6920K, committed 7168K, reserved 8192K
Event: 26.708 GC heap after
Heap after GC invocations=19 (full 3):
 PSYoungGen      total 877568K, used 180800K [0x00000008d5580000, 0x000000091d880000, 0x0000000d00000000)
  eden space 658944K, 0% used [0x00000008d5580000,0x00000008d5580000,0x00000008fd900000)
  from space 218624K, 82% used [0x000000090c580000,0x0000000917610090,0x0000000919b00000)
  to   space 242176K, 0% used [0x00000008fd900000,0x00000008fd900000,0x000000090c580000)
 ParOldGen       total 611840K, used 481373K [0x0000000080000000, 0x00000000a5580000, 0x00000008d5580000)
  object space 611840K, 78% used [0x0000000080000000,0x000000009d617660,0x00000000a5580000)
 Metaspace       used 6581K, capacity 6920K, committed 7168K, reserved 8192K
}
Event: 29.117 GC heap before
{Heap before GC invocations=20 (full 3):
 PSYoungGen      total 877568K, used 839744K [0x00000008d5580000, 0x000000091d880000, 0x0000000d00000000)
  eden space 658944K, 100% used [0x00000008d5580000,0x00000008fd900000,0x00000008fd900000)
  from space 218624K, 82% used [0x000000090c580000,0x0000000917610090,0x0000000919b00000)
  to   space 242176K, 0% used [0x00000008fd900000,0x00000008fd900000,0x000000090c580000)
 ParOldGen       total 611840K, used 481373K [0x0000000080000000, 0x00000000a5580000, 0x00000008d5580000)
  object space 611840K, 78% used [0x0000000080000000,0x000000009d617660,0x00000000a5580000)
 Metaspace       used 6593K, capacity 6920K, committed 7168K, reserved 8192K
Event: 29.613 GC heap after
Heap after GC invocations=20 (full 3):
 PSYoungGen      total 901120K, used 242164K [0x00000008d5580000, 0x0000000927f00000, 0x0000000d00000000)
  eden space 658944K, 0% used [0x00000008d5580000,0x00000008d5580000,0x00000008fd900000)
  from space 242176K, 99% used [0x00000008fd900000,0x000000090c57d008,0x000000090c580000)
  to   space 297984K, 0% used [0x0000000915c00000,0x0000000915c00000,0x0000000927f00000)
 ParOldGen       total 611840K, used 520831K [0x0000000080000000, 0x00000000a5580000, 0x00000008d5580000)
  object space 611840K, 85% used [0x0000000080000000,0x000000009fc9fc58,0x00000000a5580000)
 Metaspace       used 6593K, capacity 6920K, committed 7168K, reserved 8192K
}
Event: 29.613 GC heap before
{Heap before GC invocations=21 (full 4):
 PSYoungGen      total 901120K, used 242164K [0x00000008d5580000, 0x0000000927f00000, 0x0000000d00000000)
  eden space 658944K, 0% used [0x00000008d5580000,0x00000008d5580000,0x00000008fd900000)
  from space 242176K, 99% used [0x00000008fd900000,0x000000090c57d008,0x000000090c580000)
  to   space 297984K, 0% used [0x0000000915c00000,0x0000000915c00000,0x0000000927f00000)
 ParOldGen       total 611840K, used 520831K [0x0000000080000000, 0x00000000a5580000, 0x00000008d5580000)
  object space 611840K, 85% used [0x0000000080000000,0x000000009fc9fc58,0x00000000a5580000)
 Metaspace       used 6593K, capacity 6920K, committed 7168K, reserved 8192K
Event: 33.125 GC heap after
Heap after GC invocations=21 (full 4):
 PSYoungGen      total 901120K, used 146771K [0x00000008d5580000, 0x0000000927f00000, 0x0000000d00000000)
  eden space 658944K, 0% used [0x00000008d5580000,0x00000008d5580000,0x00000008fd900000)
  from space 242176K, 60% used [0x00000008fd900000,0x0000000906854f28,0x000000090c580000)
  to   space 297984K, 0% used [0x0000000915c00000,0x0000000915c00000,0x0000000927f00000)
 ParOldGen       total 910336K, used 611542K [0x0000000080000000, 0x00000000b7900000, 0x00000008d5580000)
  object space 910336K, 67% used [0x0000000080000000,0x00000000a5535ab8,0x00000000b7900000)
 Metaspace       used 6593K, capacity 6920K, committed 7168K, reserved 8192K
}
Event: 36.140 GC heap before
{Heap before GC invocations=22 (full 4):
 PSYoungGen      total 901120K, used 805715K [0x00000008d5580000, 0x0000000927f00000, 0x0000000d00000000)
  eden space 658944K, 100% used [0x00000008d5580000,0x00000008fd900000,0x00000008fd900000)
  from space 242176K, 60% used [0x00000008fd900000,0x0000000906854f28,0x000000090c580000)
  to   space 297984K, 0% used [0x0000000915c00000,0x0000000915c00000,0x0000000927f00000)
 ParOldGen       total 910336K, used 611542K [0x0000000080000000, 0x00000000b7900000, 0x00000008d5580000)
  object space 910336K, 67% used [0x0000000080000000,0x00000000a5535ab8,0x00000000b7900000)
 Metaspace       used 6595K, capacity 6920K, committed 7168K, reserved 8192K
Event: 36.900 GC heap after
Heap after GC invocations=22 (full 4):
 PSYoungGen      total 1026048K, used 239281K [0x00000008d5580000, 0x000000092af80000, 0x0000000d00000000)
  eden space 728064K, 0% used [0x00000008d5580000,0x00000008d5580000,0x0000000901c80000)
  from space 297984K, 80% used [0x0000000915c00000,0x00000009245ac790,0x0000000927f00000)
  to   space 327168K, 0% used [0x0000000901c80000,0x0000000901c80000,0x0000000915c00000)
 ParOldGen       total 910336K, used 701031K [0x0000000080000000, 0x00000000b7900000, 0x00000008d5580000)
  object space 910336K, 77% used [0x0000000080000000,0x00000000aac99ee8,0x00000000b7900000)
 Metaspace       used 6595K, capacity 6920K, committed 7168K, reserved 8192K
}

