# JRE version: Java(TM) SE Runtime Environment (8.0_20-b26) (build 1.8.0_20-b26)
# Java VM: Java HotSpot(TM) 64-Bit Server VM (25.20-b23 mixed mode windows-amd64 )
Heap:
 PSYoungGen      total 1333760K, used 716255K [0x00000008d5580000, 0x0000000948980000, 0x0000000d00000000)
  eden space 971264K, 36% used [0x00000008d5580000,0x00000008eaefeca0,0x0000000910a00000)
  from space 362496K, 99% used [0x0000000910a00000,0x0000000926bf91c8,0x0000000926c00000)
  to   space 395776K, 0% used [0x0000000930700000,0x0000000930700000,0x0000000948980000)
 ParOldGen       total 1311232K, used 1013195K [0x0000000080000000, 0x00000000d0080000, 0x00000008d5580000)
  object space 1311232K, 77% used [0x0000000080000000,0x00000000bdd72cb0,0x00000000d0080000)
 Metaspace       used 7452K, capacity 7512K, committed 7680K, reserved 8192K
GC Heap History (10 events):
Event: 30.731 GC heap before
{Heap before GC invocations=22 (full 4):
 PSYoungGen      total 1168896K, used 1168876K [0x00000008d5580000, 0x000000093f280000, 0x0000000d00000000)
  eden space 845824K, 100% used [0x00000008d5580000,0x0000000908f80000,0x0000000908f80000)
  from space 323072K, 99% used [0x0000000908f80000,0x000000091cafb110,0x000000091cb00000)
  to   space 385024K, 0% used [0x0000000927a80000,0x0000000927a80000,0x000000093f280000)
 ParOldGen       total 797184K, used 644512K [0x0000000080000000, 0x00000000b0a80000, 0x00000008d5580000)
  object space 797184K, 80% used [0x0000000080000000,0x00000000a7568248,0x00000000b0a80000)
 Metaspace       used 6593K, capacity 6920K, committed 7168K, reserved 8192K
Event: 31.250 GC heap after
Heap after GC invocations=22 (full 4):
 PSYoungGen      total 1318912K, used 146058K [0x00000008d5580000, 0x000000093ce00000, 0x0000000d00000000)
  eden space 971264K, 0% used [0x00000008d5580000,0x00000008d5580000,0x0000000910a00000)
  from space 347648K, 42% used [0x0000000927a80000,0x0000000930922908,0x000000093ce00000)
  to   space 362496K, 0% used [0x0000000910a00000,0x0000000910a00000,0x0000000926c00000)
 ParOldGen       total 885760K, used 885254K [0x0000000080000000, 0x00000000b6100000, 0x00000008d5580000)
  object space 885760K, 99% used [0x0000000080000000,0x00000000b60819b0,0x00000000b6100000)
 Metaspace       used 6593K, capacity 6920K, committed 7168K, reserved 8192K
}
Event: 31.250 GC heap before
{Heap before GC invocations=23 (full 5):
 PSYoungGen      total 1318912K, used 146058K [0x00000008d5580000, 0x000000093ce00000, 0x0000000d00000000)
  eden space 971264K, 0% used [0x00000008d5580000,0x00000008d5580000,0x0000000910a00000)
  from space 347648K, 42% used [0x0000000927a80000,0x0000000930922908,0x000000093ce00000)
  to   space 362496K, 0% used [0x0000000910a00000,0x0000000910a00000,0x0000000926c00000)
 ParOldGen       total 885760K, used 885254K [0x0000000080000000, 0x00000000b6100000, 0x00000008d5580000)
  object space 885760K, 99% used [0x0000000080000000,0x00000000b60819b0,0x00000000b6100000)
 Metaspace       used 6593K, capacity 6920K, committed 7168K, reserved 8192K
Event: 35.442 GC heap after
Heap after GC invocations=23 (full 5):
 PSYoungGen      total 1318912K, used 133966K [0x00000008d5580000, 0x000000093ce00000, 0x0000000d00000000)
  eden space 971264K, 0% used [0x00000008d5580000,0x00000008d5580000,0x0000000910a00000)
  from space 347648K, 38% used [0x0000000927a80000,0x000000092fd53920,0x000000093ce00000)
  to   space 362496K, 0% used [0x0000000910a00000,0x0000000910a00000,0x0000000926c00000)
 ParOldGen       total 1311232K, used 885605K [0x0000000080000000, 0x00000000d0080000, 0x00000008d5580000)
  object space 1311232K, 67% used [0x0000000080000000,0x00000000b60d94c8,0x00000000d0080000)
 Metaspace       used 6593K, capacity 6920K, committed 7168K, reserved 8192K
}
Event: 37.055 GC heap before
{Heap before GC invocations=24 (full 5):
 PSYoungGen      total 1318912K, used 1105230K [0x00000008d5580000, 0x000000093ce00000, 0x0000000d00000000)
  eden space 971264K, 100% used [0x00000008d5580000,0x0000000910a00000,0x0000000910a00000)
  from space 347648K, 38% used [0x0000000927a80000,0x000000092fd53920,0x000000093ce00000)
  to   space 362496K, 0% used [0x0000000910a00000,0x0000000910a00000,0x0000000926c00000)
 ParOldGen       total 1311232K, used 885605K [0x0000000080000000, 0x00000000d0080000, 0x00000008d5580000)
  object space 1311232K, 67% used [0x0000000080000000,0x00000000b60d94c8,0x00000000d0080000)
 Metaspace       used 6594K, capacity 6920K, committed 7168K, reserved 8192K
Event: 37.433 GC heap after
Heap after GC invocations=24 (full 5):
 PSYoungGen      total 1333760K, used 290455K [0x00000008d5580000, 0x0000000948980000, 0x0000000d00000000)
  eden space 971264K, 0% used [0x00000008d5580000,0x00000008d5580000,0x0000000910a00000)
  from space 362496K, 80% used [0x0000000910a00000,0x00000009225a5de8,0x0000000926c00000)
  to   space 395776K, 0% used [0x0000000930700000,0x0000000930700000,0x0000000948980000)
 ParOldGen       total 1311232K, used 885605K [0x0000000080000000, 0x00000000d0080000, 0x00000008d5580000)
  object space 1311232K, 67% used [0x0000000080000000,0x00000000b60d94c8,0x00000000d0080000)
 Metaspace       used 6594K, capacity 6920K, committed 7168K, reserved 8192K
}
Event: 39.325 GC heap before
{Heap before GC invocations=25 (full 5):
 PSYoungGen      total 1333760K, used 1261719K [0x00000008d5580000, 0x0000000948980000, 0x0000000d00000000)
  eden space 971264K, 100% used [0x00000008d5580000,0x0000000910a00000,0x0000000910a00000)
  from space 362496K, 80% used [0x0000000910a00000,0x00000009225a5de8,0x0000000926c00000)
  to   space 395776K, 0% used [0x0000000930700000,0x0000000930700000,0x0000000948980000)
 ParOldGen       total 1311232K, used 885605K [0x0000000080000000, 0x00000000d0080000, 0x00000008d5580000)
  object space 1311232K, 67% used [0x0000000080000000,0x00000000b60d94c8,0x00000000d0080000)
 Metaspace       used 6701K, capacity 6984K, committed 7168K, reserved 8192K
Event: 39.825 GC heap after
Heap after GC invocations=25 (full 5):
 PSYoungGen      total 1367040K, used 395746K [0x00000008d5580000, 0x0000000948980000, 0x0000000d00000000)
  eden space 971264K, 0% used [0x00000008d5580000,0x00000008d5580000,0x0000000910a00000)
  from space 395776K, 99% used [0x0000000930700000,0x0000000948978860,0x0000000948980000)
  to   space 362496K, 0% used [0x0000000910a00000,0x0000000910a00000,0x0000000926c00000)
 ParOldGen       total 1311232K, used 933091K [0x0000000080000000, 0x00000000d0080000, 0x00000008d5580000)
  object space 1311232K, 71% used [0x0000000080000000,0x00000000b8f38ff0,0x00000000d0080000)
 Metaspace       used 6701K, capacity 6984K, committed 7168K, reserved 8192K
}
Event: 45.448 GC heap before
{Heap before GC invocations=26 (full 5):
 PSYoungGen      total 1367040K, used 1367010K [0x00000008d5580000, 0x0000000948980000, 0x0000000d00000000)
  eden space 971264K, 100% used [0x00000008d5580000,0x0000000910a00000,0x0000000910a00000)
  from space 395776K, 99% used [0x0000000930700000,0x0000000948978860,0x0000000948980000)
  to   space 362496K, 0% used [0x0000000910a00000,0x0000000910a00000,0x0000000926c00000)
 ParOldGen       total 1311232K, used 933091K [0x0000000080000000, 0x00000000d0080000, 0x00000008d5580000)
  object space 1311232K, 71% used [0x0000000080000000,0x00000000b8f38ff0,0x00000000d0080000)
 Metaspace       used 7069K, capacity 7304K, committed 7424K, reserved 8192K
Event: 46.133 GC heap after
Heap after GC invocations=26 (full 5):
 PSYoungGen      total 1333760K, used 362468K [0x00000008d5580000, 0x0000000948980000, 0x0000000d00000000)
  eden space 971264K, 0% used [0x00000008d5580000,0x00000008d5580000,0x0000000910a00000)
  from space 362496K, 99% used [0x0000000910a00000,0x0000000926bf91c8,0x0000000926c00000)
  to   space 395776K, 0% used [0x0000000930700000,0x0000000930700000,0x0000000948980000)
 ParOldGen       total 1311232K, used 1013195K [0x0000000080000000, 0x00000000d0080000, 0x00000008d5580000)
  object space 1311232K, 77% used [0x0000000080000000,0x00000000bdd72cb0,0x00000000d0080000)
 Metaspace       used 7069K, capacity 7304K, committed 7424K, reserved 8192K
}

