# JRE version: OpenJDK Runtime Environment (8.0_112-b06) (build 1.8.0_112-release-b06)
# Java VM: OpenJDK 64-Bit Server VM (25.112-b06 mixed mode windows-amd64 )
Heap:
 PSYoungGen      total 138240K, used 42600K [0x00000008d5580000, 0x00000008de180000, 0x0000000d00000000)
  eden space 133120K, 28% used [0x00000008d5580000,0x00000008d7a1c7b8,0x00000008dd780000)
  from space 5120K, 99% used [0x00000008ddc80000,0x00000008de17d950,0x00000008de180000)
  to   space 5120K, 0% used [0x00000008dd780000,0x00000008dd780000,0x00000008ddc80000)
 ParOldGen       total 87552K, used 28625K [0x0000000080000000, 0x0000000085580000, 0x00000008d5580000)
  object space 87552K, 32% used [0x0000000080000000,0x0000000081bf45a8,0x0000000085580000)
 Metaspace       used 6264K, capacity 6728K, committed 6912K, reserved 8192K
GC Heap History (8 events):
Event: 1.076 GC heap before
{Heap before GC invocations=1 (full 0):
 PSYoungGen      total 38400K, used 33280K [0x00000008d5580000, 0x00000008d8000000, 0x0000000d00000000)
  eden space 33280K, 100% used [0x00000008d5580000,0x00000008d7600000,0x00000008d7600000)
  from space 5120K, 0% used [0x00000008d7b00000,0x00000008d7b00000,0x00000008d8000000)
  to   space 5120K, 0% used [0x00000008d7600000,0x00000008d7600000,0x00000008d7b00000)
 ParOldGen       total 87552K, used 0K [0x0000000080000000, 0x0000000085580000, 0x00000008d5580000)
  object space 87552K, 0% used [0x0000000080000000,0x0000000080000000,0x0000000085580000)
 Metaspace       used 5810K, capacity 6344K, committed 6400K, reserved 8192K
Event: 1.132 GC heap after
Heap after GC invocations=1 (full 0):
 PSYoungGen      total 38400K, used 5088K [0x00000008d5580000, 0x00000008da080000, 0x0000000d00000000)
  eden space 33280K, 0% used [0x00000008d5580000,0x00000008d5580000,0x00000008d7600000)
  from space 5120K, 99% used [0x00000008d7600000,0x00000008d7af8090,0x00000008d7b00000)
  to   space 5120K, 0% used [0x00000008d9b80000,0x00000008d9b80000,0x00000008da080000)
 ParOldGen       total 87552K, used 1207K [0x0000000080000000, 0x0000000085580000, 0x00000008d5580000)
  object space 87552K, 1% used [0x0000000080000000,0x000000008012dd08,0x0000000085580000)
 Metaspace       used 5810K, capacity 6344K, committed 6400K, reserved 8192K
}
Event: 1.648 GC heap before
{Heap before GC invocations=2 (full 0):
 PSYoungGen      total 38400K, used 38368K [0x00000008d5580000, 0x00000008da080000, 0x0000000d00000000)
  eden space 33280K, 100% used [0x00000008d5580000,0x00000008d7600000,0x00000008d7600000)
  from space 5120K, 99% used [0x00000008d7600000,0x00000008d7af8090,0x00000008d7b00000)
  to   space 5120K, 0% used [0x00000008d9b80000,0x00000008d9b80000,0x00000008da080000)
 ParOldGen       total 87552K, used 1207K [0x0000000080000000, 0x0000000085580000, 0x00000008d5580000)
  object space 87552K, 1% used [0x0000000080000000,0x000000008012dd08,0x0000000085580000)
 Metaspace       used 6045K, capacity 6600K, committed 6656K, reserved 8192K
Event: 1.669 GC heap after
Heap after GC invocations=2 (full 0):
 PSYoungGen      total 71680K, used 5095K [0x00000008d5580000, 0x00000008da080000, 0x0000000d00000000)
  eden space 66560K, 0% used [0x00000008d5580000,0x00000008d5580000,0x00000008d9680000)
  from space 5120K, 99% used [0x00000008d9b80000,0x00000008da079c70,0x00000008da080000)
  to   space 5120K, 0% used [0x00000008d9680000,0x00000008d9680000,0x00000008d9b80000)
 ParOldGen       total 87552K, used 5911K [0x0000000080000000, 0x0000000085580000, 0x00000008d5580000)
  object space 87552K, 6% used [0x0000000080000000,0x00000000805c5e48,0x0000000085580000)
 Metaspace       used 6045K, capacity 6600K, committed 6656K, reserved 8192K
}
Event: 2.394 GC heap before
{Heap before GC invocations=3 (full 0):
 PSYoungGen      total 71680K, used 71655K [0x00000008d5580000, 0x00000008da080000, 0x0000000d00000000)
  eden space 66560K, 100% used [0x00000008d5580000,0x00000008d9680000,0x00000008d9680000)
  from space 5120K, 99% used [0x00000008d9b80000,0x00000008da079c70,0x00000008da080000)
  to   space 5120K, 0% used [0x00000008d9680000,0x00000008d9680000,0x00000008d9b80000)
 ParOldGen       total 87552K, used 5911K [0x0000000080000000, 0x0000000085580000, 0x00000008d5580000)
  object space 87552K, 6% used [0x0000000080000000,0x00000000805c5e48,0x0000000085580000)
 Metaspace       used 6193K, capacity 6664K, committed 6912K, reserved 8192K
Event: 2.419 GC heap after
Heap after GC invocations=3 (full 0):
 PSYoungGen      total 71680K, used 5104K [0x00000008d5580000, 0x00000008de180000, 0x0000000d00000000)
  eden space 66560K, 0% used [0x00000008d5580000,0x00000008d5580000,0x00000008d9680000)
  from space 5120K, 99% used [0x00000008d9680000,0x00000008d9b7c030,0x00000008d9b80000)
  to   space 5120K, 0% used [0x00000008ddc80000,0x00000008ddc80000,0x00000008de180000)
 ParOldGen       total 87552K, used 15330K [0x0000000080000000, 0x0000000085580000, 0x00000008d5580000)
  object space 87552K, 17% used [0x0000000080000000,0x0000000080ef8a60,0x0000000085580000)
 Metaspace       used 6193K, capacity 6664K, committed 6912K, reserved 8192K
}
Event: 2.867 GC heap before
{Heap before GC invocations=4 (full 0):
 PSYoungGen      total 71680K, used 71664K [0x00000008d5580000, 0x00000008de180000, 0x0000000d00000000)
  eden space 66560K, 100% used [0x00000008d5580000,0x00000008d9680000,0x00000008d9680000)
  from space 5120K, 99% used [0x00000008d9680000,0x00000008d9b7c030,0x00000008d9b80000)
  to   space 5120K, 0% used [0x00000008ddc80000,0x00000008ddc80000,0x00000008de180000)
 ParOldGen       total 87552K, used 15330K [0x0000000080000000, 0x0000000085580000, 0x00000008d5580000)
  object space 87552K, 17% used [0x0000000080000000,0x0000000080ef8a60,0x0000000085580000)
 Metaspace       used 6240K, capacity 6728K, committed 6912K, reserved 8192K
Event: 2.900 GC heap after
Heap after GC invocations=4 (full 0):
 PSYoungGen      total 138240K, used 5110K [0x00000008d5580000, 0x00000008de180000, 0x0000000d00000000)
  eden space 133120K, 0% used [0x00000008d5580000,0x00000008d5580000,0x00000008dd780000)
  from space 5120K, 99% used [0x00000008ddc80000,0x00000008de17d950,0x00000008de180000)
  to   space 5120K, 0% used [0x00000008dd780000,0x00000008dd780000,0x00000008ddc80000)
 ParOldGen       total 87552K, used 28625K [0x0000000080000000, 0x0000000085580000, 0x00000008d5580000)
  object space 87552K, 32% used [0x0000000080000000,0x0000000081bf45a8,0x0000000085580000)
 Metaspace       used 6240K, capacity 6728K, committed 6912K, reserved 8192K
}

