# JRE version: Java(TM) SE Runtime Environment (8.0_20-b26) (build 1.8.0_20-b26)
# Java VM: Java HotSpot(TM) 64-Bit Server VM (25.20-b23 mixed mode windows-amd64 )
Heap:
 PSYoungGen      total 977408K, used 695296K [0x00000008d5580000, 0x0000000935280000, 0x0000000d00000000)
  eden space 695296K, 100% used [0x00000008d5580000,0x00000008ffc80000,0x00000008ffc80000)
  from space 282112K, 0% used [0x0000000917280000,0x0000000917280000,0x0000000928600000)
  to   space 382976K, 0% used [0x00000008ffc80000,0x00000008ffc80000,0x0000000917280000)
 ParOldGen       total 909824K, used 909727K [0x0000000080000000, 0x00000000b7880000, 0x00000008d5580000)
  object space 909824K, 99% used [0x0000000080000000,0x00000000b7867cf8,0x00000000b7880000)
 Metaspace       used 6599K, capacity 6920K, committed 7168K, reserved 8192K
GC Heap History (10 events):
Event: 24.868 GC heap before
{Heap before GC invocations=21 (full 4):
 PSYoungGen      total 932352K, used 786091K [0x00000008d5580000, 0x0000000923b00000, 0x0000000d00000000)
  eden space 695808K, 100% used [0x00000008d5580000,0x00000008ffd00000,0x00000008ffd00000)
  from space 236544K, 38% used [0x000000090fd00000,0x000000091552aca8,0x000000091e400000)
  to   space 262144K, 0% used [0x00000008ffd00000,0x00000008ffd00000,0x000000090fd00000)
 ParOldGen       total 890880K, used 604357K [0x0000000080000000, 0x00000000b6600000, 0x00000008d5580000)
  object space 890880K, 67% used [0x0000000080000000,0x00000000a4e31638,0x00000000b6600000)
 Metaspace       used 6598K, capacity 6920K, committed 7168K, reserved 8192K
Event: 25.168 GC heap after
Heap after GC invocations=21 (full 4):
 PSYoungGen      total 957952K, used 195631K [0x00000008d5580000, 0x0000000928600000, 0x0000000d00000000)
  eden space 695808K, 0% used [0x00000008d5580000,0x00000008d5580000,0x00000008ffd00000)
  from space 262144K, 74% used [0x00000008ffd00000,0x000000090bc0bc08,0x000000090fd00000)
  to   space 282112K, 0% used [0x0000000917280000,0x0000000917280000,0x0000000928600000)
 ParOldGen       total 890880K, used 604357K [0x0000000080000000, 0x00000000b6600000, 0x00000008d5580000)
  object space 890880K, 67% used [0x0000000080000000,0x00000000a4e31638,0x00000000b6600000)
 Metaspace       used 6598K, capacity 6920K, committed 7168K, reserved 8192K
}
Event: 27.117 GC heap before
{Heap before GC invocations=22 (full 4):
 PSYoungGen      total 957952K, used 891439K [0x00000008d5580000, 0x0000000928600000, 0x0000000d00000000)
  eden space 695808K, 100% used [0x00000008d5580000,0x00000008ffd00000,0x00000008ffd00000)
  from space 262144K, 74% used [0x00000008ffd00000,0x000000090bc0bc08,0x000000090fd00000)
  to   space 282112K, 0% used [0x0000000917280000,0x0000000917280000,0x0000000928600000)
 ParOldGen       total 890880K, used 604357K [0x0000000080000000, 0x00000000b6600000, 0x00000008d5580000)
  object space 890880K, 67% used [0x0000000080000000,0x00000000a4e31638,0x00000000b6600000)
 Metaspace       used 6598K, capacity 6920K, committed 7168K, reserved 8192K
Event: 27.640 GC heap after
Heap after GC invocations=22 (full 4):
 PSYoungGen      total 977408K, used 282104K [0x00000008d5580000, 0x0000000935280000, 0x0000000d00000000)
  eden space 695296K, 0% used [0x00000008d5580000,0x00000008d5580000,0x00000008ffc80000)
  from space 282112K, 99% used [0x0000000917280000,0x00000009285fe3f8,0x0000000928600000)
  to   space 382976K, 0% used [0x00000008ffc80000,0x00000008ffc80000,0x0000000917280000)
 ParOldGen       total 890880K, used 749083K [0x0000000080000000, 0x00000000b6600000, 0x00000008d5580000)
  object space 890880K, 84% used [0x0000000080000000,0x00000000adb86f50,0x00000000b6600000)
 Metaspace       used 6598K, capacity 6920K, committed 7168K, reserved 8192K
}
Event: 28.921 GC heap before
{Heap before GC invocations=23 (full 4):
 PSYoungGen      total 977408K, used 977400K [0x00000008d5580000, 0x0000000935280000, 0x0000000d00000000)
  eden space 695296K, 100% used [0x00000008d5580000,0x00000008ffc80000,0x00000008ffc80000)
  from space 282112K, 99% used [0x0000000917280000,0x00000009285fe3f8,0x0000000928600000)
  to   space 382976K, 0% used [0x00000008ffc80000,0x00000008ffc80000,0x0000000917280000)
 ParOldGen       total 890880K, used 749083K [0x0000000080000000, 0x00000000b6600000, 0x00000008d5580000)
  object space 890880K, 84% used [0x0000000080000000,0x00000000adb86f50,0x00000000b6600000)
 Metaspace       used 6598K, capacity 6920K, committed 7168K, reserved 8192K
Event: 29.540 GC heap after
Heap after GC invocations=23 (full 4):
 PSYoungGen      total 977408K, used 977400K [0x00000008d5580000, 0x0000000935280000, 0x0000000d00000000)
  eden space 695296K, 100% used [0x00000008d5580000,0x00000008ffc80000,0x00000008ffc80000)
  from space 282112K, 99% used [0x0000000917280000,0x00000009285fe3f8,0x0000000928600000)
  to   space 382976K, 99% used [0x00000008ffc80000,0x000000091727f180,0x0000000917280000)
 ParOldGen       total 909824K, used 909821K [0x0000000080000000, 0x00000000b7880000, 0x00000008d5580000)
  object space 909824K, 99% used [0x0000000080000000,0x00000000b787f430,0x00000000b7880000)
 Metaspace       used 6598K, capacity 6920K, committed 7168K, reserved 8192K
}
Event: 29.540 GC heap before
{Heap before GC invocations=24 (full 5):
 PSYoungGen      total 977408K, used 977400K [0x00000008d5580000, 0x0000000935280000, 0x0000000d00000000)
  eden space 695296K, 100% used [0x00000008d5580000,0x00000008ffc80000,0x00000008ffc80000)
  from space 282112K, 99% used [0x0000000917280000,0x00000009285fe3f8,0x0000000928600000)
  to   space 382976K, 99% used [0x00000008ffc80000,0x000000091727f180,0x0000000917280000)
 ParOldGen       total 909824K, used 909821K [0x0000000080000000, 0x00000000b7880000, 0x00000008d5580000)
  object space 909824K, 99% used [0x0000000080000000,0x00000000b787f430,0x00000000b7880000)
 Metaspace       used 6598K, capacity 6920K, committed 7168K, reserved 8192K
Event: 33.222 GC heap after
Heap after GC invocations=24 (full 5):
 PSYoungGen      total 977408K, used 0K [0x00000008d5580000, 0x0000000935280000, 0x0000000d00000000)
  eden space 695296K, 0% used [0x00000008d5580000,0x00000008d5580000,0x00000008ffc80000)
  from space 282112K, 0% used [0x0000000917280000,0x0000000917280000,0x0000000928600000)
  to   space 382976K, 46% used [0x00000008ffc80000,0x000000090a89b710,0x0000000917280000)
 ParOldGen       total 909824K, used 909722K [0x0000000080000000, 0x00000000b7880000, 0x00000008d5580000)
  object space 909824K, 99% used [0x0000000080000000,0x00000000b7866bf0,0x00000000b7880000)
 Metaspace       used 6598K, capacity 6920K, committed 7168K, reserved 8192K
}
Event: 34.449 GC heap before
{Heap before GC invocations=25 (full 6):
 PSYoungGen      total 977408K, used 695296K [0x00000008d5580000, 0x0000000935280000, 0x0000000d00000000)
  eden space 695296K, 100% used [0x00000008d5580000,0x00000008ffc80000,0x00000008ffc80000)
  from space 282112K, 0% used [0x0000000917280000,0x0000000917280000,0x0000000928600000)
  to   space 382976K, 46% used [0x00000008ffc80000,0x000000090a89b710,0x0000000917280000)
 ParOldGen       total 909824K, used 909722K [0x0000000080000000, 0x00000000b7880000, 0x00000008d5580000)
  object space 909824K, 99% used [0x0000000080000000,0x00000000b7866bf0,0x00000000b7880000)
 Metaspace       used 6598K, capacity 6920K, committed 7168K, reserved 8192K
Event: 37.728 GC heap after
Heap after GC invocations=25 (full 6):
 PSYoungGen      total 977408K, used 106062K [0x00000008d5580000, 0x0000000935280000, 0x0000000d00000000)
  eden space 695296K, 15% used [0x00000008d5580000,0x00000008dbd13b78,0x00000008ffc80000)
  from space 282112K, 0% used [0x0000000917280000,0x0000000917280000,0x0000000928600000)
  to   space 382976K, 0% used [0x00000008ffc80000,0x00000008ffc80000,0x0000000917280000)
 ParOldGen       total 909824K, used 909727K [0x0000000080000000, 0x00000000b7880000, 0x00000008d5580000)
  object space 909824K, 99% used [0x0000000080000000,0x00000000b7867cf8,0x00000000b7880000)
 Metaspace       used 6598K, capacity 6920K, committed 7168K, reserved 8192K
}

