# JRE version: Java(TM) SE Runtime Environment (8.0_20-b26) (build 1.8.0_20-b26)
# Java VM: Java HotSpot(TM) 64-Bit Server VM (25.20-b23 mixed mode windows-amd64 )
Heap:
 PSYoungGen      total 1444864K, used 656440K [0x00000008d5580000, 0x000000095b700000, 0x0000000d00000000)
  eden space 935936K, 18% used [0x00000008d5580000,0x00000008dfc732f0,0x000000090e780000)
  from space 508928K, 95% used [0x0000000932280000,0x000000094fc9ae98,0x0000000951380000)
  to   space 584704K, 0% used [0x000000090e780000,0x000000090e780000,0x0000000932280000)
 ParOldGen       total 1122816K, used 868190K [0x0000000080000000, 0x00000000c4880000, 0x00000008d5580000)
  object space 1122816K, 77% used [0x0000000080000000,0x00000000b4fd7b48,0x00000000c4880000)
 Metaspace       used 6723K, capacity 6984K, committed 7168K, reserved 8192K
GC Heap History (10 events):
Event: 26.411 GC heap before
{Heap before GC invocations=23 (full 5):
 PSYoungGen      total 1148416K, used 268499K [0x00000008d5580000, 0x0000000936500000, 0x0000000d00000000)
  eden space 807936K, 0% used [0x00000008d5580000,0x00000008d5580000,0x0000000906a80000)
  from space 340480K, 78% used [0x000000091d600000,0x000000092dc34e58,0x0000000932280000)
  to   space 372224K, 0% used [0x0000000906a80000,0x0000000906a80000,0x000000091d600000)
 ParOldGen       total 774656K, used 713667K [0x0000000080000000, 0x00000000af480000, 0x00000008d5580000)
  object space 774656K, 92% used [0x0000000080000000,0x00000000ab8f0f30,0x00000000af480000)
 Metaspace       used 6582K, capacity 6920K, committed 7168K, reserved 8192K
Event: 28.969 GC heap after
Heap after GC invocations=23 (full 5):
 PSYoungGen      total 1148416K, used 196372K [0x00000008d5580000, 0x0000000936500000, 0x0000000d00000000)
  eden space 807936K, 0% used [0x00000008d5580000,0x00000008d5580000,0x0000000906a80000)
  from space 340480K, 57% used [0x000000091d600000,0x00000009295c5010,0x0000000932280000)
  to   space 372224K, 0% used [0x0000000906a80000,0x0000000906a80000,0x000000091d600000)
 ParOldGen       total 1122816K, used 774616K [0x0000000080000000, 0x00000000c4880000, 0x00000008d5580000)
  object space 1122816K, 68% used [0x0000000080000000,0x00000000af476028,0x00000000c4880000)
 Metaspace       used 6582K, capacity 6920K, committed 7168K, reserved 8192K
}
Event: 30.565 GC heap before
{Heap before GC invocations=24 (full 5):
 PSYoungGen      total 1148416K, used 1004308K [0x00000008d5580000, 0x0000000936500000, 0x0000000d00000000)
  eden space 807936K, 100% used [0x00000008d5580000,0x0000000906a80000,0x0000000906a80000)
  from space 340480K, 57% used [0x000000091d600000,0x00000009295c5010,0x0000000932280000)
  to   space 372224K, 0% used [0x0000000906a80000,0x0000000906a80000,0x000000091d600000)
 ParOldGen       total 1122816K, used 774616K [0x0000000080000000, 0x00000000c4880000, 0x00000008d5580000)
  object space 1122816K, 68% used [0x0000000080000000,0x00000000af476028,0x00000000c4880000)
 Metaspace       used 6582K, capacity 6920K, committed 7168K, reserved 8192K
Event: 30.886 GC heap after
Heap after GC invocations=24 (full 5):
 PSYoungGen      total 1180160K, used 293242K [0x00000008d5580000, 0x000000093e600000, 0x0000000d00000000)
  eden space 807936K, 0% used [0x00000008d5580000,0x00000008d5580000,0x0000000906a80000)
  from space 372224K, 78% used [0x0000000906a80000,0x00000009188de8a0,0x000000091d600000)
  to   space 406016K, 0% used [0x0000000925980000,0x0000000925980000,0x000000093e600000)
 ParOldGen       total 1122816K, used 774616K [0x0000000080000000, 0x00000000c4880000, 0x00000008d5580000)
  object space 1122816K, 68% used [0x0000000080000000,0x00000000af476028,0x00000000c4880000)
 Metaspace       used 6582K, capacity 6920K, committed 7168K, reserved 8192K
}
Event: 31.907 GC heap before
{Heap before GC invocations=25 (full 5):
 PSYoungGen      total 1180160K, used 1101178K [0x00000008d5580000, 0x000000093e600000, 0x0000000d00000000)
  eden space 807936K, 100% used [0x00000008d5580000,0x0000000906a80000,0x0000000906a80000)
  from space 372224K, 78% used [0x0000000906a80000,0x00000009188de8a0,0x000000091d600000)
  to   space 406016K, 0% used [0x0000000925980000,0x0000000925980000,0x000000093e600000)
 ParOldGen       total 1122816K, used 774616K [0x0000000080000000, 0x00000000c4880000, 0x00000008d5580000)
  object space 1122816K, 68% used [0x0000000080000000,0x00000000af476028,0x00000000c4880000)
 Metaspace       used 6583K, capacity 6920K, committed 7168K, reserved 8192K
Event: 32.267 GC heap after
Heap after GC invocations=25 (full 5):
 PSYoungGen      total 1284608K, used 303197K [0x00000008d5580000, 0x0000000943300000, 0x0000000d00000000)
  eden space 878592K, 0% used [0x00000008d5580000,0x00000008d5580000,0x000000090af80000)
  from space 406016K, 74% used [0x0000000925980000,0x0000000938197760,0x000000093e600000)
  to   space 436224K, 0% used [0x000000090af80000,0x000000090af80000,0x0000000925980000)
 ParOldGen       total 1122816K, used 774616K [0x0000000080000000, 0x00000000c4880000, 0x00000008d5580000)
  object space 1122816K, 68% used [0x0000000080000000,0x00000000af476028,0x00000000c4880000)
 Metaspace       used 6583K, capacity 6920K, committed 7168K, reserved 8192K
}
Event: 34.222 GC heap before
{Heap before GC invocations=26 (full 5):
 PSYoungGen      total 1284608K, used 1181789K [0x00000008d5580000, 0x0000000943300000, 0x0000000d00000000)
  eden space 878592K, 100% used [0x00000008d5580000,0x000000090af80000,0x000000090af80000)
  from space 406016K, 74% used [0x0000000925980000,0x0000000938197760,0x000000093e600000)
  to   space 436224K, 0% used [0x000000090af80000,0x000000090af80000,0x0000000925980000)
 ParOldGen       total 1122816K, used 774616K [0x0000000080000000, 0x00000000c4880000, 0x00000008d5580000)
  object space 1122816K, 68% used [0x0000000080000000,0x00000000af476028,0x00000000c4880000)
 Metaspace       used 6653K, capacity 6920K, committed 7168K, reserved 8192K
Event: 34.653 GC heap after
Heap after GC invocations=26 (full 5):
 PSYoungGen      total 1314816K, used 436192K [0x00000008d5580000, 0x0000000951380000, 0x0000000d00000000)
  eden space 878592K, 0% used [0x00000008d5580000,0x00000008d5580000,0x000000090af80000)
  from space 436224K, 99% used [0x000000090af80000,0x00000009259782b8,0x0000000925980000)
  to   space 508928K, 0% used [0x0000000932280000,0x0000000932280000,0x0000000951380000)
 ParOldGen       total 1122816K, used 775723K [0x0000000080000000, 0x00000000c4880000, 0x00000008d5580000)
  object space 1122816K, 69% used [0x0000000080000000,0x00000000af58adf8,0x00000000c4880000)
 Metaspace       used 6653K, capacity 6920K, committed 7168K, reserved 8192K
}
Event: 35.854 GC heap before
{Heap before GC invocations=27 (full 5):
 PSYoungGen      total 1314816K, used 1314784K [0x00000008d5580000, 0x0000000951380000, 0x0000000d00000000)
  eden space 878592K, 100% used [0x00000008d5580000,0x000000090af80000,0x000000090af80000)
  from space 436224K, 99% used [0x000000090af80000,0x00000009259782b8,0x0000000925980000)
  to   space 508928K, 0% used [0x0000000932280000,0x0000000932280000,0x0000000951380000)
 ParOldGen       total 1122816K, used 775728K [0x0000000080000000, 0x00000000c4880000, 0x00000008d5580000)
  object space 1122816K, 69% used [0x0000000080000000,0x00000000af58c030,0x00000000c4880000)
 Metaspace       used 6689K, capacity 6920K, committed 7168K, reserved 8192K
Event: 36.363 GC heap after
Heap after GC invocations=27 (full 5):
 PSYoungGen      total 1444864K, used 485483K [0x00000008d5580000, 0x000000095b700000, 0x0000000d00000000)
  eden space 935936K, 0% used [0x00000008d5580000,0x00000008d5580000,0x000000090e780000)
  from space 508928K, 95% used [0x0000000932280000,0x000000094fc9ae98,0x0000000951380000)
  to   space 584704K, 0% used [0x000000090e780000,0x000000090e780000,0x0000000932280000)
 ParOldGen       total 1122816K, used 868190K [0x0000000080000000, 0x00000000c4880000, 0x00000008d5580000)
  object space 1122816K, 77% used [0x0000000080000000,0x00000000b4fd7b48,0x00000000c4880000)
 Metaspace       used 6689K, capacity 6920K, committed 7168K, reserved 8192K
}

