# JRE version: Java(TM) SE Runtime Environment (8.0_20-b26) (build 1.8.0_20-b26)
# Java VM: Java HotSpot(TM) 64-Bit Server VM (25.20-b23 mixed mode windows-amd64 )
Heap:
 PSYoungGen      total 766464K, used 578048K [0x00000008d5580000, 0x0000000914180000, 0x0000000d00000000)
  eden space 578048K, 100% used [0x00000008d5580000,0x00000008f8a00000,0x00000008f8a00000)
  from space 188416K, 0% used [0x00000008f8a00000,0x00000008f8a00000,0x0000000904200000)
  to   space 184832K, 0% used [0x0000000908d00000,0x0000000908d00000,0x0000000914180000)
 ParOldGen       total 787968K, used 787581K [0x0000000080000000, 0x00000000b0180000, 0x00000008d5580000)
  object space 787968K, 99% used [0x0000000080000000,0x00000000b011f548,0x00000000b0180000)
 Metaspace       used 6748K, capacity 6984K, committed 7168K, reserved 8192K
GC Heap History (10 events):
Event: 117.685 GC heap after
Heap after GC invocations=53 (full 34):
 PSYoungGen      total 766464K, used 563939K [0x00000008d5580000, 0x0000000914180000, 0x0000000d00000000)
  eden space 578048K, 97% used [0x00000008d5580000,0x00000008f7c38f78,0x00000008f8a00000)
  from space 188416K, 0% used [0x00000008f8a00000,0x00000008f8a00000,0x0000000904200000)
  to   space 184832K, 0% used [0x0000000908d00000,0x0000000908d00000,0x0000000914180000)
 ParOldGen       total 787968K, used 787582K [0x0000000080000000, 0x00000000b0180000, 0x00000008d5580000)
  object space 787968K, 99% used [0x0000000080000000,0x00000000b011fbd8,0x00000000b0180000)
 Metaspace       used 6748K, capacity 6984K, committed 7168K, reserved 8192K
}
Event: 117.732 GC heap before
{Heap before GC invocations=54 (full 35):
 PSYoungGen      total 766464K, used 578048K [0x00000008d5580000, 0x0000000914180000, 0x0000000d00000000)
  eden space 578048K, 100% used [0x00000008d5580000,0x00000008f8a00000,0x00000008f8a00000)
  from space 188416K, 0% used [0x00000008f8a00000,0x00000008f8a00000,0x0000000904200000)
  to   space 184832K, 0% used [0x0000000908d00000,0x0000000908d00000,0x0000000914180000)
 ParOldGen       total 787968K, used 787582K [0x0000000080000000, 0x00000000b0180000, 0x00000008d5580000)
  object space 787968K, 99% used [0x0000000080000000,0x00000000b011fbd8,0x00000000b0180000)
 Metaspace       used 6748K, capacity 6984K, committed 7168K, reserved 8192K
Event: 119.688 GC heap after
Heap after GC invocations=54 (full 35):
 PSYoungGen      total 766464K, used 565913K [0x00000008d5580000, 0x0000000914180000, 0x0000000d00000000)
  eden space 578048K, 97% used [0x00000008d5580000,0x00000008f7e26670,0x00000008f8a00000)
  from space 188416K, 0% used [0x00000008f8a00000,0x00000008f8a00000,0x0000000904200000)
  to   space 184832K, 0% used [0x0000000908d00000,0x0000000908d00000,0x0000000914180000)
 ParOldGen       total 787968K, used 787582K [0x0000000080000000, 0x00000000b0180000, 0x00000008d5580000)
  object space 787968K, 99% used [0x0000000080000000,0x00000000b011fbd8,0x00000000b0180000)
 Metaspace       used 6748K, capacity 6984K, committed 7168K, reserved 8192K
}
Event: 119.726 GC heap before
{Heap before GC invocations=55 (full 36):
 PSYoungGen      total 766464K, used 578048K [0x00000008d5580000, 0x0000000914180000, 0x0000000d00000000)
  eden space 578048K, 100% used [0x00000008d5580000,0x00000008f8a00000,0x00000008f8a00000)
  from space 188416K, 0% used [0x00000008f8a00000,0x00000008f8a00000,0x0000000904200000)
  to   space 184832K, 0% used [0x0000000908d00000,0x0000000908d00000,0x0000000914180000)
 ParOldGen       total 787968K, used 787582K [0x0000000080000000, 0x00000000b0180000, 0x00000008d5580000)
  object space 787968K, 99% used [0x0000000080000000,0x00000000b011fbd8,0x00000000b0180000)
 Metaspace       used 6748K, capacity 6984K, committed 7168K, reserved 8192K
Event: 122.767 GC heap after
Heap after GC invocations=55 (full 36):
 PSYoungGen      total 766464K, used 567280K [0x00000008d5580000, 0x0000000914180000, 0x0000000d00000000)
  eden space 578048K, 98% used [0x00000008d5580000,0x00000008f7f7c148,0x00000008f8a00000)
  from space 188416K, 0% used [0x00000008f8a00000,0x00000008f8a00000,0x0000000904200000)
  to   space 184832K, 0% used [0x0000000908d00000,0x0000000908d00000,0x0000000914180000)
 ParOldGen       total 787968K, used 787581K [0x0000000080000000, 0x00000000b0180000, 0x00000008d5580000)
  object space 787968K, 99% used [0x0000000080000000,0x00000000b011f548,0x00000000b0180000)
 Metaspace       used 6748K, capacity 6984K, committed 7168K, reserved 8192K
}
Event: 122.791 GC heap before
{Heap before GC invocations=56 (full 37):
 PSYoungGen      total 766464K, used 578048K [0x00000008d5580000, 0x0000000914180000, 0x0000000d00000000)
  eden space 578048K, 100% used [0x00000008d5580000,0x00000008f8a00000,0x00000008f8a00000)
  from space 188416K, 0% used [0x00000008f8a00000,0x00000008f8a00000,0x0000000904200000)
  to   space 184832K, 0% used [0x0000000908d00000,0x0000000908d00000,0x0000000914180000)
 ParOldGen       total 787968K, used 787581K [0x0000000080000000, 0x00000000b0180000, 0x00000008d5580000)
  object space 787968K, 99% used [0x0000000080000000,0x00000000b011f548,0x00000000b0180000)
 Metaspace       used 6748K, capacity 6984K, committed 7168K, reserved 8192K
Event: 124.963 GC heap after
Heap after GC invocations=56 (full 37):
 PSYoungGen      total 766464K, used 568229K [0x00000008d5580000, 0x0000000914180000, 0x0000000d00000000)
  eden space 578048K, 98% used [0x00000008d5580000,0x00000008f80696f0,0x00000008f8a00000)
  from space 188416K, 0% used [0x00000008f8a00000,0x00000008f8a00000,0x0000000904200000)
  to   space 184832K, 0% used [0x0000000908d00000,0x0000000908d00000,0x0000000914180000)
 ParOldGen       total 787968K, used 787581K [0x0000000080000000, 0x00000000b0180000, 0x00000008d5580000)
  object space 787968K, 99% used [0x0000000080000000,0x00000000b011f548,0x00000000b0180000)
 Metaspace       used 6748K, capacity 6984K, committed 7168K, reserved 8192K
}
Event: 125.037 GC heap before
{Heap before GC invocations=57 (full 38):
 PSYoungGen      total 766464K, used 578048K [0x00000008d5580000, 0x0000000914180000, 0x0000000d00000000)
  eden space 578048K, 100% used [0x00000008d5580000,0x00000008f8a00000,0x00000008f8a00000)
  from space 188416K, 0% used [0x00000008f8a00000,0x00000008f8a00000,0x0000000904200000)
  to   space 184832K, 0% used [0x0000000908d00000,0x0000000908d00000,0x0000000914180000)
 ParOldGen       total 787968K, used 787581K [0x0000000080000000, 0x00000000b0180000, 0x00000008d5580000)
  object space 787968K, 99% used [0x0000000080000000,0x00000000b011f548,0x00000000b0180000)
 Metaspace       used 6748K, capacity 6984K, committed 7168K, reserved 8192K
Event: 127.124 GC heap after
Heap after GC invocations=57 (full 38):
 PSYoungGen      total 766464K, used 569462K [0x00000008d5580000, 0x0000000914180000, 0x0000000d00000000)
  eden space 578048K, 98% used [0x00000008d5580000,0x00000008f819dbf8,0x00000008f8a00000)
  from space 188416K, 0% used [0x00000008f8a00000,0x00000008f8a00000,0x0000000904200000)
  to   space 184832K, 0% used [0x0000000908d00000,0x0000000908d00000,0x0000000914180000)
 ParOldGen       total 787968K, used 787581K [0x0000000080000000, 0x00000000b0180000, 0x00000008d5580000)
  object space 787968K, 99% used [0x0000000080000000,0x00000000b011f548,0x00000000b0180000)
 Metaspace       used 6748K, capacity 6984K, committed 7168K, reserved 8192K
}
Event: 127.138 GC heap before
{Heap before GC invocations=58 (full 39):
 PSYoungGen      total 766464K, used 578048K [0x00000008d5580000, 0x0000000914180000, 0x0000000d00000000)
  eden space 578048K, 100% used [0x00000008d5580000,0x00000008f8a00000,0x00000008f8a00000)
  from space 188416K, 0% used [0x00000008f8a00000,0x00000008f8a00000,0x0000000904200000)
  to   space 184832K, 0% used [0x0000000908d00000,0x0000000908d00000,0x0000000914180000)
 ParOldGen       total 787968K, used 787581K [0x0000000080000000, 0x00000000b0180000, 0x00000008d5580000)
  object space 787968K, 99% used [0x0000000080000000,0x00000000b011f548,0x00000000b0180000)
 Metaspace       used 6748K, capacity 6984K, committed 7168K, reserved 8192K

