# JRE version: Java(TM) SE Runtime Environment (8.0_20-b26) (build 1.8.0_20-b26)
# Java VM: Java HotSpot(TM) 64-Bit Server VM (25.20-b23 mixed mode windows-amd64 )
Heap:
 PSYoungGen      total 959488K, used 625935K [0x00000008d5580000, 0x0000000935880000, 0x0000000d00000000)
  eden space 680448K, 91% used [0x00000008d5580000,0x00000008fb8c3df8,0x00000008fee00000)
  from space 279040K, 0% used [0x0000000916980000,0x0000000916980000,0x0000000927a00000)
  to   space 388608K, 0% used [0x00000008fee00000,0x00000008fee00000,0x0000000916980000)
 ParOldGen       total 892416K, used 892330K [0x0000000080000000, 0x00000000b6780000, 0x00000008d5580000)
  object space 892416K, 99% used [0x0000000080000000,0x00000000b676a980,0x00000000b6780000)
 Metaspace       used 7460K, capacity 7512K, committed 7680K, reserved 8192K
GC Heap History (10 events):
Event: 44.854 GC heap before
{Heap before GC invocations=28 (full 10):
 PSYoungGen      total 959488K, used 680448K [0x00000008d5580000, 0x0000000935880000, 0x0000000d00000000)
  eden space 680448K, 100% used [0x00000008d5580000,0x00000008fee00000,0x00000008fee00000)
  from space 279040K, 0% used [0x0000000916980000,0x0000000916980000,0x0000000927a00000)
  to   space 388608K, 0% used [0x00000008fee00000,0x00000008fee00000,0x0000000916980000)
 ParOldGen       total 892416K, used 892116K [0x0000000080000000, 0x00000000b6780000, 0x00000008d5580000)
  object space 892416K, 99% used [0x0000000080000000,0x00000000b6735060,0x00000000b6780000)
 Metaspace       used 6702K, capacity 6984K, committed 7168K, reserved 8192K
Event: 49.795 GC heap after
Heap after GC invocations=28 (full 10):
 PSYoungGen      total 959488K, used 331015K [0x00000008d5580000, 0x0000000935880000, 0x0000000d00000000)
  eden space 680448K, 48% used [0x00000008d5580000,0x00000008e98c1d58,0x00000008fee00000)
  from space 279040K, 0% used [0x0000000916980000,0x0000000916980000,0x0000000927a00000)
  to   space 388608K, 0% used [0x00000008fee00000,0x00000008fee00000,0x0000000916980000)
 ParOldGen       total 892416K, used 892217K [0x0000000080000000, 0x00000000b6780000, 0x00000008d5580000)
  object space 892416K, 99% used [0x0000000080000000,0x00000000b674e430,0x00000000b6780000)
 Metaspace       used 6702K, capacity 6984K, committed 7168K, reserved 8192K
}
Event: 50.354 GC heap before
{Heap before GC invocations=29 (full 11):
 PSYoungGen      total 959488K, used 680448K [0x00000008d5580000, 0x0000000935880000, 0x0000000d00000000)
  eden space 680448K, 100% used [0x00000008d5580000,0x00000008fee00000,0x00000008fee00000)
  from space 279040K, 0% used [0x0000000916980000,0x0000000916980000,0x0000000927a00000)
  to   space 388608K, 0% used [0x00000008fee00000,0x00000008fee00000,0x0000000916980000)
 ParOldGen       total 892416K, used 892217K [0x0000000080000000, 0x00000000b6780000, 0x00000008d5580000)
  object space 892416K, 99% used [0x0000000080000000,0x00000000b674e430,0x00000000b6780000)
 Metaspace       used 6720K, capacity 6984K, committed 7168K, reserved 8192K
Event: 53.220 GC heap after
Heap after GC invocations=29 (full 11):
 PSYoungGen      total 959488K, used 384376K [0x00000008d5580000, 0x0000000935880000, 0x0000000d00000000)
  eden space 680448K, 56% used [0x00000008d5580000,0x00000008eccde048,0x00000008fee00000)
  from space 279040K, 0% used [0x0000000916980000,0x0000000916980000,0x0000000927a00000)
  to   space 388608K, 0% used [0x00000008fee00000,0x00000008fee00000,0x0000000916980000)
 ParOldGen       total 892416K, used 892141K [0x0000000080000000, 0x00000000b6780000, 0x00000008d5580000)
  object space 892416K, 99% used [0x0000000080000000,0x00000000b673b6b0,0x00000000b6780000)
 Metaspace       used 6720K, capacity 6984K, committed 7168K, reserved 8192K
}
Event: 53.707 GC heap before
{Heap before GC invocations=30 (full 12):
 PSYoungGen      total 959488K, used 680448K [0x00000008d5580000, 0x0000000935880000, 0x0000000d00000000)
  eden space 680448K, 100% used [0x00000008d5580000,0x00000008fee00000,0x00000008fee00000)
  from space 279040K, 0% used [0x0000000916980000,0x0000000916980000,0x0000000927a00000)
  to   space 388608K, 0% used [0x00000008fee00000,0x00000008fee00000,0x0000000916980000)
 ParOldGen       total 892416K, used 892141K [0x0000000080000000, 0x00000000b6780000, 0x00000008d5580000)
  object space 892416K, 99% used [0x0000000080000000,0x00000000b673b6b0,0x00000000b6780000)
 Metaspace       used 6720K, capacity 6984K, committed 7168K, reserved 8192K
Event: 56.613 GC heap after
Heap after GC invocations=30 (full 12):
 PSYoungGen      total 959488K, used 430386K [0x00000008d5580000, 0x0000000935880000, 0x0000000d00000000)
  eden space 680448K, 63% used [0x00000008d5580000,0x00000008ef9cc820,0x00000008fee00000)
  from space 279040K, 0% used [0x0000000916980000,0x0000000916980000,0x0000000927a00000)
  to   space 388608K, 0% used [0x00000008fee00000,0x00000008fee00000,0x0000000916980000)
 ParOldGen       total 892416K, used 892139K [0x0000000080000000, 0x00000000b6780000, 0x00000008d5580000)
  object space 892416K, 99% used [0x0000000080000000,0x00000000b673ac48,0x00000000b6780000)
 Metaspace       used 6720K, capacity 6984K, committed 7168K, reserved 8192K
}
Event: 57.170 GC heap before
{Heap before GC invocations=31 (full 13):
 PSYoungGen      total 959488K, used 680448K [0x00000008d5580000, 0x0000000935880000, 0x0000000d00000000)
  eden space 680448K, 100% used [0x00000008d5580000,0x00000008fee00000,0x00000008fee00000)
  from space 279040K, 0% used [0x0000000916980000,0x0000000916980000,0x0000000927a00000)
  to   space 388608K, 0% used [0x00000008fee00000,0x00000008fee00000,0x0000000916980000)
 ParOldGen       total 892416K, used 892139K [0x0000000080000000, 0x00000000b6780000, 0x00000008d5580000)
  object space 892416K, 99% used [0x0000000080000000,0x00000000b673ac48,0x00000000b6780000)
 Metaspace       used 6754K, capacity 6984K, committed 7168K, reserved 8192K
Event: 60.071 GC heap after
Heap after GC invocations=31 (full 13):
 PSYoungGen      total 959488K, used 457216K [0x00000008d5580000, 0x0000000935880000, 0x0000000d00000000)
  eden space 680448K, 67% used [0x00000008d5580000,0x00000008f14001a0,0x00000008fee00000)
  from space 279040K, 0% used [0x0000000916980000,0x0000000916980000,0x0000000927a00000)
  to   space 388608K, 0% used [0x00000008fee00000,0x00000008fee00000,0x0000000916980000)
 ParOldGen       total 892416K, used 892127K [0x0000000080000000, 0x00000000b6780000, 0x00000008d5580000)
  object space 892416K, 99% used [0x0000000080000000,0x00000000b6737df8,0x00000000b6780000)
 Metaspace       used 6754K, capacity 6984K, committed 7168K, reserved 8192K
}
Event: 61.484 GC heap before
{Heap before GC invocations=32 (full 14):
 PSYoungGen      total 959488K, used 680448K [0x00000008d5580000, 0x0000000935880000, 0x0000000d00000000)
  eden space 680448K, 100% used [0x00000008d5580000,0x00000008fee00000,0x00000008fee00000)
  from space 279040K, 0% used [0x0000000916980000,0x0000000916980000,0x0000000927a00000)
  to   space 388608K, 0% used [0x00000008fee00000,0x00000008fee00000,0x0000000916980000)
 ParOldGen       total 892416K, used 892127K [0x0000000080000000, 0x00000000b6780000, 0x00000008d5580000)
  object space 892416K, 99% used [0x0000000080000000,0x00000000b6737df8,0x00000000b6780000)
 Metaspace       used 7088K, capacity 7304K, committed 7424K, reserved 8192K
Event: 67.409 GC heap after
Heap after GC invocations=32 (full 14):
 PSYoungGen      total 959488K, used 364496K [0x00000008d5580000, 0x0000000935880000, 0x0000000d00000000)
  eden space 680448K, 53% used [0x00000008d5580000,0x00000008eb974300,0x00000008fee00000)
  from space 279040K, 0% used [0x0000000916980000,0x0000000916980000,0x0000000927a00000)
  to   space 388608K, 0% used [0x00000008fee00000,0x00000008fee00000,0x0000000916980000)
 ParOldGen       total 892416K, used 892330K [0x0000000080000000, 0x00000000b6780000, 0x00000008d5580000)
  object space 892416K, 99% used [0x0000000080000000,0x00000000b676a980,0x00000000b6780000)
 Metaspace       used 7088K, capacity 7304K, committed 7424K, reserved 8192K
}

