# JRE version: OpenJDK Runtime Environment (8.0_112-b06) (build 1.8.0_112-release-b06)
# Java VM: OpenJDK 64-Bit Server VM (25.112-b06 mixed mode windows-amd64 )
Heap:
 PSYoungGen      total 71680K, used 41002K [0x00000008d5580000, 0x00000008df980000, 0x0000000d00000000)
  eden space 66560K, 53% used [0x00000008d5580000,0x00000008d78927e8,0x00000008d9680000)
  from space 5120K, 99% used [0x00000008d9680000,0x00000008d9b78050,0x00000008d9b80000)
  to   space 17408K, 0% used [0x00000008de880000,0x00000008de880000,0x00000008df980000)
 ParOldGen       total 87552K, used 29927K [0x0000000080000000, 0x0000000085580000, 0x00000008d5580000)
  object space 87552K, 34% used [0x0000000080000000,0x0000000081d39ec0,0x0000000085580000)
 Metaspace       used 6258K, capacity 6728K, committed 6912K, reserved 8192K
GC Heap History (10 events):
Event: 1.922 GC heap before
{Heap before GC invocations=1 (full 0):
 PSYoungGen      total 38400K, used 33280K [0x00000008d5580000, 0x00000008d8000000, 0x0000000d00000000)
  eden space 33280K, 100% used [0x00000008d5580000,0x00000008d7600000,0x00000008d7600000)
  from space 5120K, 0% used [0x00000008d7b00000,0x00000008d7b00000,0x00000008d8000000)
  to   space 5120K, 0% used [0x00000008d7600000,0x00000008d7600000,0x00000008d7b00000)
 ParOldGen       total 87552K, used 0K [0x0000000080000000, 0x0000000085580000, 0x00000008d5580000)
  object space 87552K, 0% used [0x0000000080000000,0x0000000080000000,0x0000000085580000)
 Metaspace       used 5797K, capacity 6408K, committed 6656K, reserved 8192K
Event: 1.932 GC heap after
Heap after GC invocations=1 (full 0):
 PSYoungGen      total 38400K, used 5098K [0x00000008d5580000, 0x00000008d8000000, 0x0000000d00000000)
  eden space 33280K, 0% used [0x00000008d5580000,0x00000008d5580000,0x00000008d7600000)
  from space 5120K, 99% used [0x00000008d7600000,0x00000008d7afaae0,0x00000008d7b00000)
  to   space 5120K, 0% used [0x00000008d7b00000,0x00000008d7b00000,0x00000008d8000000)
 ParOldGen       total 87552K, used 1440K [0x0000000080000000, 0x0000000085580000, 0x00000008d5580000)
  object space 87552K, 1% used [0x0000000080000000,0x0000000080168388,0x0000000085580000)
 Metaspace       used 5797K, capacity 6408K, committed 6656K, reserved 8192K
}
Event: 2.620 GC heap before
{Heap before GC invocations=2 (full 0):
 PSYoungGen      total 38400K, used 38378K [0x00000008d5580000, 0x00000008d8000000, 0x0000000d00000000)
  eden space 33280K, 100% used [0x00000008d5580000,0x00000008d7600000,0x00000008d7600000)
  from space 5120K, 99% used [0x00000008d7600000,0x00000008d7afaae0,0x00000008d7b00000)
  to   space 5120K, 0% used [0x00000008d7b00000,0x00000008d7b00000,0x00000008d8000000)
 ParOldGen       total 87552K, used 1440K [0x0000000080000000, 0x0000000085580000, 0x00000008d5580000)
  object space 87552K, 1% used [0x0000000080000000,0x0000000080168388,0x0000000085580000)
 Metaspace       used 6037K, capacity 6600K, committed 6656K, reserved 8192K
Event: 2.753 GC heap after
Heap after GC invocations=2 (full 0):
 PSYoungGen      total 38400K, used 5104K [0x00000008d5580000, 0x00000008da080000, 0x0000000d00000000)
  eden space 33280K, 0% used [0x00000008d5580000,0x00000008d5580000,0x00000008d7600000)
  from space 5120K, 99% used [0x00000008d7b00000,0x00000008d7ffc038,0x00000008d8000000)
  to   space 5120K, 0% used [0x00000008d7600000,0x00000008d7600000,0x00000008d7b00000)
 ParOldGen       total 87552K, used 6956K [0x0000000080000000, 0x0000000085580000, 0x00000008d5580000)
  object space 87552K, 7% used [0x0000000080000000,0x00000000806cb150,0x0000000085580000)
 Metaspace       used 6037K, capacity 6600K, committed 6656K, reserved 8192K
}
Event: 2.994 GC heap before
{Heap before GC invocations=3 (full 0):
 PSYoungGen      total 38400K, used 38384K [0x00000008d5580000, 0x00000008da080000, 0x0000000d00000000)
  eden space 33280K, 100% used [0x00000008d5580000,0x00000008d7600000,0x00000008d7600000)
  from space 5120K, 99% used [0x00000008d7b00000,0x00000008d7ffc038,0x00000008d8000000)
  to   space 5120K, 0% used [0x00000008d7600000,0x00000008d7600000,0x00000008d7b00000)
 ParOldGen       total 87552K, used 6956K [0x0000000080000000, 0x0000000085580000, 0x00000008d5580000)
  object space 87552K, 7% used [0x0000000080000000,0x00000000806cb150,0x0000000085580000)
 Metaspace       used 6139K, capacity 6664K, committed 6912K, reserved 8192K
Event: 3.157 GC heap after
Heap after GC invocations=3 (full 0):
 PSYoungGen      total 38400K, used 5088K [0x00000008d5580000, 0x00000008da080000, 0x0000000d00000000)
  eden space 33280K, 0% used [0x00000008d5580000,0x00000008d5580000,0x00000008d7600000)
  from space 5120K, 99% used [0x00000008d7600000,0x00000008d7af8050,0x00000008d7b00000)
  to   space 5120K, 0% used [0x00000008d9b80000,0x00000008d9b80000,0x00000008da080000)
 ParOldGen       total 87552K, used 12907K [0x0000000080000000, 0x0000000085580000, 0x00000008d5580000)
  object space 87552K, 14% used [0x0000000080000000,0x0000000080c9afe0,0x0000000085580000)
 Metaspace       used 6139K, capacity 6664K, committed 6912K, reserved 8192K
}
Event: 4.074 GC heap before
{Heap before GC invocations=4 (full 0):
 PSYoungGen      total 38400K, used 38368K [0x00000008d5580000, 0x00000008da080000, 0x0000000d00000000)
  eden space 33280K, 100% used [0x00000008d5580000,0x00000008d7600000,0x00000008d7600000)
  from space 5120K, 99% used [0x00000008d7600000,0x00000008d7af8050,0x00000008d7b00000)
  to   space 5120K, 0% used [0x00000008d9b80000,0x00000008d9b80000,0x00000008da080000)
 ParOldGen       total 87552K, used 12907K [0x0000000080000000, 0x0000000085580000, 0x00000008d5580000)
  object space 87552K, 14% used [0x0000000080000000,0x0000000080c9afe0,0x0000000085580000)
 Metaspace       used 6183K, capacity 6664K, committed 6912K, reserved 8192K
Event: 4.270 GC heap after
Heap after GC invocations=4 (full 0):
 PSYoungGen      total 71680K, used 5088K [0x00000008d5580000, 0x00000008da080000, 0x0000000d00000000)
  eden space 66560K, 0% used [0x00000008d5580000,0x00000008d5580000,0x00000008d9680000)
  from space 5120K, 99% used [0x00000008d9b80000,0x00000008da078050,0x00000008da080000)
  to   space 5120K, 0% used [0x00000008d9680000,0x00000008d9680000,0x00000008d9b80000)
 ParOldGen       total 87552K, used 18761K [0x0000000080000000, 0x0000000085580000, 0x00000008d5580000)
  object space 87552K, 21% used [0x0000000080000000,0x00000000812525a8,0x0000000085580000)
 Metaspace       used 6183K, capacity 6664K, committed 6912K, reserved 8192K
}
Event: 5.405 GC heap before
{Heap before GC invocations=5 (full 0):
 PSYoungGen      total 71680K, used 71648K [0x00000008d5580000, 0x00000008da080000, 0x0000000d00000000)
  eden space 66560K, 100% used [0x00000008d5580000,0x00000008d9680000,0x00000008d9680000)
  from space 5120K, 99% used [0x00000008d9b80000,0x00000008da078050,0x00000008da080000)
  to   space 5120K, 0% used [0x00000008d9680000,0x00000008d9680000,0x00000008d9b80000)
 ParOldGen       total 87552K, used 18761K [0x0000000080000000, 0x0000000085580000, 0x00000008d5580000)
  object space 87552K, 21% used [0x0000000080000000,0x00000000812525a8,0x0000000085580000)
 Metaspace       used 6226K, capacity 6728K, committed 6912K, reserved 8192K
Event: 5.652 GC heap after
Heap after GC invocations=5 (full 0):
 PSYoungGen      total 71680K, used 5088K [0x00000008d5580000, 0x00000008df980000, 0x0000000d00000000)
  eden space 66560K, 0% used [0x00000008d5580000,0x00000008d5580000,0x00000008d9680000)
  from space 5120K, 99% used [0x00000008d9680000,0x00000008d9b78050,0x00000008d9b80000)
  to   space 17408K, 0% used [0x00000008de880000,0x00000008de880000,0x00000008df980000)
 ParOldGen       total 87552K, used 29927K [0x0000000080000000, 0x0000000085580000, 0x00000008d5580000)
  object space 87552K, 34% used [0x0000000080000000,0x0000000081d39ec0,0x0000000085580000)
 Metaspace       used 6226K, capacity 6728K, committed 6912K, reserved 8192K
}

