# JRE version: OpenJDK Runtime Environment (8.0_112-b06) (build 1.8.0_112-release-b06)
# Java VM: OpenJDK 64-Bit Server VM (25.112-b06 mixed mode windows-amd64 )
Heap:
 PSYoungGen      total 1380864K, used 1042985K [0x00000008d5580000, 0x000000095cf00000, 0x0000000d00000000)
  eden space 857600K, 81% used [0x00000008d5580000,0x00000008ffd84b78,0x0000000909b00000)
  from space 523264K, 66% used [0x000000092fc00000,0x0000000944e859e0,0x000000094fb00000)
  to   space 623616K, 0% used [0x0000000909b00000,0x0000000909b00000,0x000000092fc00000)
 ParOldGen       total 1142784K, used 1142333K [0x0000000080000000, 0x00000000c5c00000, 0x00000008d5580000)
  object space 1142784K, 99% used [0x0000000080000000,0x00000000c5b8f4d0,0x00000000c5c00000)
 Metaspace       used 6593K, capacity 6984K, committed 7168K, reserved 8192K
GC Heap History (10 events):
Event: 28.044 GC heap before
{Heap before GC invocations=24 (full 5):
 PSYoungGen      total 1276928K, used 1120422K [0x00000008d5580000, 0x0000000941e80000, 0x0000000d00000000)
  eden space 835584K, 100% used [0x00000008d5580000,0x0000000908580000,0x0000000908580000)
  from space 441344K, 64% used [0x0000000924700000,0x0000000935d29b58,0x000000093f600000)
  to   space 460288K, 0% used [0x0000000908580000,0x0000000908580000,0x0000000924700000)
 ParOldGen       total 1141760K, used 843725K [0x0000000080000000, 0x00000000c5b00000, 0x00000008d5580000)
  object space 1141760K, 73% used [0x0000000080000000,0x00000000b37f36f8,0x00000000c5b00000)
 Metaspace       used 6441K, capacity 6856K, committed 6912K, reserved 8192K
Event: 28.362 GC heap after
Heap after GC invocations=24 (full 5):
 PSYoungGen      total 1295872K, used 418473K [0x00000008d5580000, 0x000000094fb00000, 0x0000000d00000000)
  eden space 835584K, 0% used [0x00000008d5580000,0x00000008d5580000,0x0000000908580000)
  from space 460288K, 90% used [0x0000000908580000,0x0000000921e2a7f8,0x0000000924700000)
  to   space 523264K, 0% used [0x000000092fc00000,0x000000092fc00000,0x000000094fb00000)
 ParOldGen       total 1141760K, used 843725K [0x0000000080000000, 0x00000000c5b00000, 0x00000008d5580000)
  object space 1141760K, 73% used [0x0000000080000000,0x00000000b37f36f8,0x00000000c5b00000)
 Metaspace       used 6441K, capacity 6856K, committed 6912K, reserved 8192K
}
Event: 29.451 GC heap before
{Heap before GC invocations=25 (full 5):
 PSYoungGen      total 1295872K, used 1254057K [0x00000008d5580000, 0x000000094fb00000, 0x0000000d00000000)
  eden space 835584K, 100% used [0x00000008d5580000,0x0000000908580000,0x0000000908580000)
  from space 460288K, 90% used [0x0000000908580000,0x0000000921e2a7f8,0x0000000924700000)
  to   space 523264K, 0% used [0x000000092fc00000,0x000000092fc00000,0x000000094fb00000)
 ParOldGen       total 1141760K, used 843725K [0x0000000080000000, 0x00000000c5b00000, 0x00000008d5580000)
  object space 1141760K, 73% used [0x0000000080000000,0x00000000b37f36f8,0x00000000c5b00000)
 Metaspace       used 6517K, capacity 6920K, committed 7168K, reserved 8192K
Event: 30.025 GC heap after
Heap after GC invocations=25 (full 5):
 PSYoungGen      total 1380864K, used 523252K [0x00000008d5580000, 0x000000095cf00000, 0x0000000d00000000)
  eden space 857600K, 0% used [0x00000008d5580000,0x00000008d5580000,0x0000000909b00000)
  from space 523264K, 99% used [0x000000092fc00000,0x000000094fafd188,0x000000094fb00000)
  to   space 623616K, 0% used [0x0000000909b00000,0x0000000909b00000,0x000000092fc00000)
 ParOldGen       total 1141760K, used 875013K [0x0000000080000000, 0x00000000c5b00000, 0x00000008d5580000)
  object space 1141760K, 76% used [0x0000000080000000,0x00000000b56814f8,0x00000000c5b00000)
 Metaspace       used 6517K, capacity 6920K, committed 7168K, reserved 8192K
}
Event: 31.437 GC heap before
{Heap before GC invocations=26 (full 5):
 PSYoungGen      total 1380864K, used 1380852K [0x00000008d5580000, 0x000000095cf00000, 0x0000000d00000000)
  eden space 857600K, 100% used [0x00000008d5580000,0x0000000909b00000,0x0000000909b00000)
  from space 523264K, 99% used [0x000000092fc00000,0x000000094fafd188,0x000000094fb00000)
  to   space 623616K, 0% used [0x0000000909b00000,0x0000000909b00000,0x000000092fc00000)
 ParOldGen       total 1141760K, used 875013K [0x0000000080000000, 0x00000000c5b00000, 0x00000008d5580000)
  object space 1141760K, 76% used [0x0000000080000000,0x00000000b56814f8,0x00000000c5b00000)
 Metaspace       used 6549K, capacity 6920K, committed 7168K, reserved 8192K
Event: 32.002 GC heap after
Heap after GC invocations=26 (full 5):
 PSYoungGen      total 1481216K, used 561364K [0x00000008d5580000, 0x000000095cf00000, 0x0000000d00000000)
  eden space 857600K, 0% used [0x00000008d5580000,0x00000008d5580000,0x0000000909b00000)
  from space 623616K, 90% used [0x0000000909b00000,0x000000092bf35368,0x000000092fc00000)
  to   space 523264K, 0% used [0x000000092fc00000,0x000000092fc00000,0x000000094fb00000)
 ParOldGen       total 1141760K, used 972119K [0x0000000080000000, 0x00000000c5b00000, 0x00000008d5580000)
  object space 1141760K, 85% used [0x0000000080000000,0x00000000bb555f00,0x00000000c5b00000)
 Metaspace       used 6549K, capacity 6920K, committed 7168K, reserved 8192K
}
Event: 33.025 GC heap before
{Heap before GC invocations=27 (full 5):
 PSYoungGen      total 1481216K, used 1418964K [0x00000008d5580000, 0x000000095cf00000, 0x0000000d00000000)
  eden space 857600K, 100% used [0x00000008d5580000,0x0000000909b00000,0x0000000909b00000)
  from space 623616K, 90% used [0x0000000909b00000,0x000000092bf35368,0x000000092fc00000)
  to   space 523264K, 0% used [0x000000092fc00000,0x000000092fc00000,0x000000094fb00000)
 ParOldGen       total 1141760K, used 972119K [0x0000000080000000, 0x00000000c5b00000, 0x00000008d5580000)
  object space 1141760K, 85% used [0x0000000080000000,0x00000000bb555f00,0x00000000c5b00000)
 Metaspace       used 6549K, capacity 6920K, committed 7168K, reserved 8192K
Event: 33.659 GC heap after
Heap after GC invocations=27 (full 5):
 PSYoungGen      total 1380864K, used 523246K [0x00000008d5580000, 0x000000095cf00000, 0x0000000d00000000)
  eden space 857600K, 0% used [0x00000008d5580000,0x00000008d5580000,0x0000000909b00000)
  from space 523264K, 99% used [0x000000092fc00000,0x000000094fafb9e8,0x000000094fb00000)
  to   space 623616K, 0% used [0x0000000909b00000,0x0000000909b00000,0x000000092fc00000)
 ParOldGen       total 1142784K, used 1142452K [0x0000000080000000, 0x00000000c5c00000, 0x00000008d5580000)
  object space 1142784K, 99% used [0x0000000080000000,0x00000000c5bad210,0x00000000c5c00000)
 Metaspace       used 6549K, capacity 6920K, committed 7168K, reserved 8192K
}
Event: 33.659 GC heap before
{Heap before GC invocations=28 (full 6):
 PSYoungGen      total 1380864K, used 523246K [0x00000008d5580000, 0x000000095cf00000, 0x0000000d00000000)
  eden space 857600K, 0% used [0x00000008d5580000,0x00000008d5580000,0x0000000909b00000)
  from space 523264K, 99% used [0x000000092fc00000,0x000000094fafb9e8,0x000000094fb00000)
  to   space 623616K, 0% used [0x0000000909b00000,0x0000000909b00000,0x000000092fc00000)
 ParOldGen       total 1142784K, used 1142452K [0x0000000080000000, 0x00000000c5c00000, 0x00000008d5580000)
  object space 1142784K, 99% used [0x0000000080000000,0x00000000c5bad210,0x00000000c5c00000)
 Metaspace       used 6549K, capacity 6920K, committed 7168K, reserved 8192K
Event: 40.767 GC heap after
Heap after GC invocations=28 (full 6):
 PSYoungGen      total 1380864K, used 346646K [0x00000008d5580000, 0x000000095cf00000, 0x0000000d00000000)
  eden space 857600K, 0% used [0x00000008d5580000,0x00000008d5580000,0x0000000909b00000)
  from space 523264K, 66% used [0x000000092fc00000,0x0000000944e859e0,0x000000094fb00000)
  to   space 623616K, 0% used [0x0000000909b00000,0x0000000909b00000,0x000000092fc00000)
 ParOldGen       total 1142784K, used 1142333K [0x0000000080000000, 0x00000000c5c00000, 0x00000008d5580000)
  object space 1142784K, 99% used [0x0000000080000000,0x00000000c5b8f4d0,0x00000000c5c00000)
 Metaspace       used 6549K, capacity 6920K, committed 7168K, reserved 8192K
}

