# JRE version: Java(TM) SE Runtime Environment (8.0_20-b26) (build 1.8.0_20-b26)
# Java VM: Java HotSpot(TM) 64-Bit Server VM (25.20-b23 mixed mode windows-amd64 )
Heap:
 PSYoungGen      total 929280K, used 350232K [0x00000008d5580000, 0x0000000933c00000, 0x0000000d00000000)
  eden space 631296K, 8% used [0x00000008d5580000,0x00000008d888b808,0x00000008fbe00000)
  from space 297984K, 99% used [0x00000008fbe00000,0x000000090e0faa50,0x000000090e100000)
  to   space 412672K, 0% used [0x000000091a900000,0x000000091a900000,0x0000000933c00000)
 ParOldGen       total 905216K, used 768270K [0x0000000080000000, 0x00000000b7400000, 0x00000008d5580000)
  object space 905216K, 84% used [0x0000000080000000,0x00000000aee43ab0,0x00000000b7400000)
 Metaspace       used 6588K, capacity 6920K, committed 7168K, reserved 8192K
GC Heap History (10 events):
Event: 23.386 GC heap before
{Heap before GC invocations=21 (full 4):
 PSYoungGen      total 929280K, used 244316K [0x00000008d5580000, 0x000000092b500000, 0x0000000d00000000)
  eden space 631296K, 0% used [0x00000008d5580000,0x00000008d5580000,0x00000008fbe00000)
  from space 297984K, 81% used [0x00000008fbe00000,0x000000090ac973e8,0x000000090e100000)
  to   space 329728K, 0% used [0x0000000917300000,0x0000000917300000,0x000000092b500000)
 ParOldGen       total 609792K, used 531876K [0x0000000080000000, 0x00000000a5380000, 0x00000008d5580000)
  object space 609792K, 87% used [0x0000000080000000,0x00000000a0769358,0x00000000a5380000)
 Metaspace       used 6586K, capacity 6920K, committed 7168K, reserved 8192K
Event: 26.686 GC heap after
Heap after GC invocations=21 (full 4):
 PSYoungGen      total 929280K, used 160403K [0x00000008d5580000, 0x000000092b500000, 0x0000000d00000000)
  eden space 631296K, 0% used [0x00000008d5580000,0x00000008d5580000,0x00000008fbe00000)
  from space 297984K, 53% used [0x00000008fbe00000,0x0000000905aa4c20,0x000000090e100000)
  to   space 329728K, 0% used [0x0000000917300000,0x0000000917300000,0x000000092b500000)
 ParOldGen       total 905216K, used 609382K [0x0000000080000000, 0x00000000b7400000, 0x00000008d5580000)
  object space 905216K, 67% used [0x0000000080000000,0x00000000a5319b50,0x00000000b7400000)
 Metaspace       used 6586K, capacity 6920K, committed 7168K, reserved 8192K
}
Event: 27.927 GC heap before
{Heap before GC invocations=22 (full 4):
 PSYoungGen      total 929280K, used 791699K [0x00000008d5580000, 0x000000092b500000, 0x0000000d00000000)
  eden space 631296K, 100% used [0x00000008d5580000,0x00000008fbe00000,0x00000008fbe00000)
  from space 297984K, 53% used [0x00000008fbe00000,0x0000000905aa4c20,0x000000090e100000)
  to   space 329728K, 0% used [0x0000000917300000,0x0000000917300000,0x000000092b500000)
 ParOldGen       total 905216K, used 609382K [0x0000000080000000, 0x00000000b7400000, 0x00000008d5580000)
  object space 905216K, 67% used [0x0000000080000000,0x00000000a5319b50,0x00000000b7400000)
 Metaspace       used 6588K, capacity 6920K, committed 7168K, reserved 8192K
Event: 30.321 GC heap after
Heap after GC invocations=22 (full 4):
 PSYoungGen      total 961024K, used 265288K [0x00000008d5580000, 0x000000092b500000, 0x0000000d00000000)
  eden space 631296K, 0% used [0x00000008d5580000,0x00000008d5580000,0x00000008fbe00000)
  from space 329728K, 80% used [0x0000000917300000,0x00000009276122e8,0x000000092b500000)
  to   space 297984K, 0% used [0x00000008fbe00000,0x00000008fbe00000,0x000000090e100000)
 ParOldGen       total 905216K, used 609382K [0x0000000080000000, 0x00000000b7400000, 0x00000008d5580000)
  object space 905216K, 67% used [0x0000000080000000,0x00000000a5319b50,0x00000000b7400000)
 Metaspace       used 6588K, capacity 6920K, committed 7168K, reserved 8192K
}
Event: 32.133 GC heap before
{Heap before GC invocations=23 (full 4):
 PSYoungGen      total 961024K, used 896584K [0x00000008d5580000, 0x000000092b500000, 0x0000000d00000000)
  eden space 631296K, 100% used [0x00000008d5580000,0x00000008fbe00000,0x00000008fbe00000)
  from space 329728K, 80% used [0x0000000917300000,0x00000009276122e8,0x000000092b500000)
  to   space 297984K, 0% used [0x00000008fbe00000,0x00000008fbe00000,0x000000090e100000)
 ParOldGen       total 905216K, used 609382K [0x0000000080000000, 0x00000000b7400000, 0x00000008d5580000)
  object space 905216K, 67% used [0x0000000080000000,0x00000000a5319b50,0x00000000b7400000)
 Metaspace       used 6588K, capacity 6920K, committed 7168K, reserved 8192K
Event: 32.597 GC heap after
Heap after GC invocations=23 (full 4):
 PSYoungGen      total 929280K, used 297957K [0x00000008d5580000, 0x0000000933c00000, 0x0000000d00000000)
  eden space 631296K, 0% used [0x00000008d5580000,0x00000008d5580000,0x00000008fbe00000)
  from space 297984K, 99% used [0x00000008fbe00000,0x000000090e0f9748,0x000000090e100000)
  to   space 412672K, 0% used [0x000000091a900000,0x000000091a900000,0x0000000933c00000)
 ParOldGen       total 905216K, used 643887K [0x0000000080000000, 0x00000000b7400000, 0x00000008d5580000)
  object space 905216K, 71% used [0x0000000080000000,0x00000000a74cbe08,0x00000000b7400000)
 Metaspace       used 6588K, capacity 6920K, committed 7168K, reserved 8192K
}
Event: 34.524 GC heap before
{Heap before GC invocations=24 (full 4):
 PSYoungGen      total 929280K, used 929253K [0x00000008d5580000, 0x0000000933c00000, 0x0000000d00000000)
  eden space 631296K, 100% used [0x00000008d5580000,0x00000008fbe00000,0x00000008fbe00000)
  from space 297984K, 99% used [0x00000008fbe00000,0x000000090e0f9748,0x000000090e100000)
  to   space 412672K, 0% used [0x000000091a900000,0x000000091a900000,0x0000000933c00000)
 ParOldGen       total 905216K, used 643887K [0x0000000080000000, 0x00000000b7400000, 0x00000008d5580000)
  object space 905216K, 71% used [0x0000000080000000,0x00000000a74cbe08,0x00000000b7400000)
 Metaspace       used 6588K, capacity 6920K, committed 7168K, reserved 8192K
Event: 34.942 GC heap after
Heap after GC invocations=24 (full 4):
 PSYoungGen      total 1043968K, used 323744K [0x00000008d5580000, 0x0000000933c00000, 0x0000000d00000000)
  eden space 631296K, 0% used [0x00000008d5580000,0x00000008d5580000,0x00000008fbe00000)
  from space 412672K, 78% used [0x000000091a900000,0x000000092e528050,0x0000000933c00000)
  to   space 297984K, 0% used [0x00000008fbe00000,0x00000008fbe00000,0x000000090e100000)
 ParOldGen       total 905216K, used 706434K [0x0000000080000000, 0x00000000b7400000, 0x00000008d5580000)
  object space 905216K, 78% used [0x0000000080000000,0x00000000ab1e0a98,0x00000000b7400000)
 Metaspace       used 6588K, capacity 6920K, committed 7168K, reserved 8192K
}
Event: 35.831 GC heap before
{Heap before GC invocations=25 (full 4):
 PSYoungGen      total 1043968K, used 955040K [0x00000008d5580000, 0x0000000933c00000, 0x0000000d00000000)
  eden space 631296K, 100% used [0x00000008d5580000,0x00000008fbe00000,0x00000008fbe00000)
  from space 412672K, 78% used [0x000000091a900000,0x000000092e528050,0x0000000933c00000)
  to   space 297984K, 0% used [0x00000008fbe00000,0x00000008fbe00000,0x000000090e100000)
 ParOldGen       total 905216K, used 706434K [0x0000000080000000, 0x00000000b7400000, 0x00000008d5580000)
  object space 905216K, 78% used [0x0000000080000000,0x00000000ab1e0a98,0x00000000b7400000)
 Metaspace       used 6588K, capacity 6920K, committed 7168K, reserved 8192K
Event: 36.252 GC heap after
Heap after GC invocations=25 (full 4):
 PSYoungGen      total 929280K, used 297962K [0x00000008d5580000, 0x0000000933c00000, 0x0000000d00000000)
  eden space 631296K, 0% used [0x00000008d5580000,0x00000008d5580000,0x00000008fbe00000)
  from space 297984K, 99% used [0x00000008fbe00000,0x000000090e0faa50,0x000000090e100000)
  to   space 412672K, 0% used [0x000000091a900000,0x000000091a900000,0x0000000933c00000)
 ParOldGen       total 905216K, used 768270K [0x0000000080000000, 0x00000000b7400000, 0x00000008d5580000)
  object space 905216K, 84% used [0x0000000080000000,0x00000000aee43ab0,0x00000000b7400000)
 Metaspace       used 6588K, capacity 6920K, committed 7168K, reserved 8192K
}

