# JRE version: Java(TM) SE Runtime Environment (8.0_20-b26) (build 1.8.0_20-b26)
# Java VM: Java HotSpot(TM) 64-Bit Server VM (25.20-b23 mixed mode windows-amd64 )
Heap:
 PSYoungGen      total 1163264K, used 841664K [0x00000008d5580000, 0x0000000938b00000, 0x0000000d00000000)
  eden space 786432K, 71% used [0x00000008d5580000,0x00000008f7c18dc8,0x0000000905580000)
  from space 376832K, 73% used [0x000000091df80000,0x000000092eed7450,0x0000000934f80000)
  to   space 403456K, 0% used [0x0000000905580000,0x0000000905580000,0x000000091df80000)
 ParOldGen       total 1267712K, used 988301K [0x0000000080000000, 0x00000000cd600000, 0x00000008d5580000)
  object space 1267712K, 77% used [0x0000000080000000,0x00000000bc523458,0x00000000cd600000)
 Metaspace       used 6614K, capacity 6920K, committed 7168K, reserved 8192K
GC Heap History (10 events):
Event: 24.838 GC heap before
{Heap before GC invocations=21 (full 4):
 PSYoungGen      total 954368K, used 814981K [0x00000008d5580000, 0x0000000924d80000, 0x0000000d00000000)
  eden space 727040K, 100% used [0x00000008d5580000,0x0000000901b80000,0x0000000901b80000)
  from space 227328K, 38% used [0x0000000911600000,0x0000000916be17e0,0x000000091f400000)
  to   space 256512K, 0% used [0x0000000901b80000,0x0000000901b80000,0x0000000911600000)
 ParOldGen       total 897536K, used 615108K [0x0000000080000000, 0x00000000b6c80000, 0x00000008d5580000)
  object space 897536K, 68% used [0x0000000080000000,0x00000000a58b1178,0x00000000b6c80000)
 Metaspace       used 6613K, capacity 6920K, committed 7168K, reserved 8192K
Event: 25.178 GC heap after
Heap after GC invocations=21 (full 4):
 PSYoungGen      total 983552K, used 169887K [0x00000008d5580000, 0x0000000928e80000, 0x0000000d00000000)
  eden space 727040K, 0% used [0x00000008d5580000,0x00000008d5580000,0x0000000901b80000)
  from space 256512K, 66% used [0x0000000901b80000,0x000000090c167c50,0x0000000911600000)
  to   space 268288K, 0% used [0x0000000918880000,0x0000000918880000,0x0000000928e80000)
 ParOldGen       total 897536K, used 645615K [0x0000000080000000, 0x00000000b6c80000, 0x00000008d5580000)
  object space 897536K, 71% used [0x0000000080000000,0x00000000a767bce0,0x00000000b6c80000)
 Metaspace       used 6613K, capacity 6920K, committed 7168K, reserved 8192K
}
Event: 26.798 GC heap before
{Heap before GC invocations=22 (full 4):
 PSYoungGen      total 983552K, used 896927K [0x00000008d5580000, 0x0000000928e80000, 0x0000000d00000000)
  eden space 727040K, 100% used [0x00000008d5580000,0x0000000901b80000,0x0000000901b80000)
  from space 256512K, 66% used [0x0000000901b80000,0x000000090c167c50,0x0000000911600000)
  to   space 268288K, 0% used [0x0000000918880000,0x0000000918880000,0x0000000928e80000)
 ParOldGen       total 897536K, used 645615K [0x0000000080000000, 0x00000000b6c80000, 0x00000008d5580000)
  object space 897536K, 71% used [0x0000000080000000,0x00000000a767bce0,0x00000000b6c80000)
 Metaspace       used 6613K, capacity 6920K, committed 7168K, reserved 8192K
Event: 27.202 GC heap after
Heap after GC invocations=22 (full 4):
 PSYoungGen      total 988160K, used 268281K [0x00000008d5580000, 0x0000000937000000, 0x0000000d00000000)
  eden space 719872K, 0% used [0x00000008d5580000,0x00000008d5580000,0x0000000901480000)
  from space 268288K, 99% used [0x0000000918880000,0x0000000928e7e710,0x0000000928e80000)
  to   space 380928K, 0% used [0x0000000901480000,0x0000000901480000,0x0000000918880000)
 ParOldGen       total 897536K, used 828519K [0x0000000080000000, 0x00000000b6c80000, 0x00000008d5580000)
  object space 897536K, 92% used [0x0000000080000000,0x00000000b2919d40,0x00000000b6c80000)
 Metaspace       used 6613K, capacity 6920K, committed 7168K, reserved 8192K
}
Event: 27.202 GC heap before
{Heap before GC invocations=23 (full 5):
 PSYoungGen      total 988160K, used 268281K [0x00000008d5580000, 0x0000000937000000, 0x0000000d00000000)
  eden space 719872K, 0% used [0x00000008d5580000,0x00000008d5580000,0x0000000901480000)
  from space 268288K, 99% used [0x0000000918880000,0x0000000928e7e710,0x0000000928e80000)
  to   space 380928K, 0% used [0x0000000901480000,0x0000000901480000,0x0000000918880000)
 ParOldGen       total 897536K, used 828519K [0x0000000080000000, 0x00000000b6c80000, 0x00000008d5580000)
  object space 897536K, 92% used [0x0000000080000000,0x00000000b2919d40,0x00000000b6c80000)
 Metaspace       used 6613K, capacity 6920K, committed 7168K, reserved 8192K
Event: 30.116 GC heap after
Heap after GC invocations=23 (full 5):
 PSYoungGen      total 988160K, used 174739K [0x00000008d5580000, 0x0000000937000000, 0x0000000d00000000)
  eden space 719872K, 0% used [0x00000008d5580000,0x00000008d5580000,0x0000000901480000)
  from space 268288K, 65% used [0x0000000918880000,0x0000000923324ee0,0x0000000928e80000)
  to   space 380928K, 0% used [0x0000000901480000,0x0000000901480000,0x0000000918880000)
 ParOldGen       total 1267712K, used 897435K [0x0000000080000000, 0x00000000cd600000, 0x00000008d5580000)
  object space 1267712K, 70% used [0x0000000080000000,0x00000000b6c66d50,0x00000000cd600000)
 Metaspace       used 6613K, capacity 6920K, committed 7168K, reserved 8192K
}
Event: 31.855 GC heap before
{Heap before GC invocations=24 (full 5):
 PSYoungGen      total 988160K, used 894611K [0x00000008d5580000, 0x0000000937000000, 0x0000000d00000000)
  eden space 719872K, 100% used [0x00000008d5580000,0x0000000901480000,0x0000000901480000)
  from space 268288K, 65% used [0x0000000918880000,0x0000000923324ee0,0x0000000928e80000)
  to   space 380928K, 0% used [0x0000000901480000,0x0000000901480000,0x0000000918880000)
 ParOldGen       total 1267712K, used 897435K [0x0000000080000000, 0x00000000cd600000, 0x00000008d5580000)
  object space 1267712K, 70% used [0x0000000080000000,0x00000000b6c66d50,0x00000000cd600000)
 Metaspace       used 6613K, capacity 6920K, committed 7168K, reserved 8192K
Event: 32.409 GC heap after
Heap after GC invocations=24 (full 5):
 PSYoungGen      total 1100800K, used 191690K [0x00000008d5580000, 0x0000000934f80000, 0x0000000d00000000)
  eden space 719872K, 0% used [0x00000008d5580000,0x00000008d5580000,0x0000000901480000)
  from space 380928K, 50% used [0x0000000901480000,0x000000090cfb2840,0x0000000918880000)
  to   space 376832K, 0% used [0x000000091df80000,0x000000091df80000,0x0000000934f80000)
 ParOldGen       total 1267712K, used 988301K [0x0000000080000000, 0x00000000cd600000, 0x00000008d5580000)
  object space 1267712K, 77% used [0x0000000080000000,0x00000000bc523458,0x00000000cd600000)
 Metaspace       used 6613K, capacity 6920K, committed 7168K, reserved 8192K
}
Event: 33.245 GC heap before
{Heap before GC invocations=25 (full 5):
 PSYoungGen      total 1100800K, used 911562K [0x00000008d5580000, 0x0000000934f80000, 0x0000000d00000000)
  eden space 719872K, 100% used [0x00000008d5580000,0x0000000901480000,0x0000000901480000)
  from space 380928K, 50% used [0x0000000901480000,0x000000090cfb2840,0x0000000918880000)
  to   space 376832K, 0% used [0x000000091df80000,0x000000091df80000,0x0000000934f80000)
 ParOldGen       total 1267712K, used 988301K [0x0000000080000000, 0x00000000cd600000, 0x00000008d5580000)
  object space 1267712K, 77% used [0x0000000080000000,0x00000000bc523458,0x00000000cd600000)
 Metaspace       used 6614K, capacity 6920K, committed 7168K, reserved 8192K
Event: 33.479 GC heap after
Heap after GC invocations=25 (full 5):
 PSYoungGen      total 1163264K, used 277853K [0x00000008d5580000, 0x0000000938b00000, 0x0000000d00000000)
  eden space 786432K, 0% used [0x00000008d5580000,0x00000008d5580000,0x0000000905580000)
  from space 376832K, 73% used [0x000000091df80000,0x000000092eed7450,0x0000000934f80000)
  to   space 403456K, 0% used [0x0000000905580000,0x0000000905580000,0x000000091df80000)
 ParOldGen       total 1267712K, used 988301K [0x0000000080000000, 0x00000000cd600000, 0x00000008d5580000)
  object space 1267712K, 77% used [0x0000000080000000,0x00000000bc523458,0x00000000cd600000)
 Metaspace       used 6614K, capacity 6920K, committed 7168K, reserved 8192K
}

