# JRE version: Java(TM) SE Runtime Environment (8.0_20-b26) (build 1.8.0_20-b26)
# Java VM: Java HotSpot(TM) 64-Bit Server VM (25.20-b23 mixed mode windows-amd64 )
Heap:
 PSYoungGen      total 1238528K, used 467687K [0x00000008d5580000, 0x0000000941e80000, 0x0000000d00000000)
  eden space 813568K, 5% used [0x00000008d5580000,0x00000008d7f40628,0x0000000907000000)
  from space 424960K, 99% used [0x0000000907000000,0x0000000920ef9750,0x0000000920f00000)
  to   space 429568K, 0% used [0x0000000927b00000,0x0000000927b00000,0x0000000941e80000)
 ParOldGen       total 1299968K, used 967509K [0x0000000080000000, 0x00000000cf580000, 0x00000008d5580000)
  object space 1299968K, 74% used [0x0000000080000000,0x00000000bb0d54e8,0x00000000cf580000)
 Metaspace       used 6755K, capacity 6984K, committed 7168K, reserved 8192K
GC Heap History (10 events):
Event: 28.503 GC heap before
{Heap before GC invocations=22 (full 4):
 PSYoungGen      total 941056K, used 884810K [0x00000008d5580000, 0x0000000926c80000, 0x0000000d00000000)
  eden space 680960K, 100% used [0x00000008d5580000,0x00000008fee80000,0x00000008fee80000)
  from space 260096K, 78% used [0x00000008fee80000,0x000000090b592ba8,0x000000090ec80000)
  to   space 283648K, 0% used [0x0000000915780000,0x0000000915780000,0x0000000926c80000)
 ParOldGen       total 884224K, used 591728K [0x0000000080000000, 0x00000000b5f80000, 0x00000008d5580000)
  object space 884224K, 66% used [0x0000000080000000,0x00000000a41dc018,0x00000000b5f80000)
 Metaspace       used 6611K, capacity 6920K, committed 7168K, reserved 8192K
Event: 28.795 GC heap after
Heap after GC invocations=22 (full 4):
 PSYoungGen      total 995328K, used 283638K [0x00000008d5580000, 0x000000092d900000, 0x0000000d00000000)
  eden space 711680K, 0% used [0x00000008d5580000,0x00000008d5580000,0x0000000900c80000)
  from space 283648K, 99% used [0x0000000915780000,0x0000000926c7d990,0x0000000926c80000)
  to   space 338944K, 0% used [0x0000000900c80000,0x0000000900c80000,0x0000000915780000)
 ParOldGen       total 884224K, used 611661K [0x0000000080000000, 0x00000000b5f80000, 0x00000008d5580000)
  object space 884224K, 69% used [0x0000000080000000,0x00000000a55537c0,0x00000000b5f80000)
 Metaspace       used 6611K, capacity 6920K, committed 7168K, reserved 8192K
}
Event: 30.649 GC heap before
{Heap before GC invocations=23 (full 4):
 PSYoungGen      total 995328K, used 995318K [0x00000008d5580000, 0x000000092d900000, 0x0000000d00000000)
  eden space 711680K, 100% used [0x00000008d5580000,0x0000000900c80000,0x0000000900c80000)
  from space 283648K, 99% used [0x0000000915780000,0x0000000926c7d990,0x0000000926c80000)
  to   space 338944K, 0% used [0x0000000900c80000,0x0000000900c80000,0x0000000915780000)
 ParOldGen       total 884224K, used 611661K [0x0000000080000000, 0x00000000b5f80000, 0x00000008d5580000)
  object space 884224K, 69% used [0x0000000080000000,0x00000000a55537c0,0x00000000b5f80000)
 Metaspace       used 6611K, capacity 6920K, committed 7168K, reserved 8192K
Event: 30.988 GC heap after
Heap after GC invocations=23 (full 4):
 PSYoungGen      total 1050624K, used 338917K [0x00000008d5580000, 0x000000093b280000, 0x0000000d00000000)
  eden space 711680K, 0% used [0x00000008d5580000,0x00000008d5580000,0x0000000900c80000)
  from space 338944K, 99% used [0x0000000900c80000,0x0000000915779668,0x0000000915780000)
  to   space 429568K, 0% used [0x0000000920f00000,0x0000000920f00000,0x000000093b280000)
 ParOldGen       total 884224K, used 702044K [0x0000000080000000, 0x00000000b5f80000, 0x00000008d5580000)
  object space 884224K, 79% used [0x0000000080000000,0x00000000aad97248,0x00000000b5f80000)
 Metaspace       used 6611K, capacity 6920K, committed 7168K, reserved 8192K
}
Event: 32.550 GC heap before
{Heap before GC invocations=24 (full 4):
 PSYoungGen      total 1050624K, used 1050597K [0x00000008d5580000, 0x000000093b280000, 0x0000000d00000000)
  eden space 711680K, 100% used [0x00000008d5580000,0x0000000900c80000,0x0000000900c80000)
  from space 338944K, 99% used [0x0000000900c80000,0x0000000915779668,0x0000000915780000)
  to   space 429568K, 0% used [0x0000000920f00000,0x0000000920f00000,0x000000093b280000)
 ParOldGen       total 884224K, used 702044K [0x0000000080000000, 0x00000000b5f80000, 0x00000008d5580000)
  object space 884224K, 79% used [0x0000000080000000,0x00000000aad97248,0x00000000b5f80000)
 Metaspace       used 6612K, capacity 6920K, committed 7168K, reserved 8192K
Event: 32.969 GC heap after
Heap after GC invocations=24 (full 4):
 PSYoungGen      total 1243136K, used 217480K [0x00000008d5580000, 0x000000093b500000, 0x0000000d00000000)
  eden space 813568K, 0% used [0x00000008d5580000,0x00000008d5580000,0x0000000907000000)
  from space 429568K, 50% used [0x0000000920f00000,0x000000092e3622a0,0x000000093b280000)
  to   space 424960K, 0% used [0x0000000907000000,0x0000000907000000,0x0000000920f00000)
 ParOldGen       total 900096K, used 899881K [0x0000000080000000, 0x00000000b6f00000, 0x00000008d5580000)
  object space 900096K, 99% used [0x0000000080000000,0x00000000b6eca498,0x00000000b6f00000)
 Metaspace       used 6612K, capacity 6920K, committed 7168K, reserved 8192K
}
Event: 32.969 GC heap before
{Heap before GC invocations=25 (full 5):
 PSYoungGen      total 1243136K, used 217480K [0x00000008d5580000, 0x000000093b500000, 0x0000000d00000000)
  eden space 813568K, 0% used [0x00000008d5580000,0x00000008d5580000,0x0000000907000000)
  from space 429568K, 50% used [0x0000000920f00000,0x000000092e3622a0,0x000000093b280000)
  to   space 424960K, 0% used [0x0000000907000000,0x0000000907000000,0x0000000920f00000)
 ParOldGen       total 900096K, used 899881K [0x0000000080000000, 0x00000000b6f00000, 0x00000008d5580000)
  object space 900096K, 99% used [0x0000000080000000,0x00000000b6eca498,0x00000000b6f00000)
 Metaspace       used 6612K, capacity 6920K, committed 7168K, reserved 8192K
Event: 37.840 GC heap after
Heap after GC invocations=25 (full 5):
 PSYoungGen      total 1243136K, used 112610K [0x00000008d5580000, 0x000000093b500000, 0x0000000d00000000)
  eden space 813568K, 0% used [0x00000008d5580000,0x00000008d5580000,0x0000000907000000)
  from space 429568K, 26% used [0x0000000920f00000,0x0000000927cf8b20,0x000000093b280000)
  to   space 424960K, 0% used [0x0000000907000000,0x0000000907000000,0x0000000920f00000)
 ParOldGen       total 1299968K, used 899771K [0x0000000080000000, 0x00000000cf580000, 0x00000008d5580000)
  object space 1299968K, 69% used [0x0000000080000000,0x00000000b6eaeed0,0x00000000cf580000)
 Metaspace       used 6612K, capacity 6920K, committed 7168K, reserved 8192K
}
Event: 39.044 GC heap before
{Heap before GC invocations=26 (full 5):
 PSYoungGen      total 1243136K, used 926178K [0x00000008d5580000, 0x000000093b500000, 0x0000000d00000000)
  eden space 813568K, 100% used [0x00000008d5580000,0x0000000907000000,0x0000000907000000)
  from space 429568K, 26% used [0x0000000920f00000,0x0000000927cf8b20,0x000000093b280000)
  to   space 424960K, 0% used [0x0000000907000000,0x0000000907000000,0x0000000920f00000)
 ParOldGen       total 1299968K, used 899771K [0x0000000080000000, 0x00000000cf580000, 0x00000008d5580000)
  object space 1299968K, 69% used [0x0000000080000000,0x00000000b6eaeed0,0x00000000cf580000)
 Metaspace       used 6612K, capacity 6920K, committed 7168K, reserved 8192K
Event: 39.680 GC heap after
Heap after GC invocations=26 (full 5):
 PSYoungGen      total 1238528K, used 246469K [0x00000008d5580000, 0x0000000941e80000, 0x0000000d00000000)
  eden space 813568K, 0% used [0x00000008d5580000,0x00000008d5580000,0x0000000907000000)
  from space 424960K, 57% used [0x0000000907000000,0x00000009160b16b0,0x0000000920f00000)
  to   space 429568K, 0% used [0x0000000927b00000,0x0000000927b00000,0x0000000941e80000)
 ParOldGen       total 1299968K, used 899771K [0x0000000080000000, 0x00000000cf580000, 0x00000008d5580000)
  object space 1299968K, 69% used [0x0000000080000000,0x00000000b6eaeed0,0x00000000cf580000)
 Metaspace       used 6612K, capacity 6920K, committed 7168K, reserved 8192K
}

