# JRE version: Java(TM) SE Runtime Environment (8.0_20-b26) (build 1.8.0_20-b26)
# Java VM: Java HotSpot(TM) 64-Bit Server VM (25.20-b23 mixed mode windows-amd64 )
Heap:
 PSYoungGen      total 941568K, used 517350K [0x00000008d5580000, 0x0000000922280000, 0x0000000d00000000)
  eden space 717824K, 72% used [0x00000008d5580000,0x00000008f4eb9810,0x0000000901280000)
  from space 223744K, 0% used [0x0000000910600000,0x0000000910600000,0x000000091e080000)
  to   space 249344K, 0% used [0x0000000901280000,0x0000000901280000,0x0000000910600000)
 ParOldGen       total 798720K, used 798443K [0x0000000080000000, 0x00000000b0c00000, 0x00000008d5580000)
  object space 798720K, 99% used [0x0000000080000000,0x00000000b0bbace8,0x00000000b0c00000)
 Metaspace       used 7448K, capacity 7512K, committed 7680K, reserved 8192K
GC Heap History (10 events):
Event: 56.366 GC heap before
{Heap before GC invocations=29 (full 13):
 PSYoungGen      total 941568K, used 717824K [0x00000008d5580000, 0x0000000922280000, 0x0000000d00000000)
  eden space 717824K, 100% used [0x00000008d5580000,0x0000000901280000,0x0000000901280000)
  from space 223744K, 0% used [0x0000000910600000,0x0000000910600000,0x000000091e080000)
  to   space 249344K, 0% used [0x0000000901280000,0x0000000901280000,0x0000000910600000)
 ParOldGen       total 798720K, used 798353K [0x0000000080000000, 0x00000000b0c00000, 0x00000008d5580000)
  object space 798720K, 99% used [0x0000000080000000,0x00000000b0ba46b0,0x00000000b0c00000)
 Metaspace       used 6712K, capacity 6984K, committed 7168K, reserved 8192K
Event: 58.918 GC heap after
Heap after GC invocations=29 (full 13):
 PSYoungGen      total 941568K, used 481809K [0x00000008d5580000, 0x0000000922280000, 0x0000000d00000000)
  eden space 717824K, 67% used [0x00000008d5580000,0x00000008f2c04438,0x0000000901280000)
  from space 223744K, 0% used [0x0000000910600000,0x0000000910600000,0x000000091e080000)
  to   space 249344K, 0% used [0x0000000901280000,0x0000000901280000,0x0000000910600000)
 ParOldGen       total 798720K, used 798278K [0x0000000080000000, 0x00000000b0c00000, 0x00000008d5580000)
  object space 798720K, 99% used [0x0000000080000000,0x00000000b0b91ba0,0x00000000b0c00000)
 Metaspace       used 6712K, capacity 6984K, committed 7168K, reserved 8192K
}
Event: 59.165 GC heap before
{Heap before GC invocations=30 (full 14):
 PSYoungGen      total 941568K, used 717824K [0x00000008d5580000, 0x0000000922280000, 0x0000000d00000000)
  eden space 717824K, 100% used [0x00000008d5580000,0x0000000901280000,0x0000000901280000)
  from space 223744K, 0% used [0x0000000910600000,0x0000000910600000,0x000000091e080000)
  to   space 249344K, 0% used [0x0000000901280000,0x0000000901280000,0x0000000910600000)
 ParOldGen       total 798720K, used 798278K [0x0000000080000000, 0x00000000b0c00000, 0x00000008d5580000)
  object space 798720K, 99% used [0x0000000080000000,0x00000000b0b91ba0,0x00000000b0c00000)
 Metaspace       used 6713K, capacity 6984K, committed 7168K, reserved 8192K
Event: 61.800 GC heap after
Heap after GC invocations=30 (full 14):
 PSYoungGen      total 941568K, used 520335K [0x00000008d5580000, 0x0000000922280000, 0x0000000d00000000)
  eden space 717824K, 72% used [0x00000008d5580000,0x00000008f51a3c40,0x0000000901280000)
  from space 223744K, 0% used [0x0000000910600000,0x0000000910600000,0x000000091e080000)
  to   space 249344K, 0% used [0x0000000901280000,0x0000000901280000,0x0000000910600000)
 ParOldGen       total 798720K, used 798277K [0x0000000080000000, 0x00000000b0c00000, 0x00000008d5580000)
  object space 798720K, 99% used [0x0000000080000000,0x00000000b0b91528,0x00000000b0c00000)
 Metaspace       used 6713K, capacity 6984K, committed 7168K, reserved 8192K
}
Event: 62.239 GC heap before
{Heap before GC invocations=31 (full 15):
 PSYoungGen      total 941568K, used 717824K [0x00000008d5580000, 0x0000000922280000, 0x0000000d00000000)
  eden space 717824K, 100% used [0x00000008d5580000,0x0000000901280000,0x0000000901280000)
  from space 223744K, 0% used [0x0000000910600000,0x0000000910600000,0x000000091e080000)
  to   space 249344K, 0% used [0x0000000901280000,0x0000000901280000,0x0000000910600000)
 ParOldGen       total 798720K, used 798277K [0x0000000080000000, 0x00000000b0c00000, 0x00000008d5580000)
  object space 798720K, 99% used [0x0000000080000000,0x00000000b0b91528,0x00000000b0c00000)
 Metaspace       used 6744K, capacity 6984K, committed 7168K, reserved 8192K
Event: 64.993 GC heap after
Heap after GC invocations=31 (full 15):
 PSYoungGen      total 941568K, used 541375K [0x00000008d5580000, 0x0000000922280000, 0x0000000d00000000)
  eden space 717824K, 75% used [0x00000008d5580000,0x00000008f662fc50,0x0000000901280000)
  from space 223744K, 0% used [0x0000000910600000,0x0000000910600000,0x000000091e080000)
  to   space 249344K, 0% used [0x0000000901280000,0x0000000901280000,0x0000000910600000)
 ParOldGen       total 798720K, used 798267K [0x0000000080000000, 0x00000000b0c00000, 0x00000008d5580000)
  object space 798720K, 99% used [0x0000000080000000,0x00000000b0b8ef18,0x00000000b0c00000)
 Metaspace       used 6744K, capacity 6984K, committed 7168K, reserved 8192K
}
Event: 65.370 GC heap before
{Heap before GC invocations=32 (full 16):
 PSYoungGen      total 941568K, used 717824K [0x00000008d5580000, 0x0000000922280000, 0x0000000d00000000)
  eden space 717824K, 100% used [0x00000008d5580000,0x0000000901280000,0x0000000901280000)
  from space 223744K, 0% used [0x0000000910600000,0x0000000910600000,0x000000091e080000)
  to   space 249344K, 0% used [0x0000000901280000,0x0000000901280000,0x0000000910600000)
 ParOldGen       total 798720K, used 798267K [0x0000000080000000, 0x00000000b0c00000, 0x00000008d5580000)
  object space 798720K, 99% used [0x0000000080000000,0x00000000b0b8ef18,0x00000000b0c00000)
 Metaspace       used 6745K, capacity 6984K, committed 7168K, reserved 8192K
Event: 68.501 GC heap after
Heap after GC invocations=32 (full 16):
 PSYoungGen      total 941568K, used 558929K [0x00000008d5580000, 0x0000000922280000, 0x0000000d00000000)
  eden space 717824K, 77% used [0x00000008d5580000,0x00000008f77546f0,0x0000000901280000)
  from space 223744K, 0% used [0x0000000910600000,0x0000000910600000,0x000000091e080000)
  to   space 249344K, 0% used [0x0000000901280000,0x0000000901280000,0x0000000910600000)
 ParOldGen       total 798720K, used 798384K [0x0000000080000000, 0x00000000b0c00000, 0x00000008d5580000)
  object space 798720K, 99% used [0x0000000080000000,0x00000000b0bac3e8,0x00000000b0c00000)
 Metaspace       used 6745K, capacity 6984K, committed 7168K, reserved 8192K
}
Event: 70.297 GC heap before
{Heap before GC invocations=33 (full 17):
 PSYoungGen      total 941568K, used 717824K [0x00000008d5580000, 0x0000000922280000, 0x0000000d00000000)
  eden space 717824K, 100% used [0x00000008d5580000,0x0000000901280000,0x0000000901280000)
  from space 223744K, 0% used [0x0000000910600000,0x0000000910600000,0x000000091e080000)
  to   space 249344K, 0% used [0x0000000901280000,0x0000000901280000,0x0000000910600000)
 ParOldGen       total 798720K, used 798384K [0x0000000080000000, 0x00000000b0c00000, 0x00000008d5580000)
  object space 798720K, 99% used [0x0000000080000000,0x00000000b0bac3e8,0x00000000b0c00000)
 Metaspace       used 7411K, capacity 7512K, committed 7680K, reserved 8192K
Event: 79.399 GC heap after
Heap after GC invocations=33 (full 17):
 PSYoungGen      total 941568K, used 294835K [0x00000008d5580000, 0x0000000922280000, 0x0000000d00000000)
  eden space 717824K, 41% used [0x00000008d5580000,0x00000008e756ce00,0x0000000901280000)
  from space 223744K, 0% used [0x0000000910600000,0x0000000910600000,0x000000091e080000)
  to   space 249344K, 0% used [0x0000000901280000,0x0000000901280000,0x0000000910600000)
 ParOldGen       total 798720K, used 798443K [0x0000000080000000, 0x00000000b0c00000, 0x00000008d5580000)
  object space 798720K, 99% used [0x0000000080000000,0x00000000b0bbace8,0x00000000b0c00000)
 Metaspace       used 7411K, capacity 7512K, committed 7680K, reserved 8192K
}

