# JRE version: Java(TM) SE Runtime Environment (8.0_20-b26) (build 1.8.0_20-b26)
# Java VM: Java HotSpot(TM) 64-Bit Server VM (25.20-b23 mixed mode windows-amd64 )
Heap:
 PSYoungGen      total 925184K, used 295031K [0x00000008d5580000, 0x0000000921700000, 0x0000000d00000000)
  eden space 697856K, 31% used [0x00000008d5580000,0x00000008e2cf5860,0x00000008fff00000)
  from space 227328K, 32% used [0x000000090f500000,0x0000000913da8780,0x000000091d300000)
  to   space 251904K, 0% used [0x00000008fff00000,0x00000008fff00000,0x000000090f500000)
 ParOldGen       total 892416K, used 600573K [0x0000000080000000, 0x00000000b6780000, 0x00000008d5580000)
  object space 892416K, 67% used [0x0000000080000000,0x00000000a4a7f400,0x00000000b6780000)
 Metaspace       used 6589K, capacity 6920K, committed 7168K, reserved 8192K
GC Heap History (10 events):
Event: 16.223 GC heap before
{Heap before GC invocations=16 (full 2):
 PSYoungGen      total 638464K, used 638443K [0x00000008d5580000, 0x0000000910900000, 0x0000000d00000000)
  eden space 501760K, 100% used [0x00000008d5580000,0x00000008f3f80000,0x00000008f3f80000)
  from space 136704K, 99% used [0x00000008f3f80000,0x00000008fc4fad88,0x00000008fc500000)
  to   space 180736K, 0% used [0x0000000905880000,0x0000000905880000,0x0000000910900000)
 ParOldGen       total 370176K, used 291630K [0x0000000080000000, 0x0000000096980000, 0x00000008d5580000)
  object space 370176K, 78% used [0x0000000080000000,0x0000000091ccba28,0x0000000096980000)
 Metaspace       used 6579K, capacity 6856K, committed 6912K, reserved 8192K
Event: 16.526 GC heap after
Heap after GC invocations=16 (full 2):
 PSYoungGen      total 778240K, used 125519K [0x00000008d5580000, 0x0000000912880000, 0x0000000d00000000)
  eden space 597504K, 0% used [0x00000008d5580000,0x00000008d5580000,0x00000008f9d00000)
  from space 180736K, 69% used [0x0000000905880000,0x000000090d313e90,0x0000000910900000)
  to   space 192000K, 0% used [0x00000008f9d00000,0x00000008f9d00000,0x0000000905880000)
 ParOldGen       total 381440K, used 381212K [0x0000000080000000, 0x0000000097480000, 0x00000008d5580000)
  object space 381440K, 99% used [0x0000000080000000,0x0000000097447338,0x0000000097480000)
 Metaspace       used 6579K, capacity 6856K, committed 6912K, reserved 8192K
}
Event: 16.526 GC heap before
{Heap before GC invocations=17 (full 3):
 PSYoungGen      total 778240K, used 125519K [0x00000008d5580000, 0x0000000912880000, 0x0000000d00000000)
  eden space 597504K, 0% used [0x00000008d5580000,0x00000008d5580000,0x00000008f9d00000)
  from space 180736K, 69% used [0x0000000905880000,0x000000090d313e90,0x0000000910900000)
  to   space 192000K, 0% used [0x00000008f9d00000,0x00000008f9d00000,0x0000000905880000)
 ParOldGen       total 381440K, used 381212K [0x0000000080000000, 0x0000000097480000, 0x00000008d5580000)
  object space 381440K, 99% used [0x0000000080000000,0x0000000097447338,0x0000000097480000)
 Metaspace       used 6579K, capacity 6856K, committed 6912K, reserved 8192K
Event: 18.757 GC heap after
Heap after GC invocations=17 (full 3):
 PSYoungGen      total 778240K, used 108374K [0x00000008d5580000, 0x0000000912880000, 0x0000000d00000000)
  eden space 597504K, 0% used [0x00000008d5580000,0x00000008d5580000,0x00000008f9d00000)
  from space 180736K, 59% used [0x0000000905880000,0x000000090c255ba8,0x0000000910900000)
  to   space 192000K, 0% used [0x00000008f9d00000,0x00000008f9d00000,0x0000000905880000)
 ParOldGen       total 600576K, used 381300K [0x0000000080000000, 0x00000000a4a80000, 0x00000008d5580000)
  object space 600576K, 63% used [0x0000000080000000,0x000000009745d360,0x00000000a4a80000)
 Metaspace       used 6579K, capacity 6856K, committed 6912K, reserved 8192K
}
Event: 20.793 GC heap before
{Heap before GC invocations=18 (full 3):
 PSYoungGen      total 778240K, used 705878K [0x00000008d5580000, 0x0000000912880000, 0x0000000d00000000)
  eden space 597504K, 100% used [0x00000008d5580000,0x00000008f9d00000,0x00000008f9d00000)
  from space 180736K, 59% used [0x0000000905880000,0x000000090c255ba8,0x0000000910900000)
  to   space 192000K, 0% used [0x00000008f9d00000,0x00000008f9d00000,0x0000000905880000)
 ParOldGen       total 600576K, used 381300K [0x0000000080000000, 0x00000000a4a80000, 0x00000008d5580000)
  object space 600576K, 63% used [0x0000000080000000,0x000000009745d360,0x00000000a4a80000)
 Metaspace       used 6580K, capacity 6856K, committed 6912K, reserved 8192K
Event: 21.215 GC heap after
Heap after GC invocations=18 (full 3):
 PSYoungGen      total 789504K, used 191972K [0x00000008d5580000, 0x000000091d300000, 0x0000000d00000000)
  eden space 597504K, 0% used [0x00000008d5580000,0x00000008d5580000,0x00000008f9d00000)
  from space 192000K, 99% used [0x00000008f9d00000,0x0000000905879248,0x0000000905880000)
  to   space 227328K, 0% used [0x000000090f500000,0x000000090f500000,0x000000091d300000)
 ParOldGen       total 600576K, used 388411K [0x0000000080000000, 0x00000000a4a80000, 0x00000008d5580000)
  object space 600576K, 64% used [0x0000000080000000,0x0000000097b4ee58,0x00000000a4a80000)
 Metaspace       used 6580K, capacity 6856K, committed 6912K, reserved 8192K
}
Event: 22.936 GC heap before
{Heap before GC invocations=19 (full 3):
 PSYoungGen      total 789504K, used 789476K [0x00000008d5580000, 0x000000091d300000, 0x0000000d00000000)
  eden space 597504K, 100% used [0x00000008d5580000,0x00000008f9d00000,0x00000008f9d00000)
  from space 192000K, 99% used [0x00000008f9d00000,0x0000000905879248,0x0000000905880000)
  to   space 227328K, 0% used [0x000000090f500000,0x000000090f500000,0x000000091d300000)
 ParOldGen       total 600576K, used 388411K [0x0000000080000000, 0x00000000a4a80000, 0x00000008d5580000)
  object space 600576K, 64% used [0x0000000080000000,0x0000000097b4ee58,0x00000000a4a80000)
 Metaspace       used 6583K, capacity 6920K, committed 7168K, reserved 8192K
Event: 23.405 GC heap after
Heap after GC invocations=19 (full 3):
 PSYoungGen      total 925184K, used 187596K [0x00000008d5580000, 0x0000000921700000, 0x0000000d00000000)
  eden space 697856K, 0% used [0x00000008d5580000,0x00000008d5580000,0x00000008fff00000)
  from space 227328K, 82% used [0x000000090f500000,0x000000091ac333d0,0x000000091d300000)
  to   space 251904K, 0% used [0x00000008fff00000,0x00000008fff00000,0x000000090f500000)
 ParOldGen       total 600576K, used 492682K [0x0000000080000000, 0x00000000a4a80000, 0x00000008d5580000)
  object space 600576K, 82% used [0x0000000080000000,0x000000009e122aa0,0x00000000a4a80000)
 Metaspace       used 6583K, capacity 6920K, committed 7168K, reserved 8192K
}
Event: 23.406 GC heap before
{Heap before GC invocations=20 (full 4):
 PSYoungGen      total 925184K, used 187596K [0x00000008d5580000, 0x0000000921700000, 0x0000000d00000000)
  eden space 697856K, 0% used [0x00000008d5580000,0x00000008d5580000,0x00000008fff00000)
  from space 227328K, 82% used [0x000000090f500000,0x000000091ac333d0,0x000000091d300000)
  to   space 251904K, 0% used [0x00000008fff00000,0x00000008fff00000,0x000000090f500000)
 ParOldGen       total 600576K, used 492682K [0x0000000080000000, 0x00000000a4a80000, 0x00000008d5580000)
  object space 600576K, 82% used [0x0000000080000000,0x000000009e122aa0,0x00000000a4a80000)
 Metaspace       used 6583K, capacity 6920K, committed 7168K, reserved 8192K
Event: 26.548 GC heap after
Heap after GC invocations=20 (full 4):
 PSYoungGen      total 925184K, used 74401K [0x00000008d5580000, 0x0000000921700000, 0x0000000d00000000)
  eden space 697856K, 0% used [0x00000008d5580000,0x00000008d5580000,0x00000008fff00000)
  from space 227328K, 32% used [0x000000090f500000,0x0000000913da8780,0x000000091d300000)
  to   space 251904K, 0% used [0x00000008fff00000,0x00000008fff00000,0x000000090f500000)
 ParOldGen       total 892416K, used 600573K [0x0000000080000000, 0x00000000b6780000, 0x00000008d5580000)
  object space 892416K, 67% used [0x0000000080000000,0x00000000a4a7f400,0x00000000b6780000)
 Metaspace       used 6583K, capacity 6920K, committed 7168K, reserved 8192K
}

