# JRE version: Java(TM) SE Runtime Environment (8.0_20-b26) (build 1.8.0_20-b26)
# Java VM: Java HotSpot(TM) 64-Bit Server VM (25.20-b23 mixed mode windows-amd64 )
Heap:
 PSYoungGen      total 1004544K, used 887919K [0x00000008d5580000, 0x000000092f600000, 0x0000000d00000000)
  eden space 755200K, 85% used [0x00000008d5580000,0x00000008fc9acaa0,0x0000000903700000)
  from space 249344K, 98% used [0x0000000903700000,0x00000009125ef2f8,0x0000000912a80000)
  to   space 290816K, 0% used [0x000000091da00000,0x000000091da00000,0x000000092f600000)
 ParOldGen       total 781824K, used 498988K [0x0000000080000000, 0x00000000afb80000, 0x00000008d5580000)
  object space 781824K, 63% used [0x0000000080000000,0x000000009e74b320,0x00000000afb80000)
 Metaspace       used 6604K, capacity 6920K, committed 7168K, reserved 8192K
GC Heap History (10 events):
Event: 14.909 GC heap before
{Heap before GC invocations=15 (full 3):
 PSYoungGen      total 813056K, used 153039K [0x00000008d5580000, 0x0000000915f80000, 0x0000000d00000000)
  eden space 659456K, 0% used [0x00000008d5580000,0x00000008d5580000,0x00000008fd980000)
  from space 153600K, 99% used [0x0000000908a00000,0x0000000911f73d18,0x0000000912000000)
  to   space 180736K, 0% used [0x00000008fd980000,0x00000008fd980000,0x0000000908a00000)
 ParOldGen       total 304640K, used 279530K [0x0000000080000000, 0x0000000092980000, 0x00000008d5580000)
  object space 304640K, 91% used [0x0000000080000000,0x00000000910fa988,0x0000000092980000)
 Metaspace       used 6586K, capacity 6920K, committed 7168K, reserved 8192K
Event: 17.408 GC heap after
Heap after GC invocations=15 (full 3):
 PSYoungGen      total 813056K, used 117465K [0x00000008d5580000, 0x0000000915f80000, 0x0000000d00000000)
  eden space 659456K, 0% used [0x00000008d5580000,0x00000008d5580000,0x00000008fd980000)
  from space 153600K, 76% used [0x0000000908a00000,0x000000090fcb67c0,0x0000000912000000)
  to   space 180736K, 0% used [0x00000008fd980000,0x00000008fd980000,0x0000000908a00000)
 ParOldGen       total 499200K, used 304305K [0x0000000080000000, 0x000000009e780000, 0x00000008d5580000)
  object space 499200K, 60% used [0x0000000080000000,0x000000009292c430,0x000000009e780000)
 Metaspace       used 6586K, capacity 6920K, committed 7168K, reserved 8192K
}
Event: 19.626 GC heap before
{Heap before GC invocations=16 (full 3):
 PSYoungGen      total 813056K, used 776921K [0x00000008d5580000, 0x0000000915f80000, 0x0000000d00000000)
  eden space 659456K, 100% used [0x00000008d5580000,0x00000008fd980000,0x00000008fd980000)
  from space 153600K, 76% used [0x0000000908a00000,0x000000090fcb67c0,0x0000000912000000)
  to   space 180736K, 0% used [0x00000008fd980000,0x00000008fd980000,0x0000000908a00000)
 ParOldGen       total 499200K, used 304305K [0x0000000080000000, 0x000000009e780000, 0x00000008d5580000)
  object space 499200K, 60% used [0x0000000080000000,0x000000009292c430,0x000000009e780000)
 Metaspace       used 6590K, capacity 6920K, committed 7168K, reserved 8192K
Event: 20.040 GC heap after
Heap after GC invocations=16 (full 3):
 PSYoungGen      total 840192K, used 180725K [0x00000008d5580000, 0x0000000920880000, 0x0000000d00000000)
  eden space 659456K, 0% used [0x00000008d5580000,0x00000008d5580000,0x00000008fd980000)
  from space 180736K, 99% used [0x00000008fd980000,0x00000009089fd768,0x0000000908a00000)
  to   space 227328K, 0% used [0x0000000912a80000,0x0000000912a80000,0x0000000920880000)
 ParOldGen       total 499200K, used 345022K [0x0000000080000000, 0x000000009e780000, 0x00000008d5580000)
  object space 499200K, 69% used [0x0000000080000000,0x00000000950ef900,0x000000009e780000)
 Metaspace       used 6590K, capacity 6920K, committed 7168K, reserved 8192K
}
Event: 21.974 GC heap before
{Heap before GC invocations=17 (full 3):
 PSYoungGen      total 840192K, used 840181K [0x00000008d5580000, 0x0000000920880000, 0x0000000d00000000)
  eden space 659456K, 100% used [0x00000008d5580000,0x00000008fd980000,0x00000008fd980000)
  from space 180736K, 99% used [0x00000008fd980000,0x00000009089fd768,0x0000000908a00000)
  to   space 227328K, 0% used [0x0000000912a80000,0x0000000912a80000,0x0000000920880000)
 ParOldGen       total 499200K, used 345022K [0x0000000080000000, 0x000000009e780000, 0x00000008d5580000)
  object space 499200K, 69% used [0x0000000080000000,0x00000000950ef900,0x000000009e780000)
 Metaspace       used 6593K, capacity 6920K, committed 7168K, reserved 8192K
Event: 22.360 GC heap after
Heap after GC invocations=17 (full 3):
 PSYoungGen      total 982528K, used 177804K [0x00000008d5580000, 0x0000000924300000, 0x0000000d00000000)
  eden space 755200K, 0% used [0x00000008d5580000,0x00000008d5580000,0x0000000903700000)
  from space 227328K, 78% used [0x0000000912a80000,0x000000091d8233c0,0x0000000920880000)
  to   space 249344K, 0% used [0x0000000903700000,0x0000000903700000,0x0000000912a80000)
 ParOldGen       total 499200K, used 455426K [0x0000000080000000, 0x000000009e780000, 0x00000008d5580000)
  object space 499200K, 91% used [0x0000000080000000,0x000000009bcc0ae0,0x000000009e780000)
 Metaspace       used 6593K, capacity 6920K, committed 7168K, reserved 8192K
}
Event: 22.360 GC heap before
{Heap before GC invocations=18 (full 4):
 PSYoungGen      total 982528K, used 177804K [0x00000008d5580000, 0x0000000924300000, 0x0000000d00000000)
  eden space 755200K, 0% used [0x00000008d5580000,0x00000008d5580000,0x0000000903700000)
  from space 227328K, 78% used [0x0000000912a80000,0x000000091d8233c0,0x0000000920880000)
  to   space 249344K, 0% used [0x0000000903700000,0x0000000903700000,0x0000000912a80000)
 ParOldGen       total 499200K, used 455426K [0x0000000080000000, 0x000000009e780000, 0x00000008d5580000)
  object space 499200K, 91% used [0x0000000080000000,0x000000009bcc0ae0,0x000000009e780000)
 Metaspace       used 6593K, capacity 6920K, committed 7168K, reserved 8192K
Event: 24.490 GC heap after
Heap after GC invocations=18 (full 4):
 PSYoungGen      total 982528K, used 125797K [0x00000008d5580000, 0x0000000924300000, 0x0000000d00000000)
  eden space 755200K, 0% used [0x00000008d5580000,0x00000008d5580000,0x0000000903700000)
  from space 227328K, 55% used [0x0000000912a80000,0x000000091a559788,0x0000000920880000)
  to   space 249344K, 0% used [0x0000000903700000,0x0000000903700000,0x0000000912a80000)
 ParOldGen       total 781824K, used 498988K [0x0000000080000000, 0x00000000afb80000, 0x00000008d5580000)
  object space 781824K, 63% used [0x0000000080000000,0x000000009e74b320,0x00000000afb80000)
 Metaspace       used 6593K, capacity 6920K, committed 7168K, reserved 8192K
}
Event: 26.586 GC heap before
{Heap before GC invocations=19 (full 4):
 PSYoungGen      total 982528K, used 880997K [0x00000008d5580000, 0x0000000924300000, 0x0000000d00000000)
  eden space 755200K, 100% used [0x00000008d5580000,0x0000000903700000,0x0000000903700000)
  from space 227328K, 55% used [0x0000000912a80000,0x000000091a559788,0x0000000920880000)
  to   space 249344K, 0% used [0x0000000903700000,0x0000000903700000,0x0000000912a80000)
 ParOldGen       total 781824K, used 498988K [0x0000000080000000, 0x00000000afb80000, 0x00000008d5580000)
  object space 781824K, 63% used [0x0000000080000000,0x000000009e74b320,0x00000000afb80000)
 Metaspace       used 6604K, capacity 6920K, committed 7168K, reserved 8192K
Event: 26.986 GC heap after
Heap after GC invocations=19 (full 4):
 PSYoungGen      total 1004544K, used 244668K [0x00000008d5580000, 0x000000092f600000, 0x0000000d00000000)
  eden space 755200K, 0% used [0x00000008d5580000,0x00000008d5580000,0x0000000903700000)
  from space 249344K, 98% used [0x0000000903700000,0x00000009125ef2f8,0x0000000912a80000)
  to   space 290816K, 0% used [0x000000091da00000,0x000000091da00000,0x000000092f600000)
 ParOldGen       total 781824K, used 498988K [0x0000000080000000, 0x00000000afb80000, 0x00000008d5580000)
  object space 781824K, 63% used [0x0000000080000000,0x000000009e74b320,0x00000000afb80000)
 Metaspace       used 6604K, capacity 6920K, committed 7168K, reserved 8192K
}

