# JRE version: Java(TM) SE Runtime Environment (8.0_20-b26) (build 1.8.0_20-b26)
# Java VM: Java HotSpot(TM) 64-Bit Server VM (25.20-b23 mixed mode windows-amd64 )
Heap:
 PSYoungGen      total 1002496K, used 581495K [0x00000008d5580000, 0x0000000929c00000, 0x0000000d00000000)
  eden space 747008K, 77% used [0x00000008d5580000,0x00000008f8d5df80,0x0000000902f00000)
  from space 255488K, 0% used [0x000000091a280000,0x000000091a280000,0x0000000929c00000)
  to   space 214528K, 0% used [0x0000000902f00000,0x0000000902f00000,0x0000000910080000)
 ParOldGen       total 896512K, used 896264K [0x0000000080000000, 0x00000000b6b80000, 0x00000008d5580000)
  object space 896512K, 99% used [0x0000000080000000,0x00000000b6b422b0,0x00000000b6b80000)
 Metaspace       used 6606K, capacity 6920K, committed 7168K, reserved 8192K
GC Heap History (10 events):
Event: 22.629 GC heap before
{Heap before GC invocations=19 (full 4):
 PSYoungGen      total 940544K, used 855093K [0x00000008d5580000, 0x000000091f200000, 0x0000000d00000000)
  eden space 747008K, 100% used [0x00000008d5580000,0x0000000902f00000,0x0000000902f00000)
  from space 193536K, 55% used [0x0000000910080000,0x0000000916a0d5b8,0x000000091bd80000)
  to   space 214528K, 0% used [0x0000000902f00000,0x0000000902f00000,0x0000000910080000)
 ParOldGen       total 821248K, used 519072K [0x0000000080000000, 0x00000000b2200000, 0x00000008d5580000)
  object space 821248K, 63% used [0x0000000080000000,0x000000009fae8260,0x00000000b2200000)
 Metaspace       used 6605K, capacity 6920K, committed 7168K, reserved 8192K
Event: 22.906 GC heap after
Heap after GC invocations=19 (full 4):
 PSYoungGen      total 961536K, used 214499K [0x00000008d5580000, 0x0000000929c00000, 0x0000000d00000000)
  eden space 747008K, 0% used [0x00000008d5580000,0x00000008d5580000,0x0000000902f00000)
  from space 214528K, 99% used [0x0000000902f00000,0x0000000910078c10,0x0000000910080000)
  to   space 255488K, 0% used [0x000000091a280000,0x000000091a280000,0x0000000929c00000)
 ParOldGen       total 821248K, used 529949K [0x0000000080000000, 0x00000000b2200000, 0x00000008d5580000)
  object space 821248K, 64% used [0x0000000080000000,0x00000000a0587720,0x00000000b2200000)
 Metaspace       used 6605K, capacity 6920K, committed 7168K, reserved 8192K
}
Event: 24.813 GC heap before
{Heap before GC invocations=20 (full 4):
 PSYoungGen      total 961536K, used 961507K [0x00000008d5580000, 0x0000000929c00000, 0x0000000d00000000)
  eden space 747008K, 100% used [0x00000008d5580000,0x0000000902f00000,0x0000000902f00000)
  from space 214528K, 99% used [0x0000000902f00000,0x0000000910078c10,0x0000000910080000)
  to   space 255488K, 0% used [0x000000091a280000,0x000000091a280000,0x0000000929c00000)
 ParOldGen       total 821248K, used 529949K [0x0000000080000000, 0x00000000b2200000, 0x00000008d5580000)
  object space 821248K, 64% used [0x0000000080000000,0x00000000a0587720,0x00000000b2200000)
 Metaspace       used 6605K, capacity 6920K, committed 7168K, reserved 8192K
Event: 25.324 GC heap after
Heap after GC invocations=20 (full 4):
 PSYoungGen      total 1002496K, used 255466K [0x00000008d5580000, 0x0000000929c00000, 0x0000000d00000000)
  eden space 747008K, 0% used [0x00000008d5580000,0x00000008d5580000,0x0000000902f00000)
  from space 255488K, 99% used [0x000000091a280000,0x0000000929bfaaf0,0x0000000929c00000)
  to   space 214528K, 0% used [0x0000000902f00000,0x0000000902f00000,0x0000000910080000)
 ParOldGen       total 821248K, used 670233K [0x0000000080000000, 0x00000000b2200000, 0x00000008d5580000)
  object space 821248K, 81% used [0x0000000080000000,0x00000000a8e86418,0x00000000b2200000)
 Metaspace       used 6605K, capacity 6920K, committed 7168K, reserved 8192K
}
Event: 26.650 GC heap before
{Heap before GC invocations=21 (full 4):
 PSYoungGen      total 1002496K, used 1002474K [0x00000008d5580000, 0x0000000929c00000, 0x0000000d00000000)
  eden space 747008K, 100% used [0x00000008d5580000,0x0000000902f00000,0x0000000902f00000)
  from space 255488K, 99% used [0x000000091a280000,0x0000000929bfaaf0,0x0000000929c00000)
  to   space 214528K, 0% used [0x0000000902f00000,0x0000000902f00000,0x0000000910080000)
 ParOldGen       total 821248K, used 670233K [0x0000000080000000, 0x00000000b2200000, 0x00000008d5580000)
  object space 821248K, 81% used [0x0000000080000000,0x00000000a8e86418,0x00000000b2200000)
 Metaspace       used 6605K, capacity 6920K, committed 7168K, reserved 8192K
Event: 27.319 GC heap after
Heap after GC invocations=21 (full 4):
 PSYoungGen      total 1002496K, used 1002474K [0x00000008d5580000, 0x0000000929c00000, 0x0000000d00000000)
  eden space 747008K, 100% used [0x00000008d5580000,0x0000000902f00000,0x0000000902f00000)
  from space 255488K, 99% used [0x000000091a280000,0x0000000929bfaaf0,0x0000000929c00000)
  to   space 214528K, 99% used [0x0000000902f00000,0x000000091007be00,0x0000000910080000)
 ParOldGen       total 896512K, used 896509K [0x0000000080000000, 0x00000000b6b80000, 0x00000008d5580000)
  object space 896512K, 99% used [0x0000000080000000,0x00000000b6b7f650,0x00000000b6b80000)
 Metaspace       used 6605K, capacity 6920K, committed 7168K, reserved 8192K
}
Event: 27.319 GC heap before
{Heap before GC invocations=22 (full 5):
 PSYoungGen      total 1002496K, used 1002474K [0x00000008d5580000, 0x0000000929c00000, 0x0000000d00000000)
  eden space 747008K, 100% used [0x00000008d5580000,0x0000000902f00000,0x0000000902f00000)
  from space 255488K, 99% used [0x000000091a280000,0x0000000929bfaaf0,0x0000000929c00000)
  to   space 214528K, 99% used [0x0000000902f00000,0x000000091007be00,0x0000000910080000)
 ParOldGen       total 896512K, used 896509K [0x0000000080000000, 0x00000000b6b80000, 0x00000008d5580000)
  object space 896512K, 99% used [0x0000000080000000,0x00000000b6b7f650,0x00000000b6b80000)
 Metaspace       used 6605K, capacity 6920K, committed 7168K, reserved 8192K
Event: 30.782 GC heap after
Heap after GC invocations=22 (full 5):
 PSYoungGen      total 1002496K, used 0K [0x00000008d5580000, 0x0000000929c00000, 0x0000000d00000000)
  eden space 747008K, 0% used [0x00000008d5580000,0x00000008d5580000,0x0000000902f00000)
  from space 255488K, 0% used [0x000000091a280000,0x000000091a280000,0x0000000929c00000)
  to   space 214528K, 76% used [0x0000000902f00000,0x000000090ce454b0,0x0000000910080000)
 ParOldGen       total 896512K, used 896349K [0x0000000080000000, 0x00000000b6b80000, 0x00000008d5580000)
  object space 896512K, 99% used [0x0000000080000000,0x00000000b6b57438,0x00000000b6b80000)
 Metaspace       used 6605K, capacity 6920K, committed 7168K, reserved 8192K
}
Event: 32.195 GC heap before
{Heap before GC invocations=23 (full 6):
 PSYoungGen      total 1002496K, used 747008K [0x00000008d5580000, 0x0000000929c00000, 0x0000000d00000000)
  eden space 747008K, 100% used [0x00000008d5580000,0x0000000902f00000,0x0000000902f00000)
  from space 255488K, 0% used [0x000000091a280000,0x000000091a280000,0x0000000929c00000)
  to   space 214528K, 76% used [0x0000000902f00000,0x000000090ce454b0,0x0000000910080000)
 ParOldGen       total 896512K, used 896349K [0x0000000080000000, 0x00000000b6b80000, 0x00000008d5580000)
  object space 896512K, 99% used [0x0000000080000000,0x00000000b6b57438,0x00000000b6b80000)
 Metaspace       used 6605K, capacity 6920K, committed 7168K, reserved 8192K
Event: 35.156 GC heap after
Heap after GC invocations=23 (full 6):
 PSYoungGen      total 1002496K, used 90542K [0x00000008d5580000, 0x0000000929c00000, 0x0000000d00000000)
  eden space 747008K, 12% used [0x00000008d5580000,0x00000008dadeba30,0x0000000902f00000)
  from space 255488K, 0% used [0x000000091a280000,0x000000091a280000,0x0000000929c00000)
  to   space 214528K, 0% used [0x0000000902f00000,0x0000000902f00000,0x0000000910080000)
 ParOldGen       total 896512K, used 896264K [0x0000000080000000, 0x00000000b6b80000, 0x00000008d5580000)
  object space 896512K, 99% used [0x0000000080000000,0x00000000b6b422b0,0x00000000b6b80000)
 Metaspace       used 6605K, capacity 6920K, committed 7168K, reserved 8192K
}

