# JRE version: Java(TM) SE Runtime Environment (8.0_20-b26) (build 1.8.0_20-b26)
# Java VM: Java HotSpot(TM) 64-Bit Server VM (25.20-b23 mixed mode windows-amd64 )
Heap:
 PSYoungGen      total 1140224K, used 592889K [0x00000008d5580000, 0x0000000937780000, 0x0000000d00000000)
  eden space 741888K, 43% used [0x00000008d5580000,0x00000008e90eda90,0x0000000902a00000)
  from space 398336K, 67% used [0x000000091c280000,0x000000092ca10c18,0x0000000934780000)
  to   space 418304K, 0% used [0x0000000902a00000,0x0000000902a00000,0x000000091c280000)
 ParOldGen       total 1257472K, used 930336K [0x0000000080000000, 0x00000000ccc00000, 0x00000008d5580000)
  object space 1257472K, 73% used [0x0000000080000000,0x00000000b8c88310,0x00000000ccc00000)
 Metaspace       used 6608K, capacity 6920K, committed 7168K, reserved 8192K
GC Heap History (10 events):
Event: 23.410 GC heap before
{Heap before GC invocations=21 (full 4):
 PSYoungGen      total 941568K, used 798696K [0x00000008d5580000, 0x0000000923280000, 0x0000000d00000000)
  eden space 701952K, 100% used [0x00000008d5580000,0x0000000900300000,0x0000000900300000)
  from space 239616K, 40% used [0x0000000910500000,0x000000091637a268,0x000000091ef00000)
  to   space 264192K, 0% used [0x0000000900300000,0x0000000900300000,0x0000000910500000)
 ParOldGen       total 884224K, used 598359K [0x0000000080000000, 0x00000000b5f80000, 0x00000008d5580000)
  object space 884224K, 67% used [0x0000000080000000,0x00000000a4855e58,0x00000000b5f80000)
 Metaspace       used 6607K, capacity 6920K, committed 7168K, reserved 8192K
Event: 23.694 GC heap after
Heap after GC invocations=21 (full 4):
 PSYoungGen      total 966144K, used 206250K [0x00000008d5580000, 0x0000000928e80000, 0x0000000d00000000)
  eden space 701952K, 0% used [0x00000008d5580000,0x00000008d5580000,0x0000000900300000)
  from space 264192K, 78% used [0x0000000900300000,0x000000090cc6a948,0x0000000910500000)
  to   space 287744K, 0% used [0x0000000917580000,0x0000000917580000,0x0000000928e80000)
 ParOldGen       total 884224K, used 598359K [0x0000000080000000, 0x00000000b5f80000, 0x00000008d5580000)
  object space 884224K, 67% used [0x0000000080000000,0x00000000a4855e58,0x00000000b5f80000)
 Metaspace       used 6607K, capacity 6920K, committed 7168K, reserved 8192K
}
Event: 25.022 GC heap before
{Heap before GC invocations=22 (full 4):
 PSYoungGen      total 966144K, used 908202K [0x00000008d5580000, 0x0000000928e80000, 0x0000000d00000000)
  eden space 701952K, 100% used [0x00000008d5580000,0x0000000900300000,0x0000000900300000)
  from space 264192K, 78% used [0x0000000900300000,0x000000090cc6a948,0x0000000910500000)
  to   space 287744K, 0% used [0x0000000917580000,0x0000000917580000,0x0000000928e80000)
 ParOldGen       total 884224K, used 598359K [0x0000000080000000, 0x00000000b5f80000, 0x00000008d5580000)
  object space 884224K, 67% used [0x0000000080000000,0x00000000a4855e58,0x00000000b5f80000)
 Metaspace       used 6607K, capacity 6920K, committed 7168K, reserved 8192K
Event: 25.328 GC heap after
Heap after GC invocations=22 (full 4):
 PSYoungGen      total 970752K, used 287737K [0x00000008d5580000, 0x0000000937000000, 0x0000000d00000000)
  eden space 683008K, 0% used [0x00000008d5580000,0x00000008d5580000,0x00000008ff080000)
  from space 287744K, 99% used [0x0000000917580000,0x0000000928e7e778,0x0000000928e80000)
  to   space 398336K, 0% used [0x00000008ff080000,0x00000008ff080000,0x0000000917580000)
 ParOldGen       total 884224K, used 765182K [0x0000000080000000, 0x00000000b5f80000, 0x00000008d5580000)
  object space 884224K, 86% used [0x0000000080000000,0x00000000aeb3fb10,0x00000000b5f80000)
 Metaspace       used 6607K, capacity 6920K, committed 7168K, reserved 8192K
}
Event: 25.328 GC heap before
{Heap before GC invocations=23 (full 5):
 PSYoungGen      total 970752K, used 287737K [0x00000008d5580000, 0x0000000937000000, 0x0000000d00000000)
  eden space 683008K, 0% used [0x00000008d5580000,0x00000008d5580000,0x00000008ff080000)
  from space 287744K, 99% used [0x0000000917580000,0x0000000928e7e778,0x0000000928e80000)
  to   space 398336K, 0% used [0x00000008ff080000,0x00000008ff080000,0x0000000917580000)
 ParOldGen       total 884224K, used 765182K [0x0000000080000000, 0x00000000b5f80000, 0x00000008d5580000)
  object space 884224K, 86% used [0x0000000080000000,0x00000000aeb3fb10,0x00000000b5f80000)
 Metaspace       used 6607K, capacity 6920K, committed 7168K, reserved 8192K
Event: 28.063 GC heap after
Heap after GC invocations=23 (full 5):
 PSYoungGen      total 970752K, used 147420K [0x00000008d5580000, 0x0000000937000000, 0x0000000d00000000)
  eden space 683008K, 0% used [0x00000008d5580000,0x00000008d5580000,0x00000008ff080000)
  from space 287744K, 51% used [0x0000000917580000,0x00000009205771a8,0x0000000928e80000)
  to   space 398336K, 0% used [0x00000008ff080000,0x00000008ff080000,0x0000000917580000)
 ParOldGen       total 1257472K, used 883980K [0x0000000080000000, 0x00000000ccc00000, 0x00000008d5580000)
  object space 1257472K, 70% used [0x0000000080000000,0x00000000b5f432e8,0x00000000ccc00000)
 Metaspace       used 6607K, capacity 6920K, committed 7168K, reserved 8192K
}
Event: 29.586 GC heap before
{Heap before GC invocations=24 (full 5):
 PSYoungGen      total 970752K, used 830428K [0x00000008d5580000, 0x0000000937000000, 0x0000000d00000000)
  eden space 683008K, 100% used [0x00000008d5580000,0x00000008ff080000,0x00000008ff080000)
  from space 287744K, 51% used [0x0000000917580000,0x00000009205771a8,0x0000000928e80000)
  to   space 398336K, 0% used [0x00000008ff080000,0x00000008ff080000,0x0000000917580000)
 ParOldGen       total 1257472K, used 883980K [0x0000000080000000, 0x00000000ccc00000, 0x00000008d5580000)
  object space 1257472K, 70% used [0x0000000080000000,0x00000000b5f432e8,0x00000000ccc00000)
 Metaspace       used 6607K, capacity 6920K, committed 7168K, reserved 8192K
Event: 29.908 GC heap after
Heap after GC invocations=24 (full 5):
 PSYoungGen      total 1081344K, used 213007K [0x00000008d5580000, 0x0000000934780000, 0x0000000d00000000)
  eden space 683008K, 0% used [0x00000008d5580000,0x00000008d5580000,0x00000008ff080000)
  from space 398336K, 53% used [0x00000008ff080000,0x000000090c083fc0,0x0000000917580000)
  to   space 398336K, 0% used [0x000000091c280000,0x000000091c280000,0x0000000934780000)
 ParOldGen       total 1257472K, used 930336K [0x0000000080000000, 0x00000000ccc00000, 0x00000008d5580000)
  object space 1257472K, 73% used [0x0000000080000000,0x00000000b8c88310,0x00000000ccc00000)
 Metaspace       used 6607K, capacity 6920K, committed 7168K, reserved 8192K
}
Event: 30.714 GC heap before
{Heap before GC invocations=25 (full 5):
 PSYoungGen      total 1081344K, used 896015K [0x00000008d5580000, 0x0000000934780000, 0x0000000d00000000)
  eden space 683008K, 100% used [0x00000008d5580000,0x00000008ff080000,0x00000008ff080000)
  from space 398336K, 53% used [0x00000008ff080000,0x000000090c083fc0,0x0000000917580000)
  to   space 398336K, 0% used [0x000000091c280000,0x000000091c280000,0x0000000934780000)
 ParOldGen       total 1257472K, used 930336K [0x0000000080000000, 0x00000000ccc00000, 0x00000008d5580000)
  object space 1257472K, 73% used [0x0000000080000000,0x00000000b8c88310,0x00000000ccc00000)
 Metaspace       used 6607K, capacity 6920K, committed 7168K, reserved 8192K
Event: 30.905 GC heap after
Heap after GC invocations=25 (full 5):
 PSYoungGen      total 1140224K, used 269891K [0x00000008d5580000, 0x0000000937780000, 0x0000000d00000000)
  eden space 741888K, 0% used [0x00000008d5580000,0x00000008d5580000,0x0000000902a00000)
  from space 398336K, 67% used [0x000000091c280000,0x000000092ca10c18,0x0000000934780000)
  to   space 418304K, 0% used [0x0000000902a00000,0x0000000902a00000,0x000000091c280000)
 ParOldGen       total 1257472K, used 930336K [0x0000000080000000, 0x00000000ccc00000, 0x00000008d5580000)
  object space 1257472K, 73% used [0x0000000080000000,0x00000000b8c88310,0x00000000ccc00000)
 Metaspace       used 6607K, capacity 6920K, committed 7168K, reserved 8192K
}

