# JRE version: Java(TM) SE Runtime Environment (8.0_20-b26) (build 1.8.0_20-b26)
# Java VM: Java HotSpot(TM) 64-Bit Server VM (25.20-b23 mixed mode windows-amd64 )
Heap:
 PSYoungGen      total 963072K, used 847673K [0x00000008d5580000, 0x0000000921080000, 0x0000000d00000000)
  eden space 768512K, 95% used [0x00000008d5580000,0x000000090236ec78,0x0000000904400000)
  from space 194560K, 57% used [0x0000000911480000,0x000000091825f988,0x000000091d280000)
  to   space 213504K, 0% used [0x0000000904400000,0x0000000904400000,0x0000000911480000)
 ParOldGen       total 815616K, used 516655K [0x0000000080000000, 0x00000000b1c80000, 0x00000008d5580000)
  object space 815616K, 63% used [0x0000000080000000,0x000000009f88bc60,0x00000000b1c80000)
 Metaspace       used 6734K, capacity 6920K, committed 7168K, reserved 8192K
GC Heap History (10 events):
Event: 11.604 GC heap before
{Heap before GC invocations=14 (full 3):
 PSYoungGen      total 692736K, used 70131K [0x00000008d5580000, 0x000000090e000000, 0x0000000d00000000)
  eden space 573952K, 0% used [0x00000008d5580000,0x00000008d5580000,0x00000008f8600000)
  from space 118784K, 59% used [0x00000008f8600000,0x00000008fca7ccd8,0x00000008ffa00000)
  to   space 121856K, 0% used [0x0000000906900000,0x0000000906900000,0x000000090e000000)
 ParOldGen       total 308736K, used 275042K [0x0000000080000000, 0x0000000092d80000, 0x00000008d5580000)
  object space 308736K, 89% used [0x0000000080000000,0x0000000090c98b10,0x0000000092d80000)
 Metaspace       used 6702K, capacity 6920K, committed 7168K, reserved 8192K
Event: 12.745 GC heap after
Heap after GC invocations=14 (full 3):
 PSYoungGen      total 692736K, used 27373K [0x00000008d5580000, 0x000000090e000000, 0x0000000d00000000)
  eden space 573952K, 0% used [0x00000008d5580000,0x00000008d5580000,0x00000008f8600000)
  from space 118784K, 23% used [0x00000008f8600000,0x00000008fa0bb410,0x00000008ffa00000)
  to   space 121856K, 0% used [0x0000000906900000,0x0000000906900000,0x000000090e000000)
 ParOldGen       total 517120K, used 308258K [0x0000000080000000, 0x000000009f900000, 0x00000008d5580000)
  object space 517120K, 59% used [0x0000000080000000,0x0000000092d08800,0x000000009f900000)
 Metaspace       used 6702K, capacity 6920K, committed 7168K, reserved 8192K
}
Event: 14.784 GC heap before
{Heap before GC invocations=15 (full 3):
 PSYoungGen      total 692736K, used 601325K [0x00000008d5580000, 0x000000090e000000, 0x0000000d00000000)
  eden space 573952K, 100% used [0x00000008d5580000,0x00000008f8600000,0x00000008f8600000)
  from space 118784K, 23% used [0x00000008f8600000,0x00000008fa0bb410,0x00000008ffa00000)
  to   space 121856K, 0% used [0x0000000906900000,0x0000000906900000,0x000000090e000000)
 ParOldGen       total 517120K, used 308258K [0x0000000080000000, 0x000000009f900000, 0x00000008d5580000)
  object space 517120K, 59% used [0x0000000080000000,0x0000000092d08800,0x000000009f900000)
 Metaspace       used 6717K, capacity 6920K, committed 7168K, reserved 8192K
Event: 15.014 GC heap after
Heap after GC invocations=15 (full 3):
 PSYoungGen      total 787456K, used 116372K [0x00000008d5580000, 0x000000090f500000, 0x0000000d00000000)
  eden space 665600K, 0% used [0x00000008d5580000,0x00000008d5580000,0x00000008fdf80000)
  from space 121856K, 95% used [0x0000000906900000,0x000000090daa5118,0x000000090e000000)
  to   space 140800K, 0% used [0x00000008fdf80000,0x00000008fdf80000,0x0000000906900000)
 ParOldGen       total 517120K, used 308258K [0x0000000080000000, 0x000000009f900000, 0x00000008d5580000)
  object space 517120K, 59% used [0x0000000080000000,0x0000000092d08800,0x000000009f900000)
 Metaspace       used 6717K, capacity 6920K, committed 7168K, reserved 8192K
}
Event: 16.692 GC heap before
{Heap before GC invocations=16 (full 3):
 PSYoungGen      total 787456K, used 781972K [0x00000008d5580000, 0x000000090f500000, 0x0000000d00000000)
  eden space 665600K, 100% used [0x00000008d5580000,0x00000008fdf80000,0x00000008fdf80000)
  from space 121856K, 95% used [0x0000000906900000,0x000000090daa5118,0x000000090e000000)
  to   space 140800K, 0% used [0x00000008fdf80000,0x00000008fdf80000,0x0000000906900000)
 ParOldGen       total 517120K, used 308258K [0x0000000080000000, 0x000000009f900000, 0x00000008d5580000)
  object space 517120K, 59% used [0x0000000080000000,0x0000000092d08800,0x000000009f900000)
 Metaspace       used 6720K, capacity 6920K, committed 7168K, reserved 8192K
Event: 16.941 GC heap after
Heap after GC invocations=16 (full 3):
 PSYoungGen      total 806400K, used 140778K [0x00000008d5580000, 0x000000091d280000, 0x0000000d00000000)
  eden space 665600K, 0% used [0x00000008d5580000,0x00000008d5580000,0x00000008fdf80000)
  from space 140800K, 99% used [0x00000008fdf80000,0x00000009068fabe8,0x0000000906900000)
  to   space 194560K, 0% used [0x0000000911480000,0x0000000911480000,0x000000091d280000)
 ParOldGen       total 517120K, used 388833K [0x0000000080000000, 0x000000009f900000, 0x00000008d5580000)
  object space 517120K, 75% used [0x0000000080000000,0x0000000097bb87d8,0x000000009f900000)
 Metaspace       used 6720K, capacity 6920K, committed 7168K, reserved 8192K
}
Event: 18.546 GC heap before
{Heap before GC invocations=17 (full 3):
 PSYoungGen      total 806400K, used 806378K [0x00000008d5580000, 0x000000091d280000, 0x0000000d00000000)
  eden space 665600K, 100% used [0x00000008d5580000,0x00000008fdf80000,0x00000008fdf80000)
  from space 140800K, 99% used [0x00000008fdf80000,0x00000009068fabe8,0x0000000906900000)
  to   space 194560K, 0% used [0x0000000911480000,0x0000000911480000,0x000000091d280000)
 ParOldGen       total 517120K, used 388833K [0x0000000080000000, 0x000000009f900000, 0x00000008d5580000)
  object space 517120K, 75% used [0x0000000080000000,0x0000000097bb87d8,0x000000009f900000)
 Metaspace       used 6723K, capacity 6920K, committed 7168K, reserved 8192K
Event: 18.977 GC heap after
Heap after GC invocations=17 (full 3):
 PSYoungGen      total 963072K, used 153750K [0x00000008d5580000, 0x0000000921080000, 0x0000000d00000000)
  eden space 768512K, 0% used [0x00000008d5580000,0x00000008d5580000,0x0000000904400000)
  from space 194560K, 79% used [0x0000000911480000,0x000000091aaa5838,0x000000091d280000)
  to   space 213504K, 0% used [0x0000000904400000,0x0000000904400000,0x0000000911480000)
 ParOldGen       total 517120K, used 485042K [0x0000000080000000, 0x000000009f900000, 0x00000008d5580000)
  object space 517120K, 93% used [0x0000000080000000,0x000000009d9ac9d0,0x000000009f900000)
 Metaspace       used 6723K, capacity 6920K, committed 7168K, reserved 8192K
}
Event: 18.977 GC heap before
{Heap before GC invocations=18 (full 4):
 PSYoungGen      total 963072K, used 153750K [0x00000008d5580000, 0x0000000921080000, 0x0000000d00000000)
  eden space 768512K, 0% used [0x00000008d5580000,0x00000008d5580000,0x0000000904400000)
  from space 194560K, 79% used [0x0000000911480000,0x000000091aaa5838,0x000000091d280000)
  to   space 213504K, 0% used [0x0000000904400000,0x0000000904400000,0x0000000911480000)
 ParOldGen       total 517120K, used 485042K [0x0000000080000000, 0x000000009f900000, 0x00000008d5580000)
  object space 517120K, 93% used [0x0000000080000000,0x000000009d9ac9d0,0x000000009f900000)
 Metaspace       used 6723K, capacity 6920K, committed 7168K, reserved 8192K
Event: 21.416 GC heap after
Heap after GC invocations=18 (full 4):
 PSYoungGen      total 963072K, used 112510K [0x00000008d5580000, 0x0000000921080000, 0x0000000d00000000)
  eden space 768512K, 0% used [0x00000008d5580000,0x00000008d5580000,0x0000000904400000)
  from space 194560K, 57% used [0x0000000911480000,0x000000091825f988,0x000000091d280000)
  to   space 213504K, 0% used [0x0000000904400000,0x0000000904400000,0x0000000911480000)
 ParOldGen       total 815616K, used 516655K [0x0000000080000000, 0x00000000b1c80000, 0x00000008d5580000)
  object space 815616K, 63% used [0x0000000080000000,0x000000009f88bc60,0x00000000b1c80000)
 Metaspace       used 6723K, capacity 6920K, committed 7168K, reserved 8192K
}

