# JRE version: Java(TM) SE Runtime Environment (8.0_20-b26) (build 1.8.0_20-b26)
# Java VM: Java HotSpot(TM) 64-Bit Server VM (25.20-b23 mixed mode windows-amd64 )
Heap:
 PSYoungGen      total 1242624K, used 381489K [0x00000008d5580000, 0x0000000945980000, 0x0000000d00000000)
  eden space 712704K, 17% used [0x00000008d5580000,0x00000008dd1557d8,0x0000000900d80000)
  from space 529920K, 48% used [0x0000000925400000,0x0000000934cb6db8,0x0000000945980000)
  to   space 563200K, 0% used [0x0000000900d80000,0x0000000900d80000,0x0000000923380000)
 ParOldGen       total 1405952K, used 1009586K [0x0000000080000000, 0x00000000d5d00000, 0x00000008d5580000)
  object space 1405952K, 71% used [0x0000000080000000,0x00000000bd9ec8e0,0x00000000d5d00000)
 Metaspace       used 7444K, capacity 7512K, committed 7680K, reserved 8192K
GC Heap History (10 events):
Event: 63.496 GC heap before
{Heap before GC invocations=30 (full 5):
 PSYoungGen      total 1041408K, used 923718K [0x00000008d5580000, 0x000000092ee80000, 0x0000000d00000000)
  eden space 663552K, 100% used [0x00000008d5580000,0x00000008fdd80000,0x00000008fdd80000)
  from space 377856K, 68% used [0x0000000916180000,0x0000000925f91830,0x000000092d280000)
  to   space 397312K, 0% used [0x00000008fdd80000,0x00000008fdd80000,0x0000000916180000)
 ParOldGen       total 1009664K, used 764957K [0x0000000080000000, 0x00000000bda00000, 0x00000008d5580000)
  object space 1009664K, 75% used [0x0000000080000000,0x00000000aeb074a0,0x00000000bda00000)
 Metaspace       used 6594K, capacity 6920K, committed 7168K, reserved 8192K
Event: 63.901 GC heap after
Heap after GC invocations=30 (full 5):
 PSYoungGen      total 1060864K, used 366957K [0x00000008d5580000, 0x0000000938880000, 0x0000000d00000000)
  eden space 663552K, 0% used [0x00000008d5580000,0x00000008d5580000,0x00000008fdd80000)
  from space 397312K, 92% used [0x00000008fdd80000,0x00000009143db5a0,0x0000000916180000)
  to   space 451584K, 0% used [0x000000091cf80000,0x000000091cf80000,0x0000000938880000)
 ParOldGen       total 1009664K, used 764957K [0x0000000080000000, 0x00000000bda00000, 0x00000008d5580000)
  object space 1009664K, 75% used [0x0000000080000000,0x00000000aeb074a0,0x00000000bda00000)
 Metaspace       used 6594K, capacity 6920K, committed 7168K, reserved 8192K
}
Event: 65.841 GC heap before
{Heap before GC invocations=31 (full 5):
 PSYoungGen      total 1060864K, used 1030509K [0x00000008d5580000, 0x0000000938880000, 0x0000000d00000000)
  eden space 663552K, 100% used [0x00000008d5580000,0x00000008fdd80000,0x00000008fdd80000)
  from space 397312K, 92% used [0x00000008fdd80000,0x00000009143db5a0,0x0000000916180000)
  to   space 451584K, 0% used [0x000000091cf80000,0x000000091cf80000,0x0000000938880000)
 ParOldGen       total 1009664K, used 764957K [0x0000000080000000, 0x00000000bda00000, 0x00000008d5580000)
  object space 1009664K, 75% used [0x0000000080000000,0x00000000aeb074a0,0x00000000bda00000)
 Metaspace       used 6698K, capacity 6920K, committed 7168K, reserved 8192K
Event: 66.406 GC heap after
Heap after GC invocations=31 (full 5):
 PSYoungGen      total 1095680K, used 451583K [0x00000008d5580000, 0x0000000942e80000, 0x0000000d00000000)
  eden space 644096K, 0% used [0x00000008d5580000,0x00000008d5580000,0x00000008fca80000)
  from space 451584K, 99% used [0x000000091cf80000,0x000000093887fd28,0x0000000938880000)
  to   space 529408K, 0% used [0x00000008fca80000,0x00000008fca80000,0x000000091cf80000)
 ParOldGen       total 1009664K, used 775034K [0x0000000080000000, 0x00000000bda00000, 0x00000008d5580000)
  object space 1009664K, 76% used [0x0000000080000000,0x00000000af4deae8,0x00000000bda00000)
 Metaspace       used 6698K, capacity 6920K, committed 7168K, reserved 8192K
}
Event: 69.833 GC heap before
{Heap before GC invocations=32 (full 5):
 PSYoungGen      total 1095680K, used 1095679K [0x00000008d5580000, 0x0000000942e80000, 0x0000000d00000000)
  eden space 644096K, 100% used [0x00000008d5580000,0x00000008fca80000,0x00000008fca80000)
  from space 451584K, 99% used [0x000000091cf80000,0x000000093887fd28,0x0000000938880000)
  to   space 529408K, 0% used [0x00000008fca80000,0x00000008fca80000,0x000000091cf80000)
 ParOldGen       total 1009664K, used 775034K [0x0000000080000000, 0x00000000bda00000, 0x00000008d5580000)
  object space 1009664K, 76% used [0x0000000080000000,0x00000000af4deae8,0x00000000bda00000)
 Metaspace       used 6962K, capacity 7176K, committed 7424K, reserved 8192K
Event: 70.529 GC heap after
Heap after GC invocations=32 (full 5):
 PSYoungGen      total 1173504K, used 457472K [0x00000008d5580000, 0x0000000949480000, 0x0000000d00000000)
  eden space 644096K, 0% used [0x00000008d5580000,0x00000008d5580000,0x00000008fca80000)
  from space 529408K, 86% used [0x00000008fca80000,0x00000009189400b0,0x000000091cf80000)
  to   space 590336K, 0% used [0x0000000925400000,0x0000000925400000,0x0000000949480000)
 ParOldGen       total 1009664K, used 899917K [0x0000000080000000, 0x00000000bda00000, 0x00000008d5580000)
  object space 1009664K, 89% used [0x0000000080000000,0x00000000b6ed35f8,0x00000000bda00000)
 Metaspace       used 6962K, capacity 7176K, committed 7424K, reserved 8192K
}
Event: 70.530 GC heap before
{Heap before GC invocations=33 (full 6):
 PSYoungGen      total 1173504K, used 457472K [0x00000008d5580000, 0x0000000949480000, 0x0000000d00000000)
  eden space 644096K, 0% used [0x00000008d5580000,0x00000008d5580000,0x00000008fca80000)
  from space 529408K, 86% used [0x00000008fca80000,0x00000009189400b0,0x000000091cf80000)
  to   space 590336K, 0% used [0x0000000925400000,0x0000000925400000,0x0000000949480000)
 ParOldGen       total 1009664K, used 899917K [0x0000000080000000, 0x00000000bda00000, 0x00000008d5580000)
  object space 1009664K, 89% used [0x0000000080000000,0x00000000b6ed35f8,0x00000000bda00000)
 Metaspace       used 6962K, capacity 7176K, committed 7424K, reserved 8192K
Event: 78.320 GC heap after
Heap after GC invocations=33 (full 6):
 PSYoungGen      total 1173504K, used 216882K [0x00000008d5580000, 0x0000000949480000, 0x0000000d00000000)
  eden space 644096K, 0% used [0x00000008d5580000,0x00000008d5580000,0x00000008fca80000)
  from space 529408K, 40% used [0x00000008fca80000,0x0000000909e4c990,0x000000091cf80000)
  to   space 590336K, 0% used [0x0000000925400000,0x0000000925400000,0x0000000949480000)
 ParOldGen       total 1405952K, used 1009586K [0x0000000080000000, 0x00000000d5d00000, 0x00000008d5580000)
  object space 1405952K, 71% used [0x0000000080000000,0x00000000bd9ec8e0,0x00000000d5d00000)
 Metaspace       used 6962K, capacity 7176K, committed 7424K, reserved 8192K
}
Event: 81.416 GC heap before
{Heap before GC invocations=34 (full 6):
 PSYoungGen      total 1173504K, used 860978K [0x00000008d5580000, 0x0000000949480000, 0x0000000d00000000)
  eden space 644096K, 100% used [0x00000008d5580000,0x00000008fca80000,0x00000008fca80000)
  from space 529408K, 40% used [0x00000008fca80000,0x0000000909e4c990,0x000000091cf80000)
  to   space 590336K, 0% used [0x0000000925400000,0x0000000925400000,0x0000000949480000)
 ParOldGen       total 1405952K, used 1009586K [0x0000000080000000, 0x00000000d5d00000, 0x00000008d5580000)
  object space 1405952K, 71% used [0x0000000080000000,0x00000000bd9ec8e0,0x00000000d5d00000)
 Metaspace       used 7116K, capacity 7368K, committed 7424K, reserved 8192K
Event: 82.052 GC heap after
Heap after GC invocations=34 (full 6):
 PSYoungGen      total 1242624K, used 254683K [0x00000008d5580000, 0x0000000945980000, 0x0000000d00000000)
  eden space 712704K, 0% used [0x00000008d5580000,0x00000008d5580000,0x0000000900d80000)
  from space 529920K, 48% used [0x0000000925400000,0x0000000934cb6db8,0x0000000945980000)
  to   space 563200K, 0% used [0x0000000900d80000,0x0000000900d80000,0x0000000923380000)
 ParOldGen       total 1405952K, used 1009586K [0x0000000080000000, 0x00000000d5d00000, 0x00000008d5580000)
  object space 1405952K, 71% used [0x0000000080000000,0x00000000bd9ec8e0,0x00000000d5d00000)
 Metaspace       used 7116K, capacity 7368K, committed 7424K, reserved 8192K
}

