# JRE version: Java(TM) SE Runtime Environment (8.0_20-b26) (build 1.8.0_20-b26)
# Java VM: Java HotSpot(TM) 64-Bit Server VM (25.20-b23 mixed mode windows-amd64 )
Heap:
 PSYoungGen      total 916992K, used 634291K [0x00000008d5580000, 0x000000091d800000, 0x0000000d00000000)
  eden space 725504K, 87% used [0x00000008d5580000,0x00000008fc0ecec0,0x0000000901a00000)
  from space 191488K, 0% used [0x000000090ea00000,0x000000090ea00000,0x000000091a500000)
  to   space 212992K, 0% used [0x0000000901a00000,0x0000000901a00000,0x000000090ea00000)
 ParOldGen       total 823296K, used 823263K [0x0000000080000000, 0x00000000b2400000, 0x00000008d5580000)
  object space 823296K, 99% used [0x0000000080000000,0x00000000b23f7e68,0x00000000b2400000)
 Metaspace       used 6980K, capacity 7240K, committed 7424K, reserved 8192K
GC Heap History (10 events):
Event: 47.221 GC heap before
{Heap before GC invocations=26 (full 10):
 PSYoungGen      total 916992K, used 725504K [0x00000008d5580000, 0x000000091d800000, 0x0000000d00000000)
  eden space 725504K, 100% used [0x00000008d5580000,0x0000000901a00000,0x0000000901a00000)
  from space 191488K, 0% used [0x000000090ea00000,0x000000090ea00000,0x000000091a500000)
  to   space 212992K, 0% used [0x0000000901a00000,0x0000000901a00000,0x000000090ea00000)
 ParOldGen       total 823296K, used 823047K [0x0000000080000000, 0x00000000b2400000, 0x00000008d5580000)
  object space 823296K, 99% used [0x0000000080000000,0x00000000b23c1f20,0x00000000b2400000)
 Metaspace       used 6597K, capacity 6920K, committed 7168K, reserved 8192K
Event: 50.457 GC heap after
Heap after GC invocations=26 (full 10):
 PSYoungGen      total 916992K, used 338361K [0x00000008d5580000, 0x000000091d800000, 0x0000000d00000000)
  eden space 725504K, 46% used [0x00000008d5580000,0x00000008e9fee4d0,0x0000000901a00000)
  from space 191488K, 0% used [0x000000090ea00000,0x000000090ea00000,0x000000091a500000)
  to   space 212992K, 0% used [0x0000000901a00000,0x0000000901a00000,0x000000090ea00000)
 ParOldGen       total 823296K, used 823038K [0x0000000080000000, 0x00000000b2400000, 0x00000008d5580000)
  object space 823296K, 99% used [0x0000000080000000,0x00000000b23bf838,0x00000000b2400000)
 Metaspace       used 6597K, capacity 6920K, committed 7168K, reserved 8192K
}
Event: 51.174 GC heap before
{Heap before GC invocations=27 (full 11):
 PSYoungGen      total 916992K, used 725504K [0x00000008d5580000, 0x000000091d800000, 0x0000000d00000000)
  eden space 725504K, 100% used [0x00000008d5580000,0x0000000901a00000,0x0000000901a00000)
  from space 191488K, 0% used [0x000000090ea00000,0x000000090ea00000,0x000000091a500000)
  to   space 212992K, 0% used [0x0000000901a00000,0x0000000901a00000,0x000000090ea00000)
 ParOldGen       total 823296K, used 823251K [0x0000000080000000, 0x00000000b2400000, 0x00000008d5580000)
  object space 823296K, 99% used [0x0000000080000000,0x00000000b23f4ea0,0x00000000b2400000)
 Metaspace       used 6662K, capacity 6920K, committed 7168K, reserved 8192K
Event: 56.800 GC heap after
Heap after GC invocations=27 (full 11):
 PSYoungGen      total 916992K, used 390621K [0x00000008d5580000, 0x000000091d800000, 0x0000000d00000000)
  eden space 725504K, 53% used [0x00000008d5580000,0x00000008ed2f76b0,0x0000000901a00000)
  from space 191488K, 0% used [0x000000090ea00000,0x000000090ea00000,0x000000091a500000)
  to   space 212992K, 0% used [0x0000000901a00000,0x0000000901a00000,0x000000090ea00000)
 ParOldGen       total 823296K, used 823034K [0x0000000080000000, 0x00000000b2400000, 0x00000008d5580000)
  object space 823296K, 99% used [0x0000000080000000,0x00000000b23be9d0,0x00000000b2400000)
 Metaspace       used 6662K, capacity 6920K, committed 7168K, reserved 8192K
}
Event: 57.350 GC heap before
{Heap before GC invocations=28 (full 12):
 PSYoungGen      total 916992K, used 725504K [0x00000008d5580000, 0x000000091d800000, 0x0000000d00000000)
  eden space 725504K, 100% used [0x00000008d5580000,0x0000000901a00000,0x0000000901a00000)
  from space 191488K, 0% used [0x000000090ea00000,0x000000090ea00000,0x000000091a500000)
  to   space 212992K, 0% used [0x0000000901a00000,0x0000000901a00000,0x000000090ea00000)
 ParOldGen       total 823296K, used 823035K [0x0000000080000000, 0x00000000b2400000, 0x00000008d5580000)
  object space 823296K, 99% used [0x0000000080000000,0x00000000b23beec8,0x00000000b2400000)
 Metaspace       used 6699K, capacity 6984K, committed 7168K, reserved 8192K
Event: 62.585 GC heap after
Heap after GC invocations=28 (full 12):
 PSYoungGen      total 916992K, used 437169K [0x00000008d5580000, 0x000000091d800000, 0x0000000d00000000)
  eden space 725504K, 60% used [0x00000008d5580000,0x00000008f006c578,0x0000000901a00000)
  from space 191488K, 0% used [0x000000090ea00000,0x000000090ea00000,0x000000091a500000)
  to   space 212992K, 0% used [0x0000000901a00000,0x0000000901a00000,0x000000090ea00000)
 ParOldGen       total 823296K, used 823177K [0x0000000080000000, 0x00000000b2400000, 0x00000008d5580000)
  object space 823296K, 99% used [0x0000000080000000,0x00000000b23e27b0,0x00000000b2400000)
 Metaspace       used 6699K, capacity 6984K, committed 7168K, reserved 8192K
}
Event: 63.039 GC heap before
{Heap before GC invocations=29 (full 13):
 PSYoungGen      total 916992K, used 725504K [0x00000008d5580000, 0x000000091d800000, 0x0000000d00000000)
  eden space 725504K, 100% used [0x00000008d5580000,0x0000000901a00000,0x0000000901a00000)
  from space 191488K, 0% used [0x000000090ea00000,0x000000090ea00000,0x000000091a500000)
  to   space 212992K, 0% used [0x0000000901a00000,0x0000000901a00000,0x000000090ea00000)
 ParOldGen       total 823296K, used 823177K [0x0000000080000000, 0x00000000b2400000, 0x00000008d5580000)
  object space 823296K, 99% used [0x0000000080000000,0x00000000b23e27b0,0x00000000b2400000)
 Metaspace       used 6699K, capacity 6984K, committed 7168K, reserved 8192K
Event: 65.837 GC heap after
Heap after GC invocations=29 (full 13):
 PSYoungGen      total 916992K, used 481401K [0x00000008d5580000, 0x000000091d800000, 0x0000000d00000000)
  eden space 725504K, 66% used [0x00000008d5580000,0x00000008f2b9e640,0x0000000901a00000)
  from space 191488K, 0% used [0x000000090ea00000,0x000000090ea00000,0x000000091a500000)
  to   space 212992K, 0% used [0x0000000901a00000,0x0000000901a00000,0x000000090ea00000)
 ParOldGen       total 823296K, used 823176K [0x0000000080000000, 0x00000000b2400000, 0x00000008d5580000)
  object space 823296K, 99% used [0x0000000080000000,0x00000000b23e2390,0x00000000b2400000)
 Metaspace       used 6699K, capacity 6984K, committed 7168K, reserved 8192K
}
Event: 66.861 GC heap before
{Heap before GC invocations=30 (full 14):
 PSYoungGen      total 916992K, used 725504K [0x00000008d5580000, 0x000000091d800000, 0x0000000d00000000)
  eden space 725504K, 100% used [0x00000008d5580000,0x0000000901a00000,0x0000000901a00000)
  from space 191488K, 0% used [0x000000090ea00000,0x000000090ea00000,0x000000091a500000)
  to   space 212992K, 0% used [0x0000000901a00000,0x0000000901a00000,0x000000090ea00000)
 ParOldGen       total 823296K, used 823176K [0x0000000080000000, 0x00000000b2400000, 0x00000008d5580000)
  object space 823296K, 99% used [0x0000000080000000,0x00000000b23e2390,0x00000000b2400000)
 Metaspace       used 6860K, capacity 7112K, committed 7168K, reserved 8192K
Event: 71.846 GC heap after
Heap after GC invocations=30 (full 14):
 PSYoungGen      total 916992K, used 524100K [0x00000008d5580000, 0x000000091d800000, 0x0000000d00000000)
  eden space 725504K, 72% used [0x00000008d5580000,0x00000008f5551158,0x0000000901a00000)
  from space 191488K, 0% used [0x000000090ea00000,0x000000090ea00000,0x000000091a500000)
  to   space 212992K, 0% used [0x0000000901a00000,0x0000000901a00000,0x000000090ea00000)
 ParOldGen       total 823296K, used 823263K [0x0000000080000000, 0x00000000b2400000, 0x00000008d5580000)
  object space 823296K, 99% used [0x0000000080000000,0x00000000b23f7e68,0x00000000b2400000)
 Metaspace       used 6860K, capacity 7112K, committed 7168K, reserved 8192K
}

