# JRE version: Java(TM) SE Runtime Environment (8.0_20-b26) (build 1.8.0_20-b26)
# Java VM: Java HotSpot(TM) 64-Bit Server VM (25.20-b23 mixed mode windows-amd64 )
Heap:
 PSYoungGen      total 588800K, used 501248K [0x00000008d5580000, 0x0000000901200000, 0x0000000d00000000)
  eden space 501248K, 100% used [0x00000008d5580000,0x00000008f3f00000,0x00000008f3f00000)
  from space 87552K, 0% used [0x00000008fbc80000,0x00000008fbc80000,0x0000000901200000)
  to   space 108032K, 0% used [0x00000008f3f00000,0x00000008f3f00000,0x00000008fa880000)
 ParOldGen       total 477184K, used 477122K [0x0000000080000000, 0x000000009d200000, 0x00000008d5580000)
  object space 477184K, 99% used [0x0000000080000000,0x000000009d1f09c8,0x000000009d200000)
 Metaspace       used 6583K, capacity 6920K, committed 7168K, reserved 8192K
GC Heap History (10 events):
Event: 18.113 GC heap before
{Heap before GC invocations=17 (full 3):
 PSYoungGen      total 547328K, used 443904K [0x00000008d5580000, 0x0000000902080000, 0x0000000d00000000)
  eden space 443904K, 100% used [0x00000008d5580000,0x00000008f0700000,0x00000008f0700000)
  from space 103424K, 0% used [0x00000008f0700000,0x00000008f0700000,0x00000008f6c00000)
  to   space 102400K, 0% used [0x00000008fbc80000,0x00000008fbc80000,0x0000000902080000)
 ParOldGen       total 477184K, used 284937K [0x0000000080000000, 0x000000009d200000, 0x00000008d5580000)
  object space 477184K, 59% used [0x0000000080000000,0x0000000091642470,0x000000009d200000)
 Metaspace       used 6564K, capacity 6856K, committed 6912K, reserved 8192K
Event: 18.223 GC heap after
Heap after GC invocations=17 (full 3):
 PSYoungGen      total 588800K, used 69136K [0x00000008d5580000, 0x0000000901200000, 0x0000000d00000000)
  eden space 501248K, 0% used [0x00000008d5580000,0x00000008d5580000,0x00000008f3f00000)
  from space 87552K, 78% used [0x00000008fbc80000,0x0000000900004030,0x0000000901200000)
  to   space 108032K, 0% used [0x00000008f3f00000,0x00000008f3f00000,0x00000008fa880000)
 ParOldGen       total 477184K, used 284937K [0x0000000080000000, 0x000000009d200000, 0x00000008d5580000)
  object space 477184K, 59% used [0x0000000080000000,0x0000000091642470,0x000000009d200000)
 Metaspace       used 6564K, capacity 6856K, committed 6912K, reserved 8192K
}
Event: 25.685 GC heap before
{Heap before GC invocations=18 (full 3):
 PSYoungGen      total 588800K, used 570384K [0x00000008d5580000, 0x0000000901200000, 0x0000000d00000000)
  eden space 501248K, 100% used [0x00000008d5580000,0x00000008f3f00000,0x00000008f3f00000)
  from space 87552K, 78% used [0x00000008fbc80000,0x0000000900004030,0x0000000901200000)
  to   space 108032K, 0% used [0x00000008f3f00000,0x00000008f3f00000,0x00000008fa880000)
 ParOldGen       total 477184K, used 284937K [0x0000000080000000, 0x000000009d200000, 0x00000008d5580000)
  object space 477184K, 59% used [0x0000000080000000,0x0000000091642470,0x000000009d200000)
 Metaspace       used 6572K, capacity 6920K, committed 7168K, reserved 8192K
Event: 25.867 GC heap after
Heap after GC invocations=18 (full 3):
 PSYoungGen      total 609280K, used 108007K [0x00000008d5580000, 0x0000000901200000, 0x0000000d00000000)
  eden space 501248K, 0% used [0x00000008d5580000,0x00000008d5580000,0x00000008f3f00000)
  from space 108032K, 99% used [0x00000008f3f00000,0x00000008fa879e38,0x00000008fa880000)
  to   space 87552K, 0% used [0x00000008fbc80000,0x00000008fbc80000,0x0000000901200000)
 ParOldGen       total 477184K, used 327786K [0x0000000080000000, 0x000000009d200000, 0x00000008d5580000)
  object space 477184K, 68% used [0x0000000080000000,0x000000009401abf8,0x000000009d200000)
 Metaspace       used 6572K, capacity 6920K, committed 7168K, reserved 8192K
}
Event: 43.947 GC heap before
{Heap before GC invocations=19 (full 3):
 PSYoungGen      total 609280K, used 609255K [0x00000008d5580000, 0x0000000901200000, 0x0000000d00000000)
  eden space 501248K, 100% used [0x00000008d5580000,0x00000008f3f00000,0x00000008f3f00000)
  from space 108032K, 99% used [0x00000008f3f00000,0x00000008fa879e38,0x00000008fa880000)
  to   space 87552K, 0% used [0x00000008fbc80000,0x00000008fbc80000,0x0000000901200000)
 ParOldGen       total 477184K, used 327786K [0x0000000080000000, 0x000000009d200000, 0x00000008d5580000)
  object space 477184K, 68% used [0x0000000080000000,0x000000009401abf8,0x000000009d200000)
 Metaspace       used 6575K, capacity 6920K, committed 7168K, reserved 8192K
Event: 44.138 GC heap after
Heap after GC invocations=19 (full 3):
 PSYoungGen      total 588800K, used 87526K [0x00000008d5580000, 0x0000000901200000, 0x0000000d00000000)
  eden space 501248K, 0% used [0x00000008d5580000,0x00000008d5580000,0x00000008f3f00000)
  from space 87552K, 99% used [0x00000008fbc80000,0x00000009011f9b38,0x0000000901200000)
  to   space 108032K, 0% used [0x00000008f3f00000,0x00000008f3f00000,0x00000008fa880000)
 ParOldGen       total 477184K, used 430557K [0x0000000080000000, 0x000000009d200000, 0x00000008d5580000)
  object space 477184K, 90% used [0x0000000080000000,0x000000009a4777d8,0x000000009d200000)
 Metaspace       used 6575K, capacity 6920K, committed 7168K, reserved 8192K
}
Event: 44.138 GC heap before
{Heap before GC invocations=20 (full 4):
 PSYoungGen      total 588800K, used 87526K [0x00000008d5580000, 0x0000000901200000, 0x0000000d00000000)
  eden space 501248K, 0% used [0x00000008d5580000,0x00000008d5580000,0x00000008f3f00000)
  from space 87552K, 99% used [0x00000008fbc80000,0x00000009011f9b38,0x0000000901200000)
  to   space 108032K, 0% used [0x00000008f3f00000,0x00000008f3f00000,0x00000008fa880000)
 ParOldGen       total 477184K, used 430557K [0x0000000080000000, 0x000000009d200000, 0x00000008d5580000)
  object space 477184K, 90% used [0x0000000080000000,0x000000009a4777d8,0x000000009d200000)
 Metaspace       used 6575K, capacity 6920K, committed 7168K, reserved 8192K
Event: 46.095 GC heap after
Heap after GC invocations=20 (full 4):
 PSYoungGen      total 588800K, used 31072K [0x00000008d5580000, 0x0000000901200000, 0x0000000d00000000)
  eden space 501248K, 0% used [0x00000008d5580000,0x00000008d5580000,0x00000008f3f00000)
  from space 87552K, 35% used [0x00000008fbc80000,0x00000008fdad8020,0x0000000901200000)
  to   space 108032K, 0% used [0x00000008f3f00000,0x00000008f3f00000,0x00000008fa880000)
 ParOldGen       total 477184K, used 476984K [0x0000000080000000, 0x000000009d200000, 0x00000008d5580000)
  object space 477184K, 99% used [0x0000000080000000,0x000000009d1ce058,0x000000009d200000)
 Metaspace       used 6575K, capacity 6920K, committed 7168K, reserved 8192K
}
Event: 49.541 GC heap before
{Heap before GC invocations=21 (full 5):
 PSYoungGen      total 588800K, used 532320K [0x00000008d5580000, 0x0000000901200000, 0x0000000d00000000)
  eden space 501248K, 100% used [0x00000008d5580000,0x00000008f3f00000,0x00000008f3f00000)
  from space 87552K, 35% used [0x00000008fbc80000,0x00000008fdad8020,0x0000000901200000)
  to   space 108032K, 0% used [0x00000008f3f00000,0x00000008f3f00000,0x00000008fa880000)
 ParOldGen       total 477184K, used 476984K [0x0000000080000000, 0x000000009d200000, 0x00000008d5580000)
  object space 477184K, 99% used [0x0000000080000000,0x000000009d1ce058,0x000000009d200000)
 Metaspace       used 6581K, capacity 6920K, committed 7168K, reserved 8192K
Event: 52.505 GC heap after
Heap after GC invocations=21 (full 5):
 PSYoungGen      total 588800K, used 108763K [0x00000008d5580000, 0x0000000901200000, 0x0000000d00000000)
  eden space 501248K, 21% used [0x00000008d5580000,0x00000008dbfb6f08,0x00000008f3f00000)
  from space 87552K, 0% used [0x00000008fbc80000,0x00000008fbc80000,0x0000000901200000)
  to   space 108032K, 0% used [0x00000008f3f00000,0x00000008f3f00000,0x00000008fa880000)
 ParOldGen       total 477184K, used 477122K [0x0000000080000000, 0x000000009d200000, 0x00000008d5580000)
  object space 477184K, 99% used [0x0000000080000000,0x000000009d1f09c8,0x000000009d200000)
 Metaspace       used 6581K, capacity 6920K, committed 7168K, reserved 8192K
}

