# JRE version: Java(TM) SE Runtime Environment (8.0_20-b26) (build 1.8.0_20-b26)
# Java VM: Java HotSpot(TM) 64-Bit Server VM (25.20-b23 mixed mode windows-amd64 )
Heap:
 PSYoungGen      total 1314304K, used 587841K [0x00000008d5580000, 0x000000093e980000, 0x0000000d00000000)
  eden space 908288K, 26% used [0x00000008d5580000,0x00000008e3f30df0,0x000000090cc80000)
  from space 406016K, 85% used [0x000000090cc80000,0x00000009220df8d0,0x0000000925900000)
  to   space 410112K, 0% used [0x0000000925900000,0x0000000925900000,0x000000093e980000)
 ParOldGen       total 1204224K, used 959072K [0x0000000080000000, 0x00000000c9800000, 0x00000008d5580000)
  object space 1204224K, 79% used [0x0000000080000000,0x00000000ba898108,0x00000000c9800000)
 Metaspace       used 6655K, capacity 6920K, committed 7168K, reserved 8192K
GC Heap History (10 events):
Event: 25.183 GC heap before
{Heap before GC invocations=20 (full 4):
 PSYoungGen      total 995328K, used 995313K [0x00000008d5580000, 0x000000092e280000, 0x0000000d00000000)
  eden space 775168K, 100% used [0x00000008d5580000,0x0000000904a80000,0x0000000904a80000)
  from space 220160K, 99% used [0x0000000904a80000,0x000000091217c568,0x0000000912180000)
  to   space 265216K, 0% used [0x000000091df80000,0x000000091df80000,0x000000092e280000)
 ParOldGen       total 804864K, used 532333K [0x0000000080000000, 0x00000000b1200000, 0x00000008d5580000)
  object space 804864K, 66% used [0x0000000080000000,0x00000000a07db528,0x00000000b1200000)
 Metaspace       used 6594K, capacity 6920K, committed 7168K, reserved 8192K
Event: 25.663 GC heap after
Heap after GC invocations=20 (full 4):
 PSYoungGen      total 1065472K, used 265205K [0x00000008d5580000, 0x000000093e500000, 0x0000000d00000000)
  eden space 800256K, 0% used [0x00000008d5580000,0x00000008d5580000,0x0000000906300000)
  from space 265216K, 99% used [0x000000091df80000,0x000000092e27d7f0,0x000000092e280000)
  to   space 389632K, 0% used [0x0000000906300000,0x0000000906300000,0x000000091df80000)
 ParOldGen       total 804864K, used 743493K [0x0000000080000000, 0x00000000b1200000, 0x00000008d5580000)
  object space 804864K, 92% used [0x0000000080000000,0x00000000ad611670,0x00000000b1200000)
 Metaspace       used 6594K, capacity 6920K, committed 7168K, reserved 8192K
}
Event: 25.663 GC heap before
{Heap before GC invocations=21 (full 5):
 PSYoungGen      total 1065472K, used 265205K [0x00000008d5580000, 0x000000093e500000, 0x0000000d00000000)
  eden space 800256K, 0% used [0x00000008d5580000,0x00000008d5580000,0x0000000906300000)
  from space 265216K, 99% used [0x000000091df80000,0x000000092e27d7f0,0x000000092e280000)
  to   space 389632K, 0% used [0x0000000906300000,0x0000000906300000,0x000000091df80000)
 ParOldGen       total 804864K, used 743493K [0x0000000080000000, 0x00000000b1200000, 0x00000008d5580000)
  object space 804864K, 92% used [0x0000000080000000,0x00000000ad611670,0x00000000b1200000)
 Metaspace       used 6594K, capacity 6920K, committed 7168K, reserved 8192K
Event: 28.658 GC heap after
Heap after GC invocations=21 (full 5):
 PSYoungGen      total 1065472K, used 189143K [0x00000008d5580000, 0x000000093e500000, 0x0000000d00000000)
  eden space 800256K, 0% used [0x00000008d5580000,0x00000008d5580000,0x0000000906300000)
  from space 265216K, 71% used [0x000000091df80000,0x0000000929835f60,0x000000092e280000)
  to   space 389632K, 0% used [0x0000000906300000,0x0000000906300000,0x000000091df80000)
 ParOldGen       total 1204224K, used 804546K [0x0000000080000000, 0x00000000c9800000, 0x00000008d5580000)
  object space 1204224K, 66% used [0x0000000080000000,0x00000000b11b09e0,0x00000000c9800000)
 Metaspace       used 6594K, capacity 6920K, committed 7168K, reserved 8192K
}
Event: 30.360 GC heap before
{Heap before GC invocations=22 (full 5):
 PSYoungGen      total 1065472K, used 989399K [0x00000008d5580000, 0x000000093e500000, 0x0000000d00000000)
  eden space 800256K, 100% used [0x00000008d5580000,0x0000000906300000,0x0000000906300000)
  from space 265216K, 71% used [0x000000091df80000,0x0000000929835f60,0x000000092e280000)
  to   space 389632K, 0% used [0x0000000906300000,0x0000000906300000,0x000000091df80000)
 ParOldGen       total 1204224K, used 804546K [0x0000000080000000, 0x00000000c9800000, 0x00000008d5580000)
  object space 1204224K, 66% used [0x0000000080000000,0x00000000b11b09e0,0x00000000c9800000)
 Metaspace       used 6594K, capacity 6920K, committed 7168K, reserved 8192K
Event: 31.040 GC heap after
Heap after GC invocations=22 (full 5):
 PSYoungGen      total 1189888K, used 262037K [0x00000008d5580000, 0x000000093eb00000, 0x0000000d00000000)
  eden space 800256K, 0% used [0x00000008d5580000,0x00000008d5580000,0x0000000906300000)
  from space 389632K, 67% used [0x0000000906300000,0x00000009162e5478,0x000000091df80000)
  to   space 411648K, 0% used [0x0000000925900000,0x0000000925900000,0x000000093eb00000)
 ParOldGen       total 1204224K, used 959072K [0x0000000080000000, 0x00000000c9800000, 0x00000008d5580000)
  object space 1204224K, 79% used [0x0000000080000000,0x00000000ba898108,0x00000000c9800000)
 Metaspace       used 6594K, capacity 6920K, committed 7168K, reserved 8192K
}
Event: 32.563 GC heap before
{Heap before GC invocations=23 (full 5):
 PSYoungGen      total 1189888K, used 1062293K [0x00000008d5580000, 0x000000093eb00000, 0x0000000d00000000)
  eden space 800256K, 100% used [0x00000008d5580000,0x0000000906300000,0x0000000906300000)
  from space 389632K, 67% used [0x0000000906300000,0x00000009162e5478,0x000000091df80000)
  to   space 411648K, 0% used [0x0000000925900000,0x0000000925900000,0x000000093eb00000)
 ParOldGen       total 1204224K, used 959072K [0x0000000080000000, 0x00000000c9800000, 0x00000008d5580000)
  object space 1204224K, 79% used [0x0000000080000000,0x00000000ba898108,0x00000000c9800000)
 Metaspace       used 6594K, capacity 6920K, committed 7168K, reserved 8192K
Event: 32.929 GC heap after
Heap after GC invocations=23 (full 5):
 PSYoungGen      total 1318400K, used 203243K [0x00000008d5580000, 0x000000093e980000, 0x0000000d00000000)
  eden space 908288K, 0% used [0x00000008d5580000,0x00000008d5580000,0x000000090cc80000)
  from space 410112K, 49% used [0x0000000925900000,0x0000000931f7ace8,0x000000093e980000)
  to   space 406016K, 0% used [0x000000090cc80000,0x000000090cc80000,0x0000000925900000)
 ParOldGen       total 1204224K, used 959072K [0x0000000080000000, 0x00000000c9800000, 0x00000008d5580000)
  object space 1204224K, 79% used [0x0000000080000000,0x00000000ba898108,0x00000000c9800000)
 Metaspace       used 6594K, capacity 6920K, committed 7168K, reserved 8192K
}
Event: 34.080 GC heap before
{Heap before GC invocations=24 (full 5):
 PSYoungGen      total 1318400K, used 1111531K [0x00000008d5580000, 0x000000093e980000, 0x0000000d00000000)
  eden space 908288K, 100% used [0x00000008d5580000,0x000000090cc80000,0x000000090cc80000)
  from space 410112K, 49% used [0x0000000925900000,0x0000000931f7ace8,0x000000093e980000)
  to   space 406016K, 0% used [0x000000090cc80000,0x000000090cc80000,0x0000000925900000)
 ParOldGen       total 1204224K, used 959072K [0x0000000080000000, 0x00000000c9800000, 0x00000008d5580000)
  object space 1204224K, 79% used [0x0000000080000000,0x00000000ba898108,0x00000000c9800000)
 Metaspace       used 6595K, capacity 6920K, committed 7168K, reserved 8192K
Event: 34.378 GC heap after
Heap after GC invocations=24 (full 5):
 PSYoungGen      total 1314304K, used 348542K [0x00000008d5580000, 0x000000093e980000, 0x0000000d00000000)
  eden space 908288K, 0% used [0x00000008d5580000,0x00000008d5580000,0x000000090cc80000)
  from space 406016K, 85% used [0x000000090cc80000,0x00000009220df8d0,0x0000000925900000)
  to   space 410112K, 0% used [0x0000000925900000,0x0000000925900000,0x000000093e980000)
 ParOldGen       total 1204224K, used 959072K [0x0000000080000000, 0x00000000c9800000, 0x00000008d5580000)
  object space 1204224K, 79% used [0x0000000080000000,0x00000000ba898108,0x00000000c9800000)
 Metaspace       used 6595K, capacity 6920K, committed 7168K, reserved 8192K
}

