# JRE version: Java(TM) SE Runtime Environment (8.0_20-b26) (build 1.8.0_20-b26)
# Java VM: Java HotSpot(TM) 64-Bit Server VM (25.20-b23 mixed mode windows-amd64 )
Heap:
 PSYoungGen      total 1300480K, used 905025K [0x00000008d5580000, 0x0000000943d00000, 0x0000000d00000000)
  eden space 855552K, 53% used [0x00000008d5580000,0x00000008f16d4290,0x0000000909900000)
  from space 444928K, 99% used [0x0000000909900000,0x0000000924b7c2c8,0x0000000924b80000)
  to   space 390656K, 0% used [0x0000000924b80000,0x0000000924b80000,0x000000093c900000)
 ParOldGen       total 1248256K, used 892446K [0x0000000080000000, 0x00000000cc300000, 0x00000008d5580000)
  object space 1248256K, 71% used [0x0000000080000000,0x00000000b6787a40,0x00000000cc300000)
 Metaspace       used 6746K, capacity 6984K, committed 7168K, reserved 8192K
GC Heap History (10 events):
Event: 45.210 GC heap before
{Heap before GC invocations=22 (full 4):
 PSYoungGen      total 1034752K, used 1034737K [0x00000008d5580000, 0x0000000933c80000, 0x0000000d00000000)
  eden space 741888K, 100% used [0x00000008d5580000,0x0000000902a00000,0x0000000902a00000)
  from space 292864K, 99% used [0x0000000902a00000,0x00000009147fc500,0x0000000914800000)
  to   space 357376K, 0% used [0x000000091df80000,0x000000091df80000,0x0000000933c80000)
 ParOldGen       total 838144K, used 628242K [0x0000000080000000, 0x00000000b3280000, 0x00000008d5580000)
  object space 838144K, 74% used [0x0000000080000000,0x00000000a6584960,0x00000000b3280000)
 Metaspace       used 6603K, capacity 6920K, committed 7168K, reserved 8192K
Event: 45.927 GC heap after
Heap after GC invocations=22 (full 4):
 PSYoungGen      total 1167872K, used 250423K [0x00000008d5580000, 0x0000000936f00000, 0x0000000d00000000)
  eden space 810496K, 0% used [0x00000008d5580000,0x00000008d5580000,0x0000000906d00000)
  from space 357376K, 70% used [0x000000091df80000,0x000000092d40dde8,0x0000000933c80000)
  to   space 379392K, 0% used [0x0000000906d00000,0x0000000906d00000,0x000000091df80000)
 ParOldGen       total 838144K, used 826681K [0x0000000080000000, 0x00000000b3280000, 0x00000008d5580000)
  object space 838144K, 98% used [0x0000000080000000,0x00000000b274e788,0x00000000b3280000)
 Metaspace       used 6603K, capacity 6920K, committed 7168K, reserved 8192K
}
Event: 45.927 GC heap before
{Heap before GC invocations=23 (full 5):
 PSYoungGen      total 1167872K, used 250423K [0x00000008d5580000, 0x0000000936f00000, 0x0000000d00000000)
  eden space 810496K, 0% used [0x00000008d5580000,0x00000008d5580000,0x0000000906d00000)
  from space 357376K, 70% used [0x000000091df80000,0x000000092d40dde8,0x0000000933c80000)
  to   space 379392K, 0% used [0x0000000906d00000,0x0000000906d00000,0x000000091df80000)
 ParOldGen       total 838144K, used 826681K [0x0000000080000000, 0x00000000b3280000, 0x00000008d5580000)
  object space 838144K, 98% used [0x0000000080000000,0x00000000b274e788,0x00000000b3280000)
 Metaspace       used 6603K, capacity 6920K, committed 7168K, reserved 8192K
Event: 51.379 GC heap after
Heap after GC invocations=23 (full 5):
 PSYoungGen      total 1167872K, used 227699K [0x00000008d5580000, 0x0000000936f00000, 0x0000000d00000000)
  eden space 810496K, 0% used [0x00000008d5580000,0x00000008d5580000,0x0000000906d00000)
  from space 357376K, 63% used [0x000000091df80000,0x000000092bddce80,0x0000000933c80000)
  to   space 379392K, 0% used [0x0000000906d00000,0x0000000906d00000,0x000000091df80000)
 ParOldGen       total 1248256K, used 838035K [0x0000000080000000, 0x00000000cc300000, 0x00000008d5580000)
  object space 1248256K, 67% used [0x0000000080000000,0x00000000b3264fd0,0x00000000cc300000)
 Metaspace       used 6603K, capacity 6920K, committed 7168K, reserved 8192K
}
Event: 53.764 GC heap before
{Heap before GC invocations=24 (full 5):
 PSYoungGen      total 1167872K, used 1038195K [0x00000008d5580000, 0x0000000936f00000, 0x0000000d00000000)
  eden space 810496K, 100% used [0x00000008d5580000,0x0000000906d00000,0x0000000906d00000)
  from space 357376K, 63% used [0x000000091df80000,0x000000092bddce80,0x0000000933c80000)
  to   space 379392K, 0% used [0x0000000906d00000,0x0000000906d00000,0x000000091df80000)
 ParOldGen       total 1248256K, used 838035K [0x0000000080000000, 0x00000000cc300000, 0x00000008d5580000)
  object space 1248256K, 67% used [0x0000000080000000,0x00000000b3264fd0,0x00000000cc300000)
 Metaspace       used 6604K, capacity 6920K, committed 7168K, reserved 8192K
Event: 54.379 GC heap after
Heap after GC invocations=24 (full 5):
 PSYoungGen      total 1189888K, used 236004K [0x00000008d5580000, 0x000000093c900000, 0x0000000d00000000)
  eden space 810496K, 0% used [0x00000008d5580000,0x00000008d5580000,0x0000000906d00000)
  from space 379392K, 62% used [0x0000000906d00000,0x00000009153790a0,0x000000091df80000)
  to   space 390656K, 0% used [0x0000000924b80000,0x0000000924b80000,0x000000093c900000)
 ParOldGen       total 1248256K, used 838035K [0x0000000080000000, 0x00000000cc300000, 0x00000008d5580000)
  object space 1248256K, 67% used [0x0000000080000000,0x00000000b3264fd0,0x00000000cc300000)
 Metaspace       used 6604K, capacity 6920K, committed 7168K, reserved 8192K
}
Event: 56.416 GC heap before
{Heap before GC invocations=25 (full 5):
 PSYoungGen      total 1189888K, used 1046500K [0x00000008d5580000, 0x000000093c900000, 0x0000000d00000000)
  eden space 810496K, 100% used [0x00000008d5580000,0x0000000906d00000,0x0000000906d00000)
  from space 379392K, 62% used [0x0000000906d00000,0x00000009153790a0,0x000000091df80000)
  to   space 390656K, 0% used [0x0000000924b80000,0x0000000924b80000,0x000000093c900000)
 ParOldGen       total 1248256K, used 838035K [0x0000000080000000, 0x00000000cc300000, 0x00000008d5580000)
  object space 1248256K, 67% used [0x0000000080000000,0x00000000b3264fd0,0x00000000cc300000)
 Metaspace       used 6671K, capacity 6920K, committed 7168K, reserved 8192K
Event: 56.901 GC heap after
Heap after GC invocations=25 (full 5):
 PSYoungGen      total 1246208K, used 361819K [0x00000008d5580000, 0x0000000943d00000, 0x0000000d00000000)
  eden space 855552K, 0% used [0x00000008d5580000,0x00000008d5580000,0x0000000909900000)
  from space 390656K, 92% used [0x0000000924b80000,0x000000093acd6da8,0x000000093c900000)
  to   space 444928K, 0% used [0x0000000909900000,0x0000000909900000,0x0000000924b80000)
 ParOldGen       total 1248256K, used 838043K [0x0000000080000000, 0x00000000cc300000, 0x00000008d5580000)
  object space 1248256K, 67% used [0x0000000080000000,0x00000000b3266fd0,0x00000000cc300000)
 Metaspace       used 6671K, capacity 6920K, committed 7168K, reserved 8192K
}
Event: 58.843 GC heap before
{Heap before GC invocations=26 (full 5):
 PSYoungGen      total 1246208K, used 1217371K [0x00000008d5580000, 0x0000000943d00000, 0x0000000d00000000)
  eden space 855552K, 100% used [0x00000008d5580000,0x0000000909900000,0x0000000909900000)
  from space 390656K, 92% used [0x0000000924b80000,0x000000093acd6da8,0x000000093c900000)
  to   space 444928K, 0% used [0x0000000909900000,0x0000000909900000,0x0000000924b80000)
 ParOldGen       total 1248256K, used 838043K [0x0000000080000000, 0x00000000cc300000, 0x00000008d5580000)
  object space 1248256K, 67% used [0x0000000080000000,0x00000000b3266fd0,0x00000000cc300000)
 Metaspace       used 6711K, capacity 6984K, committed 7168K, reserved 8192K
Event: 59.884 GC heap after
Heap after GC invocations=26 (full 5):
 PSYoungGen      total 1300480K, used 444912K [0x00000008d5580000, 0x0000000943d00000, 0x0000000d00000000)
  eden space 855552K, 0% used [0x00000008d5580000,0x00000008d5580000,0x0000000909900000)
  from space 444928K, 99% used [0x0000000909900000,0x0000000924b7c2c8,0x0000000924b80000)
  to   space 390656K, 0% used [0x0000000924b80000,0x0000000924b80000,0x000000093c900000)
 ParOldGen       total 1248256K, used 892446K [0x0000000080000000, 0x00000000cc300000, 0x00000008d5580000)
  object space 1248256K, 71% used [0x0000000080000000,0x00000000b6787a40,0x00000000cc300000)
 Metaspace       used 6711K, capacity 6984K, committed 7168K, reserved 8192K
}

