# JRE version: Java(TM) SE Runtime Environment (8.0_20-b26) (build 1.8.0_20-b26)
# Java VM: Java HotSpot(TM) 64-Bit Server VM (25.20-b23 mixed mode windows-amd64 )
Heap:
 PSYoungGen      total 941056K, used 824155K [0x00000008d5580000, 0x0000000924300000, 0x0000000d00000000)
  eden space 674304K, 82% used [0x00000008d5580000,0x00000008f75dce58,0x00000008fe800000)
  from space 266752K, 99% used [0x0000000913e80000,0x00000009242f9fd0,0x0000000924300000)
  to   space 246784K, 0% used [0x00000008fe800000,0x00000008fe800000,0x000000090d900000)
 ParOldGen       total 1147904K, used 892293K [0x0000000080000000, 0x00000000c6100000, 0x00000008d5580000)
  object space 1147904K, 77% used [0x0000000080000000,0x00000000b6761610,0x00000000c6100000)
 Metaspace       used 6679K, capacity 6920K, committed 7168K, reserved 8192K
GC Heap History (10 events):
Event: 32.607 GC heap before
{Heap before GC invocations=25 (full 5):
 PSYoungGen      total 754688K, used 565760K [0x00000008d5580000, 0x0000000912f00000, 0x0000000d00000000)
  eden space 565760K, 100% used [0x00000008d5580000,0x00000008f7e00000,0x00000008f7e00000)
  from space 188928K, 0% used [0x00000008f7e00000,0x00000008f7e00000,0x0000000903680000)
  to   space 184320K, 0% used [0x0000000907b00000,0x0000000907b00000,0x0000000912f00000)
 ParOldGen       total 1147904K, used 760469K [0x0000000080000000, 0x00000000c6100000, 0x00000008d5580000)
  object space 1147904K, 66% used [0x0000000080000000,0x00000000ae6a5468,0x00000000c6100000)
 Metaspace       used 6606K, capacity 6920K, committed 7168K, reserved 8192K
Event: 32.760 GC heap after
Heap after GC invocations=25 (full 5):
 PSYoungGen      total 810496K, used 122419K [0x00000008d5580000, 0x0000000912f00000, 0x0000000d00000000)
  eden space 626176K, 0% used [0x00000008d5580000,0x00000008d5580000,0x00000008fb900000)
  from space 184320K, 66% used [0x0000000907b00000,0x000000090f28ce48,0x0000000912f00000)
  to   space 191488K, 0% used [0x00000008fb900000,0x00000008fb900000,0x0000000907400000)
 ParOldGen       total 1147904K, used 760469K [0x0000000080000000, 0x00000000c6100000, 0x00000008d5580000)
  object space 1147904K, 66% used [0x0000000080000000,0x00000000ae6a5468,0x00000000c6100000)
 Metaspace       used 6606K, capacity 6920K, committed 7168K, reserved 8192K
}
Event: 34.237 GC heap before
{Heap before GC invocations=26 (full 5):
 PSYoungGen      total 810496K, used 748595K [0x00000008d5580000, 0x0000000912f00000, 0x0000000d00000000)
  eden space 626176K, 100% used [0x00000008d5580000,0x00000008fb900000,0x00000008fb900000)
  from space 184320K, 66% used [0x0000000907b00000,0x000000090f28ce48,0x0000000912f00000)
  to   space 191488K, 0% used [0x00000008fb900000,0x00000008fb900000,0x0000000907400000)
 ParOldGen       total 1147904K, used 760469K [0x0000000080000000, 0x00000000c6100000, 0x00000008d5580000)
  object space 1147904K, 66% used [0x0000000080000000,0x00000000ae6a5468,0x00000000c6100000)
 Metaspace       used 6606K, capacity 6920K, committed 7168K, reserved 8192K
Event: 34.456 GC heap after
Heap after GC invocations=26 (full 5):
 PSYoungGen      total 817664K, used 191456K [0x00000008d5580000, 0x000000091b500000, 0x0000000d00000000)
  eden space 626176K, 0% used [0x00000008d5580000,0x00000008d5580000,0x00000008fb900000)
  from space 191488K, 99% used [0x00000008fb900000,0x00000009073f8248,0x0000000907400000)
  to   space 225280K, 0% used [0x000000090d900000,0x000000090d900000,0x000000091b500000)
 ParOldGen       total 1147904K, used 770118K [0x0000000080000000, 0x00000000c6100000, 0x00000008d5580000)
  object space 1147904K, 67% used [0x0000000080000000,0x00000000af011b48,0x00000000c6100000)
 Metaspace       used 6606K, capacity 6920K, committed 7168K, reserved 8192K
}
Event: 35.652 GC heap before
{Heap before GC invocations=27 (full 5):
 PSYoungGen      total 817664K, used 817632K [0x00000008d5580000, 0x000000091b500000, 0x0000000d00000000)
  eden space 626176K, 100% used [0x00000008d5580000,0x00000008fb900000,0x00000008fb900000)
  from space 191488K, 99% used [0x00000008fb900000,0x00000009073f8248,0x0000000907400000)
  to   space 225280K, 0% used [0x000000090d900000,0x000000090d900000,0x000000091b500000)
 ParOldGen       total 1147904K, used 770118K [0x0000000080000000, 0x00000000c6100000, 0x00000008d5580000)
  object space 1147904K, 67% used [0x0000000080000000,0x00000000af011b48,0x00000000c6100000)
 Metaspace       used 6606K, capacity 6920K, committed 7168K, reserved 8192K
Event: 35.916 GC heap after
Heap after GC invocations=27 (full 5):
 PSYoungGen      total 899584K, used 185177K [0x00000008d5580000, 0x000000091e600000, 0x0000000d00000000)
  eden space 674304K, 0% used [0x00000008d5580000,0x00000008d5580000,0x00000008fe800000)
  from space 225280K, 82% used [0x000000090d900000,0x0000000918dd64b8,0x000000091b500000)
  to   space 246784K, 0% used [0x00000008fe800000,0x00000008fe800000,0x000000090d900000)
 ParOldGen       total 1147904K, used 858924K [0x0000000080000000, 0x00000000c6100000, 0x00000008d5580000)
  object space 1147904K, 74% used [0x0000000080000000,0x00000000b46cb178,0x00000000c6100000)
 Metaspace       used 6606K, capacity 6920K, committed 7168K, reserved 8192K
}
Event: 36.802 GC heap before
{Heap before GC invocations=28 (full 5):
 PSYoungGen      total 899584K, used 859481K [0x00000008d5580000, 0x000000091e600000, 0x0000000d00000000)
  eden space 674304K, 100% used [0x00000008d5580000,0x00000008fe800000,0x00000008fe800000)
  from space 225280K, 82% used [0x000000090d900000,0x0000000918dd64b8,0x000000091b500000)
  to   space 246784K, 0% used [0x00000008fe800000,0x00000008fe800000,0x000000090d900000)
 ParOldGen       total 1147904K, used 858924K [0x0000000080000000, 0x00000000c6100000, 0x00000008d5580000)
  object space 1147904K, 74% used [0x0000000080000000,0x00000000b46cb178,0x00000000c6100000)
 Metaspace       used 6606K, capacity 6920K, committed 7168K, reserved 8192K
Event: 36.947 GC heap after
Heap after GC invocations=28 (full 5):
 PSYoungGen      total 921088K, used 194792K [0x00000008d5580000, 0x0000000924300000, 0x0000000d00000000)
  eden space 674304K, 0% used [0x00000008d5580000,0x00000008d5580000,0x00000008fe800000)
  from space 246784K, 78% used [0x00000008fe800000,0x000000090a63a050,0x000000090d900000)
  to   space 266752K, 0% used [0x0000000913e80000,0x0000000913e80000,0x0000000924300000)
 ParOldGen       total 1147904K, used 858924K [0x0000000080000000, 0x00000000c6100000, 0x00000008d5580000)
  object space 1147904K, 74% used [0x0000000080000000,0x00000000b46cb178,0x00000000c6100000)
 Metaspace       used 6606K, capacity 6920K, committed 7168K, reserved 8192K
}
Event: 37.960 GC heap before
{Heap before GC invocations=29 (full 5):
 PSYoungGen      total 921088K, used 869096K [0x00000008d5580000, 0x0000000924300000, 0x0000000d00000000)
  eden space 674304K, 100% used [0x00000008d5580000,0x00000008fe800000,0x00000008fe800000)
  from space 246784K, 78% used [0x00000008fe800000,0x000000090a63a050,0x000000090d900000)
  to   space 266752K, 0% used [0x0000000913e80000,0x0000000913e80000,0x0000000924300000)
 ParOldGen       total 1147904K, used 858924K [0x0000000080000000, 0x00000000c6100000, 0x00000008d5580000)
  object space 1147904K, 74% used [0x0000000080000000,0x00000000b46cb178,0x00000000c6100000)
 Metaspace       used 6607K, capacity 6920K, committed 7168K, reserved 8192K
Event: 38.274 GC heap after
Heap after GC invocations=29 (full 5):
 PSYoungGen      total 941056K, used 266727K [0x00000008d5580000, 0x0000000924300000, 0x0000000d00000000)
  eden space 674304K, 0% used [0x00000008d5580000,0x00000008d5580000,0x00000008fe800000)
  from space 266752K, 99% used [0x0000000913e80000,0x00000009242f9fd0,0x0000000924300000)
  to   space 246784K, 0% used [0x00000008fe800000,0x00000008fe800000,0x000000090d900000)
 ParOldGen       total 1147904K, used 892293K [0x0000000080000000, 0x00000000c6100000, 0x00000008d5580000)
  object space 1147904K, 77% used [0x0000000080000000,0x00000000b6761610,0x00000000c6100000)
 Metaspace       used 6607K, capacity 6920K, committed 7168K, reserved 8192K
}

