# JRE version: Java(TM) SE Runtime Environment (8.0_20-b26) (build 1.8.0_20-b26)
# Java VM: Java HotSpot(TM) 64-Bit Server VM (25.20-b23 mixed mode windows-amd64 )
Heap:
 PSYoungGen      total 1237504K, used 889856K [0x00000008d5580000, 0x0000000935e80000, 0x0000000d00000000)
  eden space 889856K, 100% used [0x00000008d5580000,0x000000090ba80000,0x000000090ba80000)
  from space 347648K, 0% used [0x0000000920b00000,0x0000000920b00000,0x0000000935e80000)
  to   space 344576K, 0% used [0x000000090ba80000,0x000000090ba80000,0x0000000920b00000)
 ParOldGen       total 905216K, used 904870K [0x0000000080000000, 0x00000000b7400000, 0x00000008d5580000)
  object space 905216K, 99% used [0x0000000080000000,0x00000000b73a98c0,0x00000000b7400000)
 Metaspace       used 7426K, capacity 7512K, committed 7680K, reserved 8192K
GC Heap History (10 events):
Event: 29.657 GC heap after
Heap after GC invocations=24 (full 4):
 PSYoungGen      total 1237504K, used 168629K [0x00000008d5580000, 0x0000000935e80000, 0x0000000d00000000)
  eden space 889856K, 0% used [0x00000008d5580000,0x00000008d5580000,0x000000090ba80000)
  from space 347648K, 48% used [0x0000000920b00000,0x000000092afad428,0x0000000935e80000)
  to   space 344576K, 0% used [0x000000090ba80000,0x000000090ba80000,0x0000000920b00000)
 ParOldGen       total 905216K, used 870969K [0x0000000080000000, 0x00000000b7400000, 0x00000008d5580000)
  object space 905216K, 96% used [0x0000000080000000,0x00000000b528e4a0,0x00000000b7400000)
 Metaspace       used 6597K, capacity 6920K, committed 7168K, reserved 8192K
}
Event: 29.657 GC heap before
{Heap before GC invocations=25 (full 5):
 PSYoungGen      total 1237504K, used 168629K [0x00000008d5580000, 0x0000000935e80000, 0x0000000d00000000)
  eden space 889856K, 0% used [0x00000008d5580000,0x00000008d5580000,0x000000090ba80000)
  from space 347648K, 48% used [0x0000000920b00000,0x000000092afad428,0x0000000935e80000)
  to   space 344576K, 0% used [0x000000090ba80000,0x000000090ba80000,0x0000000920b00000)
 ParOldGen       total 905216K, used 870969K [0x0000000080000000, 0x00000000b7400000, 0x00000008d5580000)
  object space 905216K, 96% used [0x0000000080000000,0x00000000b528e4a0,0x00000000b7400000)
 Metaspace       used 6597K, capacity 6920K, committed 7168K, reserved 8192K
Event: 33.378 GC heap after
Heap after GC invocations=25 (full 5):
 PSYoungGen      total 1237504K, used 126737K [0x00000008d5580000, 0x0000000935e80000, 0x0000000d00000000)
  eden space 889856K, 0% used [0x00000008d5580000,0x00000008d5580000,0x000000090ba80000)
  from space 347648K, 36% used [0x0000000920b00000,0x00000009286c4688,0x0000000935e80000)
  to   space 344576K, 0% used [0x000000090ba80000,0x000000090ba80000,0x0000000920b00000)
 ParOldGen       total 905216K, used 905026K [0x0000000080000000, 0x00000000b7400000, 0x00000008d5580000)
  object space 905216K, 99% used [0x0000000080000000,0x00000000b73d0800,0x00000000b7400000)
 Metaspace       used 6597K, capacity 6920K, committed 7168K, reserved 8192K
}
Event: 34.680 GC heap before
{Heap before GC invocations=26 (full 6):
 PSYoungGen      total 1237504K, used 1016593K [0x00000008d5580000, 0x0000000935e80000, 0x0000000d00000000)
  eden space 889856K, 100% used [0x00000008d5580000,0x000000090ba80000,0x000000090ba80000)
  from space 347648K, 36% used [0x0000000920b00000,0x00000009286c4688,0x0000000935e80000)
  to   space 344576K, 0% used [0x000000090ba80000,0x000000090ba80000,0x0000000920b00000)
 ParOldGen       total 905216K, used 905026K [0x0000000080000000, 0x00000000b7400000, 0x00000008d5580000)
  object space 905216K, 99% used [0x0000000080000000,0x00000000b73d0800,0x00000000b7400000)
 Metaspace       used 6644K, capacity 6920K, committed 7168K, reserved 8192K
Event: 39.310 GC heap after
Heap after GC invocations=26 (full 6):
 PSYoungGen      total 1237504K, used 263820K [0x00000008d5580000, 0x0000000935e80000, 0x0000000d00000000)
  eden space 889856K, 29% used [0x00000008d5580000,0x00000008e5723080,0x000000090ba80000)
  from space 347648K, 0% used [0x0000000920b00000,0x0000000920b00000,0x0000000935e80000)
  to   space 344576K, 0% used [0x000000090ba80000,0x000000090ba80000,0x0000000920b00000)
 ParOldGen       total 905216K, used 905205K [0x0000000080000000, 0x00000000b7400000, 0x00000008d5580000)
  object space 905216K, 99% used [0x0000000080000000,0x00000000b73fd628,0x00000000b7400000)
 Metaspace       used 6644K, capacity 6920K, committed 7168K, reserved 8192K
}
Event: 40.799 GC heap before
{Heap before GC invocations=27 (full 7):
 PSYoungGen      total 1237504K, used 889856K [0x00000008d5580000, 0x0000000935e80000, 0x0000000d00000000)
  eden space 889856K, 100% used [0x00000008d5580000,0x000000090ba80000,0x000000090ba80000)
  from space 347648K, 0% used [0x0000000920b00000,0x0000000920b00000,0x0000000935e80000)
  to   space 344576K, 0% used [0x000000090ba80000,0x000000090ba80000,0x0000000920b00000)
 ParOldGen       total 905216K, used 905205K [0x0000000080000000, 0x00000000b7400000, 0x00000008d5580000)
  object space 905216K, 99% used [0x0000000080000000,0x00000000b73fd628,0x00000000b7400000)
 Metaspace       used 6704K, capacity 6984K, committed 7168K, reserved 8192K
Event: 46.806 GC heap after
Heap after GC invocations=27 (full 7):
 PSYoungGen      total 1237504K, used 345819K [0x00000008d5580000, 0x0000000935e80000, 0x0000000d00000000)
  eden space 889856K, 38% used [0x00000008d5580000,0x00000008ea736cd0,0x000000090ba80000)
  from space 347648K, 0% used [0x0000000920b00000,0x0000000920b00000,0x0000000935e80000)
  to   space 344576K, 0% used [0x000000090ba80000,0x000000090ba80000,0x0000000920b00000)
 ParOldGen       total 905216K, used 904952K [0x0000000080000000, 0x00000000b7400000, 0x00000008d5580000)
  object space 905216K, 99% used [0x0000000080000000,0x00000000b73be398,0x00000000b7400000)
 Metaspace       used 6704K, capacity 6984K, committed 7168K, reserved 8192K
}
Event: 47.784 GC heap before
{Heap before GC invocations=28 (full 8):
 PSYoungGen      total 1237504K, used 889856K [0x00000008d5580000, 0x0000000935e80000, 0x0000000d00000000)
  eden space 889856K, 100% used [0x00000008d5580000,0x000000090ba80000,0x000000090ba80000)
  from space 347648K, 0% used [0x0000000920b00000,0x0000000920b00000,0x0000000935e80000)
  to   space 344576K, 0% used [0x000000090ba80000,0x000000090ba80000,0x0000000920b00000)
 ParOldGen       total 905216K, used 904952K [0x0000000080000000, 0x00000000b7400000, 0x00000008d5580000)
  object space 905216K, 99% used [0x0000000080000000,0x00000000b73be398,0x00000000b7400000)
 Metaspace       used 6730K, capacity 6984K, committed 7168K, reserved 8192K
Event: 51.738 GC heap after
Heap after GC invocations=28 (full 8):
 PSYoungGen      total 1237504K, used 428795K [0x00000008d5580000, 0x0000000935e80000, 0x0000000d00000000)
  eden space 889856K, 48% used [0x00000008d5580000,0x00000008ef83ef08,0x000000090ba80000)
  from space 347648K, 0% used [0x0000000920b00000,0x0000000920b00000,0x0000000935e80000)
  to   space 344576K, 0% used [0x000000090ba80000,0x000000090ba80000,0x0000000920b00000)
 ParOldGen       total 905216K, used 904870K [0x0000000080000000, 0x00000000b7400000, 0x00000008d5580000)
  object space 905216K, 99% used [0x0000000080000000,0x00000000b73a98c0,0x00000000b7400000)
 Metaspace       used 6730K, capacity 6984K, committed 7168K, reserved 8192K
}
Event: 55.347 GC heap before
{Heap before GC invocations=29 (full 9):
 PSYoungGen      total 1237504K, used 889856K [0x00000008d5580000, 0x0000000935e80000, 0x0000000d00000000)
  eden space 889856K, 100% used [0x00000008d5580000,0x000000090ba80000,0x000000090ba80000)
  from space 347648K, 0% used [0x0000000920b00000,0x0000000920b00000,0x0000000935e80000)
  to   space 344576K, 0% used [0x000000090ba80000,0x000000090ba80000,0x0000000920b00000)
 ParOldGen       total 905216K, used 904870K [0x0000000080000000, 0x00000000b7400000, 0x00000008d5580000)
  object space 905216K, 99% used [0x0000000080000000,0x00000000b73a98c0,0x00000000b7400000)
 Metaspace       used 7426K, capacity 7512K, committed 7680K, reserved 8192K

