# JRE version: Java(TM) SE Runtime Environment (8.0_20-b26) (build 1.8.0_20-b26)
# Java VM: Java HotSpot(TM) 64-Bit Server VM (25.20-b23 mixed mode windows-amd64 )
Heap:
 PSYoungGen      total 1116672K, used 617977K [0x00000008d5580000, 0x000000093d900000, 0x0000000d00000000)
  eden space 756224K, 81% used [0x00000008d5580000,0x00000008fb0fe7c8,0x0000000903800000)
  from space 360448K, 0% used [0x000000091de80000,0x000000091de80000,0x0000000933e80000)
  to   space 432640K, 0% used [0x0000000903800000,0x0000000903800000,0x000000091de80000)
 ParOldGen       total 835584K, used 835161K [0x0000000080000000, 0x00000000b3000000, 0x00000008d5580000)
  object space 835584K, 99% used [0x0000000080000000,0x00000000b2f96680,0x00000000b3000000)
 Metaspace       used 6680K, capacity 6920K, committed 7168K, reserved 8192K
GC Heap History (10 events):
Event: 25.849 GC heap before
{Heap before GC invocations=21 (full 4):
 PSYoungGen      total 980480K, used 980458K [0x00000008d5580000, 0x000000092f980000, 0x0000000d00000000)
  eden space 739328K, 100% used [0x00000008d5580000,0x0000000902780000,0x0000000902780000)
  from space 241152K, 99% used [0x0000000916080000,0x0000000924bfaa30,0x0000000924c00000)
  to   space 320512K, 0% used [0x0000000902780000,0x0000000902780000,0x0000000916080000)
 ParOldGen       total 835584K, used 633775K [0x0000000080000000, 0x00000000b3000000, 0x00000008d5580000)
  object space 835584K, 75% used [0x0000000080000000,0x00000000a6aebec8,0x00000000b3000000)
 Metaspace       used 6609K, capacity 6920K, committed 7168K, reserved 8192K
Event: 26.157 GC heap after
Heap after GC invocations=21 (full 4):
 PSYoungGen      total 1059840K, used 277553K [0x00000008d5580000, 0x0000000933e80000, 0x0000000d00000000)
  eden space 739328K, 0% used [0x00000008d5580000,0x00000008d5580000,0x0000000902780000)
  from space 320512K, 86% used [0x0000000902780000,0x000000091368c588,0x0000000916080000)
  to   space 360448K, 0% used [0x000000091de80000,0x000000091de80000,0x0000000933e80000)
 ParOldGen       total 835584K, used 706056K [0x0000000080000000, 0x00000000b3000000, 0x00000008d5580000)
  object space 835584K, 84% used [0x0000000080000000,0x00000000ab182298,0x00000000b3000000)
 Metaspace       used 6609K, capacity 6920K, committed 7168K, reserved 8192K
}
Event: 27.244 GC heap before
{Heap before GC invocations=22 (full 4):
 PSYoungGen      total 1059840K, used 1016881K [0x00000008d5580000, 0x0000000933e80000, 0x0000000d00000000)
  eden space 739328K, 100% used [0x00000008d5580000,0x0000000902780000,0x0000000902780000)
  from space 320512K, 86% used [0x0000000902780000,0x000000091368c588,0x0000000916080000)
  to   space 360448K, 0% used [0x000000091de80000,0x000000091de80000,0x0000000933e80000)
 ParOldGen       total 835584K, used 706056K [0x0000000080000000, 0x00000000b3000000, 0x00000008d5580000)
  object space 835584K, 84% used [0x0000000080000000,0x00000000ab182298,0x00000000b3000000)
 Metaspace       used 6609K, capacity 6920K, committed 7168K, reserved 8192K
Event: 27.592 GC heap after
Heap after GC invocations=22 (full 4):
 PSYoungGen      total 1116672K, used 360436K [0x00000008d5580000, 0x000000093d900000, 0x0000000d00000000)
  eden space 756224K, 0% used [0x00000008d5580000,0x00000008d5580000,0x0000000903800000)
  from space 360448K, 99% used [0x000000091de80000,0x0000000933e7d0a0,0x0000000933e80000)
  to   space 432640K, 0% used [0x0000000903800000,0x0000000903800000,0x000000091de80000)
 ParOldGen       total 835584K, used 734361K [0x0000000080000000, 0x00000000b3000000, 0x00000008d5580000)
  object space 835584K, 87% used [0x0000000080000000,0x00000000acd26700,0x00000000b3000000)
 Metaspace       used 6609K, capacity 6920K, committed 7168K, reserved 8192K
}
Event: 27.592 GC heap before
{Heap before GC invocations=23 (full 5):
 PSYoungGen      total 1116672K, used 360436K [0x00000008d5580000, 0x000000093d900000, 0x0000000d00000000)
  eden space 756224K, 0% used [0x00000008d5580000,0x00000008d5580000,0x0000000903800000)
  from space 360448K, 99% used [0x000000091de80000,0x0000000933e7d0a0,0x0000000933e80000)
  to   space 432640K, 0% used [0x0000000903800000,0x0000000903800000,0x000000091de80000)
 ParOldGen       total 835584K, used 734361K [0x0000000080000000, 0x00000000b3000000, 0x00000008d5580000)
  object space 835584K, 87% used [0x0000000080000000,0x00000000acd26700,0x00000000b3000000)
 Metaspace       used 6609K, capacity 6920K, committed 7168K, reserved 8192K
Event: 31.373 GC heap after
Heap after GC invocations=23 (full 5):
 PSYoungGen      total 1116672K, used 207667K [0x00000008d5580000, 0x000000093d900000, 0x0000000d00000000)
  eden space 756224K, 0% used [0x00000008d5580000,0x00000008d5580000,0x0000000903800000)
  from space 360448K, 57% used [0x000000091de80000,0x000000092a94cd08,0x0000000933e80000)
  to   space 432640K, 0% used [0x0000000903800000,0x0000000903800000,0x000000091de80000)
 ParOldGen       total 835584K, used 835557K [0x0000000080000000, 0x00000000b3000000, 0x00000008d5580000)
  object space 835584K, 99% used [0x0000000080000000,0x00000000b2ff95a8,0x00000000b3000000)
 Metaspace       used 6609K, capacity 6920K, committed 7168K, reserved 8192K
}
Event: 32.249 GC heap before
{Heap before GC invocations=24 (full 6):
 PSYoungGen      total 1116672K, used 963891K [0x00000008d5580000, 0x000000093d900000, 0x0000000d00000000)
  eden space 756224K, 100% used [0x00000008d5580000,0x0000000903800000,0x0000000903800000)
  from space 360448K, 57% used [0x000000091de80000,0x000000092a94cd08,0x0000000933e80000)
  to   space 432640K, 0% used [0x0000000903800000,0x0000000903800000,0x000000091de80000)
 ParOldGen       total 835584K, used 835557K [0x0000000080000000, 0x00000000b3000000, 0x00000008d5580000)
  object space 835584K, 99% used [0x0000000080000000,0x00000000b2ff95a8,0x00000000b3000000)
 Metaspace       used 6610K, capacity 6920K, committed 7168K, reserved 8192K
Event: 35.717 GC heap after
Heap after GC invocations=24 (full 6):
 PSYoungGen      total 1116672K, used 249213K [0x00000008d5580000, 0x000000093d900000, 0x0000000d00000000)
  eden space 756224K, 32% used [0x00000008d5580000,0x00000008e48df5c0,0x0000000903800000)
  from space 360448K, 0% used [0x000000091de80000,0x000000091de80000,0x0000000933e80000)
  to   space 432640K, 0% used [0x0000000903800000,0x0000000903800000,0x000000091de80000)
 ParOldGen       total 835584K, used 835170K [0x0000000080000000, 0x00000000b3000000, 0x00000008d5580000)
  object space 835584K, 99% used [0x0000000080000000,0x00000000b2f98a98,0x00000000b3000000)
 Metaspace       used 6610K, capacity 6920K, committed 7168K, reserved 8192K
}
Event: 36.347 GC heap before
{Heap before GC invocations=25 (full 7):
 PSYoungGen      total 1116672K, used 756224K [0x00000008d5580000, 0x000000093d900000, 0x0000000d00000000)
  eden space 756224K, 100% used [0x00000008d5580000,0x0000000903800000,0x0000000903800000)
  from space 360448K, 0% used [0x000000091de80000,0x000000091de80000,0x0000000933e80000)
  to   space 432640K, 0% used [0x0000000903800000,0x0000000903800000,0x000000091de80000)
 ParOldGen       total 835584K, used 835170K [0x0000000080000000, 0x00000000b3000000, 0x00000008d5580000)
  object space 835584K, 99% used [0x0000000080000000,0x00000000b2f98a98,0x00000000b3000000)
 Metaspace       used 6610K, capacity 6920K, committed 7168K, reserved 8192K
Event: 39.562 GC heap after
Heap after GC invocations=25 (full 7):
 PSYoungGen      total 1116672K, used 324977K [0x00000008d5580000, 0x000000093d900000, 0x0000000d00000000)
  eden space 756224K, 42% used [0x00000008d5580000,0x00000008e92dc508,0x0000000903800000)
  from space 360448K, 0% used [0x000000091de80000,0x000000091de80000,0x0000000933e80000)
  to   space 432640K, 0% used [0x0000000903800000,0x0000000903800000,0x000000091de80000)
 ParOldGen       total 835584K, used 835161K [0x0000000080000000, 0x00000000b3000000, 0x00000008d5580000)
  object space 835584K, 99% used [0x0000000080000000,0x00000000b2f96680,0x00000000b3000000)
 Metaspace       used 6610K, capacity 6920K, committed 7168K, reserved 8192K
}

