# JRE version: Java(TM) SE Runtime Environment (8.0_20-b26) (build 1.8.0_20-b26)
# Java VM: Java HotSpot(TM) 64-Bit Server VM (25.20-b23 mixed mode windows-amd64 )
Heap:
 PSYoungGen      total 1058816K, used 868825K [0x00000008d5580000, 0x0000000932780000, 0x0000000d00000000)
  eden space 652288K, 83% used [0x00000008d5580000,0x00000008f67e1728,0x00000008fd280000)
  from space 406528K, 80% used [0x00000008fd280000,0x0000000911094f18,0x0000000915f80000)
  to   space 349696K, 0% used [0x0000000915f80000,0x0000000915f80000,0x000000092b500000)
 ParOldGen       total 1101824K, used 744698K [0x0000000080000000, 0x00000000c3400000, 0x00000008d5580000)
  object space 1101824K, 67% used [0x0000000080000000,0x00000000ad73eb38,0x00000000c3400000)
 Metaspace       used 6605K, capacity 6920K, committed 7168K, reserved 8192K
GC Heap History (10 events):
Event: 39.433 GC heap before
{Heap before GC invocations=23 (full 4):
 PSYoungGen      total 813056K, used 747744K [0x00000008d5580000, 0x0000000915d80000, 0x0000000d00000000)
  eden space 605184K, 100% used [0x00000008d5580000,0x00000008fa480000,0x00000008fa480000)
  from space 207872K, 68% used [0x0000000907b00000,0x0000000910638080,0x0000000914600000)
  to   space 219648K, 0% used [0x00000008fa480000,0x00000008fa480000,0x0000000907b00000)
 ParOldGen       total 744960K, used 544572K [0x0000000080000000, 0x00000000ad780000, 0x00000008d5580000)
  object space 744960K, 73% used [0x0000000080000000,0x00000000a13cf028,0x00000000ad780000)
 Metaspace       used 6603K, capacity 6920K, committed 7168K, reserved 8192K
Event: 39.947 GC heap after
Heap after GC invocations=23 (full 4):
 PSYoungGen      total 824832K, used 219620K [0x00000008d5580000, 0x000000091ee80000, 0x0000000d00000000)
  eden space 605184K, 0% used [0x00000008d5580000,0x00000008d5580000,0x00000008fa480000)
  from space 219648K, 99% used [0x00000008fa480000,0x0000000907af9360,0x0000000907b00000)
  to   space 263680K, 0% used [0x000000090ed00000,0x000000090ed00000,0x000000091ee80000)
 ParOldGen       total 744960K, used 562819K [0x0000000080000000, 0x00000000ad780000, 0x00000008d5580000)
  object space 744960K, 75% used [0x0000000080000000,0x00000000a25a0c30,0x00000000ad780000)
 Metaspace       used 6603K, capacity 6920K, committed 7168K, reserved 8192K
}
Event: 42.659 GC heap before
{Heap before GC invocations=24 (full 4):
 PSYoungGen      total 824832K, used 824804K [0x00000008d5580000, 0x000000091ee80000, 0x0000000d00000000)
  eden space 605184K, 100% used [0x00000008d5580000,0x00000008fa480000,0x00000008fa480000)
  from space 219648K, 99% used [0x00000008fa480000,0x0000000907af9360,0x0000000907b00000)
  to   space 263680K, 0% used [0x000000090ed00000,0x000000090ed00000,0x000000091ee80000)
 ParOldGen       total 744960K, used 562819K [0x0000000080000000, 0x00000000ad780000, 0x00000008d5580000)
  object space 744960K, 75% used [0x0000000080000000,0x00000000a25a0c30,0x00000000ad780000)
 Metaspace       used 6604K, capacity 6920K, committed 7168K, reserved 8192K
Event: 43.269 GC heap after
Heap after GC invocations=24 (full 4):
 PSYoungGen      total 899584K, used 255202K [0x00000008d5580000, 0x0000000924600000, 0x0000000d00000000)
  eden space 635904K, 0% used [0x00000008d5580000,0x00000008d5580000,0x00000008fc280000)
  from space 263680K, 96% used [0x000000090ed00000,0x000000091e638990,0x000000091ee80000)
  to   space 305664K, 0% used [0x00000008fc280000,0x00000008fc280000,0x000000090ed00000)
 ParOldGen       total 744960K, used 699121K [0x0000000080000000, 0x00000000ad780000, 0x00000008d5580000)
  object space 744960K, 93% used [0x0000000080000000,0x00000000aaabc650,0x00000000ad780000)
 Metaspace       used 6604K, capacity 6920K, committed 7168K, reserved 8192K
}
Event: 43.269 GC heap before
{Heap before GC invocations=25 (full 5):
 PSYoungGen      total 899584K, used 255202K [0x00000008d5580000, 0x0000000924600000, 0x0000000d00000000)
  eden space 635904K, 0% used [0x00000008d5580000,0x00000008d5580000,0x00000008fc280000)
  from space 263680K, 96% used [0x000000090ed00000,0x000000091e638990,0x000000091ee80000)
  to   space 305664K, 0% used [0x00000008fc280000,0x00000008fc280000,0x000000090ed00000)
 ParOldGen       total 744960K, used 699121K [0x0000000080000000, 0x00000000ad780000, 0x00000008d5580000)
  object space 744960K, 93% used [0x0000000080000000,0x00000000aaabc650,0x00000000ad780000)
 Metaspace       used 6604K, capacity 6920K, committed 7168K, reserved 8192K
Event: 47.559 GC heap after
Heap after GC invocations=25 (full 5):
 PSYoungGen      total 899584K, used 198329K [0x00000008d5580000, 0x0000000924600000, 0x0000000d00000000)
  eden space 635904K, 0% used [0x00000008d5580000,0x00000008d5580000,0x00000008fc280000)
  from space 263680K, 75% used [0x000000090ed00000,0x000000091aeae418,0x000000091ee80000)
  to   space 305664K, 0% used [0x00000008fc280000,0x00000008fc280000,0x000000090ed00000)
 ParOldGen       total 1101824K, used 744698K [0x0000000080000000, 0x00000000c3400000, 0x00000008d5580000)
  object space 1101824K, 67% used [0x0000000080000000,0x00000000ad73eb38,0x00000000c3400000)
 Metaspace       used 6604K, capacity 6920K, committed 7168K, reserved 8192K
}
Event: 49.856 GC heap before
{Heap before GC invocations=26 (full 5):
 PSYoungGen      total 899584K, used 834233K [0x00000008d5580000, 0x0000000924600000, 0x0000000d00000000)
  eden space 635904K, 100% used [0x00000008d5580000,0x00000008fc280000,0x00000008fc280000)
  from space 263680K, 75% used [0x000000090ed00000,0x000000091aeae418,0x000000091ee80000)
  to   space 305664K, 0% used [0x00000008fc280000,0x00000008fc280000,0x000000090ed00000)
 ParOldGen       total 1101824K, used 744698K [0x0000000080000000, 0x00000000c3400000, 0x00000008d5580000)
  object space 1101824K, 67% used [0x0000000080000000,0x00000000ad73eb38,0x00000000c3400000)
 Metaspace       used 6604K, capacity 6920K, committed 7168K, reserved 8192K
Event: 50.267 GC heap after
Heap after GC invocations=26 (full 5):
 PSYoungGen      total 941568K, used 283756K [0x00000008d5580000, 0x000000092b500000, 0x0000000d00000000)
  eden space 635904K, 0% used [0x00000008d5580000,0x00000008d5580000,0x00000008fc280000)
  from space 305664K, 92% used [0x00000008fc280000,0x000000090d79b040,0x000000090ed00000)
  to   space 349696K, 0% used [0x0000000915f80000,0x0000000915f80000,0x000000092b500000)
 ParOldGen       total 1101824K, used 744698K [0x0000000080000000, 0x00000000c3400000, 0x00000008d5580000)
  object space 1101824K, 67% used [0x0000000080000000,0x00000000ad73eb38,0x00000000c3400000)
 Metaspace       used 6604K, capacity 6920K, committed 7168K, reserved 8192K
}
Event: 51.816 GC heap before
{Heap before GC invocations=27 (full 5):
 PSYoungGen      total 941568K, used 919660K [0x00000008d5580000, 0x000000092b500000, 0x0000000d00000000)
  eden space 635904K, 100% used [0x00000008d5580000,0x00000008fc280000,0x00000008fc280000)
  from space 305664K, 92% used [0x00000008fc280000,0x000000090d79b040,0x000000090ed00000)
  to   space 349696K, 0% used [0x0000000915f80000,0x0000000915f80000,0x000000092b500000)
 ParOldGen       total 1101824K, used 744698K [0x0000000080000000, 0x00000000c3400000, 0x00000008d5580000)
  object space 1101824K, 67% used [0x0000000080000000,0x00000000ad73eb38,0x00000000c3400000)
 Metaspace       used 6605K, capacity 6920K, committed 7168K, reserved 8192K
Event: 52.092 GC heap after
Heap after GC invocations=27 (full 5):
 PSYoungGen      total 1001984K, used 342450K [0x00000008d5580000, 0x0000000932780000, 0x0000000d00000000)
  eden space 652288K, 0% used [0x00000008d5580000,0x00000008d5580000,0x00000008fd280000)
  from space 349696K, 97% used [0x0000000915f80000,0x000000092adec8c0,0x000000092b500000)
  to   space 406528K, 0% used [0x00000008fd280000,0x00000008fd280000,0x0000000915f80000)
 ParOldGen       total 1101824K, used 744698K [0x0000000080000000, 0x00000000c3400000, 0x00000008d5580000)
  object space 1101824K, 67% used [0x0000000080000000,0x00000000ad73eb38,0x00000000c3400000)
 Metaspace       used 6605K, capacity 6920K, committed 7168K, reserved 8192K
}

