# JRE version: Java(TM) SE Runtime Environment (8.0_20-b26) (build 1.8.0_20-b26)
# Java VM: Java HotSpot(TM) 64-Bit Server VM (25.20-b23 mixed mode windows-amd64 )
Heap:
 PSYoungGen      total 953344K, used 436040K [0x00000008d5580000, 0x000000093d680000, 0x0000000d00000000)
  eden space 648704K, 67% used [0x00000008d5580000,0x00000008eff52238,0x00000008fcf00000)
  from space 304640K, 0% used [0x0000000918480000,0x0000000918480000,0x000000092ae00000)
  to   space 448000K, 0% used [0x00000008fcf00000,0x00000008fcf00000,0x0000000918480000)
 ParOldGen       total 812032K, used 811842K [0x0000000080000000, 0x00000000b1900000, 0x00000008d5580000)
  object space 812032K, 99% used [0x0000000080000000,0x00000000b18d0a18,0x00000000b1900000)
 Metaspace       used 6718K, capacity 6984K, committed 7168K, reserved 8192K
GC Heap History (10 events):
Event: 36.004 GC heap before
{Heap before GC invocations=26 (full 8):
 PSYoungGen      total 953344K, used 648704K [0x00000008d5580000, 0x000000093d680000, 0x0000000d00000000)
  eden space 648704K, 100% used [0x00000008d5580000,0x00000008fcf00000,0x00000008fcf00000)
  from space 304640K, 0% used [0x0000000918480000,0x0000000918480000,0x000000092ae00000)
  to   space 448000K, 0% used [0x00000008fcf00000,0x00000008fcf00000,0x0000000918480000)
 ParOldGen       total 812032K, used 811909K [0x0000000080000000, 0x00000000b1900000, 0x00000008d5580000)
  object space 812032K, 99% used [0x0000000080000000,0x00000000b18e1428,0x00000000b1900000)
 Metaspace       used 6614K, capacity 6920K, committed 7168K, reserved 8192K
Event: 38.955 GC heap after
Heap after GC invocations=26 (full 8):
 PSYoungGen      total 953344K, used 228175K [0x00000008d5580000, 0x000000093d680000, 0x0000000d00000000)
  eden space 648704K, 35% used [0x00000008d5580000,0x00000008e3453e50,0x00000008fcf00000)
  from space 304640K, 0% used [0x0000000918480000,0x0000000918480000,0x000000092ae00000)
  to   space 448000K, 0% used [0x00000008fcf00000,0x00000008fcf00000,0x0000000918480000)
 ParOldGen       total 812032K, used 811632K [0x0000000080000000, 0x00000000b1900000, 0x00000008d5580000)
  object space 812032K, 99% used [0x0000000080000000,0x00000000b189c020,0x00000000b1900000)
 Metaspace       used 6614K, capacity 6920K, committed 7168K, reserved 8192K
}
Event: 39.653 GC heap before
{Heap before GC invocations=27 (full 9):
 PSYoungGen      total 953344K, used 648704K [0x00000008d5580000, 0x000000093d680000, 0x0000000d00000000)
  eden space 648704K, 100% used [0x00000008d5580000,0x00000008fcf00000,0x00000008fcf00000)
  from space 304640K, 0% used [0x0000000918480000,0x0000000918480000,0x000000092ae00000)
  to   space 448000K, 0% used [0x00000008fcf00000,0x00000008fcf00000,0x0000000918480000)
 ParOldGen       total 812032K, used 811632K [0x0000000080000000, 0x00000000b1900000, 0x00000008d5580000)
  object space 812032K, 99% used [0x0000000080000000,0x00000000b189c020,0x00000000b1900000)
 Metaspace       used 6614K, capacity 6920K, committed 7168K, reserved 8192K
Event: 42.833 GC heap after
Heap after GC invocations=27 (full 9):
 PSYoungGen      total 953344K, used 293638K [0x00000008d5580000, 0x000000093d680000, 0x0000000d00000000)
  eden space 648704K, 45% used [0x00000008d5580000,0x00000008e7441ac8,0x00000008fcf00000)
  from space 304640K, 0% used [0x0000000918480000,0x0000000918480000,0x000000092ae00000)
  to   space 448000K, 0% used [0x00000008fcf00000,0x00000008fcf00000,0x0000000918480000)
 ParOldGen       total 812032K, used 811593K [0x0000000080000000, 0x00000000b1900000, 0x00000008d5580000)
  object space 812032K, 99% used [0x0000000080000000,0x00000000b1892778,0x00000000b1900000)
 Metaspace       used 6614K, capacity 6920K, committed 7168K, reserved 8192K
}
Event: 43.344 GC heap before
{Heap before GC invocations=28 (full 10):
 PSYoungGen      total 953344K, used 648704K [0x00000008d5580000, 0x000000093d680000, 0x0000000d00000000)
  eden space 648704K, 100% used [0x00000008d5580000,0x00000008fcf00000,0x00000008fcf00000)
  from space 304640K, 0% used [0x0000000918480000,0x0000000918480000,0x000000092ae00000)
  to   space 448000K, 0% used [0x00000008fcf00000,0x00000008fcf00000,0x0000000918480000)
 ParOldGen       total 812032K, used 811593K [0x0000000080000000, 0x00000000b1900000, 0x00000008d5580000)
  object space 812032K, 99% used [0x0000000080000000,0x00000000b1892778,0x00000000b1900000)
 Metaspace       used 6614K, capacity 6920K, committed 7168K, reserved 8192K
Event: 46.605 GC heap after
Heap after GC invocations=28 (full 10):
 PSYoungGen      total 953344K, used 347265K [0x00000008d5580000, 0x000000093d680000, 0x0000000d00000000)
  eden space 648704K, 53% used [0x00000008d5580000,0x00000008ea8a0720,0x00000008fcf00000)
  from space 304640K, 0% used [0x0000000918480000,0x0000000918480000,0x000000092ae00000)
  to   space 448000K, 0% used [0x00000008fcf00000,0x00000008fcf00000,0x0000000918480000)
 ParOldGen       total 812032K, used 811588K [0x0000000080000000, 0x00000000b1900000, 0x00000008d5580000)
  object space 812032K, 99% used [0x0000000080000000,0x00000000b1891020,0x00000000b1900000)
 Metaspace       used 6614K, capacity 6920K, committed 7168K, reserved 8192K
}
Event: 47.118 GC heap before
{Heap before GC invocations=29 (full 11):
 PSYoungGen      total 953344K, used 648704K [0x00000008d5580000, 0x000000093d680000, 0x0000000d00000000)
  eden space 648704K, 100% used [0x00000008d5580000,0x00000008fcf00000,0x00000008fcf00000)
  from space 304640K, 0% used [0x0000000918480000,0x0000000918480000,0x000000092ae00000)
  to   space 448000K, 0% used [0x00000008fcf00000,0x00000008fcf00000,0x0000000918480000)
 ParOldGen       total 812032K, used 811588K [0x0000000080000000, 0x00000000b1900000, 0x00000008d5580000)
  object space 812032K, 99% used [0x0000000080000000,0x00000000b1891020,0x00000000b1900000)
 Metaspace       used 6679K, capacity 6984K, committed 7168K, reserved 8192K
Event: 51.789 GC heap after
Heap after GC invocations=29 (full 11):
 PSYoungGen      total 953344K, used 385937K [0x00000008d5580000, 0x000000093d680000, 0x0000000d00000000)
  eden space 648704K, 59% used [0x00000008d5580000,0x00000008ece64650,0x00000008fcf00000)
  from space 304640K, 0% used [0x0000000918480000,0x0000000918480000,0x000000092ae00000)
  to   space 448000K, 0% used [0x00000008fcf00000,0x00000008fcf00000,0x0000000918480000)
 ParOldGen       total 812032K, used 811977K [0x0000000080000000, 0x00000000b1900000, 0x00000008d5580000)
  object space 812032K, 99% used [0x0000000080000000,0x00000000b18f2578,0x00000000b1900000)
 Metaspace       used 6679K, capacity 6984K, committed 7168K, reserved 8192K
}
Event: 52.376 GC heap before
{Heap before GC invocations=30 (full 12):
 PSYoungGen      total 953344K, used 648704K [0x00000008d5580000, 0x000000093d680000, 0x0000000d00000000)
  eden space 648704K, 100% used [0x00000008d5580000,0x00000008fcf00000,0x00000008fcf00000)
  from space 304640K, 0% used [0x0000000918480000,0x0000000918480000,0x000000092ae00000)
  to   space 448000K, 0% used [0x00000008fcf00000,0x00000008fcf00000,0x0000000918480000)
 ParOldGen       total 812032K, used 811977K [0x0000000080000000, 0x00000000b1900000, 0x00000008d5580000)
  object space 812032K, 99% used [0x0000000080000000,0x00000000b18f2578,0x00000000b1900000)
 Metaspace       used 6718K, capacity 6984K, committed 7168K, reserved 8192K
Event: 57.099 GC heap after
Heap after GC invocations=30 (full 12):
 PSYoungGen      total 953344K, used 420303K [0x00000008d5580000, 0x000000093d680000, 0x0000000d00000000)
  eden space 648704K, 64% used [0x00000008d5580000,0x00000008eeff3fa8,0x00000008fcf00000)
  from space 304640K, 0% used [0x0000000918480000,0x0000000918480000,0x000000092ae00000)
  to   space 448000K, 0% used [0x00000008fcf00000,0x00000008fcf00000,0x0000000918480000)
 ParOldGen       total 812032K, used 811842K [0x0000000080000000, 0x00000000b1900000, 0x00000008d5580000)
  object space 812032K, 99% used [0x0000000080000000,0x00000000b18d0a18,0x00000000b1900000)
 Metaspace       used 6718K, capacity 6984K, committed 7168K, reserved 8192K
}

