# JRE version: Java(TM) SE Runtime Environment (8.0_20-b26) (build 1.8.0_20-b26)
# Java VM: Java HotSpot(TM) 64-Bit Server VM (25.20-b23 mixed mode windows-amd64 )
Heap:
 PSYoungGen      total 1127936K, used 656306K [0x00000008d5580000, 0x0000000946200000, 0x0000000d00000000)
  eden space 753664K, 87% used [0x00000008d5580000,0x00000008fd66c930,0x0000000903580000)
  from space 374272K, 0% used [0x0000000903580000,0x0000000903580000,0x000000091a300000)
  to   space 494080K, 0% used [0x0000000927f80000,0x0000000927f80000,0x0000000946200000)
 ParOldGen       total 799232K, used 799174K [0x0000000080000000, 0x00000000b0c80000, 0x00000008d5580000)
  object space 799232K, 99% used [0x0000000080000000,0x00000000b0c71910,0x00000000b0c80000)
 Metaspace       used 6604K, capacity 6920K, committed 7168K, reserved 8192K
GC Heap History (10 events):
Event: 21.666 GC heap before
{Heap before GC invocations=19 (full 4):
 PSYoungGen      total 948736K, used 827346K [0x00000008d5580000, 0x0000000922e00000, 0x0000000d00000000)
  eden space 720384K, 100% used [0x00000008d5580000,0x0000000901500000,0x0000000901500000)
  from space 228352K, 46% used [0x0000000910c00000,0x0000000917474aa8,0x000000091eb00000)
  to   space 252928K, 0% used [0x0000000901500000,0x0000000901500000,0x0000000910c00000)
 ParOldGen       total 798720K, used 512209K [0x0000000080000000, 0x00000000b0c00000, 0x00000008d5580000)
  object space 798720K, 64% used [0x0000000080000000,0x000000009f434408,0x00000000b0c00000)
 Metaspace       used 6601K, capacity 6920K, committed 7168K, reserved 8192K
Event: 21.939 GC heap after
Heap after GC invocations=19 (full 4):
 PSYoungGen      total 973312K, used 220373K [0x00000008d5580000, 0x000000092b900000, 0x0000000d00000000)
  eden space 720384K, 0% used [0x00000008d5580000,0x00000008d5580000,0x0000000901500000)
  from space 252928K, 87% used [0x0000000901500000,0x000000090ec35770,0x0000000910c00000)
  to   space 284672K, 0% used [0x000000091a300000,0x000000091a300000,0x000000092b900000)
 ParOldGen       total 798720K, used 512209K [0x0000000080000000, 0x00000000b0c00000, 0x00000008d5580000)
  object space 798720K, 64% used [0x0000000080000000,0x000000009f434408,0x00000000b0c00000)
 Metaspace       used 6601K, capacity 6920K, committed 7168K, reserved 8192K
}
Event: 23.791 GC heap before
{Heap before GC invocations=20 (full 4):
 PSYoungGen      total 973312K, used 940757K [0x00000008d5580000, 0x000000092b900000, 0x0000000d00000000)
  eden space 720384K, 100% used [0x00000008d5580000,0x0000000901500000,0x0000000901500000)
  from space 252928K, 87% used [0x0000000901500000,0x000000090ec35770,0x0000000910c00000)
  to   space 284672K, 0% used [0x000000091a300000,0x000000091a300000,0x000000092b900000)
 ParOldGen       total 798720K, used 512209K [0x0000000080000000, 0x00000000b0c00000, 0x00000008d5580000)
  object space 798720K, 64% used [0x0000000080000000,0x000000009f434408,0x00000000b0c00000)
 Metaspace       used 6603K, capacity 6920K, committed 7168K, reserved 8192K
Event: 24.148 GC heap after
Heap after GC invocations=20 (full 4):
 PSYoungGen      total 1038336K, used 284641K [0x00000008d5580000, 0x0000000937480000, 0x0000000d00000000)
  eden space 753664K, 0% used [0x00000008d5580000,0x00000008d5580000,0x0000000903580000)
  from space 284672K, 99% used [0x000000091a300000,0x000000092b8f8628,0x000000092b900000)
  to   space 374272K, 0% used [0x0000000903580000,0x0000000903580000,0x000000091a300000)
 ParOldGen       total 798720K, used 621353K [0x0000000080000000, 0x00000000b0c00000, 0x00000008d5580000)
  object space 798720K, 77% used [0x0000000080000000,0x00000000a5eca480,0x00000000b0c00000)
 Metaspace       used 6603K, capacity 6920K, committed 7168K, reserved 8192K
}
Event: 25.561 GC heap before
{Heap before GC invocations=21 (full 4):
 PSYoungGen      total 1038336K, used 1038305K [0x00000008d5580000, 0x0000000937480000, 0x0000000d00000000)
  eden space 753664K, 100% used [0x00000008d5580000,0x0000000903580000,0x0000000903580000)
  from space 284672K, 99% used [0x000000091a300000,0x000000092b8f8628,0x000000092b900000)
  to   space 374272K, 0% used [0x0000000903580000,0x0000000903580000,0x000000091a300000)
 ParOldGen       total 798720K, used 621353K [0x0000000080000000, 0x00000000b0c00000, 0x00000008d5580000)
  object space 798720K, 77% used [0x0000000080000000,0x00000000a5eca480,0x00000000b0c00000)
 Metaspace       used 6603K, capacity 6920K, committed 7168K, reserved 8192K
Event: 25.922 GC heap after
Heap after GC invocations=21 (full 4):
 PSYoungGen      total 1127936K, used 374240K [0x00000008d5580000, 0x0000000946200000, 0x0000000d00000000)
  eden space 753664K, 0% used [0x00000008d5580000,0x00000008d5580000,0x0000000903580000)
  from space 374272K, 99% used [0x0000000903580000,0x000000091a2f8108,0x000000091a300000)
  to   space 494080K, 0% used [0x0000000927f80000,0x0000000927f80000,0x0000000946200000)
 ParOldGen       total 798720K, used 768623K [0x0000000080000000, 0x00000000b0c00000, 0x00000008d5580000)
  object space 798720K, 96% used [0x0000000080000000,0x00000000aee9bed8,0x00000000b0c00000)
 Metaspace       used 6603K, capacity 6920K, committed 7168K, reserved 8192K
}
Event: 25.922 GC heap before
{Heap before GC invocations=22 (full 5):
 PSYoungGen      total 1127936K, used 374240K [0x00000008d5580000, 0x0000000946200000, 0x0000000d00000000)
  eden space 753664K, 0% used [0x00000008d5580000,0x00000008d5580000,0x0000000903580000)
  from space 374272K, 99% used [0x0000000903580000,0x000000091a2f8108,0x000000091a300000)
  to   space 494080K, 0% used [0x0000000927f80000,0x0000000927f80000,0x0000000946200000)
 ParOldGen       total 798720K, used 768623K [0x0000000080000000, 0x00000000b0c00000, 0x00000008d5580000)
  object space 798720K, 96% used [0x0000000080000000,0x00000000aee9bed8,0x00000000b0c00000)
 Metaspace       used 6603K, capacity 6920K, committed 7168K, reserved 8192K
Event: 29.434 GC heap after
Heap after GC invocations=22 (full 5):
 PSYoungGen      total 1127936K, used 227142K [0x00000008d5580000, 0x0000000946200000, 0x0000000d00000000)
  eden space 753664K, 0% used [0x00000008d5580000,0x00000008d5580000,0x0000000903580000)
  from space 374272K, 60% used [0x0000000903580000,0x0000000911351af0,0x000000091a300000)
  to   space 494080K, 0% used [0x0000000927f80000,0x0000000927f80000,0x0000000946200000)
 ParOldGen       total 798720K, used 798703K [0x0000000080000000, 0x00000000b0c00000, 0x00000008d5580000)
  object space 798720K, 99% used [0x0000000080000000,0x00000000b0bfbed0,0x00000000b0c00000)
 Metaspace       used 6603K, capacity 6920K, committed 7168K, reserved 8192K
}
Event: 30.694 GC heap before
{Heap before GC invocations=23 (full 6):
 PSYoungGen      total 1127936K, used 980806K [0x00000008d5580000, 0x0000000946200000, 0x0000000d00000000)
  eden space 753664K, 100% used [0x00000008d5580000,0x0000000903580000,0x0000000903580000)
  from space 374272K, 60% used [0x0000000903580000,0x0000000911351af0,0x000000091a300000)
  to   space 494080K, 0% used [0x0000000927f80000,0x0000000927f80000,0x0000000946200000)
 ParOldGen       total 799232K, used 798744K [0x0000000080000000, 0x00000000b0c80000, 0x00000008d5580000)
  object space 799232K, 99% used [0x0000000080000000,0x00000000b0c06300,0x00000000b0c80000)
 Metaspace       used 6603K, capacity 6920K, committed 7168K, reserved 8192K
Event: 33.444 GC heap after
Heap after GC invocations=23 (full 6):
 PSYoungGen      total 1127936K, used 176418K [0x00000008d5580000, 0x0000000946200000, 0x0000000d00000000)
  eden space 753664K, 23% used [0x00000008d5580000,0x00000008e01c8b80,0x0000000903580000)
  from space 374272K, 0% used [0x0000000903580000,0x0000000903580000,0x000000091a300000)
  to   space 494080K, 0% used [0x0000000927f80000,0x0000000927f80000,0x0000000946200000)
 ParOldGen       total 799232K, used 799174K [0x0000000080000000, 0x00000000b0c80000, 0x00000008d5580000)
  object space 799232K, 99% used [0x0000000080000000,0x00000000b0c71910,0x00000000b0c80000)
 Metaspace       used 6603K, capacity 6920K, committed 7168K, reserved 8192K
}

