# JRE version: Java(TM) SE Runtime Environment (8.0_20-b26) (build 1.8.0_20-b26)
# Java VM: Java HotSpot(TM) 64-Bit Server VM (25.20-b23 mixed mode windows-amd64 )
Heap:
 PSYoungGen      total 928256K, used 471580K [0x00000008d5580000, 0x0000000921d00000, 0x0000000d00000000)
  eden space 686080K, 37% used [0x00000008d5580000,0x00000008e4e84d68,0x00000008ff380000)
  from space 242176K, 89% used [0x000000090f380000,0x000000091c7025e8,0x000000091e000000)
  to   space 262144K, 0% used [0x00000008ff380000,0x00000008ff380000,0x000000090f380000)
 ParOldGen       total 806400K, used 806074K [0x0000000080000000, 0x00000000b1380000, 0x00000008d5580000)
  object space 806400K, 99% used [0x0000000080000000,0x00000000b132e880,0x00000000b1380000)
 Metaspace       used 6602K, capacity 6920K, committed 7168K, reserved 8192K
GC Heap History (10 events):
Event: 21.622 GC heap before
{Heap before GC invocations=19 (full 3):
 PSYoungGen      total 787968K, used 787959K [0x00000008d5580000, 0x000000091e000000, 0x0000000d00000000)
  eden space 587776K, 100% used [0x00000008d5580000,0x00000008f9380000,0x00000008f9380000)
  from space 200192K, 99% used [0x00000008f9380000,0x00000009056fddf8,0x0000000905700000)
  to   space 242176K, 0% used [0x000000090f380000,0x000000090f380000,0x000000091e000000)
 ParOldGen       total 535040K, used 398747K [0x0000000080000000, 0x00000000a0a80000, 0x00000008d5580000)
  object space 535040K, 74% used [0x0000000080000000,0x0000000098566db0,0x00000000a0a80000)
 Metaspace       used 6591K, capacity 6920K, committed 7168K, reserved 8192K
Event: 22.177 GC heap after
Heap after GC invocations=19 (full 3):
 PSYoungGen      total 928256K, used 183029K [0x00000008d5580000, 0x0000000921d00000, 0x0000000d00000000)
  eden space 686080K, 0% used [0x00000008d5580000,0x00000008d5580000,0x00000008ff380000)
  from space 242176K, 75% used [0x000000090f380000,0x000000091a63d4e0,0x000000091e000000)
  to   space 262144K, 0% used [0x00000008ff380000,0x00000008ff380000,0x000000090f380000)
 ParOldGen       total 535040K, used 517552K [0x0000000080000000, 0x00000000a0a80000, 0x00000008d5580000)
  object space 535040K, 96% used [0x0000000080000000,0x000000009f96c1e8,0x00000000a0a80000)
 Metaspace       used 6591K, capacity 6920K, committed 7168K, reserved 8192K
}
Event: 22.177 GC heap before
{Heap before GC invocations=20 (full 4):
 PSYoungGen      total 928256K, used 183029K [0x00000008d5580000, 0x0000000921d00000, 0x0000000d00000000)
  eden space 686080K, 0% used [0x00000008d5580000,0x00000008d5580000,0x00000008ff380000)
  from space 242176K, 75% used [0x000000090f380000,0x000000091a63d4e0,0x000000091e000000)
  to   space 262144K, 0% used [0x00000008ff380000,0x00000008ff380000,0x000000090f380000)
 ParOldGen       total 535040K, used 517552K [0x0000000080000000, 0x00000000a0a80000, 0x00000008d5580000)
  object space 535040K, 96% used [0x0000000080000000,0x000000009f96c1e8,0x00000000a0a80000)
 Metaspace       used 6591K, capacity 6920K, committed 7168K, reserved 8192K
Event: 25.327 GC heap after
Heap after GC invocations=20 (full 4):
 PSYoungGen      total 928256K, used 154940K [0x00000008d5580000, 0x0000000921d00000, 0x0000000d00000000)
  eden space 686080K, 0% used [0x00000008d5580000,0x00000008d5580000,0x00000008ff380000)
  from space 242176K, 63% used [0x000000090f380000,0x0000000918acf090,0x000000091e000000)
  to   space 262144K, 0% used [0x00000008ff380000,0x00000008ff380000,0x000000090f380000)
 ParOldGen       total 806400K, used 534567K [0x0000000080000000, 0x00000000b1380000, 0x00000008d5580000)
  object space 806400K, 66% used [0x0000000080000000,0x00000000a0a09e50,0x00000000b1380000)
 Metaspace       used 6591K, capacity 6920K, committed 7168K, reserved 8192K
}
Event: 27.145 GC heap before
{Heap before GC invocations=21 (full 4):
 PSYoungGen      total 928256K, used 841020K [0x00000008d5580000, 0x0000000921d00000, 0x0000000d00000000)
  eden space 686080K, 100% used [0x00000008d5580000,0x00000008ff380000,0x00000008ff380000)
  from space 242176K, 63% used [0x000000090f380000,0x0000000918acf090,0x000000091e000000)
  to   space 262144K, 0% used [0x00000008ff380000,0x00000008ff380000,0x000000090f380000)
 ParOldGen       total 806400K, used 534567K [0x0000000080000000, 0x00000000b1380000, 0x00000008d5580000)
  object space 806400K, 66% used [0x0000000080000000,0x00000000a0a09e50,0x00000000b1380000)
 Metaspace       used 6602K, capacity 6920K, committed 7168K, reserved 8192K
Event: 27.631 GC heap after
Heap after GC invocations=21 (full 4):
 PSYoungGen      total 948224K, used 259687K [0x00000008d5580000, 0x0000000921d00000, 0x0000000d00000000)
  eden space 686080K, 0% used [0x00000008d5580000,0x00000008d5580000,0x00000008ff380000)
  from space 262144K, 99% used [0x00000008ff380000,0x000000090f119f88,0x000000090f380000)
  to   space 242176K, 0% used [0x000000090f380000,0x000000090f380000,0x000000091e000000)
 ParOldGen       total 806400K, used 534567K [0x0000000080000000, 0x00000000b1380000, 0x00000008d5580000)
  object space 806400K, 66% used [0x0000000080000000,0x00000000a0a09e50,0x00000000b1380000)
 Metaspace       used 6602K, capacity 6920K, committed 7168K, reserved 8192K
}
Event: 29.463 GC heap before
{Heap before GC invocations=22 (full 4):
 PSYoungGen      total 948224K, used 945767K [0x00000008d5580000, 0x0000000921d00000, 0x0000000d00000000)
  eden space 686080K, 100% used [0x00000008d5580000,0x00000008ff380000,0x00000008ff380000)
  from space 262144K, 99% used [0x00000008ff380000,0x000000090f119f88,0x000000090f380000)
  to   space 242176K, 0% used [0x000000090f380000,0x000000090f380000,0x000000091e000000)
 ParOldGen       total 806400K, used 534567K [0x0000000080000000, 0x00000000b1380000, 0x00000008d5580000)
  object space 806400K, 66% used [0x0000000080000000,0x00000000a0a09e50,0x00000000b1380000)
 Metaspace       used 6602K, capacity 6920K, committed 7168K, reserved 8192K
Event: 30.067 GC heap after
Heap after GC invocations=22 (full 4):
 PSYoungGen      total 928256K, used 242171K [0x00000008d5580000, 0x0000000921d00000, 0x0000000d00000000)
  eden space 686080K, 0% used [0x00000008d5580000,0x00000008d5580000,0x00000008ff380000)
  from space 242176K, 99% used [0x000000090f380000,0x000000091dffee28,0x000000091e000000)
  to   space 262144K, 0% used [0x00000008ff380000,0x00000008ff380000,0x000000090f380000)
 ParOldGen       total 806400K, used 801963K [0x0000000080000000, 0x00000000b1380000, 0x00000008d5580000)
  object space 806400K, 99% used [0x0000000080000000,0x00000000b0f2ae00,0x00000000b1380000)
 Metaspace       used 6602K, capacity 6920K, committed 7168K, reserved 8192K
}
Event: 30.067 GC heap before
{Heap before GC invocations=23 (full 5):
 PSYoungGen      total 928256K, used 242171K [0x00000008d5580000, 0x0000000921d00000, 0x0000000d00000000)
  eden space 686080K, 0% used [0x00000008d5580000,0x00000008d5580000,0x00000008ff380000)
  from space 242176K, 99% used [0x000000090f380000,0x000000091dffee28,0x000000091e000000)
  to   space 262144K, 0% used [0x00000008ff380000,0x00000008ff380000,0x000000090f380000)
 ParOldGen       total 806400K, used 801963K [0x0000000080000000, 0x00000000b1380000, 0x00000008d5580000)
  object space 806400K, 99% used [0x0000000080000000,0x00000000b0f2ae00,0x00000000b1380000)
 Metaspace       used 6602K, capacity 6920K, committed 7168K, reserved 8192K
Event: 34.535 GC heap after
Heap after GC invocations=23 (full 5):
 PSYoungGen      total 928256K, used 216585K [0x00000008d5580000, 0x0000000921d00000, 0x0000000d00000000)
  eden space 686080K, 0% used [0x00000008d5580000,0x00000008d5580000,0x00000008ff380000)
  from space 242176K, 89% used [0x000000090f380000,0x000000091c7025e8,0x000000091e000000)
  to   space 262144K, 0% used [0x00000008ff380000,0x00000008ff380000,0x000000090f380000)
 ParOldGen       total 806400K, used 806074K [0x0000000080000000, 0x00000000b1380000, 0x00000008d5580000)
  object space 806400K, 99% used [0x0000000080000000,0x00000000b132e880,0x00000000b1380000)
 Metaspace       used 6602K, capacity 6920K, committed 7168K, reserved 8192K
}

