# JRE version: Java(TM) SE Runtime Environment (8.0_20-b26) (build 1.8.0_20-b26)
# Java VM: Java HotSpot(TM) 64-Bit Server VM (25.20-b23 mixed mode windows-amd64 )
Heap:
 PSYoungGen      total 845824K, used 356374K [0x00000008d5580000, 0x000000091cf80000, 0x0000000d00000000)
  eden space 623616K, 41% used [0x00000008d5580000,0x00000008e54cff58,0x00000008fb680000)
  from space 222208K, 42% used [0x000000090f680000,0x00000009153359c0,0x000000091cf80000)
  to   space 181248K, 0% used [0x00000008fb680000,0x00000008fb680000,0x0000000906780000)
 ParOldGen       total 518144K, used 518011K [0x0000000080000000, 0x000000009fa00000, 0x00000008d5580000)
  object space 518144K, 99% used [0x0000000080000000,0x000000009f9dedb8,0x000000009fa00000)
 Metaspace       used 6585K, capacity 6920K, committed 7168K, reserved 8192K
GC Heap History (10 events):
Event: 20.485 GC heap before
{Heap before GC invocations=14 (full 2):
 PSYoungGen      total 680960K, used 680941K [0x00000008d5580000, 0x000000090ff80000, 0x0000000d00000000)
  eden space 563712K, 100% used [0x00000008d5580000,0x00000008f7c00000,0x00000008f7c00000)
  from space 117248K, 99% used [0x00000008f7c00000,0x00000008fee7b448,0x00000008fee80000)
  to   space 155648K, 0% used [0x0000000906780000,0x0000000906780000,0x000000090ff80000)
 ParOldGen       total 313344K, used 225926K [0x0000000080000000, 0x0000000093200000, 0x00000008d5580000)
  object space 313344K, 72% used [0x0000000080000000,0x000000008dca1b70,0x0000000093200000)
 Metaspace       used 6576K, capacity 6920K, committed 7168K, reserved 8192K
Event: 21.157 GC heap after
Heap after GC invocations=14 (full 2):
 PSYoungGen      total 779264K, used 150523K [0x00000008d5580000, 0x0000000914200000, 0x0000000d00000000)
  eden space 623616K, 0% used [0x00000008d5580000,0x00000008d5580000,0x00000008fb680000)
  from space 155648K, 96% used [0x0000000906780000,0x000000090fa7eee0,0x000000090ff80000)
  to   space 181248K, 0% used [0x00000008fb680000,0x00000008fb680000,0x0000000906780000)
 ParOldGen       total 313344K, used 284144K [0x0000000080000000, 0x0000000093200000, 0x00000008d5580000)
  object space 313344K, 90% used [0x0000000080000000,0x000000009157c3c0,0x0000000093200000)
 Metaspace       used 6576K, capacity 6920K, committed 7168K, reserved 8192K
}
Event: 21.157 GC heap before
{Heap before GC invocations=15 (full 3):
 PSYoungGen      total 779264K, used 150523K [0x00000008d5580000, 0x0000000914200000, 0x0000000d00000000)
  eden space 623616K, 0% used [0x00000008d5580000,0x00000008d5580000,0x00000008fb680000)
  from space 155648K, 96% used [0x0000000906780000,0x000000090fa7eee0,0x000000090ff80000)
  to   space 181248K, 0% used [0x00000008fb680000,0x00000008fb680000,0x0000000906780000)
 ParOldGen       total 313344K, used 284144K [0x0000000080000000, 0x0000000093200000, 0x00000008d5580000)
  object space 313344K, 90% used [0x0000000080000000,0x000000009157c3c0,0x0000000093200000)
 Metaspace       used 6576K, capacity 6920K, committed 7168K, reserved 8192K
Event: 24.407 GC heap after
Heap after GC invocations=15 (full 3):
 PSYoungGen      total 779264K, used 108449K [0x00000008d5580000, 0x0000000914200000, 0x0000000d00000000)
  eden space 623616K, 0% used [0x00000008d5580000,0x00000008d5580000,0x00000008fb680000)
  from space 155648K, 69% used [0x0000000906780000,0x000000090d168590,0x000000090ff80000)
  to   space 181248K, 0% used [0x00000008fb680000,0x00000008fb680000,0x0000000906780000)
 ParOldGen       total 518144K, used 313254K [0x0000000080000000, 0x000000009fa00000, 0x00000008d5580000)
  object space 518144K, 60% used [0x0000000080000000,0x00000000931e9808,0x000000009fa00000)
 Metaspace       used 6576K, capacity 6920K, committed 7168K, reserved 8192K
}
Event: 26.946 GC heap before
{Heap before GC invocations=16 (full 3):
 PSYoungGen      total 779264K, used 732065K [0x00000008d5580000, 0x0000000914200000, 0x0000000d00000000)
  eden space 623616K, 100% used [0x00000008d5580000,0x00000008fb680000,0x00000008fb680000)
  from space 155648K, 69% used [0x0000000906780000,0x000000090d168590,0x000000090ff80000)
  to   space 181248K, 0% used [0x00000008fb680000,0x00000008fb680000,0x0000000906780000)
 ParOldGen       total 518144K, used 313254K [0x0000000080000000, 0x000000009fa00000, 0x00000008d5580000)
  object space 518144K, 60% used [0x0000000080000000,0x00000000931e9808,0x000000009fa00000)
 Metaspace       used 6582K, capacity 6920K, committed 7168K, reserved 8192K
Event: 27.420 GC heap after
Heap after GC invocations=16 (full 3):
 PSYoungGen      total 804864K, used 181219K [0x00000008d5580000, 0x000000091cf80000, 0x0000000d00000000)
  eden space 623616K, 0% used [0x00000008d5580000,0x00000008d5580000,0x00000008fb680000)
  from space 181248K, 99% used [0x00000008fb680000,0x0000000906778c10,0x0000000906780000)
  to   space 222208K, 0% used [0x000000090f680000,0x000000090f680000,0x000000091cf80000)
 ParOldGen       total 518144K, used 337632K [0x0000000080000000, 0x000000009fa00000, 0x00000008d5580000)
  object space 518144K, 65% used [0x0000000080000000,0x00000000949b8350,0x000000009fa00000)
 Metaspace       used 6582K, capacity 6920K, committed 7168K, reserved 8192K
}
Event: 31.118 GC heap before
{Heap before GC invocations=17 (full 3):
 PSYoungGen      total 804864K, used 804835K [0x00000008d5580000, 0x000000091cf80000, 0x0000000d00000000)
  eden space 623616K, 100% used [0x00000008d5580000,0x00000008fb680000,0x00000008fb680000)
  from space 181248K, 99% used [0x00000008fb680000,0x0000000906778c10,0x0000000906780000)
  to   space 222208K, 0% used [0x000000090f680000,0x000000090f680000,0x000000091cf80000)
 ParOldGen       total 518144K, used 337632K [0x0000000080000000, 0x000000009fa00000, 0x00000008d5580000)
  object space 518144K, 65% used [0x0000000080000000,0x00000000949b8350,0x000000009fa00000)
 Metaspace       used 6585K, capacity 6920K, committed 7168K, reserved 8192K
Event: 31.692 GC heap after
Heap after GC invocations=17 (full 3):
 PSYoungGen      total 845824K, used 181072K [0x00000008d5580000, 0x000000091cf80000, 0x0000000d00000000)
  eden space 623616K, 0% used [0x00000008d5580000,0x00000008d5580000,0x00000008fb680000)
  from space 222208K, 81% used [0x000000090f680000,0x000000091a754108,0x000000091cf80000)
  to   space 181248K, 0% used [0x00000008fb680000,0x00000008fb680000,0x0000000906780000)
 ParOldGen       total 518144K, used 439441K [0x0000000080000000, 0x000000009fa00000, 0x00000008d5580000)
  object space 518144K, 84% used [0x0000000080000000,0x000000009ad24748,0x000000009fa00000)
 Metaspace       used 6585K, capacity 6920K, committed 7168K, reserved 8192K
}
Event: 31.692 GC heap before
{Heap before GC invocations=18 (full 4):
 PSYoungGen      total 845824K, used 181072K [0x00000008d5580000, 0x000000091cf80000, 0x0000000d00000000)
  eden space 623616K, 0% used [0x00000008d5580000,0x00000008d5580000,0x00000008fb680000)
  from space 222208K, 81% used [0x000000090f680000,0x000000091a754108,0x000000091cf80000)
  to   space 181248K, 0% used [0x00000008fb680000,0x00000008fb680000,0x0000000906780000)
 ParOldGen       total 518144K, used 439441K [0x0000000080000000, 0x000000009fa00000, 0x00000008d5580000)
  object space 518144K, 84% used [0x0000000080000000,0x000000009ad24748,0x000000009fa00000)
 Metaspace       used 6585K, capacity 6920K, committed 7168K, reserved 8192K
Event: 36.271 GC heap after
Heap after GC invocations=18 (full 4):
 PSYoungGen      total 845824K, used 94934K [0x00000008d5580000, 0x000000091cf80000, 0x0000000d00000000)
  eden space 623616K, 0% used [0x00000008d5580000,0x00000008d5580000,0x00000008fb680000)
  from space 222208K, 42% used [0x000000090f680000,0x00000009153359c0,0x000000091cf80000)
  to   space 181248K, 0% used [0x00000008fb680000,0x00000008fb680000,0x0000000906780000)
 ParOldGen       total 518144K, used 518011K [0x0000000080000000, 0x000000009fa00000, 0x00000008d5580000)
  object space 518144K, 99% used [0x0000000080000000,0x000000009f9dedb8,0x000000009fa00000)
 Metaspace       used 6585K, capacity 6920K, committed 7168K, reserved 8192K
}

