# JRE version: Java(TM) SE Runtime Environment (8.0_20-b26) (build 1.8.0_20-b26)
# Java VM: Java HotSpot(TM) 64-Bit Server VM (25.20-b23 mixed mode windows-amd64 )
Heap:
 PSYoungGen      total 1024512K, used 1024506K [0x00000008d5580000, 0x0000000935800000, 0x0000000d00000000)
  eden space 773120K, 100% used [0x00000008d5580000,0x0000000904880000,0x0000000904880000)
  from space 251392K, 99% used [0x0000000919580000,0x0000000928afe978,0x0000000928b00000)
  to   space 340992K, 46% used [0x0000000904880000,0x000000090e499570,0x0000000919580000)
 ParOldGen       total 837120K, used 836613K [0x0000000080000000, 0x00000000b3180000, 0x00000008d5580000)
  object space 837120K, 99% used [0x0000000080000000,0x00000000b3101580,0x00000000b3180000)
 Metaspace       used 6609K, capacity 6920K, committed 7168K, reserved 8192K
GC Heap History (10 events):
Event: 17.147 GC heap after
Heap after GC invocations=16 (full 3):
 PSYoungGen      total 846336K, used 105288K [0x00000008d5580000, 0x000000091cb80000, 0x0000000d00000000)
  eden space 646144K, 0% used [0x00000008d5580000,0x00000008d5580000,0x00000008fcc80000)
  from space 200192K, 52% used [0x00000008fcc80000,0x00000009033520f8,0x0000000909000000)
  to   space 200704K, 0% used [0x0000000910780000,0x0000000910780000,0x000000091cb80000)
 ParOldGen       total 500224K, used 419010K [0x0000000080000000, 0x000000009e880000, 0x00000008d5580000)
  object space 500224K, 83% used [0x0000000080000000,0x00000000999309c8,0x000000009e880000)
 Metaspace       used 6594K, capacity 6920K, committed 7168K, reserved 8192K
}
Event: 17.147 GC heap before
{Heap before GC invocations=17 (full 4):
 PSYoungGen      total 846336K, used 105288K [0x00000008d5580000, 0x000000091cb80000, 0x0000000d00000000)
  eden space 646144K, 0% used [0x00000008d5580000,0x00000008d5580000,0x00000008fcc80000)
  from space 200192K, 52% used [0x00000008fcc80000,0x00000009033520f8,0x0000000909000000)
  to   space 200704K, 0% used [0x0000000910780000,0x0000000910780000,0x000000091cb80000)
 ParOldGen       total 500224K, used 419010K [0x0000000080000000, 0x000000009e880000, 0x00000008d5580000)
  object space 500224K, 83% used [0x0000000080000000,0x00000000999309c8,0x000000009e880000)
 Metaspace       used 6594K, capacity 6920K, committed 7168K, reserved 8192K
Event: 18.792 GC heap after
Heap after GC invocations=17 (full 4):
 PSYoungGen      total 846336K, used 18014K [0x00000008d5580000, 0x000000091cb80000, 0x0000000d00000000)
  eden space 646144K, 0% used [0x00000008d5580000,0x00000008d5580000,0x00000008fcc80000)
  from space 200192K, 8% used [0x00000008fcc80000,0x00000008fde17940,0x0000000909000000)
  to   space 200704K, 0% used [0x0000000910780000,0x0000000910780000,0x000000091cb80000)
 ParOldGen       total 784896K, used 499799K [0x0000000080000000, 0x00000000afe80000, 0x00000008d5580000)
  object space 784896K, 63% used [0x0000000080000000,0x000000009e815dd0,0x00000000afe80000)
 Metaspace       used 6594K, capacity 6920K, committed 7168K, reserved 8192K
}
Event: 20.388 GC heap before
{Heap before GC invocations=18 (full 4):
 PSYoungGen      total 846336K, used 664158K [0x00000008d5580000, 0x000000091cb80000, 0x0000000d00000000)
  eden space 646144K, 100% used [0x00000008d5580000,0x00000008fcc80000,0x00000008fcc80000)
  from space 200192K, 8% used [0x00000008fcc80000,0x00000008fde17940,0x0000000909000000)
  to   space 200704K, 0% used [0x0000000910780000,0x0000000910780000,0x000000091cb80000)
 ParOldGen       total 784896K, used 499799K [0x0000000080000000, 0x00000000afe80000, 0x00000008d5580000)
  object space 784896K, 63% used [0x0000000080000000,0x000000009e815dd0,0x00000000afe80000)
 Metaspace       used 6598K, capacity 6920K, committed 7168K, reserved 8192K
Event: 20.668 GC heap after
Heap after GC invocations=18 (full 4):
 PSYoungGen      total 927744K, used 119140K [0x00000008d5580000, 0x000000091bc00000, 0x0000000d00000000)
  eden space 742912K, 0% used [0x00000008d5580000,0x00000008d5580000,0x0000000902b00000)
  from space 184832K, 64% used [0x0000000910780000,0x0000000917bd9068,0x000000091bc00000)
  to   space 205312K, 0% used [0x0000000902b00000,0x0000000902b00000,0x000000090f380000)
 ParOldGen       total 784896K, used 499799K [0x0000000080000000, 0x00000000afe80000, 0x00000008d5580000)
  object space 784896K, 63% used [0x0000000080000000,0x000000009e815dd0,0x00000000afe80000)
 Metaspace       used 6598K, capacity 6920K, committed 7168K, reserved 8192K
}
Event: 22.139 GC heap before
{Heap before GC invocations=19 (full 4):
 PSYoungGen      total 927744K, used 862052K [0x00000008d5580000, 0x000000091bc00000, 0x0000000d00000000)
  eden space 742912K, 100% used [0x00000008d5580000,0x0000000902b00000,0x0000000902b00000)
  from space 184832K, 64% used [0x0000000910780000,0x0000000917bd9068,0x000000091bc00000)
  to   space 205312K, 0% used [0x0000000902b00000,0x0000000902b00000,0x000000090f380000)
 ParOldGen       total 784896K, used 499799K [0x0000000080000000, 0x00000000afe80000, 0x00000008d5580000)
  object space 784896K, 63% used [0x0000000080000000,0x000000009e815dd0,0x00000000afe80000)
 Metaspace       used 6608K, capacity 6920K, committed 7168K, reserved 8192K
Event: 22.336 GC heap after
Heap after GC invocations=19 (full 4):
 PSYoungGen      total 948224K, used 205304K [0x00000008d5580000, 0x0000000928b00000, 0x0000000d00000000)
  eden space 742912K, 0% used [0x00000008d5580000,0x00000008d5580000,0x0000000902b00000)
  from space 205312K, 99% used [0x0000000902b00000,0x000000090f37e080,0x000000090f380000)
  to   space 251392K, 0% used [0x0000000919580000,0x0000000919580000,0x0000000928b00000)
 ParOldGen       total 784896K, used 529812K [0x0000000080000000, 0x00000000afe80000, 0x00000008d5580000)
  object space 784896K, 67% used [0x0000000080000000,0x00000000a0565190,0x00000000afe80000)
 Metaspace       used 6608K, capacity 6920K, committed 7168K, reserved 8192K
}
Event: 24.091 GC heap before
{Heap before GC invocations=20 (full 4):
 PSYoungGen      total 948224K, used 948216K [0x00000008d5580000, 0x0000000928b00000, 0x0000000d00000000)
  eden space 742912K, 100% used [0x00000008d5580000,0x0000000902b00000,0x0000000902b00000)
  from space 205312K, 99% used [0x0000000902b00000,0x000000090f37e080,0x000000090f380000)
  to   space 251392K, 0% used [0x0000000919580000,0x0000000919580000,0x0000000928b00000)
 ParOldGen       total 784896K, used 529812K [0x0000000080000000, 0x00000000afe80000, 0x00000008d5580000)
  object space 784896K, 67% used [0x0000000080000000,0x00000000a0565190,0x00000000afe80000)
 Metaspace       used 6609K, capacity 6920K, committed 7168K, reserved 8192K
Event: 24.639 GC heap after
Heap after GC invocations=20 (full 4):
 PSYoungGen      total 1024512K, used 251386K [0x00000008d5580000, 0x0000000935800000, 0x0000000d00000000)
  eden space 773120K, 0% used [0x00000008d5580000,0x00000008d5580000,0x0000000904880000)
  from space 251392K, 99% used [0x0000000919580000,0x0000000928afe978,0x0000000928b00000)
  to   space 340992K, 0% used [0x0000000904880000,0x0000000904880000,0x0000000919580000)
 ParOldGen       total 784896K, used 655556K [0x0000000080000000, 0x00000000afe80000, 0x00000008d5580000)
  object space 784896K, 83% used [0x0000000080000000,0x00000000a8031240,0x00000000afe80000)
 Metaspace       used 6609K, capacity 6920K, committed 7168K, reserved 8192K
}
Event: 25.915 GC heap before
{Heap before GC invocations=21 (full 4):
 PSYoungGen      total 1024512K, used 1024506K [0x00000008d5580000, 0x0000000935800000, 0x0000000d00000000)
  eden space 773120K, 100% used [0x00000008d5580000,0x0000000904880000,0x0000000904880000)
  from space 251392K, 99% used [0x0000000919580000,0x0000000928afe978,0x0000000928b00000)
  to   space 340992K, 0% used [0x0000000904880000,0x0000000904880000,0x0000000919580000)
 ParOldGen       total 784896K, used 655556K [0x0000000080000000, 0x00000000afe80000, 0x00000008d5580000)
  object space 784896K, 83% used [0x0000000080000000,0x00000000a8031240,0x00000000afe80000)
 Metaspace       used 6609K, capacity 6920K, committed 7168K, reserved 8192K

