# JRE version: Java(TM) SE Runtime Environment (8.0_20-b26) (build 1.8.0_20-b26)
# Java VM: Java HotSpot(TM) 64-Bit Server VM (25.20-b23 mixed mode windows-amd64 )
Heap:
 PSYoungGen      total 961536K, used 581709K [0x00000008d5580000, 0x0000000922600000, 0x0000000d00000000)
  eden space 700416K, 57% used [0x00000008d5580000,0x00000008ee00c1e8,0x0000000900180000)
  from space 261120K, 68% used [0x0000000910c80000,0x000000091ba075e0,0x0000000920b80000)
  to   space 273408K, 0% used [0x0000000900180000,0x0000000900180000,0x0000000910c80000)
 ParOldGen       total 1146368K, used 892632K [0x0000000080000000, 0x00000000c5f80000, 0x00000008d5580000)
  object space 1146368K, 77% used [0x0000000080000000,0x00000000b67b63b8,0x00000000c5f80000)
 Metaspace       used 6595K, capacity 6920K, committed 7168K, reserved 8192K
GC Heap History (10 events):
Event: 25.230 GC heap before
{Heap before GC invocations=23 (full 4):
 PSYoungGen      total 747520K, used 747493K [0x00000008d5580000, 0x0000000911f00000, 0x0000000d00000000)
  eden space 583168K, 100% used [0x00000008d5580000,0x00000008f8f00000,0x00000008f8f00000)
  from space 164352K, 99% used [0x0000000904c00000,0x000000090ec797a0,0x000000090ec80000)
  to   space 193536K, 0% used [0x00000008f8f00000,0x00000008f8f00000,0x0000000904c00000)
 ParOldGen       total 798208K, used 520099K [0x0000000080000000, 0x00000000b0b80000, 0x00000008d5580000)
  object space 798208K, 65% used [0x0000000080000000,0x000000009fbe8e58,0x00000000b0b80000)
 Metaspace       used 6594K, capacity 6920K, committed 7168K, reserved 8192K
Event: 25.664 GC heap after
Heap after GC invocations=23 (full 4):
 PSYoungGen      total 776704K, used 92879K [0x00000008d5580000, 0x0000000914c80000, 0x0000000d00000000)
  eden space 583168K, 0% used [0x00000008d5580000,0x00000008d5580000,0x00000008f8f00000)
  from space 193536K, 47% used [0x00000008f8f00000,0x00000008fe9b3fe0,0x0000000904c00000)
  to   space 188928K, 0% used [0x0000000909400000,0x0000000909400000,0x0000000914c80000)
 ParOldGen       total 798208K, used 685741K [0x0000000080000000, 0x00000000b0b80000, 0x00000008d5580000)
  object space 798208K, 85% used [0x0000000080000000,0x00000000a9dab7b0,0x00000000b0b80000)
 Metaspace       used 6594K, capacity 6920K, committed 7168K, reserved 8192K
}
Event: 25.664 GC heap before
{Heap before GC invocations=24 (full 5):
 PSYoungGen      total 776704K, used 92879K [0x00000008d5580000, 0x0000000914c80000, 0x0000000d00000000)
  eden space 583168K, 0% used [0x00000008d5580000,0x00000008d5580000,0x00000008f8f00000)
  from space 193536K, 47% used [0x00000008f8f00000,0x00000008fe9b3fe0,0x0000000904c00000)
  to   space 188928K, 0% used [0x0000000909400000,0x0000000909400000,0x0000000914c80000)
 ParOldGen       total 798208K, used 685741K [0x0000000080000000, 0x00000000b0b80000, 0x00000008d5580000)
  object space 798208K, 85% used [0x0000000080000000,0x00000000a9dab7b0,0x00000000b0b80000)
 Metaspace       used 6594K, capacity 6920K, committed 7168K, reserved 8192K
Event: 27.682 GC heap after
Heap after GC invocations=24 (full 5):
 PSYoungGen      total 776704K, used 0K [0x00000008d5580000, 0x0000000914c80000, 0x0000000d00000000)
  eden space 583168K, 0% used [0x00000008d5580000,0x00000008d5580000,0x00000008f8f00000)
  from space 193536K, 0% used [0x00000008f8f00000,0x00000008f8f00000,0x0000000904c00000)
  to   space 188928K, 0% used [0x0000000909400000,0x0000000909400000,0x0000000914c80000)
 ParOldGen       total 1146368K, used 770708K [0x0000000080000000, 0x00000000c5f80000, 0x00000008d5580000)
  object space 1146368K, 67% used [0x0000000080000000,0x00000000af0a5128,0x00000000c5f80000)
 Metaspace       used 6594K, capacity 6920K, committed 7168K, reserved 8192K
}
Event: 28.760 GC heap before
{Heap before GC invocations=25 (full 5):
 PSYoungGen      total 776704K, used 583168K [0x00000008d5580000, 0x0000000914c80000, 0x0000000d00000000)
  eden space 583168K, 100% used [0x00000008d5580000,0x00000008f8f00000,0x00000008f8f00000)
  from space 193536K, 0% used [0x00000008f8f00000,0x00000008f8f00000,0x0000000904c00000)
  to   space 188928K, 0% used [0x0000000909400000,0x0000000909400000,0x0000000914c80000)
 ParOldGen       total 1146368K, used 770708K [0x0000000080000000, 0x00000000c5f80000, 0x00000008d5580000)
  object space 1146368K, 67% used [0x0000000080000000,0x00000000af0a5128,0x00000000c5f80000)
 Metaspace       used 6595K, capacity 6920K, committed 7168K, reserved 8192K
Event: 28.864 GC heap after
Heap after GC invocations=25 (full 5):
 PSYoungGen      total 830976K, used 159638K [0x00000008d5580000, 0x0000000916400000, 0x0000000d00000000)
  eden space 642048K, 0% used [0x00000008d5580000,0x00000008d5580000,0x00000008fc880000)
  from space 188928K, 84% used [0x0000000909400000,0x0000000912fe5a30,0x0000000914c80000)
  to   space 208384K, 0% used [0x00000008fc880000,0x00000008fc880000,0x0000000909400000)
 ParOldGen       total 1146368K, used 770708K [0x0000000080000000, 0x00000000c5f80000, 0x00000008d5580000)
  object space 1146368K, 67% used [0x0000000080000000,0x00000000af0a5128,0x00000000c5f80000)
 Metaspace       used 6595K, capacity 6920K, committed 7168K, reserved 8192K
}
Event: 30.195 GC heap before
{Heap before GC invocations=26 (full 5):
 PSYoungGen      total 830976K, used 801686K [0x00000008d5580000, 0x0000000916400000, 0x0000000d00000000)
  eden space 642048K, 100% used [0x00000008d5580000,0x00000008fc880000,0x00000008fc880000)
  from space 188928K, 84% used [0x0000000909400000,0x0000000912fe5a30,0x0000000914c80000)
  to   space 208384K, 0% used [0x00000008fc880000,0x00000008fc880000,0x0000000909400000)
 ParOldGen       total 1146368K, used 770708K [0x0000000080000000, 0x00000000c5f80000, 0x00000008d5580000)
  object space 1146368K, 67% used [0x0000000080000000,0x00000000af0a5128,0x00000000c5f80000)
 Metaspace       used 6595K, capacity 6920K, committed 7168K, reserved 8192K
Event: 30.363 GC heap after
Heap after GC invocations=26 (full 5):
 PSYoungGen      total 850432K, used 208360K [0x00000008d5580000, 0x0000000920b80000, 0x0000000d00000000)
  eden space 642048K, 0% used [0x00000008d5580000,0x00000008d5580000,0x00000008fc880000)
  from space 208384K, 99% used [0x00000008fc880000,0x00000009093fa048,0x0000000909400000)
  to   space 261120K, 0% used [0x0000000910c80000,0x0000000910c80000,0x0000000920b80000)
 ParOldGen       total 1146368K, used 822643K [0x0000000080000000, 0x00000000c5f80000, 0x00000008d5580000)
  object space 1146368K, 71% used [0x0000000080000000,0x00000000b235ced8,0x00000000c5f80000)
 Metaspace       used 6595K, capacity 6920K, committed 7168K, reserved 8192K
}
Event: 31.959 GC heap before
{Heap before GC invocations=27 (full 5):
 PSYoungGen      total 850432K, used 850408K [0x00000008d5580000, 0x0000000920b80000, 0x0000000d00000000)
  eden space 642048K, 100% used [0x00000008d5580000,0x00000008fc880000,0x00000008fc880000)
  from space 208384K, 99% used [0x00000008fc880000,0x00000009093fa048,0x0000000909400000)
  to   space 261120K, 0% used [0x0000000910c80000,0x0000000910c80000,0x0000000920b80000)
 ParOldGen       total 1146368K, used 822643K [0x0000000080000000, 0x00000000c5f80000, 0x00000008d5580000)
  object space 1146368K, 71% used [0x0000000080000000,0x00000000b235ced8,0x00000000c5f80000)
 Metaspace       used 6595K, capacity 6920K, committed 7168K, reserved 8192K
Event: 32.191 GC heap after
Heap after GC invocations=27 (full 5):
 PSYoungGen      total 961536K, used 177693K [0x00000008d5580000, 0x0000000922600000, 0x0000000d00000000)
  eden space 700416K, 0% used [0x00000008d5580000,0x00000008d5580000,0x0000000900180000)
  from space 261120K, 68% used [0x0000000910c80000,0x000000091ba075e0,0x0000000920b80000)
  to   space 273408K, 0% used [0x0000000900180000,0x0000000900180000,0x0000000910c80000)
 ParOldGen       total 1146368K, used 892632K [0x0000000080000000, 0x00000000c5f80000, 0x00000008d5580000)
  object space 1146368K, 77% used [0x0000000080000000,0x00000000b67b63b8,0x00000000c5f80000)
 Metaspace       used 6595K, capacity 6920K, committed 7168K, reserved 8192K
}

