# JRE version: OpenJDK Runtime Environment (8.0_112-b06) (build 1.8.0_112-release-b06)
# Java VM: OpenJDK 64-Bit Server VM (25.112-b06 mixed mode windows-amd64 )
Heap:
 PSYoungGen      total 1044480K, used 724109K [0x00000008d5580000, 0x0000000933900000, 0x0000000d00000000)
  eden space 686592K, 70% used [0x00000008d5580000,0x00000008f30ab4f0,0x00000008ff400000)
  from space 357888K, 66% used [0x0000000917a80000,0x0000000926277fb8,0x000000092d800000)
  to   space 399872K, 0% used [0x00000008ff400000,0x00000008ff400000,0x0000000917a80000)
 ParOldGen       total 1216000K, used 1215599K [0x0000000080000000, 0x00000000ca380000, 0x00000008d5580000)
  object space 1216000K, 99% used [0x0000000080000000,0x00000000ca31bf18,0x00000000ca380000)
 Metaspace       used 6568K, capacity 6920K, committed 7168K, reserved 8192K
GC Heap History (10 events):
Event: 42.076 GC heap before
{Heap before GC invocations=30 (full 7):
 PSYoungGen      total 958976K, used 755810K [0x00000008d5580000, 0x0000000928f00000, 0x0000000d00000000)
  eden space 662016K, 100% used [0x00000008d5580000,0x00000008fdc00000,0x00000008fdc00000)
  from space 296960K, 31% used [0x0000000916d00000,0x000000091c898978,0x0000000928f00000)
  to   space 353792K, 0% used [0x00000008fdc00000,0x00000008fdc00000,0x0000000913580000)
 ParOldGen       total 1216000K, used 949958K [0x0000000080000000, 0x00000000ca380000, 0x00000008d5580000)
  object space 1216000K, 78% used [0x0000000080000000,0x00000000b9fb1900,0x00000000ca380000)
 Metaspace       used 6458K, capacity 6920K, committed 7168K, reserved 8192K
Event: 42.277 GC heap after
Heap after GC invocations=30 (full 7):
 PSYoungGen      total 1015808K, used 201213K [0x00000008d5580000, 0x000000092d800000, 0x0000000d00000000)
  eden space 662016K, 0% used [0x00000008d5580000,0x00000008d5580000,0x00000008fdc00000)
  from space 353792K, 56% used [0x00000008fdc00000,0x000000090a07f7e0,0x0000000913580000)
  to   space 357888K, 0% used [0x0000000917a80000,0x0000000917a80000,0x000000092d800000)
 ParOldGen       total 1216000K, used 949958K [0x0000000080000000, 0x00000000ca380000, 0x00000008d5580000)
  object space 1216000K, 78% used [0x0000000080000000,0x00000000b9fb1900,0x00000000ca380000)
 Metaspace       used 6458K, capacity 6920K, committed 7168K, reserved 8192K
}
Event: 43.025 GC heap before
{Heap before GC invocations=31 (full 7):
 PSYoungGen      total 1015808K, used 863229K [0x00000008d5580000, 0x000000092d800000, 0x0000000d00000000)
  eden space 662016K, 100% used [0x00000008d5580000,0x00000008fdc00000,0x00000008fdc00000)
  from space 353792K, 56% used [0x00000008fdc00000,0x000000090a07f7e0,0x0000000913580000)
  to   space 357888K, 0% used [0x0000000917a80000,0x0000000917a80000,0x000000092d800000)
 ParOldGen       total 1216000K, used 949958K [0x0000000080000000, 0x00000000ca380000, 0x00000008d5580000)
  object space 1216000K, 78% used [0x0000000080000000,0x00000000b9fb1900,0x00000000ca380000)
 Metaspace       used 6520K, capacity 6920K, committed 7168K, reserved 8192K
Event: 43.377 GC heap after
Heap after GC invocations=31 (full 7):
 PSYoungGen      total 1044480K, used 310383K [0x00000008d5580000, 0x0000000933900000, 0x0000000d00000000)
  eden space 686592K, 0% used [0x00000008d5580000,0x00000008d5580000,0x00000008ff400000)
  from space 357888K, 86% used [0x0000000917a80000,0x000000092a99bc70,0x000000092d800000)
  to   space 399872K, 0% used [0x00000008ff400000,0x00000008ff400000,0x0000000917a80000)
 ParOldGen       total 1216000K, used 949958K [0x0000000080000000, 0x00000000ca380000, 0x00000008d5580000)
  object space 1216000K, 78% used [0x0000000080000000,0x00000000b9fb1900,0x00000000ca380000)
 Metaspace       used 6520K, capacity 6920K, committed 7168K, reserved 8192K
}
Event: 44.500 GC heap before
{Heap before GC invocations=32 (full 7):
 PSYoungGen      total 1044480K, used 996975K [0x00000008d5580000, 0x0000000933900000, 0x0000000d00000000)
  eden space 686592K, 100% used [0x00000008d5580000,0x00000008ff400000,0x00000008ff400000)
  from space 357888K, 86% used [0x0000000917a80000,0x000000092a99bc70,0x000000092d800000)
  to   space 399872K, 0% used [0x00000008ff400000,0x00000008ff400000,0x0000000917a80000)
 ParOldGen       total 1216000K, used 949958K [0x0000000080000000, 0x00000000ca380000, 0x00000008d5580000)
  object space 1216000K, 78% used [0x0000000080000000,0x00000000b9fb1900,0x00000000ca380000)
 Metaspace       used 6565K, capacity 6920K, committed 7168K, reserved 8192K
Event: 44.830 GC heap after
Heap after GC invocations=32 (full 7):
 PSYoungGen      total 1086464K, used 399853K [0x00000008d5580000, 0x0000000933900000, 0x0000000d00000000)
  eden space 686592K, 0% used [0x00000008d5580000,0x00000008d5580000,0x00000008ff400000)
  from space 399872K, 99% used [0x00000008ff400000,0x0000000917a7b758,0x0000000917a80000)
  to   space 357888K, 0% used [0x0000000917a80000,0x0000000917a80000,0x000000092d800000)
 ParOldGen       total 1216000K, used 967066K [0x0000000080000000, 0x00000000ca380000, 0x00000008d5580000)
  object space 1216000K, 79% used [0x0000000080000000,0x00000000bb066aa0,0x00000000ca380000)
 Metaspace       used 6565K, capacity 6920K, committed 7168K, reserved 8192K
}
Event: 45.708 GC heap before
{Heap before GC invocations=33 (full 7):
 PSYoungGen      total 1086464K, used 1086445K [0x00000008d5580000, 0x0000000933900000, 0x0000000d00000000)
  eden space 686592K, 100% used [0x00000008d5580000,0x00000008ff400000,0x00000008ff400000)
  from space 399872K, 99% used [0x00000008ff400000,0x0000000917a7b758,0x0000000917a80000)
  to   space 357888K, 0% used [0x0000000917a80000,0x0000000917a80000,0x000000092d800000)
 ParOldGen       total 1216000K, used 967066K [0x0000000080000000, 0x00000000ca380000, 0x00000008d5580000)
  object space 1216000K, 79% used [0x0000000080000000,0x00000000bb066aa0,0x00000000ca380000)
 Metaspace       used 6565K, capacity 6920K, committed 7168K, reserved 8192K
Event: 46.209 GC heap after
Heap after GC invocations=33 (full 7):
 PSYoungGen      total 1044480K, used 357856K [0x00000008d5580000, 0x0000000933900000, 0x0000000d00000000)
  eden space 686592K, 0% used [0x00000008d5580000,0x00000008d5580000,0x00000008ff400000)
  from space 357888K, 99% used [0x0000000917a80000,0x000000092d7f8358,0x000000092d800000)
  to   space 399872K, 0% used [0x00000008ff400000,0x00000008ff400000,0x0000000917a80000)
 ParOldGen       total 1216000K, used 1122462K [0x0000000080000000, 0x00000000ca380000, 0x00000008d5580000)
  object space 1216000K, 92% used [0x0000000080000000,0x00000000c4827908,0x00000000ca380000)
 Metaspace       used 6565K, capacity 6920K, committed 7168K, reserved 8192K
}
Event: 46.209 GC heap before
{Heap before GC invocations=34 (full 8):
 PSYoungGen      total 1044480K, used 357856K [0x00000008d5580000, 0x0000000933900000, 0x0000000d00000000)
  eden space 686592K, 0% used [0x00000008d5580000,0x00000008d5580000,0x00000008ff400000)
  from space 357888K, 99% used [0x0000000917a80000,0x000000092d7f8358,0x000000092d800000)
  to   space 399872K, 0% used [0x00000008ff400000,0x00000008ff400000,0x0000000917a80000)
 ParOldGen       total 1216000K, used 1122462K [0x0000000080000000, 0x00000000ca380000, 0x00000008d5580000)
  object space 1216000K, 92% used [0x0000000080000000,0x00000000c4827908,0x00000000ca380000)
 Metaspace       used 6565K, capacity 6920K, committed 7168K, reserved 8192K
Event: 53.098 GC heap after
Heap after GC invocations=34 (full 8):
 PSYoungGen      total 1044480K, used 237535K [0x00000008d5580000, 0x0000000933900000, 0x0000000d00000000)
  eden space 686592K, 0% used [0x00000008d5580000,0x00000008d5580000,0x00000008ff400000)
  from space 357888K, 66% used [0x0000000917a80000,0x0000000926277fb8,0x000000092d800000)
  to   space 399872K, 0% used [0x00000008ff400000,0x00000008ff400000,0x0000000917a80000)
 ParOldGen       total 1216000K, used 1215599K [0x0000000080000000, 0x00000000ca380000, 0x00000008d5580000)
  object space 1216000K, 99% used [0x0000000080000000,0x00000000ca31bf18,0x00000000ca380000)
 Metaspace       used 6565K, capacity 6920K, committed 7168K, reserved 8192K
}

