# JRE version: Java(TM) SE Runtime Environment (8.0_20-b26) (build 1.8.0_20-b26)
# Java VM: Java HotSpot(TM) 64-Bit Server VM (25.20-b23 mixed mode windows-amd64 )
Heap:
 PSYoungGen      total 1060864K, used 819517K [0x00000008d5580000, 0x000000093b680000, 0x0000000d00000000)
  eden space 823296K, 99% used [0x00000008d5580000,0x00000009075cf510,0x0000000907980000)
  from space 237568K, 0% used [0x000000091d200000,0x000000091d200000,0x000000092ba00000)
  to   space 352768K, 0% used [0x0000000907980000,0x0000000907980000,0x000000091d200000)
 ParOldGen       total 790016K, used 789983K [0x0000000080000000, 0x00000000b0380000, 0x00000008d5580000)
  object space 790016K, 99% used [0x0000000080000000,0x00000000b0377df8,0x00000000b0380000)
 Metaspace       used 6738K, capacity 6984K, committed 7168K, reserved 8192K
GC Heap History (10 events):
Event: 35.338 GC heap before
{Heap before GC invocations=23 (full 7):
 PSYoungGen      total 1060864K, used 823296K [0x00000008d5580000, 0x000000093b680000, 0x0000000d00000000)
  eden space 823296K, 100% used [0x00000008d5580000,0x0000000907980000,0x0000000907980000)
  from space 237568K, 0% used [0x000000091d200000,0x000000091d200000,0x000000092ba00000)
  to   space 352768K, 0% used [0x0000000907980000,0x0000000907980000,0x000000091d200000)
 ParOldGen       total 790016K, used 789682K [0x0000000080000000, 0x00000000b0380000, 0x00000008d5580000)
  object space 790016K, 99% used [0x0000000080000000,0x00000000b032ca88,0x00000000b0380000)
 Metaspace       used 6596K, capacity 6920K, committed 7168K, reserved 8192K
Event: 38.446 GC heap after
Heap after GC invocations=23 (full 7):
 PSYoungGen      total 1060864K, used 222399K [0x00000008d5580000, 0x000000093b680000, 0x0000000d00000000)
  eden space 823296K, 27% used [0x00000008d5580000,0x00000008e2eafef0,0x0000000907980000)
  from space 237568K, 0% used [0x000000091d200000,0x000000091d200000,0x000000092ba00000)
  to   space 352768K, 0% used [0x0000000907980000,0x0000000907980000,0x000000091d200000)
 ParOldGen       total 790016K, used 789562K [0x0000000080000000, 0x00000000b0380000, 0x00000008d5580000)
  object space 790016K, 99% used [0x0000000080000000,0x00000000b030eb88,0x00000000b0380000)
 Metaspace       used 6596K, capacity 6920K, committed 7168K, reserved 8192K
}
Event: 39.244 GC heap before
{Heap before GC invocations=24 (full 8):
 PSYoungGen      total 1060864K, used 823296K [0x00000008d5580000, 0x000000093b680000, 0x0000000d00000000)
  eden space 823296K, 100% used [0x00000008d5580000,0x0000000907980000,0x0000000907980000)
  from space 237568K, 0% used [0x000000091d200000,0x000000091d200000,0x000000092ba00000)
  to   space 352768K, 0% used [0x0000000907980000,0x0000000907980000,0x000000091d200000)
 ParOldGen       total 790016K, used 789562K [0x0000000080000000, 0x00000000b0380000, 0x00000008d5580000)
  object space 790016K, 99% used [0x0000000080000000,0x00000000b030eb88,0x00000000b0380000)
 Metaspace       used 6597K, capacity 6920K, committed 7168K, reserved 8192K
Event: 42.795 GC heap after
Heap after GC invocations=24 (full 8):
 PSYoungGen      total 1060864K, used 317202K [0x00000008d5580000, 0x000000093b680000, 0x0000000d00000000)
  eden space 823296K, 38% used [0x00000008d5580000,0x00000008e8b44830,0x0000000907980000)
  from space 237568K, 0% used [0x000000091d200000,0x000000091d200000,0x000000092ba00000)
  to   space 352768K, 0% used [0x0000000907980000,0x0000000907980000,0x000000091d200000)
 ParOldGen       total 790016K, used 789779K [0x0000000080000000, 0x00000000b0380000, 0x00000008d5580000)
  object space 790016K, 99% used [0x0000000080000000,0x00000000b0344d90,0x00000000b0380000)
 Metaspace       used 6597K, capacity 6920K, committed 7168K, reserved 8192K
}
Event: 43.730 GC heap before
{Heap before GC invocations=25 (full 9):
 PSYoungGen      total 1060864K, used 823296K [0x00000008d5580000, 0x000000093b680000, 0x0000000d00000000)
  eden space 823296K, 100% used [0x00000008d5580000,0x0000000907980000,0x0000000907980000)
  from space 237568K, 0% used [0x000000091d200000,0x000000091d200000,0x000000092ba00000)
  to   space 352768K, 0% used [0x0000000907980000,0x0000000907980000,0x000000091d200000)
 ParOldGen       total 790016K, used 789864K [0x0000000080000000, 0x00000000b0380000, 0x00000008d5580000)
  object space 790016K, 99% used [0x0000000080000000,0x00000000b035a328,0x00000000b0380000)
 Metaspace       used 6654K, capacity 6920K, committed 7168K, reserved 8192K
Event: 49.171 GC heap after
Heap after GC invocations=25 (full 9):
 PSYoungGen      total 1060864K, used 390349K [0x00000008d5580000, 0x000000093b680000, 0x0000000d00000000)
  eden space 823296K, 47% used [0x00000008d5580000,0x00000008ed2b3690,0x0000000907980000)
  from space 237568K, 0% used [0x000000091d200000,0x000000091d200000,0x000000092ba00000)
  to   space 352768K, 0% used [0x0000000907980000,0x0000000907980000,0x000000091d200000)
 ParOldGen       total 790016K, used 789590K [0x0000000080000000, 0x00000000b0380000, 0x00000008d5580000)
  object space 790016K, 99% used [0x0000000080000000,0x00000000b0315b58,0x00000000b0380000)
 Metaspace       used 6654K, capacity 6920K, committed 7168K, reserved 8192K
}
Event: 50.159 GC heap before
{Heap before GC invocations=26 (full 10):
 PSYoungGen      total 1060864K, used 823296K [0x00000008d5580000, 0x000000093b680000, 0x0000000d00000000)
  eden space 823296K, 100% used [0x00000008d5580000,0x0000000907980000,0x0000000907980000)
  from space 237568K, 0% used [0x000000091d200000,0x000000091d200000,0x000000092ba00000)
  to   space 352768K, 0% used [0x0000000907980000,0x0000000907980000,0x000000091d200000)
 ParOldGen       total 790016K, used 789592K [0x0000000080000000, 0x00000000b0380000, 0x00000008d5580000)
  object space 790016K, 99% used [0x0000000080000000,0x00000000b03163a0,0x00000000b0380000)
 Metaspace       used 6676K, capacity 6920K, committed 7168K, reserved 8192K
Event: 55.271 GC heap after
Heap after GC invocations=26 (full 10):
 PSYoungGen      total 1060864K, used 447336K [0x00000008d5580000, 0x000000093b680000, 0x0000000d00000000)
  eden space 823296K, 54% used [0x00000008d5580000,0x00000008f0a5a300,0x0000000907980000)
  from space 237568K, 0% used [0x000000091d200000,0x000000091d200000,0x000000092ba00000)
  to   space 352768K, 0% used [0x0000000907980000,0x0000000907980000,0x000000091d200000)
 ParOldGen       total 790016K, used 789666K [0x0000000080000000, 0x00000000b0380000, 0x00000008d5580000)
  object space 790016K, 99% used [0x0000000080000000,0x00000000b03288e8,0x00000000b0380000)
 Metaspace       used 6676K, capacity 6920K, committed 7168K, reserved 8192K
}
Event: 55.961 GC heap before
{Heap before GC invocations=27 (full 11):
 PSYoungGen      total 1060864K, used 823296K [0x00000008d5580000, 0x000000093b680000, 0x0000000d00000000)
  eden space 823296K, 100% used [0x00000008d5580000,0x0000000907980000,0x0000000907980000)
  from space 237568K, 0% used [0x000000091d200000,0x000000091d200000,0x000000092ba00000)
  to   space 352768K, 0% used [0x0000000907980000,0x0000000907980000,0x000000091d200000)
 ParOldGen       total 790016K, used 789666K [0x0000000080000000, 0x00000000b0380000, 0x00000008d5580000)
  object space 790016K, 99% used [0x0000000080000000,0x00000000b03288e8,0x00000000b0380000)
 Metaspace       used 6703K, capacity 6984K, committed 7168K, reserved 8192K
Event: 59.777 GC heap after
Heap after GC invocations=27 (full 11):
 PSYoungGen      total 1060864K, used 505903K [0x00000008d5580000, 0x000000093b680000, 0x0000000d00000000)
  eden space 823296K, 61% used [0x00000008d5580000,0x00000008f438bf98,0x0000000907980000)
  from space 237568K, 0% used [0x000000091d200000,0x000000091d200000,0x000000092ba00000)
  to   space 352768K, 0% used [0x0000000907980000,0x0000000907980000,0x000000091d200000)
 ParOldGen       total 790016K, used 789983K [0x0000000080000000, 0x00000000b0380000, 0x00000008d5580000)
  object space 790016K, 99% used [0x0000000080000000,0x00000000b0377df8,0x00000000b0380000)
 Metaspace       used 6703K, capacity 6984K, committed 7168K, reserved 8192K
}

