# JRE version: Java(TM) SE Runtime Environment (8.0_20-b26) (build 1.8.0_20-b26)
# Java VM: Java HotSpot(TM) 64-Bit Server VM (25.20-b23 mixed mode windows-amd64 )
Heap:
 PSYoungGen      total 1031168K, used 772608K [0x00000008d5580000, 0x000000092d280000, 0x0000000d00000000)
  eden space 772608K, 100% used [0x00000008d5580000,0x0000000904800000,0x0000000904800000)
  from space 258560K, 0% used [0x000000091d600000,0x000000091d600000,0x000000092d280000)
  to   space 210432K, 0% used [0x0000000904800000,0x0000000904800000,0x0000000911580000)
 ParOldGen       total 814080K, used 813790K [0x0000000080000000, 0x00000000b1b00000, 0x00000008d5580000)
  object space 814080K, 99% used [0x0000000080000000,0x00000000b1ab7b70,0x00000000b1b00000)
 Metaspace       used 6996K, capacity 7240K, committed 7424K, reserved 8192K
GC Heap History (10 events):
Event: 53.059 GC heap after
Heap after GC invocations=25 (full 9):
 PSYoungGen      total 1031168K, used 337250K [0x00000008d5580000, 0x000000092d280000, 0x0000000d00000000)
  eden space 772608K, 43% used [0x00000008d5580000,0x00000008e9ed8890,0x0000000904800000)
  from space 258560K, 0% used [0x000000091d600000,0x000000091d600000,0x000000092d280000)
  to   space 210432K, 0% used [0x0000000904800000,0x0000000904800000,0x0000000911580000)
 ParOldGen       total 814080K, used 813880K [0x0000000080000000, 0x00000000b1b00000, 0x00000008d5580000)
  object space 814080K, 99% used [0x0000000080000000,0x00000000b1ace250,0x00000000b1b00000)
 Metaspace       used 6603K, capacity 6920K, committed 7168K, reserved 8192K
}
Event: 54.188 GC heap before
{Heap before GC invocations=26 (full 10):
 PSYoungGen      total 1031168K, used 772608K [0x00000008d5580000, 0x000000092d280000, 0x0000000d00000000)
  eden space 772608K, 100% used [0x00000008d5580000,0x0000000904800000,0x0000000904800000)
  from space 258560K, 0% used [0x000000091d600000,0x000000091d600000,0x000000092d280000)
  to   space 210432K, 0% used [0x0000000904800000,0x0000000904800000,0x0000000911580000)
 ParOldGen       total 814080K, used 813880K [0x0000000080000000, 0x00000000b1b00000, 0x00000008d5580000)
  object space 814080K, 99% used [0x0000000080000000,0x00000000b1ace250,0x00000000b1b00000)
 Metaspace       used 6673K, capacity 6920K, committed 7168K, reserved 8192K
Event: 60.700 GC heap after
Heap after GC invocations=26 (full 10):
 PSYoungGen      total 1031168K, used 397079K [0x00000008d5580000, 0x000000092d280000, 0x0000000d00000000)
  eden space 772608K, 51% used [0x00000008d5580000,0x00000008ed945de0,0x0000000904800000)
  from space 258560K, 0% used [0x000000091d600000,0x000000091d600000,0x000000092d280000)
  to   space 210432K, 0% used [0x0000000904800000,0x0000000904800000,0x0000000911580000)
 ParOldGen       total 814080K, used 814029K [0x0000000080000000, 0x00000000b1b00000, 0x00000008d5580000)
  object space 814080K, 99% used [0x0000000080000000,0x00000000b1af35c0,0x00000000b1b00000)
 Metaspace       used 6673K, capacity 6920K, committed 7168K, reserved 8192K
}
Event: 61.438 GC heap before
{Heap before GC invocations=27 (full 11):
 PSYoungGen      total 1031168K, used 772608K [0x00000008d5580000, 0x000000092d280000, 0x0000000d00000000)
  eden space 772608K, 100% used [0x00000008d5580000,0x0000000904800000,0x0000000904800000)
  from space 258560K, 0% used [0x000000091d600000,0x000000091d600000,0x000000092d280000)
  to   space 210432K, 0% used [0x0000000904800000,0x0000000904800000,0x0000000911580000)
 ParOldGen       total 814080K, used 814029K [0x0000000080000000, 0x00000000b1b00000, 0x00000008d5580000)
  object space 814080K, 99% used [0x0000000080000000,0x00000000b1af35c0,0x00000000b1b00000)
 Metaspace       used 6710K, capacity 6984K, committed 7168K, reserved 8192K
Event: 66.931 GC heap after
Heap after GC invocations=27 (full 11):
 PSYoungGen      total 1031168K, used 450347K [0x00000008d5580000, 0x000000092d280000, 0x0000000d00000000)
  eden space 772608K, 58% used [0x00000008d5580000,0x00000008f0d4ad70,0x0000000904800000)
  from space 258560K, 0% used [0x000000091d600000,0x000000091d600000,0x000000092d280000)
  to   space 210432K, 0% used [0x0000000904800000,0x0000000904800000,0x0000000911580000)
 ParOldGen       total 814080K, used 813802K [0x0000000080000000, 0x00000000b1b00000, 0x00000008d5580000)
  object space 814080K, 99% used [0x0000000080000000,0x00000000b1aba858,0x00000000b1b00000)
 Metaspace       used 6710K, capacity 6984K, committed 7168K, reserved 8192K
}
Event: 67.483 GC heap before
{Heap before GC invocations=28 (full 12):
 PSYoungGen      total 1031168K, used 772608K [0x00000008d5580000, 0x000000092d280000, 0x0000000d00000000)
  eden space 772608K, 100% used [0x00000008d5580000,0x0000000904800000,0x0000000904800000)
  from space 258560K, 0% used [0x000000091d600000,0x000000091d600000,0x000000092d280000)
  to   space 210432K, 0% used [0x0000000904800000,0x0000000904800000,0x0000000911580000)
 ParOldGen       total 814080K, used 813802K [0x0000000080000000, 0x00000000b1b00000, 0x00000008d5580000)
  object space 814080K, 99% used [0x0000000080000000,0x00000000b1aba858,0x00000000b1b00000)
 Metaspace       used 6710K, capacity 6984K, committed 7168K, reserved 8192K
Event: 70.177 GC heap after
Heap after GC invocations=28 (full 12):
 PSYoungGen      total 1031168K, used 498695K [0x00000008d5580000, 0x000000092d280000, 0x0000000d00000000)
  eden space 772608K, 64% used [0x00000008d5580000,0x00000008f3c81db8,0x0000000904800000)
  from space 258560K, 0% used [0x000000091d600000,0x000000091d600000,0x000000092d280000)
  to   space 210432K, 0% used [0x0000000904800000,0x0000000904800000,0x0000000911580000)
 ParOldGen       total 814080K, used 813801K [0x0000000080000000, 0x00000000b1b00000, 0x00000008d5580000)
  object space 814080K, 99% used [0x0000000080000000,0x00000000b1aba4f8,0x00000000b1b00000)
 Metaspace       used 6710K, capacity 6984K, committed 7168K, reserved 8192K
}
Event: 70.829 GC heap before
{Heap before GC invocations=29 (full 13):
 PSYoungGen      total 1031168K, used 772608K [0x00000008d5580000, 0x000000092d280000, 0x0000000d00000000)
  eden space 772608K, 100% used [0x00000008d5580000,0x0000000904800000,0x0000000904800000)
  from space 258560K, 0% used [0x000000091d600000,0x000000091d600000,0x000000092d280000)
  to   space 210432K, 0% used [0x0000000904800000,0x0000000904800000,0x0000000911580000)
 ParOldGen       total 814080K, used 813801K [0x0000000080000000, 0x00000000b1b00000, 0x00000008d5580000)
  object space 814080K, 99% used [0x0000000080000000,0x00000000b1aba4f8,0x00000000b1b00000)
 Metaspace       used 6745K, capacity 6984K, committed 7168K, reserved 8192K
Event: 73.858 GC heap after
Heap after GC invocations=29 (full 13):
 PSYoungGen      total 1031168K, used 531539K [0x00000008d5580000, 0x000000092d280000, 0x0000000d00000000)
  eden space 772608K, 68% used [0x00000008d5580000,0x00000008f5c94e78,0x0000000904800000)
  from space 258560K, 0% used [0x000000091d600000,0x000000091d600000,0x000000092d280000)
  to   space 210432K, 0% used [0x0000000904800000,0x0000000904800000,0x0000000911580000)
 ParOldGen       total 814080K, used 813790K [0x0000000080000000, 0x00000000b1b00000, 0x00000008d5580000)
  object space 814080K, 99% used [0x0000000080000000,0x00000000b1ab7b70,0x00000000b1b00000)
 Metaspace       used 6745K, capacity 6984K, committed 7168K, reserved 8192K
}
Event: 75.515 GC heap before
{Heap before GC invocations=30 (full 14):
 PSYoungGen      total 1031168K, used 772608K [0x00000008d5580000, 0x000000092d280000, 0x0000000d00000000)
  eden space 772608K, 100% used [0x00000008d5580000,0x0000000904800000,0x0000000904800000)
  from space 258560K, 0% used [0x000000091d600000,0x000000091d600000,0x000000092d280000)
  to   space 210432K, 0% used [0x0000000904800000,0x0000000904800000,0x0000000911580000)
 ParOldGen       total 814080K, used 813790K [0x0000000080000000, 0x00000000b1b00000, 0x00000008d5580000)
  object space 814080K, 99% used [0x0000000080000000,0x00000000b1ab7b70,0x00000000b1b00000)
 Metaspace       used 6996K, capacity 7240K, committed 7424K, reserved 8192K

