# JRE version: Java(TM) SE Runtime Environment (8.0_20-b26) (build 1.8.0_20-b26)
# Java VM: Java HotSpot(TM) 64-Bit Server VM (25.20-b23 mixed mode windows-amd64 )
Heap:
 PSYoungGen      total 1003520K, used 1003494K [0x00000008d5580000, 0x0000000929980000, 0x0000000d00000000)
  eden space 744448K, 100% used [0x00000008d5580000,0x0000000902c80000,0x0000000902c80000)
  from space 259072K, 99% used [0x0000000919c80000,0x0000000929979b10,0x0000000929980000)
  to   space 210432K, 82% used [0x0000000902c80000,0x000000090d6a8340,0x000000090fa00000)
 ParOldGen       total 780800K, used 780798K [0x0000000080000000, 0x00000000afa80000, 0x00000008d5580000)
  object space 780800K, 99% used [0x0000000080000000,0x00000000afa7f850,0x00000000afa80000)
 Metaspace       used 6596K, capacity 6920K, committed 7168K, reserved 8192K
GC Heap History (10 events):
Event: 18.467 GC heap after
Heap after GC invocations=16 (full 3):
 PSYoungGen      total 846336K, used 102379K [0x00000008d5580000, 0x000000091ca00000, 0x0000000d00000000)
  eden space 643584K, 0% used [0x00000008d5580000,0x00000008d5580000,0x00000008fca00000)
  from space 202752K, 50% used [0x00000008fca00000,0x0000000902dfae60,0x0000000909000000)
  to   space 201728K, 0% used [0x0000000910500000,0x0000000910500000,0x000000091ca00000)
 ParOldGen       total 488448K, used 424419K [0x0000000080000000, 0x000000009dd00000, 0x00000008d5580000)
  object space 488448K, 86% used [0x0000000080000000,0x0000000099e78c60,0x000000009dd00000)
 Metaspace       used 6578K, capacity 6856K, committed 6912K, reserved 8192K
}
Event: 18.467 GC heap before
{Heap before GC invocations=17 (full 4):
 PSYoungGen      total 846336K, used 102379K [0x00000008d5580000, 0x000000091ca00000, 0x0000000d00000000)
  eden space 643584K, 0% used [0x00000008d5580000,0x00000008d5580000,0x00000008fca00000)
  from space 202752K, 50% used [0x00000008fca00000,0x0000000902dfae60,0x0000000909000000)
  to   space 201728K, 0% used [0x0000000910500000,0x0000000910500000,0x000000091ca00000)
 ParOldGen       total 488448K, used 424419K [0x0000000080000000, 0x000000009dd00000, 0x00000008d5580000)
  object space 488448K, 86% used [0x0000000080000000,0x0000000099e78c60,0x000000009dd00000)
 Metaspace       used 6578K, capacity 6856K, committed 6912K, reserved 8192K
Event: 20.675 GC heap after
Heap after GC invocations=17 (full 4):
 PSYoungGen      total 846336K, used 31387K [0x00000008d5580000, 0x000000091ca00000, 0x0000000d00000000)
  eden space 643584K, 0% used [0x00000008d5580000,0x00000008d5580000,0x00000008fca00000)
  from space 202752K, 15% used [0x00000008fca00000,0x00000008fe8a6f88,0x0000000909000000)
  to   space 201728K, 0% used [0x0000000910500000,0x0000000910500000,0x000000091ca00000)
 ParOldGen       total 768000K, used 487959K [0x0000000080000000, 0x00000000aee00000, 0x00000008d5580000)
  object space 768000K, 63% used [0x0000000080000000,0x000000009dc85e50,0x00000000aee00000)
 Metaspace       used 6578K, capacity 6856K, committed 6912K, reserved 8192K
}
Event: 22.503 GC heap before
{Heap before GC invocations=18 (full 4):
 PSYoungGen      total 846336K, used 674971K [0x00000008d5580000, 0x000000091ca00000, 0x0000000d00000000)
  eden space 643584K, 100% used [0x00000008d5580000,0x00000008fca00000,0x00000008fca00000)
  from space 202752K, 15% used [0x00000008fca00000,0x00000008fe8a6f88,0x0000000909000000)
  to   space 201728K, 0% used [0x0000000910500000,0x0000000910500000,0x000000091ca00000)
 ParOldGen       total 768000K, used 487959K [0x0000000080000000, 0x00000000aee00000, 0x00000008d5580000)
  object space 768000K, 63% used [0x0000000080000000,0x000000009dc85e50,0x00000000aee00000)
 Metaspace       used 6582K, capacity 6920K, committed 7168K, reserved 8192K
Event: 22.895 GC heap after
Heap after GC invocations=18 (full 4):
 PSYoungGen      total 943616K, used 130308K [0x00000008d5580000, 0x000000091c780000, 0x0000000d00000000)
  eden space 744448K, 0% used [0x00000008d5580000,0x00000008d5580000,0x0000000902c80000)
  from space 199168K, 65% used [0x0000000910500000,0x0000000918441068,0x000000091c780000)
  to   space 210432K, 0% used [0x0000000902c80000,0x0000000902c80000,0x000000090fa00000)
 ParOldGen       total 768000K, used 487959K [0x0000000080000000, 0x00000000aee00000, 0x00000008d5580000)
  object space 768000K, 63% used [0x0000000080000000,0x000000009dc85e50,0x00000000aee00000)
 Metaspace       used 6582K, capacity 6920K, committed 7168K, reserved 8192K
}
Event: 25.247 GC heap before
{Heap before GC invocations=19 (full 4):
 PSYoungGen      total 943616K, used 874756K [0x00000008d5580000, 0x000000091c780000, 0x0000000d00000000)
  eden space 744448K, 100% used [0x00000008d5580000,0x0000000902c80000,0x0000000902c80000)
  from space 199168K, 65% used [0x0000000910500000,0x0000000918441068,0x000000091c780000)
  to   space 210432K, 0% used [0x0000000902c80000,0x0000000902c80000,0x000000090fa00000)
 ParOldGen       total 768000K, used 487959K [0x0000000080000000, 0x00000000aee00000, 0x00000008d5580000)
  object space 768000K, 63% used [0x0000000080000000,0x000000009dc85e50,0x00000000aee00000)
 Metaspace       used 6593K, capacity 6920K, committed 7168K, reserved 8192K
Event: 25.542 GC heap after
Heap after GC invocations=19 (full 4):
 PSYoungGen      total 954880K, used 210428K [0x00000008d5580000, 0x0000000929980000, 0x0000000d00000000)
  eden space 744448K, 0% used [0x00000008d5580000,0x00000008d5580000,0x0000000902c80000)
  from space 210432K, 99% used [0x0000000902c80000,0x000000090f9ff140,0x000000090fa00000)
  to   space 259072K, 0% used [0x0000000919c80000,0x0000000919c80000,0x0000000929980000)
 ParOldGen       total 768000K, used 523993K [0x0000000080000000, 0x00000000aee00000, 0x00000008d5580000)
  object space 768000K, 68% used [0x0000000080000000,0x000000009ffb6658,0x00000000aee00000)
 Metaspace       used 6593K, capacity 6920K, committed 7168K, reserved 8192K
}
Event: 28.266 GC heap before
{Heap before GC invocations=20 (full 4):
 PSYoungGen      total 954880K, used 954876K [0x00000008d5580000, 0x0000000929980000, 0x0000000d00000000)
  eden space 744448K, 100% used [0x00000008d5580000,0x0000000902c80000,0x0000000902c80000)
  from space 210432K, 99% used [0x0000000902c80000,0x000000090f9ff140,0x000000090fa00000)
  to   space 259072K, 0% used [0x0000000919c80000,0x0000000919c80000,0x0000000929980000)
 ParOldGen       total 768000K, used 523993K [0x0000000080000000, 0x00000000aee00000, 0x00000008d5580000)
  object space 768000K, 68% used [0x0000000080000000,0x000000009ffb6658,0x00000000aee00000)
 Metaspace       used 6595K, capacity 6920K, committed 7168K, reserved 8192K
Event: 28.729 GC heap after
Heap after GC invocations=20 (full 4):
 PSYoungGen      total 1003520K, used 259046K [0x00000008d5580000, 0x0000000929980000, 0x0000000d00000000)
  eden space 744448K, 0% used [0x00000008d5580000,0x00000008d5580000,0x0000000902c80000)
  from space 259072K, 99% used [0x0000000919c80000,0x0000000929979b10,0x0000000929980000)
  to   space 210432K, 0% used [0x0000000902c80000,0x0000000902c80000,0x000000090fa00000)
 ParOldGen       total 768000K, used 642829K [0x0000000080000000, 0x00000000aee00000, 0x00000008d5580000)
  object space 768000K, 83% used [0x0000000080000000,0x00000000a73c37a0,0x00000000aee00000)
 Metaspace       used 6595K, capacity 6920K, committed 7168K, reserved 8192K
}
Event: 31.299 GC heap before
{Heap before GC invocations=21 (full 4):
 PSYoungGen      total 1003520K, used 1003494K [0x00000008d5580000, 0x0000000929980000, 0x0000000d00000000)
  eden space 744448K, 100% used [0x00000008d5580000,0x0000000902c80000,0x0000000902c80000)
  from space 259072K, 99% used [0x0000000919c80000,0x0000000929979b10,0x0000000929980000)
  to   space 210432K, 0% used [0x0000000902c80000,0x0000000902c80000,0x000000090fa00000)
 ParOldGen       total 768000K, used 642829K [0x0000000080000000, 0x00000000aee00000, 0x00000008d5580000)
  object space 768000K, 83% used [0x0000000080000000,0x00000000a73c37a0,0x00000000aee00000)
 Metaspace       used 6596K, capacity 6920K, committed 7168K, reserved 8192K

