# JRE version: Java(TM) SE Runtime Environment (8.0_20-b26) (build 1.8.0_20-b26)
# Java VM: Java HotSpot(TM) 64-Bit Server VM (25.20-b23 mixed mode windows-amd64 )
Heap:
 PSYoungGen      total 1154560K, used 790414K [0x00000008d5580000, 0x0000000937280000, 0x0000000d00000000)
  eden space 804352K, 98% used [0x00000008d5580000,0x0000000905963980,0x0000000906700000)
  from space 350208K, 0% used [0x000000091d980000,0x000000091d980000,0x0000000932f80000)
  to   space 379392K, 0% used [0x0000000906700000,0x0000000906700000,0x000000091d980000)
 ParOldGen       total 860672K, used 860512K [0x0000000080000000, 0x00000000b4880000, 0x00000008d5580000)
  object space 860672K, 99% used [0x0000000080000000,0x00000000b4858158,0x00000000b4880000)
 Metaspace       used 6973K, capacity 7176K, committed 7424K, reserved 8192K
GC Heap History (10 events):
Event: 49.553 GC heap before
{Heap before GC invocations=24 (full 6):
 PSYoungGen      total 1154560K, used 992346K [0x00000008d5580000, 0x0000000937280000, 0x0000000d00000000)
  eden space 804352K, 100% used [0x00000008d5580000,0x0000000906700000,0x0000000906700000)
  from space 350208K, 53% used [0x000000091d980000,0x0000000929116868,0x0000000932f80000)
  to   space 379392K, 0% used [0x0000000906700000,0x0000000906700000,0x000000091d980000)
 ParOldGen       total 860672K, used 860611K [0x0000000080000000, 0x00000000b4880000, 0x00000008d5580000)
  object space 860672K, 99% used [0x0000000080000000,0x00000000b4870fb8,0x00000000b4880000)
 Metaspace       used 6590K, capacity 6856K, committed 6912K, reserved 8192K
Event: 53.187 GC heap after
Heap after GC invocations=24 (full 6):
 PSYoungGen      total 1154560K, used 204682K [0x00000008d5580000, 0x0000000937280000, 0x0000000d00000000)
  eden space 804352K, 25% used [0x00000008d5580000,0x00000008e1d628e8,0x0000000906700000)
  from space 350208K, 0% used [0x000000091d980000,0x000000091d980000,0x0000000932f80000)
  to   space 379392K, 0% used [0x0000000906700000,0x0000000906700000,0x000000091d980000)
 ParOldGen       total 860672K, used 860570K [0x0000000080000000, 0x00000000b4880000, 0x00000008d5580000)
  object space 860672K, 99% used [0x0000000080000000,0x00000000b48669f8,0x00000000b4880000)
 Metaspace       used 6590K, capacity 6856K, committed 6912K, reserved 8192K
}
Event: 54.908 GC heap before
{Heap before GC invocations=25 (full 7):
 PSYoungGen      total 1154560K, used 804352K [0x00000008d5580000, 0x0000000937280000, 0x0000000d00000000)
  eden space 804352K, 100% used [0x00000008d5580000,0x0000000906700000,0x0000000906700000)
  from space 350208K, 0% used [0x000000091d980000,0x000000091d980000,0x0000000932f80000)
  to   space 379392K, 0% used [0x0000000906700000,0x0000000906700000,0x000000091d980000)
 ParOldGen       total 860672K, used 860570K [0x0000000080000000, 0x00000000b4880000, 0x00000008d5580000)
  object space 860672K, 99% used [0x0000000080000000,0x00000000b48669f8,0x00000000b4880000)
 Metaspace       used 6590K, capacity 6856K, committed 6912K, reserved 8192K
Event: 58.290 GC heap after
Heap after GC invocations=25 (full 7):
 PSYoungGen      total 1154560K, used 294427K [0x00000008d5580000, 0x0000000937280000, 0x0000000d00000000)
  eden space 804352K, 36% used [0x00000008d5580000,0x00000008e7506e78,0x0000000906700000)
  from space 350208K, 0% used [0x000000091d980000,0x000000091d980000,0x0000000932f80000)
  to   space 379392K, 0% used [0x0000000906700000,0x0000000906700000,0x000000091d980000)
 ParOldGen       total 860672K, used 860559K [0x0000000080000000, 0x00000000b4880000, 0x00000008d5580000)
  object space 860672K, 99% used [0x0000000080000000,0x00000000b4863d70,0x00000000b4880000)
 Metaspace       used 6590K, capacity 6856K, committed 6912K, reserved 8192K
}
Event: 59.877 GC heap before
{Heap before GC invocations=26 (full 8):
 PSYoungGen      total 1154560K, used 804352K [0x00000008d5580000, 0x0000000937280000, 0x0000000d00000000)
  eden space 804352K, 100% used [0x00000008d5580000,0x0000000906700000,0x0000000906700000)
  from space 350208K, 0% used [0x000000091d980000,0x000000091d980000,0x0000000932f80000)
  to   space 379392K, 0% used [0x0000000906700000,0x0000000906700000,0x000000091d980000)
 ParOldGen       total 860672K, used 860559K [0x0000000080000000, 0x00000000b4880000, 0x00000008d5580000)
  object space 860672K, 99% used [0x0000000080000000,0x00000000b4863d70,0x00000000b4880000)
 Metaspace       used 6695K, capacity 6920K, committed 7168K, reserved 8192K
Event: 66.705 GC heap after
Heap after GC invocations=26 (full 8):
 PSYoungGen      total 1154560K, used 356012K [0x00000008d5580000, 0x0000000937280000, 0x0000000d00000000)
  eden space 804352K, 44% used [0x00000008d5580000,0x00000008eb12b280,0x0000000906700000)
  from space 350208K, 0% used [0x000000091d980000,0x000000091d980000,0x0000000932f80000)
  to   space 379392K, 0% used [0x0000000906700000,0x0000000906700000,0x000000091d980000)
 ParOldGen       total 860672K, used 860652K [0x0000000080000000, 0x00000000b4880000, 0x00000008d5580000)
  object space 860672K, 99% used [0x0000000080000000,0x00000000b487b190,0x00000000b4880000)
 Metaspace       used 6695K, capacity 6920K, committed 7168K, reserved 8192K
}
Event: 67.375 GC heap before
{Heap before GC invocations=27 (full 9):
 PSYoungGen      total 1154560K, used 804352K [0x00000008d5580000, 0x0000000937280000, 0x0000000d00000000)
  eden space 804352K, 100% used [0x00000008d5580000,0x0000000906700000,0x0000000906700000)
  from space 350208K, 0% used [0x000000091d980000,0x000000091d980000,0x0000000932f80000)
  to   space 379392K, 0% used [0x0000000906700000,0x0000000906700000,0x000000091d980000)
 ParOldGen       total 860672K, used 860652K [0x0000000080000000, 0x00000000b4880000, 0x00000008d5580000)
  object space 860672K, 99% used [0x0000000080000000,0x00000000b487b190,0x00000000b4880000)
 Metaspace       used 6698K, capacity 6920K, committed 7168K, reserved 8192K
Event: 70.330 GC heap after
Heap after GC invocations=27 (full 9):
 PSYoungGen      total 1154560K, used 427034K [0x00000008d5580000, 0x0000000937280000, 0x0000000d00000000)
  eden space 804352K, 53% used [0x00000008d5580000,0x00000008ef6869d8,0x0000000906700000)
  from space 350208K, 0% used [0x000000091d980000,0x000000091d980000,0x0000000932f80000)
  to   space 379392K, 0% used [0x0000000906700000,0x0000000906700000,0x000000091d980000)
 ParOldGen       total 860672K, used 860564K [0x0000000080000000, 0x00000000b4880000, 0x00000008d5580000)
  object space 860672K, 99% used [0x0000000080000000,0x00000000b4865338,0x00000000b4880000)
 Metaspace       used 6698K, capacity 6920K, committed 7168K, reserved 8192K
}
Event: 71.210 GC heap before
{Heap before GC invocations=28 (full 10):
 PSYoungGen      total 1154560K, used 804352K [0x00000008d5580000, 0x0000000937280000, 0x0000000d00000000)
  eden space 804352K, 100% used [0x00000008d5580000,0x0000000906700000,0x0000000906700000)
  from space 350208K, 0% used [0x000000091d980000,0x000000091d980000,0x0000000932f80000)
  to   space 379392K, 0% used [0x0000000906700000,0x0000000906700000,0x000000091d980000)
 ParOldGen       total 860672K, used 860564K [0x0000000080000000, 0x00000000b4880000, 0x00000008d5580000)
  object space 860672K, 99% used [0x0000000080000000,0x00000000b4865338,0x00000000b4880000)
 Metaspace       used 6742K, capacity 6984K, committed 7168K, reserved 8192K
Event: 84.715 GC heap after
Heap after GC invocations=28 (full 10):
 PSYoungGen      total 1154560K, used 489415K [0x00000008d5580000, 0x0000000937280000, 0x0000000d00000000)
  eden space 804352K, 60% used [0x00000008d5580000,0x00000008f3371e60,0x0000000906700000)
  from space 350208K, 0% used [0x000000091d980000,0x000000091d980000,0x0000000932f80000)
  to   space 379392K, 0% used [0x0000000906700000,0x0000000906700000,0x000000091d980000)
 ParOldGen       total 860672K, used 860512K [0x0000000080000000, 0x00000000b4880000, 0x00000008d5580000)
  object space 860672K, 99% used [0x0000000080000000,0x00000000b4858158,0x00000000b4880000)
 Metaspace       used 6742K, capacity 6984K, committed 7168K, reserved 8192K
}

