# JRE version: Java(TM) SE Runtime Environment (8.0_20-b26) (build 1.8.0_20-b26)
# Java VM: Java HotSpot(TM) 64-Bit Server VM (25.20-b23 mixed mode windows-amd64 )
Heap:
 PSYoungGen      total 1083904K, used 823296K [0x00000008d5580000, 0x000000093be80000, 0x0000000d00000000)
  eden space 823296K, 100% used [0x00000008d5580000,0x0000000907980000,0x0000000907980000)
  from space 260608K, 0% used [0x000000091e100000,0x000000091e100000,0x000000092df80000)
  to   space 368128K, 0% used [0x0000000907980000,0x0000000907980000,0x000000091e100000)
 ParOldGen       total 803840K, used 803413K [0x0000000080000000, 0x00000000b1100000, 0x00000008d5580000)
  object space 803840K, 99% used [0x0000000080000000,0x00000000b10956a8,0x00000000b1100000)
 Metaspace       used 6769K, capacity 7048K, committed 7168K, reserved 8192K
GC Heap History (10 events):
Event: 42.340 GC heap after
Heap after GC invocations=24 (full 8):
 PSYoungGen      total 1083904K, used 267940K [0x00000008d5580000, 0x000000093be80000, 0x0000000d00000000)
  eden space 823296K, 32% used [0x00000008d5580000,0x00000008e5b29098,0x0000000907980000)
  from space 260608K, 0% used [0x000000091e100000,0x000000091e100000,0x000000092df80000)
  to   space 368128K, 0% used [0x0000000907980000,0x0000000907980000,0x000000091e100000)
 ParOldGen       total 803840K, used 803450K [0x0000000080000000, 0x00000000b1100000, 0x00000008d5580000)
  object space 803840K, 99% used [0x0000000080000000,0x00000000b109e828,0x00000000b1100000)
 Metaspace       used 6609K, capacity 6920K, committed 7168K, reserved 8192K
}
Event: 43.005 GC heap before
{Heap before GC invocations=25 (full 9):
 PSYoungGen      total 1083904K, used 823296K [0x00000008d5580000, 0x000000093be80000, 0x0000000d00000000)
  eden space 823296K, 100% used [0x00000008d5580000,0x0000000907980000,0x0000000907980000)
  from space 260608K, 0% used [0x000000091e100000,0x000000091e100000,0x000000092df80000)
  to   space 368128K, 0% used [0x0000000907980000,0x0000000907980000,0x000000091e100000)
 ParOldGen       total 803840K, used 803450K [0x0000000080000000, 0x00000000b1100000, 0x00000008d5580000)
  object space 803840K, 99% used [0x0000000080000000,0x00000000b109e828,0x00000000b1100000)
 Metaspace       used 6609K, capacity 6920K, committed 7168K, reserved 8192K
Event: 45.915 GC heap after
Heap after GC invocations=25 (full 9):
 PSYoungGen      total 1083904K, used 353265K [0x00000008d5580000, 0x000000093be80000, 0x0000000d00000000)
  eden space 823296K, 42% used [0x00000008d5580000,0x00000008eae7c520,0x0000000907980000)
  from space 260608K, 0% used [0x000000091e100000,0x000000091e100000,0x000000092df80000)
  to   space 368128K, 0% used [0x0000000907980000,0x0000000907980000,0x000000091e100000)
 ParOldGen       total 803840K, used 803440K [0x0000000080000000, 0x00000000b1100000, 0x00000008d5580000)
  object space 803840K, 99% used [0x0000000080000000,0x00000000b109c380,0x00000000b1100000)
 Metaspace       used 6609K, capacity 6920K, committed 7168K, reserved 8192K
}
Event: 46.787 GC heap before
{Heap before GC invocations=26 (full 10):
 PSYoungGen      total 1083904K, used 823296K [0x00000008d5580000, 0x000000093be80000, 0x0000000d00000000)
  eden space 823296K, 100% used [0x00000008d5580000,0x0000000907980000,0x0000000907980000)
  from space 260608K, 0% used [0x000000091e100000,0x000000091e100000,0x000000092df80000)
  to   space 368128K, 0% used [0x0000000907980000,0x0000000907980000,0x000000091e100000)
 ParOldGen       total 803840K, used 803440K [0x0000000080000000, 0x00000000b1100000, 0x00000008d5580000)
  object space 803840K, 99% used [0x0000000080000000,0x00000000b109c380,0x00000000b1100000)
 Metaspace       used 6686K, capacity 6984K, committed 7168K, reserved 8192K
Event: 51.647 GC heap after
Heap after GC invocations=26 (full 10):
 PSYoungGen      total 1083904K, used 415570K [0x00000008d5580000, 0x000000093be80000, 0x0000000d00000000)
  eden space 823296K, 50% used [0x00000008d5580000,0x00000008eeb54818,0x0000000907980000)
  from space 260608K, 0% used [0x000000091e100000,0x000000091e100000,0x000000092df80000)
  to   space 368128K, 0% used [0x0000000907980000,0x0000000907980000,0x000000091e100000)
 ParOldGen       total 803840K, used 803619K [0x0000000080000000, 0x00000000b1100000, 0x00000008d5580000)
  object space 803840K, 99% used [0x0000000080000000,0x00000000b10c8d18,0x00000000b1100000)
 Metaspace       used 6686K, capacity 6984K, committed 7168K, reserved 8192K
}
Event: 52.509 GC heap before
{Heap before GC invocations=27 (full 11):
 PSYoungGen      total 1083904K, used 823296K [0x00000008d5580000, 0x000000093be80000, 0x0000000d00000000)
  eden space 823296K, 100% used [0x00000008d5580000,0x0000000907980000,0x0000000907980000)
  from space 260608K, 0% used [0x000000091e100000,0x000000091e100000,0x000000092df80000)
  to   space 368128K, 0% used [0x0000000907980000,0x0000000907980000,0x000000091e100000)
 ParOldGen       total 803840K, used 803619K [0x0000000080000000, 0x00000000b1100000, 0x00000008d5580000)
  object space 803840K, 99% used [0x0000000080000000,0x00000000b10c8d18,0x00000000b1100000)
 Metaspace       used 6716K, capacity 6984K, committed 7168K, reserved 8192K
Event: 56.789 GC heap after
Heap after GC invocations=27 (full 11):
 PSYoungGen      total 1083904K, used 473951K [0x00000008d5580000, 0x000000093be80000, 0x0000000d00000000)
  eden space 823296K, 57% used [0x00000008d5580000,0x00000008f2457d58,0x0000000907980000)
  from space 260608K, 0% used [0x000000091e100000,0x000000091e100000,0x000000092df80000)
  to   space 368128K, 0% used [0x0000000907980000,0x0000000907980000,0x000000091e100000)
 ParOldGen       total 803840K, used 803416K [0x0000000080000000, 0x00000000b1100000, 0x00000008d5580000)
  object space 803840K, 99% used [0x0000000080000000,0x00000000b1096230,0x00000000b1100000)
 Metaspace       used 6716K, capacity 6984K, committed 7168K, reserved 8192K
}
Event: 57.513 GC heap before
{Heap before GC invocations=28 (full 12):
 PSYoungGen      total 1083904K, used 823296K [0x00000008d5580000, 0x000000093be80000, 0x0000000d00000000)
  eden space 823296K, 100% used [0x00000008d5580000,0x0000000907980000,0x0000000907980000)
  from space 260608K, 0% used [0x000000091e100000,0x000000091e100000,0x000000092df80000)
  to   space 368128K, 0% used [0x0000000907980000,0x0000000907980000,0x000000091e100000)
 ParOldGen       total 803840K, used 803416K [0x0000000080000000, 0x00000000b1100000, 0x00000008d5580000)
  object space 803840K, 99% used [0x0000000080000000,0x00000000b1096230,0x00000000b1100000)
 Metaspace       used 6717K, capacity 6984K, committed 7168K, reserved 8192K
Event: 60.324 GC heap after
Heap after GC invocations=28 (full 12):
 PSYoungGen      total 1083904K, used 526691K [0x00000008d5580000, 0x000000093be80000, 0x0000000d00000000)
  eden space 823296K, 63% used [0x00000008d5580000,0x00000008f57d8cf8,0x0000000907980000)
  from space 260608K, 0% used [0x000000091e100000,0x000000091e100000,0x000000092df80000)
  to   space 368128K, 0% used [0x0000000907980000,0x0000000907980000,0x000000091e100000)
 ParOldGen       total 803840K, used 803413K [0x0000000080000000, 0x00000000b1100000, 0x00000008d5580000)
  object space 803840K, 99% used [0x0000000080000000,0x00000000b10956a8,0x00000000b1100000)
 Metaspace       used 6717K, capacity 6984K, committed 7168K, reserved 8192K
}
Event: 61.127 GC heap before
{Heap before GC invocations=29 (full 13):
 PSYoungGen      total 1083904K, used 823296K [0x00000008d5580000, 0x000000093be80000, 0x0000000d00000000)
  eden space 823296K, 100% used [0x00000008d5580000,0x0000000907980000,0x0000000907980000)
  from space 260608K, 0% used [0x000000091e100000,0x000000091e100000,0x000000092df80000)
  to   space 368128K, 0% used [0x0000000907980000,0x0000000907980000,0x000000091e100000)
 ParOldGen       total 803840K, used 803413K [0x0000000080000000, 0x00000000b1100000, 0x00000008d5580000)
  object space 803840K, 99% used [0x0000000080000000,0x00000000b10956a8,0x00000000b1100000)
 Metaspace       used 6769K, capacity 7048K, committed 7168K, reserved 8192K

