# JRE version: OpenJDK Runtime Environment (8.0_112-b06) (build 1.8.0_112-release-b06)
# Java VM: OpenJDK 64-Bit Server VM (25.112-b06 mixed mode windows-amd64 )
Heap:
 PSYoungGen      total 71680K, used 17140K [0x00000008d5580000, 0x00000008de180000, 0x0000000d00000000)
  eden space 66560K, 18% used [0x00000008d5580000,0x00000008d6142038,0x00000008d9680000)
  from space 5120K, 99% used [0x00000008d9680000,0x00000008d9b7b218,0x00000008d9b80000)
  to   space 5120K, 0% used [0x00000008ddc80000,0x00000008ddc80000,0x00000008de180000)
 ParOldGen       total 87552K, used 20553K [0x0000000080000000, 0x0000000085580000, 0x00000008d5580000)
  object space 87552K, 23% used [0x0000000080000000,0x00000000814125d8,0x0000000085580000)
 Metaspace       used 6056K, capacity 6728K, committed 6912K, reserved 8192K
GC Heap History (6 events):
Event: 3.473 GC heap before
{Heap before GC invocations=1 (full 0):
 PSYoungGen      total 38400K, used 33280K [0x00000008d5580000, 0x00000008d8000000, 0x0000000d00000000)
  eden space 33280K, 100% used [0x00000008d5580000,0x00000008d7600000,0x00000008d7600000)
  from space 5120K, 0% used [0x00000008d7b00000,0x00000008d7b00000,0x00000008d8000000)
  to   space 5120K, 0% used [0x00000008d7600000,0x00000008d7600000,0x00000008d7b00000)
 ParOldGen       total 87552K, used 0K [0x0000000080000000, 0x0000000085580000, 0x00000008d5580000)
  object space 87552K, 0% used [0x0000000080000000,0x0000000080000000,0x0000000085580000)
 Metaspace       used 5671K, capacity 6408K, committed 6656K, reserved 8192K
Event: 3.637 GC heap after
Heap after GC invocations=1 (full 0):
 PSYoungGen      total 38400K, used 5106K [0x00000008d5580000, 0x00000008da080000, 0x0000000d00000000)
  eden space 33280K, 0% used [0x00000008d5580000,0x00000008d5580000,0x00000008d7600000)
  from space 5120K, 99% used [0x00000008d7600000,0x00000008d7afcb10,0x00000008d7b00000)
  to   space 5120K, 0% used [0x00000008d9b80000,0x00000008d9b80000,0x00000008da080000)
 ParOldGen       total 87552K, used 4711K [0x0000000080000000, 0x0000000085580000, 0x00000008d5580000)
  object space 87552K, 5% used [0x0000000080000000,0x0000000080499eb0,0x0000000085580000)
 Metaspace       used 5671K, capacity 6408K, committed 6656K, reserved 8192K
}
Event: 4.451 GC heap before
{Heap before GC invocations=2 (full 0):
 PSYoungGen      total 38400K, used 38386K [0x00000008d5580000, 0x00000008da080000, 0x0000000d00000000)
  eden space 33280K, 100% used [0x00000008d5580000,0x00000008d7600000,0x00000008d7600000)
  from space 5120K, 99% used [0x00000008d7600000,0x00000008d7afcb10,0x00000008d7b00000)
  to   space 5120K, 0% used [0x00000008d9b80000,0x00000008d9b80000,0x00000008da080000)
 ParOldGen       total 87552K, used 4711K [0x0000000080000000, 0x0000000085580000, 0x00000008d5580000)
  object space 87552K, 5% used [0x0000000080000000,0x0000000080499eb0,0x0000000085580000)
 Metaspace       used 5934K, capacity 6600K, committed 6656K, reserved 8192K
Event: 4.481 GC heap after
Heap after GC invocations=2 (full 0):
 PSYoungGen      total 71680K, used 5091K [0x00000008d5580000, 0x00000008da080000, 0x0000000d00000000)
  eden space 66560K, 0% used [0x00000008d5580000,0x00000008d5580000,0x00000008d9680000)
  from space 5120K, 99% used [0x00000008d9b80000,0x00000008da078d98,0x00000008da080000)
  to   space 5120K, 0% used [0x00000008d9680000,0x00000008d9680000,0x00000008d9b80000)
 ParOldGen       total 87552K, used 11198K [0x0000000080000000, 0x0000000085580000, 0x00000008d5580000)
  object space 87552K, 12% used [0x0000000080000000,0x0000000080aef9d8,0x0000000085580000)
 Metaspace       used 5934K, capacity 6600K, committed 6656K, reserved 8192K
}
Event: 7.336 GC heap before
{Heap before GC invocations=3 (full 0):
 PSYoungGen      total 71680K, used 71651K [0x00000008d5580000, 0x00000008da080000, 0x0000000d00000000)
  eden space 66560K, 100% used [0x00000008d5580000,0x00000008d9680000,0x00000008d9680000)
  from space 5120K, 99% used [0x00000008d9b80000,0x00000008da078d98,0x00000008da080000)
  to   space 5120K, 0% used [0x00000008d9680000,0x00000008d9680000,0x00000008d9b80000)
 ParOldGen       total 87552K, used 11198K [0x0000000080000000, 0x0000000085580000, 0x00000008d5580000)
  object space 87552K, 12% used [0x0000000080000000,0x0000000080aef9d8,0x0000000085580000)
 Metaspace       used 6042K, capacity 6728K, committed 6912K, reserved 8192K
Event: 7.363 GC heap after
Heap after GC invocations=3 (full 0):
 PSYoungGen      total 71680K, used 5100K [0x00000008d5580000, 0x00000008de180000, 0x0000000d00000000)
  eden space 66560K, 0% used [0x00000008d5580000,0x00000008d5580000,0x00000008d9680000)
  from space 5120K, 99% used [0x00000008d9680000,0x00000008d9b7b218,0x00000008d9b80000)
  to   space 5120K, 0% used [0x00000008ddc80000,0x00000008ddc80000,0x00000008de180000)
 ParOldGen       total 87552K, used 20553K [0x0000000080000000, 0x0000000085580000, 0x00000008d5580000)
  object space 87552K, 23% used [0x0000000080000000,0x00000000814125d8,0x0000000085580000)
 Metaspace       used 6042K, capacity 6728K, committed 6912K, reserved 8192K
}

