# JRE version: Java(TM) SE Runtime Environment (8.0_20-b26) (build 1.8.0_20-b26)
# Java VM: Java HotSpot(TM) 64-Bit Server VM (25.20-b23 mixed mode windows-amd64 )
Heap:
 PSYoungGen      total 870912K, used 416809K [0x00000008d5580000, 0x000000091db00000, 0x0000000d00000000)
  eden space 603648K, 28% used [0x00000008d5580000,0x00000008dfb9ce50,0x00000008fa300000)
  from space 267264K, 92% used [0x00000008fa300000,0x00000009093ed7a0,0x000000090a800000)
  to   space 204288K, 0% used [0x000000090a800000,0x000000090a800000,0x0000000916f80000)
 ParOldGen       total 1193984K, used 826455K [0x0000000080000000, 0x00000000c8e00000, 0x00000008d5580000)
  object space 1193984K, 69% used [0x0000000080000000,0x00000000b2715db8,0x00000000c8e00000)
 Metaspace       used 6600K, capacity 6920K, committed 7168K, reserved 8192K
GC Heap History (10 events):
Event: 23.859 GC heap before
{Heap before GC invocations=19 (full 4):
 PSYoungGen      total 637440K, used 501248K [0x00000008d5580000, 0x000000090ff00000, 0x0000000d00000000)
  eden space 501248K, 100% used [0x00000008d5580000,0x00000008f3f00000,0x00000008f3f00000)
  from space 136192K, 0% used [0x00000008f3f00000,0x00000008f3f00000,0x00000008fc400000)
  to   space 179200K, 0% used [0x0000000905000000,0x0000000905000000,0x000000090ff00000)
 ParOldGen       total 821760K, used 570648K [0x0000000080000000, 0x00000000b2280000, 0x00000008d5580000)
  object space 821760K, 69% used [0x0000000080000000,0x00000000a2d46158,0x00000000b2280000)
 Metaspace       used 6587K, capacity 6920K, committed 7168K, reserved 8192K
Event: 23.962 GC heap after
Heap after GC invocations=19 (full 4):
 PSYoungGen      total 726528K, used 83759K [0x00000008d5580000, 0x000000090e100000, 0x0000000d00000000)
  eden space 578048K, 0% used [0x00000008d5580000,0x00000008d5580000,0x00000008f8a00000)
  from space 148480K, 56% used [0x0000000905000000,0x000000090a1cbf30,0x000000090e100000)
  to   space 175616K, 0% used [0x00000008f8a00000,0x00000008f8a00000,0x0000000903580000)
 ParOldGen       total 821760K, used 570656K [0x0000000080000000, 0x00000000b2280000, 0x00000008d5580000)
  object space 821760K, 69% used [0x0000000080000000,0x00000000a2d48158,0x00000000b2280000)
 Metaspace       used 6587K, capacity 6920K, committed 7168K, reserved 8192K
}
Event: 25.783 GC heap before
{Heap before GC invocations=20 (full 4):
 PSYoungGen      total 726528K, used 661807K [0x00000008d5580000, 0x000000090e100000, 0x0000000d00000000)
  eden space 578048K, 100% used [0x00000008d5580000,0x00000008f8a00000,0x00000008f8a00000)
  from space 148480K, 56% used [0x0000000905000000,0x000000090a1cbf30,0x000000090e100000)
  to   space 175616K, 0% used [0x00000008f8a00000,0x00000008f8a00000,0x0000000903580000)
 ParOldGen       total 821760K, used 570656K [0x0000000080000000, 0x00000000b2280000, 0x00000008d5580000)
  object space 821760K, 69% used [0x0000000080000000,0x00000000a2d48158,0x00000000b2280000)
 Metaspace       used 6599K, capacity 6920K, committed 7168K, reserved 8192K
Event: 25.975 GC heap after
Heap after GC invocations=20 (full 4):
 PSYoungGen      total 753664K, used 173683K [0x00000008d5580000, 0x0000000916f80000, 0x0000000d00000000)
  eden space 578048K, 0% used [0x00000008d5580000,0x00000008d5580000,0x00000008f8a00000)
  from space 175616K, 98% used [0x00000008f8a00000,0x000000090339cc40,0x0000000903580000)
  to   space 204288K, 0% used [0x000000090a800000,0x000000090a800000,0x0000000916f80000)
 ParOldGen       total 821760K, used 570656K [0x0000000080000000, 0x00000000b2280000, 0x00000008d5580000)
  object space 821760K, 69% used [0x0000000080000000,0x00000000a2d48158,0x00000000b2280000)
 Metaspace       used 6599K, capacity 6920K, committed 7168K, reserved 8192K
}
Event: 27.239 GC heap before
{Heap before GC invocations=21 (full 4):
 PSYoungGen      total 753664K, used 751731K [0x00000008d5580000, 0x0000000916f80000, 0x0000000d00000000)
  eden space 578048K, 100% used [0x00000008d5580000,0x00000008f8a00000,0x00000008f8a00000)
  from space 175616K, 98% used [0x00000008f8a00000,0x000000090339cc40,0x0000000903580000)
  to   space 204288K, 0% used [0x000000090a800000,0x000000090a800000,0x0000000916f80000)
 ParOldGen       total 821760K, used 570656K [0x0000000080000000, 0x00000000b2280000, 0x00000008d5580000)
  object space 821760K, 69% used [0x0000000080000000,0x00000000a2d48158,0x00000000b2280000)
 Metaspace       used 6600K, capacity 6920K, committed 7168K, reserved 8192K
Event: 27.607 GC heap after
Heap after GC invocations=21 (full 4):
 PSYoungGen      total 807936K, used 204277K [0x00000008d5580000, 0x000000091db00000, 0x0000000d00000000)
  eden space 603648K, 0% used [0x00000008d5580000,0x00000008d5580000,0x00000008fa300000)
  from space 204288K, 99% used [0x000000090a800000,0x0000000916f7d630,0x0000000916f80000)
  to   space 267264K, 0% used [0x00000008fa300000,0x00000008fa300000,0x000000090a800000)
 ParOldGen       total 821760K, used 647309K [0x0000000080000000, 0x00000000b2280000, 0x00000008d5580000)
  object space 821760K, 78% used [0x0000000080000000,0x00000000a7823448,0x00000000b2280000)
 Metaspace       used 6600K, capacity 6920K, committed 7168K, reserved 8192K
}
Event: 29.531 GC heap before
{Heap before GC invocations=22 (full 4):
 PSYoungGen      total 807936K, used 807925K [0x00000008d5580000, 0x000000091db00000, 0x0000000d00000000)
  eden space 603648K, 100% used [0x00000008d5580000,0x00000008fa300000,0x00000008fa300000)
  from space 204288K, 99% used [0x000000090a800000,0x0000000916f7d630,0x0000000916f80000)
  to   space 267264K, 0% used [0x00000008fa300000,0x00000008fa300000,0x000000090a800000)
 ParOldGen       total 821760K, used 647309K [0x0000000080000000, 0x00000000b2280000, 0x00000008d5580000)
  object space 821760K, 78% used [0x0000000080000000,0x00000000a7823448,0x00000000b2280000)
 Metaspace       used 6600K, capacity 6920K, committed 7168K, reserved 8192K
Event: 29.924 GC heap after
Heap after GC invocations=22 (full 4):
 PSYoungGen      total 870912K, used 267247K [0x00000008d5580000, 0x000000091db00000, 0x0000000d00000000)
  eden space 603648K, 0% used [0x00000008d5580000,0x00000008d5580000,0x00000008fa300000)
  from space 267264K, 99% used [0x00000008fa300000,0x000000090a7fbdc8,0x000000090a800000)
  to   space 204288K, 0% used [0x000000090a800000,0x000000090a800000,0x0000000916f80000)
 ParOldGen       total 826880K, used 825578K [0x0000000080000000, 0x00000000b2780000, 0x00000008d5580000)
  object space 826880K, 99% used [0x0000000080000000,0x00000000b263a9c8,0x00000000b2780000)
 Metaspace       used 6600K, capacity 6920K, committed 7168K, reserved 8192K
}
Event: 29.924 GC heap before
{Heap before GC invocations=23 (full 5):
 PSYoungGen      total 870912K, used 267247K [0x00000008d5580000, 0x000000091db00000, 0x0000000d00000000)
  eden space 603648K, 0% used [0x00000008d5580000,0x00000008d5580000,0x00000008fa300000)
  from space 267264K, 99% used [0x00000008fa300000,0x000000090a7fbdc8,0x000000090a800000)
  to   space 204288K, 0% used [0x000000090a800000,0x000000090a800000,0x0000000916f80000)
 ParOldGen       total 826880K, used 825578K [0x0000000080000000, 0x00000000b2780000, 0x00000008d5580000)
  object space 826880K, 99% used [0x0000000080000000,0x00000000b263a9c8,0x00000000b2780000)
 Metaspace       used 6600K, capacity 6920K, committed 7168K, reserved 8192K
Event: 34.054 GC heap after
Heap after GC invocations=23 (full 5):
 PSYoungGen      total 870912K, used 246709K [0x00000008d5580000, 0x000000091db00000, 0x0000000d00000000)
  eden space 603648K, 0% used [0x00000008d5580000,0x00000008d5580000,0x00000008fa300000)
  from space 267264K, 92% used [0x00000008fa300000,0x00000009093ed7a0,0x000000090a800000)
  to   space 204288K, 0% used [0x000000090a800000,0x000000090a800000,0x0000000916f80000)
 ParOldGen       total 1193984K, used 826455K [0x0000000080000000, 0x00000000c8e00000, 0x00000008d5580000)
  object space 1193984K, 69% used [0x0000000080000000,0x00000000b2715db8,0x00000000c8e00000)
 Metaspace       used 6600K, capacity 6920K, committed 7168K, reserved 8192K
}

