# JRE version: Java(TM) SE Runtime Environment (8.0_20-b26) (build 1.8.0_20-b26)
# Java VM: Java HotSpot(TM) 64-Bit Server VM (25.20-b23 mixed mode windows-amd64 )
Heap:
 PSYoungGen      total 1013760K, used 668672K [0x00000008d5580000, 0x000000093bd00000, 0x0000000d00000000)
  eden space 668672K, 100% used [0x00000008d5580000,0x00000008fe280000,0x00000008fe280000)
  from space 345088K, 0% used [0x00000008fe280000,0x00000008fe280000,0x0000000913380000)
  to   space 456192K, 0% used [0x000000091ff80000,0x000000091ff80000,0x000000093bd00000)
 ParOldGen       total 894464K, used 894233K [0x0000000080000000, 0x00000000b6980000, 0x00000008d5580000)
  object space 894464K, 99% used [0x0000000080000000,0x00000000b6946690,0x00000000b6980000)
 Metaspace       used 6735K, capacity 6984K, committed 7168K, reserved 8192K
GC Heap History (10 events):
Event: 42.452 GC heap after
Heap after GC invocations=27 (full 8):
 PSYoungGen      total 1013760K, used 258130K [0x00000008d5580000, 0x000000093bd00000, 0x0000000d00000000)
  eden space 668672K, 38% used [0x00000008d5580000,0x00000008e5194b70,0x00000008fe280000)
  from space 345088K, 0% used [0x00000008fe280000,0x00000008fe280000,0x0000000913380000)
  to   space 456192K, 0% used [0x000000091ff80000,0x000000091ff80000,0x000000093bd00000)
 ParOldGen       total 894464K, used 894285K [0x0000000080000000, 0x00000000b6980000, 0x00000008d5580000)
  object space 894464K, 99% used [0x0000000080000000,0x00000000b69535d0,0x00000000b6980000)
 Metaspace       used 6593K, capacity 6920K, committed 7168K, reserved 8192K
}
Event: 43.174 GC heap before
{Heap before GC invocations=28 (full 9):
 PSYoungGen      total 1013760K, used 668672K [0x00000008d5580000, 0x000000093bd00000, 0x0000000d00000000)
  eden space 668672K, 100% used [0x00000008d5580000,0x00000008fe280000,0x00000008fe280000)
  from space 345088K, 0% used [0x00000008fe280000,0x00000008fe280000,0x0000000913380000)
  to   space 456192K, 0% used [0x000000091ff80000,0x000000091ff80000,0x000000093bd00000)
 ParOldGen       total 894464K, used 894285K [0x0000000080000000, 0x00000000b6980000, 0x00000008d5580000)
  object space 894464K, 99% used [0x0000000080000000,0x00000000b69535d0,0x00000000b6980000)
 Metaspace       used 6661K, capacity 6920K, committed 7168K, reserved 8192K
Event: 48.340 GC heap after
Heap after GC invocations=28 (full 9):
 PSYoungGen      total 1013760K, used 314057K [0x00000008d5580000, 0x000000093bd00000, 0x0000000d00000000)
  eden space 668672K, 46% used [0x00000008d5580000,0x00000008e8832570,0x00000008fe280000)
  from space 345088K, 0% used [0x00000008fe280000,0x00000008fe280000,0x0000000913380000)
  to   space 456192K, 0% used [0x000000091ff80000,0x000000091ff80000,0x000000093bd00000)
 ParOldGen       total 894464K, used 894099K [0x0000000080000000, 0x00000000b6980000, 0x00000008d5580000)
  object space 894464K, 99% used [0x0000000080000000,0x00000000b6924cf8,0x00000000b6980000)
 Metaspace       used 6661K, capacity 6920K, committed 7168K, reserved 8192K
}
Event: 48.939 GC heap before
{Heap before GC invocations=29 (full 10):
 PSYoungGen      total 1013760K, used 668672K [0x00000008d5580000, 0x000000093bd00000, 0x0000000d00000000)
  eden space 668672K, 100% used [0x00000008d5580000,0x00000008fe280000,0x00000008fe280000)
  from space 345088K, 0% used [0x00000008fe280000,0x00000008fe280000,0x0000000913380000)
  to   space 456192K, 0% used [0x000000091ff80000,0x000000091ff80000,0x000000093bd00000)
 ParOldGen       total 894464K, used 894099K [0x0000000080000000, 0x00000000b6980000, 0x00000008d5580000)
  object space 894464K, 99% used [0x0000000080000000,0x00000000b6924cf8,0x00000000b6980000)
 Metaspace       used 6699K, capacity 6984K, committed 7168K, reserved 8192K
Event: 54.132 GC heap after
Heap after GC invocations=29 (full 10):
 PSYoungGen      total 1013760K, used 362940K [0x00000008d5580000, 0x000000093bd00000, 0x0000000d00000000)
  eden space 668672K, 54% used [0x00000008d5580000,0x00000008eb7ef0b8,0x00000008fe280000)
  from space 345088K, 0% used [0x00000008fe280000,0x00000008fe280000,0x0000000913380000)
  to   space 456192K, 0% used [0x000000091ff80000,0x000000091ff80000,0x000000093bd00000)
 ParOldGen       total 894464K, used 894245K [0x0000000080000000, 0x00000000b6980000, 0x00000008d5580000)
  object space 894464K, 99% used [0x0000000080000000,0x00000000b6949438,0x00000000b6980000)
 Metaspace       used 6699K, capacity 6984K, committed 7168K, reserved 8192K
}
Event: 54.596 GC heap before
{Heap before GC invocations=30 (full 11):
 PSYoungGen      total 1013760K, used 668672K [0x00000008d5580000, 0x000000093bd00000, 0x0000000d00000000)
  eden space 668672K, 100% used [0x00000008d5580000,0x00000008fe280000,0x00000008fe280000)
  from space 345088K, 0% used [0x00000008fe280000,0x00000008fe280000,0x0000000913380000)
  to   space 456192K, 0% used [0x000000091ff80000,0x000000091ff80000,0x000000093bd00000)
 ParOldGen       total 894464K, used 894245K [0x0000000080000000, 0x00000000b6980000, 0x00000008d5580000)
  object space 894464K, 99% used [0x0000000080000000,0x00000000b6949438,0x00000000b6980000)
 Metaspace       used 6699K, capacity 6984K, committed 7168K, reserved 8192K
Event: 57.213 GC heap after
Heap after GC invocations=30 (full 11):
 PSYoungGen      total 1013760K, used 410878K [0x00000008d5580000, 0x000000093bd00000, 0x0000000d00000000)
  eden space 668672K, 61% used [0x00000008d5580000,0x00000008ee6bf958,0x00000008fe280000)
  from space 345088K, 0% used [0x00000008fe280000,0x00000008fe280000,0x0000000913380000)
  to   space 456192K, 0% used [0x000000091ff80000,0x000000091ff80000,0x000000093bd00000)
 ParOldGen       total 894464K, used 894244K [0x0000000080000000, 0x00000000b6980000, 0x00000008d5580000)
  object space 894464K, 99% used [0x0000000080000000,0x00000000b6949198,0x00000000b6980000)
 Metaspace       used 6699K, capacity 6984K, committed 7168K, reserved 8192K
}
Event: 57.647 GC heap before
{Heap before GC invocations=31 (full 12):
 PSYoungGen      total 1013760K, used 668672K [0x00000008d5580000, 0x000000093bd00000, 0x0000000d00000000)
  eden space 668672K, 100% used [0x00000008d5580000,0x00000008fe280000,0x00000008fe280000)
  from space 345088K, 0% used [0x00000008fe280000,0x00000008fe280000,0x0000000913380000)
  to   space 456192K, 0% used [0x000000091ff80000,0x000000091ff80000,0x000000093bd00000)
 ParOldGen       total 894464K, used 894244K [0x0000000080000000, 0x00000000b6980000, 0x00000008d5580000)
  object space 894464K, 99% used [0x0000000080000000,0x00000000b6949198,0x00000000b6980000)
 Metaspace       used 6726K, capacity 6984K, committed 7168K, reserved 8192K
Event: 61.288 GC heap after
Heap after GC invocations=31 (full 12):
 PSYoungGen      total 1013760K, used 446739K [0x00000008d5580000, 0x000000093bd00000, 0x0000000d00000000)
  eden space 668672K, 66% used [0x00000008d5580000,0x00000008f09c4da8,0x00000008fe280000)
  from space 345088K, 0% used [0x00000008fe280000,0x00000008fe280000,0x0000000913380000)
  to   space 456192K, 0% used [0x000000091ff80000,0x000000091ff80000,0x000000093bd00000)
 ParOldGen       total 894464K, used 894233K [0x0000000080000000, 0x00000000b6980000, 0x00000008d5580000)
  object space 894464K, 99% used [0x0000000080000000,0x00000000b6946690,0x00000000b6980000)
 Metaspace       used 6726K, capacity 6984K, committed 7168K, reserved 8192K
}
Event: 61.865 GC heap before
{Heap before GC invocations=32 (full 13):
 PSYoungGen      total 1013760K, used 668672K [0x00000008d5580000, 0x000000093bd00000, 0x0000000d00000000)
  eden space 668672K, 100% used [0x00000008d5580000,0x00000008fe280000,0x00000008fe280000)
  from space 345088K, 0% used [0x00000008fe280000,0x00000008fe280000,0x0000000913380000)
  to   space 456192K, 0% used [0x000000091ff80000,0x000000091ff80000,0x000000093bd00000)
 ParOldGen       total 894464K, used 894233K [0x0000000080000000, 0x00000000b6980000, 0x00000008d5580000)
  object space 894464K, 99% used [0x0000000080000000,0x00000000b6946690,0x00000000b6980000)
 Metaspace       used 6735K, capacity 6984K, committed 7168K, reserved 8192K

