# JRE version: Java(TM) SE Runtime Environment (8.0_20-b26) (build 1.8.0_20-b26)
# Java VM: Java HotSpot(TM) 64-Bit Server VM (25.20-b23 mixed mode windows-amd64 )
Heap:
 PSYoungGen      total 945152K, used 648360K [0x00000008d5580000, 0x0000000922400000, 0x0000000d00000000)
  eden space 716800K, 75% used [0x00000008d5580000,0x00000008f62fc8b0,0x0000000901180000)
  from space 228352K, 48% used [0x0000000910600000,0x00000009171adaa0,0x000000091e500000)
  to   space 250368K, 0% used [0x0000000901180000,0x0000000901180000,0x0000000910600000)
 ParOldGen       total 793600K, used 507495K [0x0000000080000000, 0x00000000b0700000, 0x00000008d5580000)
  object space 793600K, 63% used [0x0000000080000000,0x000000009ef99c00,0x00000000b0700000)
 Metaspace       used 6600K, capacity 6920K, committed 7168K, reserved 8192K
GC Heap History (10 events):
Event: 13.901 GC heap before
{Heap before GC invocations=14 (full 2):
 PSYoungGen      total 697344K, used 697337K [0x00000008d5580000, 0x0000000910c00000, 0x0000000d00000000)
  eden space 579072K, 100% used [0x00000008d5580000,0x00000008f8b00000,0x00000008f8b00000)
  from space 118272K, 99% used [0x00000008f8b00000,0x00000008ffe7e5e0,0x00000008ffe80000)
  to   space 157696K, 0% used [0x0000000907200000,0x0000000907200000,0x0000000910c00000)
 ParOldGen       total 307712K, used 223936K [0x0000000080000000, 0x0000000092c80000, 0x00000008d5580000)
  object space 307712K, 72% used [0x0000000080000000,0x000000008dab0058,0x0000000092c80000)
 Metaspace       used 6583K, capacity 6920K, committed 7168K, reserved 8192K
Event: 14.140 GC heap after
Heap after GC invocations=14 (full 2):
 PSYoungGen      total 788992K, used 153769K [0x00000008d5580000, 0x0000000915700000, 0x0000000d00000000)
  eden space 631296K, 0% used [0x00000008d5580000,0x00000008d5580000,0x00000008fbe00000)
  from space 157696K, 97% used [0x0000000907200000,0x000000091082a418,0x0000000910c00000)
  to   space 184320K, 0% used [0x00000008fbe00000,0x00000008fbe00000,0x0000000907200000)
 ParOldGen       total 307712K, used 280675K [0x0000000080000000, 0x0000000092c80000, 0x00000008d5580000)
  object space 307712K, 91% used [0x0000000080000000,0x0000000091218ee8,0x0000000092c80000)
 Metaspace       used 6583K, capacity 6920K, committed 7168K, reserved 8192K
}
Event: 14.140 GC heap before
{Heap before GC invocations=15 (full 3):
 PSYoungGen      total 788992K, used 153769K [0x00000008d5580000, 0x0000000915700000, 0x0000000d00000000)
  eden space 631296K, 0% used [0x00000008d5580000,0x00000008d5580000,0x00000008fbe00000)
  from space 157696K, 97% used [0x0000000907200000,0x000000091082a418,0x0000000910c00000)
  to   space 184320K, 0% used [0x00000008fbe00000,0x00000008fbe00000,0x0000000907200000)
 ParOldGen       total 307712K, used 280675K [0x0000000080000000, 0x0000000092c80000, 0x00000008d5580000)
  object space 307712K, 91% used [0x0000000080000000,0x0000000091218ee8,0x0000000092c80000)
 Metaspace       used 6583K, capacity 6920K, committed 7168K, reserved 8192K
Event: 15.701 GC heap after
Heap after GC invocations=15 (full 3):
 PSYoungGen      total 788992K, used 115176K [0x00000008d5580000, 0x0000000915700000, 0x0000000d00000000)
  eden space 631296K, 0% used [0x00000008d5580000,0x00000008d5580000,0x00000008fbe00000)
  from space 157696K, 73% used [0x0000000907200000,0x000000090e27a228,0x0000000910c00000)
  to   space 184320K, 0% used [0x00000008fbe00000,0x00000008fbe00000,0x0000000907200000)
 ParOldGen       total 507904K, used 307235K [0x0000000080000000, 0x000000009f000000, 0x00000008d5580000)
  object space 507904K, 60% used [0x0000000080000000,0x0000000092c08f30,0x000000009f000000)
 Metaspace       used 6583K, capacity 6920K, committed 7168K, reserved 8192K
}
Event: 17.853 GC heap before
{Heap before GC invocations=16 (full 3):
 PSYoungGen      total 788992K, used 746472K [0x00000008d5580000, 0x0000000915700000, 0x0000000d00000000)
  eden space 631296K, 100% used [0x00000008d5580000,0x00000008fbe00000,0x00000008fbe00000)
  from space 157696K, 73% used [0x0000000907200000,0x000000090e27a228,0x0000000910c00000)
  to   space 184320K, 0% used [0x00000008fbe00000,0x00000008fbe00000,0x0000000907200000)
 ParOldGen       total 507904K, used 307235K [0x0000000080000000, 0x000000009f000000, 0x00000008d5580000)
  object space 507904K, 60% used [0x0000000080000000,0x0000000092c08f30,0x000000009f000000)
 Metaspace       used 6586K, capacity 6920K, committed 7168K, reserved 8192K
Event: 18.151 GC heap after
Heap after GC invocations=16 (full 3):
 PSYoungGen      total 815616K, used 184303K [0x00000008d5580000, 0x000000091e500000, 0x0000000d00000000)
  eden space 631296K, 0% used [0x00000008d5580000,0x00000008d5580000,0x00000008fbe00000)
  from space 184320K, 99% used [0x00000008fbe00000,0x00000009071fbd90,0x0000000907200000)
  to   space 228352K, 0% used [0x0000000910600000,0x0000000910600000,0x000000091e500000)
 ParOldGen       total 507904K, used 339096K [0x0000000080000000, 0x000000009f000000, 0x00000008d5580000)
  object space 507904K, 66% used [0x0000000080000000,0x0000000094b262d0,0x000000009f000000)
 Metaspace       used 6586K, capacity 6920K, committed 7168K, reserved 8192K
}
Event: 19.432 GC heap before
{Heap before GC invocations=17 (full 3):
 PSYoungGen      total 815616K, used 815599K [0x00000008d5580000, 0x000000091e500000, 0x0000000d00000000)
  eden space 631296K, 100% used [0x00000008d5580000,0x00000008fbe00000,0x00000008fbe00000)
  from space 184320K, 99% used [0x00000008fbe00000,0x00000009071fbd90,0x0000000907200000)
  to   space 228352K, 0% used [0x0000000910600000,0x0000000910600000,0x000000091e500000)
 ParOldGen       total 507904K, used 339096K [0x0000000080000000, 0x000000009f000000, 0x00000008d5580000)
  object space 507904K, 66% used [0x0000000080000000,0x0000000094b262d0,0x000000009f000000)
 Metaspace       used 6589K, capacity 6920K, committed 7168K, reserved 8192K
Event: 19.711 GC heap after
Heap after GC invocations=17 (full 3):
 PSYoungGen      total 945152K, used 178673K [0x00000008d5580000, 0x0000000922400000, 0x0000000d00000000)
  eden space 716800K, 0% used [0x00000008d5580000,0x00000008d5580000,0x0000000901180000)
  from space 228352K, 78% used [0x0000000910600000,0x000000091b47c590,0x000000091e500000)
  to   space 250368K, 0% used [0x0000000901180000,0x0000000901180000,0x0000000910600000)
 ParOldGen       total 507904K, used 447554K [0x0000000080000000, 0x000000009f000000, 0x00000008d5580000)
  object space 507904K, 88% used [0x0000000080000000,0x000000009b510b60,0x000000009f000000)
 Metaspace       used 6589K, capacity 6920K, committed 7168K, reserved 8192K
}
Event: 19.711 GC heap before
{Heap before GC invocations=18 (full 4):
 PSYoungGen      total 945152K, used 178673K [0x00000008d5580000, 0x0000000922400000, 0x0000000d00000000)
  eden space 716800K, 0% used [0x00000008d5580000,0x00000008d5580000,0x0000000901180000)
  from space 228352K, 78% used [0x0000000910600000,0x000000091b47c590,0x000000091e500000)
  to   space 250368K, 0% used [0x0000000901180000,0x0000000901180000,0x0000000910600000)
 ParOldGen       total 507904K, used 447554K [0x0000000080000000, 0x000000009f000000, 0x00000008d5580000)
  object space 507904K, 88% used [0x0000000080000000,0x000000009b510b60,0x000000009f000000)
 Metaspace       used 6589K, capacity 6920K, committed 7168K, reserved 8192K
Event: 21.648 GC heap after
Heap after GC invocations=18 (full 4):
 PSYoungGen      total 945152K, used 110262K [0x00000008d5580000, 0x0000000922400000, 0x0000000d00000000)
  eden space 716800K, 0% used [0x00000008d5580000,0x00000008d5580000,0x0000000901180000)
  from space 228352K, 48% used [0x0000000910600000,0x00000009171adaa0,0x000000091e500000)
  to   space 250368K, 0% used [0x0000000901180000,0x0000000901180000,0x0000000910600000)
 ParOldGen       total 793600K, used 507495K [0x0000000080000000, 0x00000000b0700000, 0x00000008d5580000)
  object space 793600K, 63% used [0x0000000080000000,0x000000009ef99c00,0x00000000b0700000)
 Metaspace       used 6589K, capacity 6920K, committed 7168K, reserved 8192K
}

