# JRE version: Java(TM) SE Runtime Environment (8.0_20-b26) (build 1.8.0_20-b26)
# Java VM: Java HotSpot(TM) 64-Bit Server VM (25.20-b23 mixed mode windows-amd64 )
Heap:
 PSYoungGen      total 949248K, used 227386K [0x00000008d5580000, 0x0000000921180000, 0x0000000d00000000)
  eden space 693760K, 4% used [0x00000008d5580000,0x00000008d7180100,0x00000008ffb00000)
  from space 255488K, 77% used [0x00000008ffb00000,0x000000090bd0eab8,0x000000090f480000)
  to   space 230912K, 0% used [0x000000090f480000,0x000000090f480000,0x000000091d600000)
 ParOldGen       total 887808K, used 597488K [0x0000000080000000, 0x00000000b6300000, 0x00000008d5580000)
  object space 887808K, 67% used [0x0000000080000000,0x00000000a477c2f0,0x00000000b6300000)
 Metaspace       used 6612K, capacity 6920K, committed 7168K, reserved 8192K
GC Heap History (10 events):
Event: 14.028 GC heap before
{Heap before GC invocations=17 (full 3):
 PSYoungGen      total 772096K, used 131775K [0x00000008d5580000, 0x0000000912c80000, 0x0000000d00000000)
  eden space 595456K, 0% used [0x00000008d5580000,0x00000008d5580000,0x00000008f9b00000)
  from space 176640K, 74% used [0x0000000905580000,0x000000090d62ff98,0x0000000910200000)
  to   space 190976K, 0% used [0x00000008f9b00000,0x00000008f9b00000,0x0000000905580000)
 ParOldGen       total 378880K, used 378276K [0x0000000080000000, 0x0000000097200000, 0x00000008d5580000)
  object space 378880K, 99% used [0x0000000080000000,0x00000000971692c8,0x0000000097200000)
 Metaspace       used 6596K, capacity 6920K, committed 7168K, reserved 8192K
Event: 16.570 GC heap after
Heap after GC invocations=17 (full 3):
 PSYoungGen      total 772096K, used 115980K [0x00000008d5580000, 0x0000000912c80000, 0x0000000d00000000)
  eden space 595456K, 0% used [0x00000008d5580000,0x00000008d5580000,0x00000008f9b00000)
  from space 176640K, 65% used [0x0000000905580000,0x000000090c6c30a8,0x0000000910200000)
  to   space 190976K, 0% used [0x00000008f9b00000,0x00000008f9b00000,0x0000000905580000)
 ParOldGen       total 597504K, used 378627K [0x0000000080000000, 0x00000000a4780000, 0x00000008d5580000)
  object space 597504K, 63% used [0x0000000080000000,0x00000000971c0df8,0x00000000a4780000)
 Metaspace       used 6596K, capacity 6920K, committed 7168K, reserved 8192K
}
Event: 18.108 GC heap before
{Heap before GC invocations=18 (full 3):
 PSYoungGen      total 772096K, used 711436K [0x00000008d5580000, 0x0000000912c80000, 0x0000000d00000000)
  eden space 595456K, 100% used [0x00000008d5580000,0x00000008f9b00000,0x00000008f9b00000)
  from space 176640K, 65% used [0x0000000905580000,0x000000090c6c30a8,0x0000000910200000)
  to   space 190976K, 0% used [0x00000008f9b00000,0x00000008f9b00000,0x0000000905580000)
 ParOldGen       total 597504K, used 378627K [0x0000000080000000, 0x00000000a4780000, 0x00000008d5580000)
  object space 597504K, 63% used [0x0000000080000000,0x00000000971c0df8,0x00000000a4780000)
 Metaspace       used 6596K, capacity 6920K, committed 7168K, reserved 8192K
Event: 18.414 GC heap after
Heap after GC invocations=18 (full 3):
 PSYoungGen      total 786432K, used 190967K [0x00000008d5580000, 0x000000091d600000, 0x0000000d00000000)
  eden space 595456K, 0% used [0x00000008d5580000,0x00000008d5580000,0x00000008f9b00000)
  from space 190976K, 99% used [0x00000008f9b00000,0x000000090557de08,0x0000000905580000)
  to   space 230912K, 0% used [0x000000090f480000,0x000000090f480000,0x000000091d600000)
 ParOldGen       total 597504K, used 397586K [0x0000000080000000, 0x00000000a4780000, 0x00000008d5580000)
  object space 597504K, 66% used [0x0000000080000000,0x0000000098444a58,0x00000000a4780000)
 Metaspace       used 6596K, capacity 6920K, committed 7168K, reserved 8192K
}
Event: 19.741 GC heap before
{Heap before GC invocations=19 (full 3):
 PSYoungGen      total 786432K, used 786423K [0x00000008d5580000, 0x000000091d600000, 0x0000000d00000000)
  eden space 595456K, 100% used [0x00000008d5580000,0x00000008f9b00000,0x00000008f9b00000)
  from space 190976K, 99% used [0x00000008f9b00000,0x000000090557de08,0x0000000905580000)
  to   space 230912K, 0% used [0x000000090f480000,0x000000090f480000,0x000000091d600000)
 ParOldGen       total 597504K, used 397586K [0x0000000080000000, 0x00000000a4780000, 0x00000008d5580000)
  object space 597504K, 66% used [0x0000000080000000,0x0000000098444a58,0x00000000a4780000)
 Metaspace       used 6600K, capacity 6920K, committed 7168K, reserved 8192K
Event: 20.034 GC heap after
Heap after GC invocations=19 (full 3):
 PSYoungGen      total 924672K, used 190539K [0x00000008d5580000, 0x0000000921180000, 0x0000000d00000000)
  eden space 693760K, 0% used [0x00000008d5580000,0x00000008d5580000,0x00000008ffb00000)
  from space 230912K, 82% used [0x000000090f480000,0x000000091ae92f50,0x000000091d600000)
  to   space 255488K, 0% used [0x00000008ffb00000,0x00000008ffb00000,0x000000090f480000)
 ParOldGen       total 597504K, used 499316K [0x0000000080000000, 0x00000000a4780000, 0x00000008d5580000)
  object space 597504K, 83% used [0x0000000080000000,0x000000009e79d2a8,0x00000000a4780000)
 Metaspace       used 6600K, capacity 6920K, committed 7168K, reserved 8192K
}
Event: 20.034 GC heap before
{Heap before GC invocations=20 (full 4):
 PSYoungGen      total 924672K, used 190539K [0x00000008d5580000, 0x0000000921180000, 0x0000000d00000000)
  eden space 693760K, 0% used [0x00000008d5580000,0x00000008d5580000,0x00000008ffb00000)
  from space 230912K, 82% used [0x000000090f480000,0x000000091ae92f50,0x000000091d600000)
  to   space 255488K, 0% used [0x00000008ffb00000,0x00000008ffb00000,0x000000090f480000)
 ParOldGen       total 597504K, used 499316K [0x0000000080000000, 0x00000000a4780000, 0x00000008d5580000)
  object space 597504K, 83% used [0x0000000080000000,0x000000009e79d2a8,0x00000000a4780000)
 Metaspace       used 6600K, capacity 6920K, committed 7168K, reserved 8192K
Event: 22.468 GC heap after
Heap after GC invocations=20 (full 4):
 PSYoungGen      total 924672K, used 88899K [0x00000008d5580000, 0x0000000921180000, 0x0000000d00000000)
  eden space 693760K, 0% used [0x00000008d5580000,0x00000008d5580000,0x00000008ffb00000)
  from space 230912K, 38% used [0x000000090f480000,0x0000000914b50e08,0x000000091d600000)
  to   space 255488K, 0% used [0x00000008ffb00000,0x00000008ffb00000,0x000000090f480000)
 ParOldGen       total 887808K, used 597488K [0x0000000080000000, 0x00000000b6300000, 0x00000008d5580000)
  object space 887808K, 67% used [0x0000000080000000,0x00000000a477c2f0,0x00000000b6300000)
 Metaspace       used 6600K, capacity 6920K, committed 7168K, reserved 8192K
}
Event: 24.209 GC heap before
{Heap before GC invocations=21 (full 4):
 PSYoungGen      total 924672K, used 782659K [0x00000008d5580000, 0x0000000921180000, 0x0000000d00000000)
  eden space 693760K, 100% used [0x00000008d5580000,0x00000008ffb00000,0x00000008ffb00000)
  from space 230912K, 38% used [0x000000090f480000,0x0000000914b50e08,0x000000091d600000)
  to   space 255488K, 0% used [0x00000008ffb00000,0x00000008ffb00000,0x000000090f480000)
 ParOldGen       total 887808K, used 597488K [0x0000000080000000, 0x00000000b6300000, 0x00000008d5580000)
  object space 887808K, 67% used [0x0000000080000000,0x00000000a477c2f0,0x00000000b6300000)
 Metaspace       used 6612K, capacity 6920K, committed 7168K, reserved 8192K
Event: 24.585 GC heap after
Heap after GC invocations=21 (full 4):
 PSYoungGen      total 949248K, used 198714K [0x00000008d5580000, 0x0000000921180000, 0x0000000d00000000)
  eden space 693760K, 0% used [0x00000008d5580000,0x00000008d5580000,0x00000008ffb00000)
  from space 255488K, 77% used [0x00000008ffb00000,0x000000090bd0eab8,0x000000090f480000)
  to   space 230912K, 0% used [0x000000090f480000,0x000000090f480000,0x000000091d600000)
 ParOldGen       total 887808K, used 597488K [0x0000000080000000, 0x00000000b6300000, 0x00000008d5580000)
  object space 887808K, 67% used [0x0000000080000000,0x00000000a477c2f0,0x00000000b6300000)
 Metaspace       used 6612K, capacity 6920K, committed 7168K, reserved 8192K
}

