# JRE version: Java(TM) SE Runtime Environment (8.0_20-b26) (build 1.8.0_20-b26)
# Java VM: Java HotSpot(TM) 64-Bit Server VM (25.20-b23 mixed mode windows-amd64 )
Heap:
 PSYoungGen      total 907264K, used 465228K [0x00000008d5580000, 0x000000091f900000, 0x0000000d00000000)
  eden space 687104K, 40% used [0x00000008d5580000,0x00000008e65f4340,0x00000008ff480000)
  from space 220160K, 84% used [0x000000090e400000,0x00000009199deea8,0x000000091bb00000)
  to   space 245248K, 0% used [0x00000008ff480000,0x00000008ff480000,0x000000090e400000)
 ParOldGen       total 607744K, used 489567K [0x0000000080000000, 0x00000000a5180000, 0x00000008d5580000)
  object space 607744K, 80% used [0x0000000080000000,0x000000009de17e58,0x00000000a5180000)
 Metaspace       used 6621K, capacity 6920K, committed 7168K, reserved 8192K
GC Heap History (10 events):
Event: 16.033 GC heap before
{Heap before GC invocations=15 (full 2):
 PSYoungGen      total 607232K, used 607222K [0x00000008d5580000, 0x0000000905c00000, 0x0000000d00000000)
  eden space 501760K, 100% used [0x00000008d5580000,0x00000008f3f80000,0x00000008f3f80000)
  from space 105472K, 99% used [0x00000008fbd80000,0x000000090247d9b8,0x0000000902480000)
  to   space 129024K, 0% used [0x00000008f3f80000,0x00000008f3f80000,0x00000008fbd80000)
 ParOldGen       total 382976K, used 239156K [0x0000000080000000, 0x0000000097600000, 0x00000008d5580000)
  object space 382976K, 62% used [0x0000000080000000,0x000000008e98d358,0x0000000097600000)
 Metaspace       used 6602K, capacity 6920K, committed 7168K, reserved 8192K
Event: 16.275 GC heap after
Heap after GC invocations=15 (full 2):
 PSYoungGen      total 630784K, used 129001K [0x00000008d5580000, 0x000000090f480000, 0x0000000d00000000)
  eden space 501760K, 0% used [0x00000008d5580000,0x00000008d5580000,0x00000008f3f80000)
  from space 129024K, 99% used [0x00000008f3f80000,0x00000008fbd7a4a0,0x00000008fbd80000)
  to   space 172032K, 0% used [0x0000000904c80000,0x0000000904c80000,0x000000090f480000)
 ParOldGen       total 382976K, used 295577K [0x0000000080000000, 0x0000000097600000, 0x00000008d5580000)
  object space 382976K, 77% used [0x0000000080000000,0x00000000920a6798,0x0000000097600000)
 Metaspace       used 6602K, capacity 6920K, committed 7168K, reserved 8192K
}
Event: 17.941 GC heap before
{Heap before GC invocations=16 (full 2):
 PSYoungGen      total 630784K, used 630761K [0x00000008d5580000, 0x000000090f480000, 0x0000000d00000000)
  eden space 501760K, 100% used [0x00000008d5580000,0x00000008f3f80000,0x00000008f3f80000)
  from space 129024K, 99% used [0x00000008f3f80000,0x00000008fbd7a4a0,0x00000008fbd80000)
  to   space 172032K, 0% used [0x0000000904c80000,0x0000000904c80000,0x000000090f480000)
 ParOldGen       total 382976K, used 295577K [0x0000000080000000, 0x0000000097600000, 0x00000008d5580000)
  object space 382976K, 77% used [0x0000000080000000,0x00000000920a6798,0x0000000097600000)
 Metaspace       used 6605K, capacity 6920K, committed 7168K, reserved 8192K
Event: 18.247 GC heap after
Heap after GC invocations=16 (full 2):
 PSYoungGen      total 763904K, used 126372K [0x00000008d5580000, 0x0000000911700000, 0x0000000d00000000)
  eden space 591872K, 0% used [0x00000008d5580000,0x00000008d5580000,0x00000008f9780000)
  from space 172032K, 73% used [0x0000000904c80000,0x000000090c7e91d0,0x000000090f480000)
  to   space 185344K, 0% used [0x00000008f9780000,0x00000008f9780000,0x0000000904c80000)
 ParOldGen       total 382976K, used 376561K [0x0000000080000000, 0x0000000097600000, 0x00000008d5580000)
  object space 382976K, 98% used [0x0000000080000000,0x0000000096fbc6f0,0x0000000097600000)
 Metaspace       used 6605K, capacity 6920K, committed 7168K, reserved 8192K
}
Event: 18.247 GC heap before
{Heap before GC invocations=17 (full 3):
 PSYoungGen      total 763904K, used 126372K [0x00000008d5580000, 0x0000000911700000, 0x0000000d00000000)
  eden space 591872K, 0% used [0x00000008d5580000,0x00000008d5580000,0x00000008f9780000)
  from space 172032K, 73% used [0x0000000904c80000,0x000000090c7e91d0,0x000000090f480000)
  to   space 185344K, 0% used [0x00000008f9780000,0x00000008f9780000,0x0000000904c80000)
 ParOldGen       total 382976K, used 376561K [0x0000000080000000, 0x0000000097600000, 0x00000008d5580000)
  object space 382976K, 98% used [0x0000000080000000,0x0000000096fbc6f0,0x0000000097600000)
 Metaspace       used 6605K, capacity 6920K, committed 7168K, reserved 8192K
Event: 20.690 GC heap after
Heap after GC invocations=17 (full 3):
 PSYoungGen      total 763904K, used 102605K [0x00000008d5580000, 0x0000000911700000, 0x0000000d00000000)
  eden space 591872K, 0% used [0x00000008d5580000,0x00000008d5580000,0x00000008f9780000)
  from space 172032K, 59% used [0x0000000904c80000,0x000000090b0b3408,0x000000090f480000)
  to   space 185344K, 0% used [0x00000008f9780000,0x00000008f9780000,0x0000000904c80000)
 ParOldGen       total 607744K, used 382714K [0x0000000080000000, 0x00000000a5180000, 0x00000008d5580000)
  object space 607744K, 62% used [0x0000000080000000,0x00000000975beaa8,0x00000000a5180000)
 Metaspace       used 6605K, capacity 6920K, committed 7168K, reserved 8192K
}
Event: 23.119 GC heap before
{Heap before GC invocations=18 (full 3):
 PSYoungGen      total 763904K, used 694477K [0x00000008d5580000, 0x0000000911700000, 0x0000000d00000000)
  eden space 591872K, 100% used [0x00000008d5580000,0x00000008f9780000,0x00000008f9780000)
  from space 172032K, 59% used [0x0000000904c80000,0x000000090b0b3408,0x000000090f480000)
  to   space 185344K, 0% used [0x00000008f9780000,0x00000008f9780000,0x0000000904c80000)
 ParOldGen       total 607744K, used 382714K [0x0000000080000000, 0x00000000a5180000, 0x00000008d5580000)
  object space 607744K, 62% used [0x0000000080000000,0x00000000975beaa8,0x00000000a5180000)
 Metaspace       used 6608K, capacity 6920K, committed 7168K, reserved 8192K
Event: 23.650 GC heap after
Heap after GC invocations=18 (full 3):
 PSYoungGen      total 777216K, used 185313K [0x00000008d5580000, 0x000000091bb00000, 0x0000000d00000000)
  eden space 591872K, 0% used [0x00000008d5580000,0x00000008d5580000,0x00000008f9780000)
  from space 185344K, 99% used [0x00000008f9780000,0x0000000904c78790,0x0000000904c80000)
  to   space 220160K, 0% used [0x000000090e400000,0x000000090e400000,0x000000091bb00000)
 ParOldGen       total 607744K, used 391157K [0x0000000080000000, 0x00000000a5180000, 0x00000008d5580000)
  object space 607744K, 64% used [0x0000000080000000,0x0000000097dfd400,0x00000000a5180000)
 Metaspace       used 6608K, capacity 6920K, committed 7168K, reserved 8192K
}
Event: 26.197 GC heap before
{Heap before GC invocations=19 (full 3):
 PSYoungGen      total 777216K, used 777185K [0x00000008d5580000, 0x000000091bb00000, 0x0000000d00000000)
  eden space 591872K, 100% used [0x00000008d5580000,0x00000008f9780000,0x00000008f9780000)
  from space 185344K, 99% used [0x00000008f9780000,0x0000000904c78790,0x0000000904c80000)
  to   space 220160K, 0% used [0x000000090e400000,0x000000090e400000,0x000000091bb00000)
 ParOldGen       total 607744K, used 391157K [0x0000000080000000, 0x00000000a5180000, 0x00000008d5580000)
  object space 607744K, 64% used [0x0000000080000000,0x0000000097dfd400,0x00000000a5180000)
 Metaspace       used 6611K, capacity 6920K, committed 7168K, reserved 8192K
Event: 26.795 GC heap after
Heap after GC invocations=19 (full 3):
 PSYoungGen      total 907264K, used 186235K [0x00000008d5580000, 0x000000091f900000, 0x0000000d00000000)
  eden space 687104K, 0% used [0x00000008d5580000,0x00000008d5580000,0x00000008ff480000)
  from space 220160K, 84% used [0x000000090e400000,0x00000009199deea8,0x000000091bb00000)
  to   space 245248K, 0% used [0x00000008ff480000,0x00000008ff480000,0x000000090e400000)
 ParOldGen       total 607744K, used 489567K [0x0000000080000000, 0x00000000a5180000, 0x00000008d5580000)
  object space 607744K, 80% used [0x0000000080000000,0x000000009de17e58,0x00000000a5180000)
 Metaspace       used 6611K, capacity 6920K, committed 7168K, reserved 8192K
}

