# JRE version: Java(TM) SE Runtime Environment (8.0_20-b26) (build 1.8.0_20-b26)
# Java VM: Java HotSpot(TM) 64-Bit Server VM (25.20-b23 mixed mode windows-amd64 )
Heap:
 PSYoungGen      total 935424K, used 412274K [0x00000008d5580000, 0x000000092be80000, 0x0000000d00000000)
  eden space 680448K, 32% used [0x00000008d5580000,0x00000008e309d890,0x00000008fee00000)
  from space 254976K, 73% used [0x00000008fee00000,0x000000090a57f0e0,0x000000090e700000)
  to   space 315392K, 0% used [0x0000000918a80000,0x0000000918a80000,0x000000092be80000)
 ParOldGen       total 894976K, used 604664K [0x0000000080000000, 0x00000000b6a00000, 0x00000008d5580000)
  object space 894976K, 67% used [0x0000000080000000,0x00000000a4e7e128,0x00000000b6a00000)
 Metaspace       used 6590K, capacity 6920K, committed 7168K, reserved 8192K
GC Heap History (10 events):
Event: 14.726 GC heap before
{Heap before GC invocations=17 (full 3):
 PSYoungGen      total 766464K, used 128220K [0x00000008d5580000, 0x0000000911d80000, 0x0000000d00000000)
  eden space 590336K, 0% used [0x00000008d5580000,0x00000008d5580000,0x00000008f9600000)
  from space 176128K, 72% used [0x0000000904e80000,0x000000090cbb7210,0x000000090fa80000)
  to   space 188928K, 0% used [0x00000008f9600000,0x00000008f9600000,0x0000000904e80000)
 ParOldGen       total 382464K, used 381593K [0x0000000080000000, 0x0000000097580000, 0x00000008d5580000)
  object space 382464K, 99% used [0x0000000080000000,0x00000000974a66f8,0x0000000097580000)
 Metaspace       used 6573K, capacity 6856K, committed 6912K, reserved 8192K
Event: 16.458 GC heap after
Heap after GC invocations=17 (full 3):
 PSYoungGen      total 766464K, used 112557K [0x00000008d5580000, 0x0000000911d80000, 0x0000000d00000000)
  eden space 590336K, 0% used [0x00000008d5580000,0x00000008d5580000,0x00000008f9600000)
  from space 176128K, 63% used [0x0000000904e80000,0x000000090bc6b550,0x000000090fa80000)
  to   space 188928K, 0% used [0x00000008f9600000,0x00000008f9600000,0x0000000904e80000)
 ParOldGen       total 604672K, used 382277K [0x0000000080000000, 0x00000000a4e80000, 0x00000008d5580000)
  object space 604672K, 63% used [0x0000000080000000,0x0000000097551478,0x00000000a4e80000)
 Metaspace       used 6573K, capacity 6856K, committed 6912K, reserved 8192K
}
Event: 18.191 GC heap before
{Heap before GC invocations=18 (full 3):
 PSYoungGen      total 766464K, used 702893K [0x00000008d5580000, 0x0000000911d80000, 0x0000000d00000000)
  eden space 590336K, 100% used [0x00000008d5580000,0x00000008f9600000,0x00000008f9600000)
  from space 176128K, 63% used [0x0000000904e80000,0x000000090bc6b550,0x000000090fa80000)
  to   space 188928K, 0% used [0x00000008f9600000,0x00000008f9600000,0x0000000904e80000)
 ParOldGen       total 604672K, used 382277K [0x0000000080000000, 0x00000000a4e80000, 0x00000008d5580000)
  object space 604672K, 63% used [0x0000000080000000,0x0000000097551478,0x00000000a4e80000)
 Metaspace       used 6578K, capacity 6856K, committed 6912K, reserved 8192K
Event: 18.427 GC heap after
Heap after GC invocations=18 (full 3):
 PSYoungGen      total 779264K, used 188896K [0x00000008d5580000, 0x000000091c600000, 0x0000000d00000000)
  eden space 590336K, 0% used [0x00000008d5580000,0x00000008d5580000,0x00000008f9600000)
  from space 188928K, 99% used [0x00000008f9600000,0x0000000904e78060,0x0000000904e80000)
  to   space 228352K, 0% used [0x000000090e700000,0x000000090e700000,0x000000091c600000)
 ParOldGen       total 604672K, used 400644K [0x0000000080000000, 0x00000000a4e80000, 0x00000008d5580000)
  object space 604672K, 66% used [0x0000000080000000,0x0000000098741108,0x00000000a4e80000)
 Metaspace       used 6578K, capacity 6856K, committed 6912K, reserved 8192K
}
Event: 19.995 GC heap before
{Heap before GC invocations=19 (full 3):
 PSYoungGen      total 779264K, used 779232K [0x00000008d5580000, 0x000000091c600000, 0x0000000d00000000)
  eden space 590336K, 100% used [0x00000008d5580000,0x00000008f9600000,0x00000008f9600000)
  from space 188928K, 99% used [0x00000008f9600000,0x0000000904e78060,0x0000000904e80000)
  to   space 228352K, 0% used [0x000000090e700000,0x000000090e700000,0x000000091c600000)
 ParOldGen       total 604672K, used 401648K [0x0000000080000000, 0x00000000a4e80000, 0x00000008d5580000)
  object space 604672K, 66% used [0x0000000080000000,0x000000009883c338,0x00000000a4e80000)
 Metaspace       used 6579K, capacity 6856K, committed 6912K, reserved 8192K
Event: 20.263 GC heap after
Heap after GC invocations=19 (full 3):
 PSYoungGen      total 908800K, used 194122K [0x00000008d5580000, 0x0000000920680000, 0x0000000d00000000)
  eden space 680448K, 0% used [0x00000008d5580000,0x00000008d5580000,0x00000008fee00000)
  from space 228352K, 85% used [0x000000090e700000,0x000000091a492880,0x000000091c600000)
  to   space 254976K, 0% used [0x00000008fee00000,0x00000008fee00000,0x000000090e700000)
 ParOldGen       total 604672K, used 499582K [0x0000000080000000, 0x00000000a4e80000, 0x00000008d5580000)
  object space 604672K, 82% used [0x0000000080000000,0x000000009e7df840,0x00000000a4e80000)
 Metaspace       used 6579K, capacity 6856K, committed 6912K, reserved 8192K
}
Event: 21.872 GC heap before
{Heap before GC invocations=20 (full 3):
 PSYoungGen      total 908800K, used 874570K [0x00000008d5580000, 0x0000000920680000, 0x0000000d00000000)
  eden space 680448K, 100% used [0x00000008d5580000,0x00000008fee00000,0x00000008fee00000)
  from space 228352K, 85% used [0x000000090e700000,0x000000091a492880,0x000000091c600000)
  to   space 254976K, 0% used [0x00000008fee00000,0x00000008fee00000,0x000000090e700000)
 ParOldGen       total 604672K, used 499584K [0x0000000080000000, 0x00000000a4e80000, 0x00000008d5580000)
  object space 604672K, 82% used [0x0000000080000000,0x000000009e7e01c8,0x00000000a4e80000)
 Metaspace       used 6590K, capacity 6920K, committed 7168K, reserved 8192K
Event: 22.156 GC heap after
Heap after GC invocations=20 (full 3):
 PSYoungGen      total 935424K, used 254975K [0x00000008d5580000, 0x000000092be80000, 0x0000000d00000000)
  eden space 680448K, 0% used [0x00000008d5580000,0x00000008d5580000,0x00000008fee00000)
  from space 254976K, 99% used [0x00000008fee00000,0x000000090e6ffca8,0x000000090e700000)
  to   space 315392K, 0% used [0x0000000918a80000,0x0000000918a80000,0x000000092be80000)
 ParOldGen       total 604672K, used 545759K [0x0000000080000000, 0x00000000a4e80000, 0x00000008d5580000)
  object space 604672K, 90% used [0x0000000080000000,0x00000000a14f7cc8,0x00000000a4e80000)
 Metaspace       used 6590K, capacity 6920K, committed 7168K, reserved 8192K
}
Event: 22.156 GC heap before
{Heap before GC invocations=21 (full 4):
 PSYoungGen      total 935424K, used 254975K [0x00000008d5580000, 0x000000092be80000, 0x0000000d00000000)
  eden space 680448K, 0% used [0x00000008d5580000,0x00000008d5580000,0x00000008fee00000)
  from space 254976K, 99% used [0x00000008fee00000,0x000000090e6ffca8,0x000000090e700000)
  to   space 315392K, 0% used [0x0000000918a80000,0x0000000918a80000,0x000000092be80000)
 ParOldGen       total 604672K, used 545759K [0x0000000080000000, 0x00000000a4e80000, 0x00000008d5580000)
  object space 604672K, 90% used [0x0000000080000000,0x00000000a14f7cc8,0x00000000a4e80000)
 Metaspace       used 6590K, capacity 6920K, committed 7168K, reserved 8192K
Event: 25.695 GC heap after
Heap after GC invocations=21 (full 4):
 PSYoungGen      total 935424K, used 187900K [0x00000008d5580000, 0x000000092be80000, 0x0000000d00000000)
  eden space 680448K, 0% used [0x00000008d5580000,0x00000008d5580000,0x00000008fee00000)
  from space 254976K, 73% used [0x00000008fee00000,0x000000090a57f0e0,0x000000090e700000)
  to   space 315392K, 0% used [0x0000000918a80000,0x0000000918a80000,0x000000092be80000)
 ParOldGen       total 894976K, used 604664K [0x0000000080000000, 0x00000000b6a00000, 0x00000008d5580000)
  object space 894976K, 67% used [0x0000000080000000,0x00000000a4e7e128,0x00000000b6a00000)
 Metaspace       used 6590K, capacity 6920K, committed 7168K, reserved 8192K
}

