# JRE version: OpenJDK Runtime Environment (8.0_112-b06) (build 1.8.0_112-release-b06)
# Java VM: OpenJDK 64-Bit Server VM (25.112-b06 mixed mode windows-amd64 )
Heap:
 PSYoungGen      total 71680K, used 50922K [0x00000008d5580000, 0x00000008da080000, 0x0000000d00000000)
  eden space 66560K, 76% used [0x00000008d5580000,0x00000008d873aa40,0x00000008d9680000)
  from space 5120K, 0% used [0x00000008d9b80000,0x00000008d9b80000,0x00000008da080000)
  to   space 5120K, 0% used [0x00000008d9680000,0x00000008d9680000,0x00000008d9b80000)
 ParOldGen       total 152064K, used 78936K [0x0000000080000000, 0x0000000089480000, 0x00000008d5580000)
  object space 152064K, 51% used [0x0000000080000000,0x0000000084d16058,0x0000000089480000)
 Metaspace       used 6771K, capacity 7048K, committed 7168K, reserved 8192K
GC Heap History (10 events):
Event: 3.892 GC heap before
{Heap before GC invocations=7 (full 0):
 PSYoungGen      total 71680K, used 71653K [0x00000008d5580000, 0x00000008da080000, 0x0000000d00000000)
  eden space 66560K, 100% used [0x00000008d5580000,0x00000008d9680000,0x00000008d9680000)
  from space 5120K, 99% used [0x00000008d9b80000,0x00000008da079648,0x00000008da080000)
  to   space 5120K, 0% used [0x00000008d9680000,0x00000008d9680000,0x00000008d9b80000)
 ParOldGen       total 87552K, used 38611K [0x0000000080000000, 0x0000000085580000, 0x00000008d5580000)
  object space 87552K, 44% used [0x0000000080000000,0x00000000825b4df8,0x0000000085580000)
 Metaspace       used 6418K, capacity 6792K, committed 6912K, reserved 8192K
Event: 3.920 GC heap after
Heap after GC invocations=7 (full 0):
 PSYoungGen      total 71680K, used 5088K [0x00000008d5580000, 0x00000008da080000, 0x0000000d00000000)
  eden space 66560K, 0% used [0x00000008d5580000,0x00000008d5580000,0x00000008d9680000)
  from space 5120K, 99% used [0x00000008d9680000,0x00000008d9b78018,0x00000008d9b80000)
  to   space 5120K, 0% used [0x00000008d9b80000,0x00000008d9b80000,0x00000008da080000)
 ParOldGen       total 87552K, used 48320K [0x0000000080000000, 0x0000000085580000, 0x00000008d5580000)
  object space 87552K, 55% used [0x0000000080000000,0x0000000082f300d8,0x0000000085580000)
 Metaspace       used 6418K, capacity 6792K, committed 6912K, reserved 8192K
}
Event: 4.311 GC heap before
{Heap before GC invocations=8 (full 0):
 PSYoungGen      total 71680K, used 71648K [0x00000008d5580000, 0x00000008da080000, 0x0000000d00000000)
  eden space 66560K, 100% used [0x00000008d5580000,0x00000008d9680000,0x00000008d9680000)
  from space 5120K, 99% used [0x00000008d9680000,0x00000008d9b78018,0x00000008d9b80000)
  to   space 5120K, 0% used [0x00000008d9b80000,0x00000008d9b80000,0x00000008da080000)
 ParOldGen       total 87552K, used 48320K [0x0000000080000000, 0x0000000085580000, 0x00000008d5580000)
  object space 87552K, 55% used [0x0000000080000000,0x0000000082f300d8,0x0000000085580000)
 Metaspace       used 6427K, capacity 6792K, committed 6912K, reserved 8192K
Event: 4.332 GC heap after
Heap after GC invocations=8 (full 0):
 PSYoungGen      total 71680K, used 5088K [0x00000008d5580000, 0x00000008da080000, 0x0000000d00000000)
  eden space 66560K, 0% used [0x00000008d5580000,0x00000008d5580000,0x00000008d9680000)
  from space 5120K, 99% used [0x00000008d9b80000,0x00000008da078018,0x00000008da080000)
  to   space 5120K, 0% used [0x00000008d9680000,0x00000008d9680000,0x00000008d9b80000)
 ParOldGen       total 87552K, used 58922K [0x0000000080000000, 0x0000000085580000, 0x00000008d5580000)
  object space 87552K, 67% used [0x0000000080000000,0x000000008398aad0,0x0000000085580000)
 Metaspace       used 6427K, capacity 6792K, committed 6912K, reserved 8192K
}
Event: 4.930 GC heap before
{Heap before GC invocations=9 (full 0):
 PSYoungGen      total 71680K, used 71648K [0x00000008d5580000, 0x00000008da080000, 0x0000000d00000000)
  eden space 66560K, 100% used [0x00000008d5580000,0x00000008d9680000,0x00000008d9680000)
  from space 5120K, 99% used [0x00000008d9b80000,0x00000008da078018,0x00000008da080000)
  to   space 5120K, 0% used [0x00000008d9680000,0x00000008d9680000,0x00000008d9b80000)
 ParOldGen       total 87552K, used 58922K [0x0000000080000000, 0x0000000085580000, 0x00000008d5580000)
  object space 87552K, 67% used [0x0000000080000000,0x000000008398aad0,0x0000000085580000)
 Metaspace       used 6442K, capacity 6792K, committed 6912K, reserved 8192K
Event: 4.953 GC heap after
Heap after GC invocations=9 (full 0):
 PSYoungGen      total 71680K, used 5088K [0x00000008d5580000, 0x00000008da080000, 0x0000000d00000000)
  eden space 66560K, 0% used [0x00000008d5580000,0x00000008d5580000,0x00000008d9680000)
  from space 5120K, 99% used [0x00000008d9680000,0x00000008d9b78018,0x00000008d9b80000)
  to   space 5120K, 0% used [0x00000008d9b80000,0x00000008d9b80000,0x00000008da080000)
 ParOldGen       total 87552K, used 69523K [0x0000000080000000, 0x0000000085580000, 0x00000008d5580000)
  object space 87552K, 79% used [0x0000000080000000,0x00000000843e4cf0,0x0000000085580000)
 Metaspace       used 6442K, capacity 6792K, committed 6912K, reserved 8192K
}
Event: 7.003 GC heap before
{Heap before GC invocations=10 (full 0):
 PSYoungGen      total 71680K, used 71648K [0x00000008d5580000, 0x00000008da080000, 0x0000000d00000000)
  eden space 66560K, 100% used [0x00000008d5580000,0x00000008d9680000,0x00000008d9680000)
  from space 5120K, 99% used [0x00000008d9680000,0x00000008d9b78018,0x00000008d9b80000)
  to   space 5120K, 0% used [0x00000008d9b80000,0x00000008d9b80000,0x00000008da080000)
 ParOldGen       total 87552K, used 69523K [0x0000000080000000, 0x0000000085580000, 0x00000008d5580000)
  object space 87552K, 79% used [0x0000000080000000,0x00000000843e4cf0,0x0000000085580000)
 Metaspace       used 6445K, capacity 6792K, committed 6912K, reserved 8192K
Event: 7.025 GC heap after
Heap after GC invocations=10 (full 0):
 PSYoungGen      total 71680K, used 5088K [0x00000008d5580000, 0x00000008da080000, 0x0000000d00000000)
  eden space 66560K, 0% used [0x00000008d5580000,0x00000008d5580000,0x00000008d9680000)
  from space 5120K, 99% used [0x00000008d9b80000,0x00000008da078018,0x00000008da080000)
  to   space 5120K, 0% used [0x00000008d9680000,0x00000008d9680000,0x00000008d9b80000)
 ParOldGen       total 87552K, used 80566K [0x0000000080000000, 0x0000000085580000, 0x00000008d5580000)
  object space 87552K, 92% used [0x0000000080000000,0x0000000084ead810,0x0000000085580000)
 Metaspace       used 6445K, capacity 6792K, committed 6912K, reserved 8192K
}
Event: 7.025 GC heap before
{Heap before GC invocations=11 (full 1):
 PSYoungGen      total 71680K, used 5088K [0x00000008d5580000, 0x00000008da080000, 0x0000000d00000000)
  eden space 66560K, 0% used [0x00000008d5580000,0x00000008d5580000,0x00000008d9680000)
  from space 5120K, 99% used [0x00000008d9b80000,0x00000008da078018,0x00000008da080000)
  to   space 5120K, 0% used [0x00000008d9680000,0x00000008d9680000,0x00000008d9b80000)
 ParOldGen       total 87552K, used 80566K [0x0000000080000000, 0x0000000085580000, 0x00000008d5580000)
  object space 87552K, 92% used [0x0000000080000000,0x0000000084ead810,0x0000000085580000)
 Metaspace       used 6445K, capacity 6792K, committed 6912K, reserved 8192K
Event: 7.864 GC heap after
Heap after GC invocations=11 (full 1):
 PSYoungGen      total 71680K, used 0K [0x00000008d5580000, 0x00000008da080000, 0x0000000d00000000)
  eden space 66560K, 0% used [0x00000008d5580000,0x00000008d5580000,0x00000008d9680000)
  from space 5120K, 0% used [0x00000008d9b80000,0x00000008d9b80000,0x00000008da080000)
  to   space 5120K, 0% used [0x00000008d9680000,0x00000008d9680000,0x00000008d9b80000)
 ParOldGen       total 152064K, used 78936K [0x0000000080000000, 0x0000000089480000, 0x00000008d5580000)
  object space 152064K, 51% used [0x0000000080000000,0x0000000084d16058,0x0000000089480000)
 Metaspace       used 6445K, capacity 6792K, committed 6912K, reserved 8192K
}

