# JRE version: Java(TM) SE Runtime Environment (8.0_20-b26) (build 1.8.0_20-b26)
# Java VM: Java HotSpot(TM) 64-Bit Server VM (25.20-b23 mixed mode windows-amd64 )
Heap:
 PSYoungGen      total 862208K, used 647096K [0x00000008d5580000, 0x000000091d280000, 0x0000000d00000000)
  eden space 644096K, 66% used [0x00000008d5580000,0x00000008ef870b90,0x00000008fca80000)
  from space 218112K, 99% used [0x000000090be00000,0x00000009192fd6f8,0x0000000919300000)
  to   space 249344K, 0% used [0x00000008fca80000,0x00000008fca80000,0x000000090be00000)
 ParOldGen       total 1141248K, used 922214K [0x0000000080000000, 0x00000000c5a80000, 0x00000008d5580000)
  object space 1141248K, 80% used [0x0000000080000000,0x00000000b8499800,0x00000000c5a80000)
 Metaspace       used 6667K, capacity 6920K, committed 7168K, reserved 8192K
GC Heap History (10 events):
Event: 28.700 GC heap before
{Heap before GC invocations=25 (full 5):
 PSYoungGen      total 746496K, used 559616K [0x00000008d5580000, 0x0000000911b80000, 0x0000000d00000000)
  eden space 559616K, 100% used [0x00000008d5580000,0x00000008f7800000,0x00000008f7800000)
  from space 186880K, 0% used [0x00000008f7800000,0x00000008f7800000,0x0000000902e80000)
  to   space 182272K, 0% used [0x0000000906980000,0x0000000906980000,0x0000000911b80000)
 ParOldGen       total 1141248K, used 750129K [0x0000000080000000, 0x00000000c5a80000, 0x00000008d5580000)
  object space 1141248K, 65% used [0x0000000080000000,0x00000000adc8c530,0x00000000c5a80000)
 Metaspace       used 6600K, capacity 6920K, committed 7168K, reserved 8192K
Event: 28.802 GC heap after
Heap after GC invocations=25 (full 5):
 PSYoungGen      total 794624K, used 123578K [0x00000008d5580000, 0x0000000911e80000, 0x0000000d00000000)
  eden space 612352K, 0% used [0x00000008d5580000,0x00000008d5580000,0x00000008fab80000)
  from space 182272K, 67% used [0x0000000906980000,0x000000090e22eaf0,0x0000000911b80000)
  to   space 189952K, 0% used [0x00000008fab80000,0x00000008fab80000,0x0000000906500000)
 ParOldGen       total 1141248K, used 750129K [0x0000000080000000, 0x00000000c5a80000, 0x00000008d5580000)
  object space 1141248K, 65% used [0x0000000080000000,0x00000000adc8c530,0x00000000c5a80000)
 Metaspace       used 6600K, capacity 6920K, committed 7168K, reserved 8192K
}
Event: 29.747 GC heap before
{Heap before GC invocations=26 (full 5):
 PSYoungGen      total 794624K, used 735930K [0x00000008d5580000, 0x0000000911e80000, 0x0000000d00000000)
  eden space 612352K, 100% used [0x00000008d5580000,0x00000008fab80000,0x00000008fab80000)
  from space 182272K, 67% used [0x0000000906980000,0x000000090e22eaf0,0x0000000911b80000)
  to   space 189952K, 0% used [0x00000008fab80000,0x00000008fab80000,0x0000000906500000)
 ParOldGen       total 1141248K, used 750129K [0x0000000080000000, 0x00000000c5a80000, 0x00000008d5580000)
  object space 1141248K, 65% used [0x0000000080000000,0x00000000adc8c530,0x00000000c5a80000)
 Metaspace       used 6600K, capacity 6920K, committed 7168K, reserved 8192K
Event: 29.895 GC heap after
Heap after GC invocations=26 (full 5):
 PSYoungGen      total 802304K, used 185186K [0x00000008d5580000, 0x0000000919300000, 0x0000000d00000000)
  eden space 612352K, 0% used [0x00000008d5580000,0x00000008d5580000,0x00000008fab80000)
  from space 189952K, 97% used [0x00000008fab80000,0x0000000906058a10,0x0000000906500000)
  to   space 218112K, 0% used [0x000000090be00000,0x000000090be00000,0x0000000919300000)
 ParOldGen       total 1141248K, used 750129K [0x0000000080000000, 0x00000000c5a80000, 0x00000008d5580000)
  object space 1141248K, 65% used [0x0000000080000000,0x00000000adc8c530,0x00000000c5a80000)
 Metaspace       used 6600K, capacity 6920K, committed 7168K, reserved 8192K
}
Event: 31.228 GC heap before
{Heap before GC invocations=27 (full 5):
 PSYoungGen      total 802304K, used 797538K [0x00000008d5580000, 0x0000000919300000, 0x0000000d00000000)
  eden space 612352K, 100% used [0x00000008d5580000,0x00000008fab80000,0x00000008fab80000)
  from space 189952K, 97% used [0x00000008fab80000,0x0000000906058a10,0x0000000906500000)
  to   space 218112K, 0% used [0x000000090be00000,0x000000090be00000,0x0000000919300000)
 ParOldGen       total 1141248K, used 750129K [0x0000000080000000, 0x00000000c5a80000, 0x00000008d5580000)
  object space 1141248K, 65% used [0x0000000080000000,0x00000000adc8c530,0x00000000c5a80000)
 Metaspace       used 6600K, capacity 6920K, committed 7168K, reserved 8192K
Event: 31.412 GC heap after
Heap after GC invocations=27 (full 5):
 PSYoungGen      total 862208K, used 208397K [0x00000008d5580000, 0x000000091d280000, 0x0000000d00000000)
  eden space 644096K, 0% used [0x00000008d5580000,0x00000008d5580000,0x00000008fca80000)
  from space 218112K, 95% used [0x000000090be00000,0x00000009189834b8,0x0000000919300000)
  to   space 249344K, 0% used [0x00000008fca80000,0x00000008fca80000,0x000000090be00000)
 ParOldGen       total 1141248K, used 750129K [0x0000000080000000, 0x00000000c5a80000, 0x00000008d5580000)
  object space 1141248K, 65% used [0x0000000080000000,0x00000000adc8c530,0x00000000c5a80000)
 Metaspace       used 6600K, capacity 6920K, committed 7168K, reserved 8192K
}
Event: 32.403 GC heap before
{Heap before GC invocations=28 (full 5):
 PSYoungGen      total 862208K, used 852493K [0x00000008d5580000, 0x000000091d280000, 0x0000000d00000000)
  eden space 644096K, 100% used [0x00000008d5580000,0x00000008fca80000,0x00000008fca80000)
  from space 218112K, 95% used [0x000000090be00000,0x00000009189834b8,0x0000000919300000)
  to   space 249344K, 0% used [0x00000008fca80000,0x00000008fca80000,0x000000090be00000)
 ParOldGen       total 1141248K, used 750129K [0x0000000080000000, 0x00000000c5a80000, 0x00000008d5580000)
  object space 1141248K, 65% used [0x0000000080000000,0x00000000adc8c530,0x00000000c5a80000)
 Metaspace       used 6601K, capacity 6920K, committed 7168K, reserved 8192K
Event: 32.625 GC heap after
Heap after GC invocations=28 (full 5):
 PSYoungGen      total 893440K, used 249322K [0x00000008d5580000, 0x000000091d280000, 0x0000000d00000000)
  eden space 644096K, 0% used [0x00000008d5580000,0x00000008d5580000,0x00000008fca80000)
  from space 249344K, 99% used [0x00000008fca80000,0x000000090bdfaa80,0x000000090be00000)
  to   space 218112K, 0% used [0x000000090be00000,0x000000090be00000,0x0000000919300000)
 ParOldGen       total 1141248K, used 784052K [0x0000000080000000, 0x00000000c5a80000, 0x00000008d5580000)
  object space 1141248K, 68% used [0x0000000080000000,0x00000000afdad248,0x00000000c5a80000)
 Metaspace       used 6601K, capacity 6920K, committed 7168K, reserved 8192K
}
Event: 33.326 GC heap before
{Heap before GC invocations=29 (full 5):
 PSYoungGen      total 893440K, used 893418K [0x00000008d5580000, 0x000000091d280000, 0x0000000d00000000)
  eden space 644096K, 100% used [0x00000008d5580000,0x00000008fca80000,0x00000008fca80000)
  from space 249344K, 99% used [0x00000008fca80000,0x000000090bdfaa80,0x000000090be00000)
  to   space 218112K, 0% used [0x000000090be00000,0x000000090be00000,0x0000000919300000)
 ParOldGen       total 1141248K, used 784052K [0x0000000080000000, 0x00000000c5a80000, 0x00000008d5580000)
  object space 1141248K, 68% used [0x0000000080000000,0x00000000afdad248,0x00000000c5a80000)
 Metaspace       used 6601K, capacity 6920K, committed 7168K, reserved 8192K
Event: 33.615 GC heap after
Heap after GC invocations=29 (full 5):
 PSYoungGen      total 862208K, used 218101K [0x00000008d5580000, 0x000000091d280000, 0x0000000d00000000)
  eden space 644096K, 0% used [0x00000008d5580000,0x00000008d5580000,0x00000008fca80000)
  from space 218112K, 99% used [0x000000090be00000,0x00000009192fd6f8,0x0000000919300000)
  to   space 249344K, 0% used [0x00000008fca80000,0x00000008fca80000,0x000000090be00000)
 ParOldGen       total 1141248K, used 922214K [0x0000000080000000, 0x00000000c5a80000, 0x00000008d5580000)
  object space 1141248K, 80% used [0x0000000080000000,0x00000000b8499800,0x00000000c5a80000)
 Metaspace       used 6601K, capacity 6920K, committed 7168K, reserved 8192K
}

