# JRE version: Java(TM) SE Runtime Environment (8.0_20-b26) (build 1.8.0_20-b26)
# Java VM: Java HotSpot(TM) 64-Bit Server VM (25.20-b23 mixed mode windows-amd64 )
Heap:
 PSYoungGen      total 866816K, used 738894K [0x00000008d5580000, 0x0000000928b80000, 0x0000000d00000000)
  eden space 616960K, 79% used [0x00000008d5580000,0x00000008f3316148,0x00000008fb000000)
  from space 249856K, 99% used [0x000000090f180000,0x000000091e57d830,0x000000091e580000)
  to   space 329216K, 0% used [0x00000008fb000000,0x00000008fb000000,0x000000090f180000)
 ParOldGen       total 1144320K, used 912818K [0x0000000080000000, 0x00000000c5d80000, 0x00000008d5580000)
  object space 1144320K, 79% used [0x0000000080000000,0x00000000b7b6c878,0x00000000c5d80000)
 Metaspace       used 6592K, capacity 6920K, committed 7168K, reserved 8192K
GC Heap History (10 events):
Event: 24.257 GC heap before
{Heap before GC invocations=23 (full 4):
 PSYoungGen      total 734720K, used 734700K [0x00000008d5580000, 0x0000000910d80000, 0x0000000d00000000)
  eden space 572928K, 100% used [0x00000008d5580000,0x00000008f8500000,0x00000008f8500000)
  from space 161792K, 99% used [0x0000000903e80000,0x000000090dc7b238,0x000000090dc80000)
  to   space 189952K, 0% used [0x00000008f8500000,0x00000008f8500000,0x0000000903e80000)
 ParOldGen       total 798720K, used 514346K [0x0000000080000000, 0x00000000b0c00000, 0x00000008d5580000)
  object space 798720K, 64% used [0x0000000080000000,0x000000009f64aba8,0x00000000b0c00000)
 Metaspace       used 6591K, capacity 6920K, committed 7168K, reserved 8192K
Event: 24.539 GC heap after
Heap after GC invocations=23 (full 4):
 PSYoungGen      total 762880K, used 92156K [0x00000008d5580000, 0x0000000913900000, 0x0000000d00000000)
  eden space 572928K, 0% used [0x00000008d5580000,0x00000008d5580000,0x00000008f8500000)
  from space 189952K, 48% used [0x00000008f8500000,0x00000008fdeff3d0,0x0000000903e80000)
  to   space 185344K, 0% used [0x0000000908400000,0x0000000908400000,0x0000000913900000)
 ParOldGen       total 798720K, used 677582K [0x0000000080000000, 0x00000000b0c00000, 0x00000008d5580000)
  object space 798720K, 84% used [0x0000000080000000,0x00000000a95b3aa8,0x00000000b0c00000)
 Metaspace       used 6591K, capacity 6920K, committed 7168K, reserved 8192K
}
Event: 24.539 GC heap before
{Heap before GC invocations=24 (full 5):
 PSYoungGen      total 762880K, used 92156K [0x00000008d5580000, 0x0000000913900000, 0x0000000d00000000)
  eden space 572928K, 0% used [0x00000008d5580000,0x00000008d5580000,0x00000008f8500000)
  from space 189952K, 48% used [0x00000008f8500000,0x00000008fdeff3d0,0x0000000903e80000)
  to   space 185344K, 0% used [0x0000000908400000,0x0000000908400000,0x0000000913900000)
 ParOldGen       total 798720K, used 677582K [0x0000000080000000, 0x00000000b0c00000, 0x00000008d5580000)
  object space 798720K, 84% used [0x0000000080000000,0x00000000a95b3aa8,0x00000000b0c00000)
 Metaspace       used 6591K, capacity 6920K, committed 7168K, reserved 8192K
Event: 26.279 GC heap after
Heap after GC invocations=24 (full 5):
 PSYoungGen      total 762880K, used 0K [0x00000008d5580000, 0x0000000913900000, 0x0000000d00000000)
  eden space 572928K, 0% used [0x00000008d5580000,0x00000008d5580000,0x00000008f8500000)
  from space 189952K, 0% used [0x00000008f8500000,0x00000008f8500000,0x0000000903e80000)
  to   space 185344K, 0% used [0x0000000908400000,0x0000000908400000,0x0000000913900000)
 ParOldGen       total 1144320K, used 762066K [0x0000000080000000, 0x00000000c5d80000, 0x00000008d5580000)
  object space 1144320K, 66% used [0x0000000080000000,0x00000000ae834b98,0x00000000c5d80000)
 Metaspace       used 6591K, capacity 6920K, committed 7168K, reserved 8192K
}
Event: 27.682 GC heap before
{Heap before GC invocations=25 (full 5):
 PSYoungGen      total 762880K, used 572928K [0x00000008d5580000, 0x0000000913900000, 0x0000000d00000000)
  eden space 572928K, 100% used [0x00000008d5580000,0x00000008f8500000,0x00000008f8500000)
  from space 189952K, 0% used [0x00000008f8500000,0x00000008f8500000,0x0000000903e80000)
  to   space 185344K, 0% used [0x0000000908400000,0x0000000908400000,0x0000000913900000)
 ParOldGen       total 1144320K, used 762066K [0x0000000080000000, 0x00000000c5d80000, 0x00000008d5580000)
  object space 1144320K, 66% used [0x0000000080000000,0x00000000ae834b98,0x00000000c5d80000)
 Metaspace       used 6591K, capacity 6920K, committed 7168K, reserved 8192K
Event: 27.785 GC heap after
Heap after GC invocations=25 (full 5):
 PSYoungGen      total 817152K, used 144792K [0x00000008d5580000, 0x0000000914580000, 0x0000000d00000000)
  eden space 631808K, 0% used [0x00000008d5580000,0x00000008d5580000,0x00000008fbe80000)
  from space 185344K, 78% used [0x0000000908400000,0x00000009111663f0,0x0000000913900000)
  to   space 200192K, 0% used [0x00000008fbe80000,0x00000008fbe80000,0x0000000908200000)
 ParOldGen       total 1144320K, used 762066K [0x0000000080000000, 0x00000000c5d80000, 0x00000008d5580000)
  object space 1144320K, 66% used [0x0000000080000000,0x00000000ae834b98,0x00000000c5d80000)
 Metaspace       used 6591K, capacity 6920K, committed 7168K, reserved 8192K
}
Event: 29.138 GC heap before
{Heap before GC invocations=26 (full 5):
 PSYoungGen      total 817152K, used 776600K [0x00000008d5580000, 0x0000000914580000, 0x0000000d00000000)
  eden space 631808K, 100% used [0x00000008d5580000,0x00000008fbe80000,0x00000008fbe80000)
  from space 185344K, 78% used [0x0000000908400000,0x00000009111663f0,0x0000000913900000)
  to   space 200192K, 0% used [0x00000008fbe80000,0x00000008fbe80000,0x0000000908200000)
 ParOldGen       total 1144320K, used 762066K [0x0000000080000000, 0x00000000c5d80000, 0x00000008d5580000)
  object space 1144320K, 66% used [0x0000000080000000,0x00000000ae834b98,0x00000000c5d80000)
 Metaspace       used 6591K, capacity 6920K, committed 7168K, reserved 8192K
Event: 29.277 GC heap after
Heap after GC invocations=26 (full 5):
 PSYoungGen      total 832000K, used 200180K [0x00000008d5580000, 0x000000091e580000, 0x0000000d00000000)
  eden space 631808K, 0% used [0x00000008d5580000,0x00000008d5580000,0x00000008fbe80000)
  from space 200192K, 99% used [0x00000008fbe80000,0x00000009081fd018,0x0000000908200000)
  to   space 249856K, 0% used [0x000000090f180000,0x000000090f180000,0x000000091e580000)
 ParOldGen       total 1144320K, used 809499K [0x0000000080000000, 0x00000000c5d80000, 0x00000008d5580000)
  object space 1144320K, 70% used [0x0000000080000000,0x00000000b1686f80,0x00000000c5d80000)
 Metaspace       used 6591K, capacity 6920K, committed 7168K, reserved 8192K
}
Event: 30.179 GC heap before
{Heap before GC invocations=27 (full 5):
 PSYoungGen      total 832000K, used 831988K [0x00000008d5580000, 0x000000091e580000, 0x0000000d00000000)
  eden space 631808K, 100% used [0x00000008d5580000,0x00000008fbe80000,0x00000008fbe80000)
  from space 200192K, 99% used [0x00000008fbe80000,0x00000009081fd018,0x0000000908200000)
  to   space 249856K, 0% used [0x000000090f180000,0x000000090f180000,0x000000091e580000)
 ParOldGen       total 1144320K, used 809499K [0x0000000080000000, 0x00000000c5d80000, 0x00000008d5580000)
  object space 1144320K, 70% used [0x0000000080000000,0x00000000b1686f80,0x00000000c5d80000)
 Metaspace       used 6591K, capacity 6920K, committed 7168K, reserved 8192K
Event: 30.395 GC heap after
Heap after GC invocations=27 (full 5):
 PSYoungGen      total 866816K, used 249846K [0x00000008d5580000, 0x0000000928b80000, 0x0000000d00000000)
  eden space 616960K, 0% used [0x00000008d5580000,0x00000008d5580000,0x00000008fb000000)
  from space 249856K, 99% used [0x000000090f180000,0x000000091e57d830,0x000000091e580000)
  to   space 329216K, 0% used [0x00000008fb000000,0x00000008fb000000,0x000000090f180000)
 ParOldGen       total 1144320K, used 912818K [0x0000000080000000, 0x00000000c5d80000, 0x00000008d5580000)
  object space 1144320K, 79% used [0x0000000080000000,0x00000000b7b6c878,0x00000000c5d80000)
 Metaspace       used 6591K, capacity 6920K, committed 7168K, reserved 8192K
}

