# JRE version: Java(TM) SE Runtime Environment (8.0_20-b26) (build 1.8.0_20-b26)
# Java VM: Java HotSpot(TM) 64-Bit Server VM (25.20-b23 mixed mode windows-amd64 )
Heap:
 PSYoungGen      total 1373184K, used 1181045K [0x00000008d5580000, 0x0000000957500000, 0x0000000d00000000)
  eden space 789504K, 100% used [0x00000008d5580000,0x0000000905880000,0x0000000905880000)
  from space 583680K, 67% used [0x0000000905880000,0x000000091d6dd5d0,0x0000000929280000)
  to   space 608256K, 21% used [0x0000000932300000,0x000000093a08f670,0x0000000957500000)
 ParOldGen       total 1360896K, used 951152K [0x0000000080000000, 0x00000000d3100000, 0x00000008d5580000)
  object space 1360896K, 69% used [0x0000000080000000,0x00000000ba0dc370,0x00000000d3100000)
 Metaspace       used 6728K, capacity 6984K, committed 7168K, reserved 8192K
GC Heap History (10 events):
Event: 30.562 GC heap before
{Heap before GC invocations=24 (full 4):
 PSYoungGen      total 1095680K, used 1095675K [0x00000008d5580000, 0x000000093f980000, 0x0000000d00000000)
  eden space 710656K, 100% used [0x00000008d5580000,0x0000000900b80000,0x0000000900b80000)
  from space 385024K, 99% used [0x0000000900b80000,0x000000091837ed28,0x0000000918380000)
  to   space 466432K, 0% used [0x0000000923200000,0x0000000923200000,0x000000093f980000)
 ParOldGen       total 896000K, used 638683K [0x0000000080000000, 0x00000000b6b00000, 0x00000008d5580000)
  object space 896000K, 71% used [0x0000000080000000,0x00000000a6fb6ff0,0x00000000b6b00000)
 Metaspace       used 6584K, capacity 6920K, committed 7168K, reserved 8192K
Event: 31.046 GC heap after
Heap after GC invocations=24 (full 4):
 PSYoungGen      total 1150464K, used 466426K [0x00000008d5580000, 0x000000094f880000, 0x0000000d00000000)
  eden space 684032K, 0% used [0x00000008d5580000,0x00000008d5580000,0x00000008ff180000)
  from space 466432K, 99% used [0x0000000923200000,0x000000093f97eab8,0x000000093f980000)
  to   space 590336K, 0% used [0x00000008ff180000,0x00000008ff180000,0x0000000923200000)
 ParOldGen       total 896000K, used 757082K [0x0000000080000000, 0x00000000b6b00000, 0x00000008d5580000)
  object space 896000K, 84% used [0x0000000080000000,0x00000000ae3568d0,0x00000000b6b00000)
 Metaspace       used 6584K, capacity 6920K, committed 7168K, reserved 8192K
}
Event: 31.955 GC heap before
{Heap before GC invocations=25 (full 4):
 PSYoungGen      total 1150464K, used 1150458K [0x00000008d5580000, 0x000000094f880000, 0x0000000d00000000)
  eden space 684032K, 100% used [0x00000008d5580000,0x00000008ff180000,0x00000008ff180000)
  from space 466432K, 99% used [0x0000000923200000,0x000000093f97eab8,0x000000093f980000)
  to   space 590336K, 0% used [0x00000008ff180000,0x00000008ff180000,0x0000000923200000)
 ParOldGen       total 896000K, used 757082K [0x0000000080000000, 0x00000000b6b00000, 0x00000008d5580000)
  object space 896000K, 84% used [0x0000000080000000,0x00000000ae3568d0,0x00000000b6b00000)
 Metaspace       used 6584K, capacity 6920K, committed 7168K, reserved 8192K
Event: 32.500 GC heap after
Heap after GC invocations=25 (full 4):
 PSYoungGen      total 1274368K, used 351721K [0x00000008d5580000, 0x0000000950780000, 0x0000000d00000000)
  eden space 684032K, 0% used [0x00000008d5580000,0x00000008d5580000,0x00000008ff180000)
  from space 590336K, 59% used [0x00000008ff180000,0x00000009148fa6a0,0x0000000923200000)
  to   space 604160K, 0% used [0x000000092b980000,0x000000092b980000,0x0000000950780000)
 ParOldGen       total 951296K, used 950852K [0x0000000080000000, 0x00000000ba100000, 0x00000008d5580000)
  object space 951296K, 99% used [0x0000000080000000,0x00000000ba091058,0x00000000ba100000)
 Metaspace       used 6584K, capacity 6920K, committed 7168K, reserved 8192K
}
Event: 32.500 GC heap before
{Heap before GC invocations=26 (full 5):
 PSYoungGen      total 1274368K, used 351721K [0x00000008d5580000, 0x0000000950780000, 0x0000000d00000000)
  eden space 684032K, 0% used [0x00000008d5580000,0x00000008d5580000,0x00000008ff180000)
  from space 590336K, 59% used [0x00000008ff180000,0x00000009148fa6a0,0x0000000923200000)
  to   space 604160K, 0% used [0x000000092b980000,0x000000092b980000,0x0000000950780000)
 ParOldGen       total 951296K, used 950852K [0x0000000080000000, 0x00000000ba100000, 0x00000008d5580000)
  object space 951296K, 99% used [0x0000000080000000,0x00000000ba091058,0x00000000ba100000)
 Metaspace       used 6584K, capacity 6920K, committed 7168K, reserved 8192K
Event: 37.191 GC heap after
Heap after GC invocations=26 (full 5):
 PSYoungGen      total 1274368K, used 157581K [0x00000008d5580000, 0x0000000950780000, 0x0000000d00000000)
  eden space 684032K, 0% used [0x00000008d5580000,0x00000008d5580000,0x00000008ff180000)
  from space 590336K, 26% used [0x00000008ff180000,0x0000000908b635a0,0x0000000923200000)
  to   space 604160K, 0% used [0x000000092b980000,0x000000092b980000,0x0000000950780000)
 ParOldGen       total 1360896K, used 951144K [0x0000000080000000, 0x00000000d3100000, 0x00000008d5580000)
  object space 1360896K, 69% used [0x0000000080000000,0x00000000ba0da370,0x00000000d3100000)
 Metaspace       used 6584K, capacity 6920K, committed 7168K, reserved 8192K
}
Event: 38.336 GC heap before
{Heap before GC invocations=27 (full 5):
 PSYoungGen      total 1274368K, used 841613K [0x00000008d5580000, 0x0000000950780000, 0x0000000d00000000)
  eden space 684032K, 100% used [0x00000008d5580000,0x00000008ff180000,0x00000008ff180000)
  from space 590336K, 26% used [0x00000008ff180000,0x0000000908b635a0,0x0000000923200000)
  to   space 604160K, 0% used [0x000000092b980000,0x000000092b980000,0x0000000950780000)
 ParOldGen       total 1360896K, used 951144K [0x0000000080000000, 0x00000000d3100000, 0x00000008d5580000)
  object space 1360896K, 69% used [0x0000000080000000,0x00000000ba0da370,0x00000000d3100000)
 Metaspace       used 6653K, capacity 6920K, committed 7168K, reserved 8192K
Event: 38.836 GC heap after
Heap after GC invocations=27 (full 5):
 PSYoungGen      total 1333248K, used 272097K [0x00000008d5580000, 0x000000094cc80000, 0x0000000d00000000)
  eden space 789504K, 0% used [0x00000008d5580000,0x00000008d5580000,0x0000000905880000)
  from space 543744K, 50% used [0x000000092b980000,0x000000093c3384c0,0x000000094cc80000)
  to   space 583680K, 0% used [0x0000000905880000,0x0000000905880000,0x0000000929280000)
 ParOldGen       total 1360896K, used 951152K [0x0000000080000000, 0x00000000d3100000, 0x00000008d5580000)
  object space 1360896K, 69% used [0x0000000080000000,0x00000000ba0dc370,0x00000000d3100000)
 Metaspace       used 6653K, capacity 6920K, committed 7168K, reserved 8192K
}
Event: 40.434 GC heap before
{Heap before GC invocations=28 (full 5):
 PSYoungGen      total 1333248K, used 1061601K [0x00000008d5580000, 0x000000094cc80000, 0x0000000d00000000)
  eden space 789504K, 100% used [0x00000008d5580000,0x0000000905880000,0x0000000905880000)
  from space 543744K, 50% used [0x000000092b980000,0x000000093c3384c0,0x000000094cc80000)
  to   space 583680K, 0% used [0x0000000905880000,0x0000000905880000,0x0000000929280000)
 ParOldGen       total 1360896K, used 951152K [0x0000000080000000, 0x00000000d3100000, 0x00000008d5580000)
  object space 1360896K, 69% used [0x0000000080000000,0x00000000ba0dc370,0x00000000d3100000)
 Metaspace       used 6691K, capacity 6920K, committed 7168K, reserved 8192K
Event: 40.837 GC heap after
Heap after GC invocations=28 (full 5):
 PSYoungGen      total 1373184K, used 391541K [0x00000008d5580000, 0x0000000957500000, 0x0000000d00000000)
  eden space 789504K, 0% used [0x00000008d5580000,0x00000008d5580000,0x0000000905880000)
  from space 583680K, 67% used [0x0000000905880000,0x000000091d6dd5d0,0x0000000929280000)
  to   space 608256K, 0% used [0x0000000932300000,0x0000000932300000,0x0000000957500000)
 ParOldGen       total 1360896K, used 951152K [0x0000000080000000, 0x00000000d3100000, 0x00000008d5580000)
  object space 1360896K, 69% used [0x0000000080000000,0x00000000ba0dc370,0x00000000d3100000)
 Metaspace       used 6691K, capacity 6920K, committed 7168K, reserved 8192K
}

