# JRE version: Java(TM) SE Runtime Environment (8.0_20-b26) (build 1.8.0_20-b26)
# Java VM: Java HotSpot(TM) 64-Bit Server VM (25.20-b23 mixed mode windows-amd64 )
Heap:
 PSYoungGen      total 908800K, used 194894K [0x00000008d5580000, 0x000000092ab80000, 0x0000000d00000000)
  eden space 670208K, 29% used [0x00000008d5580000,0x00000008e13d3a28,0x00000008fe400000)
  from space 238592K, 0% used [0x00000008fe400000,0x00000008fe400000,0x000000090cd00000)
  to   space 319488K, 0% used [0x0000000917380000,0x0000000917380000,0x000000092ab80000)
 ParOldGen       total 876032K, used 875968K [0x0000000080000000, 0x00000000b5780000, 0x00000008d5580000)
  object space 876032K, 99% used [0x0000000080000000,0x00000000b5770390,0x00000000b5780000)
 Metaspace       used 7416K, capacity 7512K, committed 7680K, reserved 8192K
GC Heap History (10 events):
Event: 78.567 GC heap before
{Heap before GC invocations=36 (full 15):
 PSYoungGen      total 908800K, used 670208K [0x00000008d5580000, 0x000000092ab80000, 0x0000000d00000000)
  eden space 670208K, 100% used [0x00000008d5580000,0x00000008fe400000,0x00000008fe400000)
  from space 238592K, 0% used [0x00000008fe400000,0x00000008fe400000,0x000000090cd00000)
  to   space 319488K, 0% used [0x0000000917380000,0x0000000917380000,0x000000092ab80000)
 ParOldGen       total 876032K, used 875521K [0x0000000080000000, 0x00000000b5780000, 0x00000008d5580000)
  object space 876032K, 99% used [0x0000000080000000,0x00000000b5700428,0x00000000b5780000)
 Metaspace       used 6722K, capacity 6984K, committed 7168K, reserved 8192K
Event: 83.405 GC heap after
Heap after GC invocations=36 (full 15):
 PSYoungGen      total 908800K, used 530113K [0x00000008d5580000, 0x000000092ab80000, 0x0000000d00000000)
  eden space 670208K, 79% used [0x00000008d5580000,0x00000008f5b30598,0x00000008fe400000)
  from space 238592K, 0% used [0x00000008fe400000,0x00000008fe400000,0x000000090cd00000)
  to   space 319488K, 0% used [0x0000000917380000,0x0000000917380000,0x000000092ab80000)
 ParOldGen       total 876032K, used 876024K [0x0000000080000000, 0x00000000b5780000, 0x00000008d5580000)
  object space 876032K, 99% used [0x0000000080000000,0x00000000b577e290,0x00000000b5780000)
 Metaspace       used 6722K, capacity 6984K, committed 7168K, reserved 8192K
}
Event: 83.847 GC heap before
{Heap before GC invocations=37 (full 16):
 PSYoungGen      total 908800K, used 670208K [0x00000008d5580000, 0x000000092ab80000, 0x0000000d00000000)
  eden space 670208K, 100% used [0x00000008d5580000,0x00000008fe400000,0x00000008fe400000)
  from space 238592K, 0% used [0x00000008fe400000,0x00000008fe400000,0x000000090cd00000)
  to   space 319488K, 0% used [0x0000000917380000,0x0000000917380000,0x000000092ab80000)
 ParOldGen       total 876032K, used 876024K [0x0000000080000000, 0x00000000b5780000, 0x00000008d5580000)
  object space 876032K, 99% used [0x0000000080000000,0x00000000b577e290,0x00000000b5780000)
 Metaspace       used 6751K, capacity 6984K, committed 7168K, reserved 8192K
Event: 99.297 GC heap after
Heap after GC invocations=37 (full 16):
 PSYoungGen      total 908800K, used 544368K [0x00000008d5580000, 0x000000092ab80000, 0x0000000d00000000)
  eden space 670208K, 81% used [0x00000008d5580000,0x00000008f691c380,0x00000008fe400000)
  from space 238592K, 0% used [0x00000008fe400000,0x00000008fe400000,0x000000090cd00000)
  to   space 319488K, 0% used [0x0000000917380000,0x0000000917380000,0x000000092ab80000)
 ParOldGen       total 876032K, used 875950K [0x0000000080000000, 0x00000000b5780000, 0x00000008d5580000)
  object space 876032K, 99% used [0x0000000080000000,0x00000000b576bb60,0x00000000b5780000)
 Metaspace       used 6751K, capacity 6984K, committed 7168K, reserved 8192K
}
Event: 99.629 GC heap before
{Heap before GC invocations=38 (full 17):
 PSYoungGen      total 908800K, used 670208K [0x00000008d5580000, 0x000000092ab80000, 0x0000000d00000000)
  eden space 670208K, 100% used [0x00000008d5580000,0x00000008fe400000,0x00000008fe400000)
  from space 238592K, 0% used [0x00000008fe400000,0x00000008fe400000,0x000000090cd00000)
  to   space 319488K, 0% used [0x0000000917380000,0x0000000917380000,0x000000092ab80000)
 ParOldGen       total 876032K, used 875950K [0x0000000080000000, 0x00000000b5780000, 0x00000008d5580000)
  object space 876032K, 99% used [0x0000000080000000,0x00000000b576bb60,0x00000000b5780000)
 Metaspace       used 6751K, capacity 6984K, committed 7168K, reserved 8192K
Event: 103.997 GC heap after
Heap after GC invocations=38 (full 17):
 PSYoungGen      total 908800K, used 558431K [0x00000008d5580000, 0x000000092ab80000, 0x0000000d00000000)
  eden space 670208K, 83% used [0x00000008d5580000,0x00000008f76d7df0,0x00000008fe400000)
  from space 238592K, 0% used [0x00000008fe400000,0x00000008fe400000,0x000000090cd00000)
  to   space 319488K, 0% used [0x0000000917380000,0x0000000917380000,0x000000092ab80000)
 ParOldGen       total 876032K, used 875922K [0x0000000080000000, 0x00000000b5780000, 0x00000008d5580000)
  object space 876032K, 99% used [0x0000000080000000,0x00000000b5764a98,0x00000000b5780000)
 Metaspace       used 6751K, capacity 6984K, committed 7168K, reserved 8192K
}
Event: 105.251 GC heap before
{Heap before GC invocations=39 (full 18):
 PSYoungGen      total 908800K, used 670208K [0x00000008d5580000, 0x000000092ab80000, 0x0000000d00000000)
  eden space 670208K, 100% used [0x00000008d5580000,0x00000008fe400000,0x00000008fe400000)
  from space 238592K, 0% used [0x00000008fe400000,0x00000008fe400000,0x000000090cd00000)
  to   space 319488K, 0% used [0x0000000917380000,0x0000000917380000,0x000000092ab80000)
 ParOldGen       total 876032K, used 875922K [0x0000000080000000, 0x00000000b5780000, 0x00000008d5580000)
  object space 876032K, 99% used [0x0000000080000000,0x00000000b5764a98,0x00000000b5780000)
 Metaspace       used 6987K, capacity 7240K, committed 7424K, reserved 8192K
Event: 111.800 GC heap after
Heap after GC invocations=39 (full 18):
 PSYoungGen      total 908800K, used 513606K [0x00000008d5580000, 0x000000092ab80000, 0x0000000d00000000)
  eden space 670208K, 76% used [0x00000008d5580000,0x00000008f4b11a40,0x00000008fe400000)
  from space 238592K, 0% used [0x00000008fe400000,0x00000008fe400000,0x000000090cd00000)
  to   space 319488K, 0% used [0x0000000917380000,0x0000000917380000,0x000000092ab80000)
 ParOldGen       total 876032K, used 875576K [0x0000000080000000, 0x00000000b5780000, 0x00000008d5580000)
  object space 876032K, 99% used [0x0000000080000000,0x00000000b570e128,0x00000000b5780000)
 Metaspace       used 6987K, capacity 7240K, committed 7424K, reserved 8192K
}
Event: 113.824 GC heap before
{Heap before GC invocations=40 (full 19):
 PSYoungGen      total 908800K, used 670208K [0x00000008d5580000, 0x000000092ab80000, 0x0000000d00000000)
  eden space 670208K, 100% used [0x00000008d5580000,0x00000008fe400000,0x00000008fe400000)
  from space 238592K, 0% used [0x00000008fe400000,0x00000008fe400000,0x000000090cd00000)
  to   space 319488K, 0% used [0x0000000917380000,0x0000000917380000,0x000000092ab80000)
 ParOldGen       total 876032K, used 875576K [0x0000000080000000, 0x00000000b5780000, 0x00000008d5580000)
  object space 876032K, 99% used [0x0000000080000000,0x00000000b570e128,0x00000000b5780000)
 Metaspace       used 7414K, capacity 7512K, committed 7680K, reserved 8192K
Event: 119.180 GC heap after
Heap after GC invocations=40 (full 19):
 PSYoungGen      total 908800K, used 76782K [0x00000008d5580000, 0x000000092ab80000, 0x0000000d00000000)
  eden space 670208K, 11% used [0x00000008d5580000,0x00000008da07b880,0x00000008fe400000)
  from space 238592K, 0% used [0x00000008fe400000,0x00000008fe400000,0x000000090cd00000)
  to   space 319488K, 0% used [0x0000000917380000,0x0000000917380000,0x000000092ab80000)
 ParOldGen       total 876032K, used 875968K [0x0000000080000000, 0x00000000b5780000, 0x00000008d5580000)
  object space 876032K, 99% used [0x0000000080000000,0x00000000b5770390,0x00000000b5780000)
 Metaspace       used 7414K, capacity 7512K, committed 7680K, reserved 8192K
}

