# JRE version: Java(TM) SE Runtime Environment (8.0_20-b26) (build 1.8.0_20-b26)
# Java VM: Java HotSpot(TM) 64-Bit Server VM (25.20-b23 mixed mode windows-amd64 )
Heap:
 PSYoungGen      total 1004032K, used 697379K [0x00000008d5580000, 0x0000000932f80000, 0x0000000d00000000)
  eden space 562688K, 58% used [0x00000008d5580000,0x00000008e9927040,0x00000008f7b00000)
  from space 441344K, 82% used [0x0000000918080000,0x000000092e5e1e88,0x0000000932f80000)
  to   space 375808K, 0% used [0x00000008f7b00000,0x00000008f7b00000,0x000000090ea00000)
 ParOldGen       total 1393664K, used 1173366K [0x0000000080000000, 0x00000000d5100000, 0x00000008d5580000)
  object space 1393664K, 84% used [0x0000000080000000,0x00000000c79dd9c0,0x00000000d5100000)
 Metaspace       used 6696K, capacity 6920K, committed 7168K, reserved 8192K
GC Heap History (10 events):
Event: 39.530 GC heap before
{Heap before GC invocations=25 (full 6):
 PSYoungGen      total 681472K, used 642879K [0x00000008d5580000, 0x0000000917a80000, 0x0000000d00000000)
  eden space 510976K, 100% used [0x00000008d5580000,0x00000008f4880000,0x00000008f4880000)
  from space 170496K, 77% used [0x0000000903b00000,0x000000090bbcfdb8,0x000000090e180000)
  to   space 248320K, 0% used [0x00000008f4880000,0x00000008f4880000,0x0000000903b00000)
 ParOldGen       total 1393664K, used 941621K [0x0000000080000000, 0x00000000d5100000, 0x00000008d5580000)
  object space 1393664K, 67% used [0x0000000080000000,0x00000000b978d448,0x00000000d5100000)
 Metaspace       used 6586K, capacity 6920K, committed 7168K, reserved 8192K
Event: 40.054 GC heap after
Heap after GC invocations=25 (full 6):
 PSYoungGen      total 759296K, used 237365K [0x00000008d5580000, 0x000000091b180000, 0x0000000d00000000)
  eden space 510976K, 0% used [0x00000008d5580000,0x00000008d5580000,0x00000008f4880000)
  from space 248320K, 95% used [0x00000008f4880000,0x000000090304d438,0x0000000903b00000)
  to   space 287232K, 0% used [0x0000000909900000,0x0000000909900000,0x000000091b180000)
 ParOldGen       total 1393664K, used 1065106K [0x0000000080000000, 0x00000000d5100000, 0x00000008d5580000)
  object space 1393664K, 76% used [0x0000000080000000,0x00000000c1024ad8,0x00000000d5100000)
 Metaspace       used 6586K, capacity 6920K, committed 7168K, reserved 8192K
}
Event: 41.400 GC heap before
{Heap before GC invocations=26 (full 6):
 PSYoungGen      total 759296K, used 748341K [0x00000008d5580000, 0x000000091b180000, 0x0000000d00000000)
  eden space 510976K, 100% used [0x00000008d5580000,0x00000008f4880000,0x00000008f4880000)
  from space 248320K, 95% used [0x00000008f4880000,0x000000090304d438,0x0000000903b00000)
  to   space 287232K, 0% used [0x0000000909900000,0x0000000909900000,0x000000091b180000)
 ParOldGen       total 1393664K, used 1065106K [0x0000000080000000, 0x00000000d5100000, 0x00000008d5580000)
  object space 1393664K, 76% used [0x0000000080000000,0x00000000c1024ad8,0x00000000d5100000)
 Metaspace       used 6586K, capacity 6920K, committed 7168K, reserved 8192K
Event: 41.658 GC heap after
Heap after GC invocations=26 (full 6):
 PSYoungGen      total 822272K, used 242784K [0x00000008d5580000, 0x000000091f380000, 0x0000000d00000000)
  eden space 535040K, 0% used [0x00000008d5580000,0x00000008d5580000,0x00000008f6000000)
  from space 287232K, 84% used [0x0000000909900000,0x00000009186183f8,0x000000091b180000)
  to   space 320512K, 0% used [0x00000008f6000000,0x00000008f6000000,0x0000000909900000)
 ParOldGen       total 1393664K, used 1065106K [0x0000000080000000, 0x00000000d5100000, 0x00000008d5580000)
  object space 1393664K, 76% used [0x0000000080000000,0x00000000c1024ad8,0x00000000d5100000)
 Metaspace       used 6586K, capacity 6920K, committed 7168K, reserved 8192K
}
Event: 42.433 GC heap before
{Heap before GC invocations=27 (full 6):
 PSYoungGen      total 822272K, used 777824K [0x00000008d5580000, 0x000000091f380000, 0x0000000d00000000)
  eden space 535040K, 100% used [0x00000008d5580000,0x00000008f6000000,0x00000008f6000000)
  from space 287232K, 84% used [0x0000000909900000,0x00000009186183f8,0x000000091b180000)
  to   space 320512K, 0% used [0x00000008f6000000,0x00000008f6000000,0x0000000909900000)
 ParOldGen       total 1393664K, used 1065106K [0x0000000080000000, 0x00000000d5100000, 0x00000008d5580000)
  object space 1393664K, 76% used [0x0000000080000000,0x00000000c1024ad8,0x00000000d5100000)
 Metaspace       used 6587K, capacity 6920K, committed 7168K, reserved 8192K
Event: 42.717 GC heap after
Heap after GC invocations=27 (full 6):
 PSYoungGen      total 855552K, used 210417K [0x00000008d5580000, 0x0000000923080000, 0x0000000d00000000)
  eden space 535040K, 0% used [0x00000008d5580000,0x00000008d5580000,0x00000008f6000000)
  from space 320512K, 65% used [0x00000008f6000000,0x0000000902d7c4d0,0x0000000909900000)
  to   space 334336K, 0% used [0x000000090ea00000,0x000000090ea00000,0x0000000923080000)
 ParOldGen       total 1393664K, used 1065106K [0x0000000080000000, 0x00000000d5100000, 0x00000008d5580000)
  object space 1393664K, 76% used [0x0000000080000000,0x00000000c1024ad8,0x00000000d5100000)
 Metaspace       used 6587K, capacity 6920K, committed 7168K, reserved 8192K
}
Event: 43.649 GC heap before
{Heap before GC invocations=28 (full 6):
 PSYoungGen      total 855552K, used 745457K [0x00000008d5580000, 0x0000000923080000, 0x0000000d00000000)
  eden space 535040K, 100% used [0x00000008d5580000,0x00000008f6000000,0x00000008f6000000)
  from space 320512K, 65% used [0x00000008f6000000,0x0000000902d7c4d0,0x0000000909900000)
  to   space 334336K, 0% used [0x000000090ea00000,0x000000090ea00000,0x0000000923080000)
 ParOldGen       total 1393664K, used 1065106K [0x0000000080000000, 0x00000000d5100000, 0x00000008d5580000)
  object space 1393664K, 76% used [0x0000000080000000,0x00000000c1024ad8,0x00000000d5100000)
 Metaspace       used 6621K, capacity 6920K, committed 7168K, reserved 8192K
Event: 44.071 GC heap after
Heap after GC invocations=28 (full 6):
 PSYoungGen      total 897024K, used 294907K [0x00000008d5580000, 0x0000000928980000, 0x0000000d00000000)
  eden space 562688K, 0% used [0x00000008d5580000,0x00000008d5580000,0x00000008f7b00000)
  from space 334336K, 88% used [0x000000090ea00000,0x00000009209fecd0,0x0000000923080000)
  to   space 375808K, 0% used [0x00000008f7b00000,0x00000008f7b00000,0x000000090ea00000)
 ParOldGen       total 1393664K, used 1065106K [0x0000000080000000, 0x00000000d5100000, 0x00000008d5580000)
  object space 1393664K, 76% used [0x0000000080000000,0x00000000c1024ad8,0x00000000d5100000)
 Metaspace       used 6621K, capacity 6920K, committed 7168K, reserved 8192K
}
Event: 45.499 GC heap before
{Heap before GC invocations=29 (full 6):
 PSYoungGen      total 897024K, used 857595K [0x00000008d5580000, 0x0000000928980000, 0x0000000d00000000)
  eden space 562688K, 100% used [0x00000008d5580000,0x00000008f7b00000,0x00000008f7b00000)
  from space 334336K, 88% used [0x000000090ea00000,0x00000009209fecd0,0x0000000923080000)
  to   space 375808K, 0% used [0x00000008f7b00000,0x00000008f7b00000,0x000000090ea00000)
 ParOldGen       total 1393664K, used 1065106K [0x0000000080000000, 0x00000000d5100000, 0x00000008d5580000)
  object space 1393664K, 76% used [0x0000000080000000,0x00000000c1024ad8,0x00000000d5100000)
 Metaspace       used 6693K, capacity 6920K, committed 7168K, reserved 8192K
Event: 46.207 GC heap after
Heap after GC invocations=29 (full 6):
 PSYoungGen      total 938496K, used 375781K [0x00000008d5580000, 0x0000000932f80000, 0x0000000d00000000)
  eden space 562688K, 0% used [0x00000008d5580000,0x00000008d5580000,0x00000008f7b00000)
  from space 375808K, 99% used [0x00000008f7b00000,0x000000090e9f97b8,0x000000090ea00000)
  to   space 441344K, 0% used [0x0000000918080000,0x0000000918080000,0x0000000932f80000)
 ParOldGen       total 1393664K, used 1073666K [0x0000000080000000, 0x00000000d5100000, 0x00000008d5580000)
  object space 1393664K, 77% used [0x0000000080000000,0x00000000c1880b80,0x00000000d5100000)
 Metaspace       used 6693K, capacity 6920K, committed 7168K, reserved 8192K
}

