# JRE version: OpenJDK Runtime Environment (8.0_112-b06) (build 1.8.0_112-release-b06)
# Java VM: OpenJDK 64-Bit Server VM (25.112-b06 mixed mode windows-amd64 )
Heap:
 PSYoungGen      total 71680K, used 68036K [0x00000008d5580000, 0x00000008de180000, 0x0000000d00000000)
  eden space 66560K, 94% used [0x00000008d5580000,0x00000008d92f51f8,0x00000008d9680000)
  from space 5120K, 99% used [0x00000008d9680000,0x00000008d9b7bfd8,0x00000008d9b80000)
  to   space 5120K, 0% used [0x00000008ddc80000,0x00000008ddc80000,0x00000008de180000)
 ParOldGen       total 87552K, used 14442K [0x0000000080000000, 0x0000000085580000, 0x00000008d5580000)
  object space 87552K, 16% used [0x0000000080000000,0x0000000080e1a988,0x0000000085580000)
 Metaspace       used 6259K, capacity 6664K, committed 6912K, reserved 8192K
GC Heap History (6 events):
Event: 2.303 GC heap before
{Heap before GC invocations=1 (full 0):
 PSYoungGen      total 38400K, used 33280K [0x00000008d5580000, 0x00000008d8000000, 0x0000000d00000000)
  eden space 33280K, 100% used [0x00000008d5580000,0x00000008d7600000,0x00000008d7600000)
  from space 5120K, 0% used [0x00000008d7b00000,0x00000008d7b00000,0x00000008d8000000)
  to   space 5120K, 0% used [0x00000008d7600000,0x00000008d7600000,0x00000008d7b00000)
 ParOldGen       total 87552K, used 0K [0x0000000080000000, 0x0000000085580000, 0x00000008d5580000)
  object space 87552K, 0% used [0x0000000080000000,0x0000000080000000,0x0000000085580000)
 Metaspace       used 5828K, capacity 6408K, committed 6656K, reserved 8192K
Event: 2.436 GC heap after
Heap after GC invocations=1 (full 0):
 PSYoungGen      total 38400K, used 5106K [0x00000008d5580000, 0x00000008da080000, 0x0000000d00000000)
  eden space 33280K, 0% used [0x00000008d5580000,0x00000008d5580000,0x00000008d7600000)
  from space 5120K, 99% used [0x00000008d7600000,0x00000008d7afcb48,0x00000008d7b00000)
  to   space 5120K, 0% used [0x00000008d9b80000,0x00000008d9b80000,0x00000008da080000)
 ParOldGen       total 87552K, used 2748K [0x0000000080000000, 0x0000000085580000, 0x00000008d5580000)
  object space 87552K, 3% used [0x0000000080000000,0x00000000802af088,0x0000000085580000)
 Metaspace       used 5828K, capacity 6408K, committed 6656K, reserved 8192K
}
Event: 2.916 GC heap before
{Heap before GC invocations=2 (full 0):
 PSYoungGen      total 38400K, used 38386K [0x00000008d5580000, 0x00000008da080000, 0x0000000d00000000)
  eden space 33280K, 100% used [0x00000008d5580000,0x00000008d7600000,0x00000008d7600000)
  from space 5120K, 99% used [0x00000008d7600000,0x00000008d7afcb48,0x00000008d7b00000)
  to   space 5120K, 0% used [0x00000008d9b80000,0x00000008d9b80000,0x00000008da080000)
 ParOldGen       total 87552K, used 2748K [0x0000000080000000, 0x0000000085580000, 0x00000008d5580000)
  object space 87552K, 3% used [0x0000000080000000,0x00000000802af088,0x0000000085580000)
 Metaspace       used 6026K, capacity 6600K, committed 6656K, reserved 8192K
Event: 3.013 GC heap after
Heap after GC invocations=2 (full 0):
 PSYoungGen      total 71680K, used 5099K [0x00000008d5580000, 0x00000008da080000, 0x0000000d00000000)
  eden space 66560K, 0% used [0x00000008d5580000,0x00000008d5580000,0x00000008d9680000)
  from space 5120K, 99% used [0x00000008d9b80000,0x00000008da07af50,0x00000008da080000)
  to   space 5120K, 0% used [0x00000008d9680000,0x00000008d9680000,0x00000008d9b80000)
 ParOldGen       total 87552K, used 7157K [0x0000000080000000, 0x0000000085580000, 0x00000008d5580000)
  object space 87552K, 8% used [0x0000000080000000,0x00000000806fd4f0,0x0000000085580000)
 Metaspace       used 6026K, capacity 6600K, committed 6656K, reserved 8192K
}
Event: 4.886 GC heap before
{Heap before GC invocations=3 (full 0):
 PSYoungGen      total 71680K, used 71659K [0x00000008d5580000, 0x00000008da080000, 0x0000000d00000000)
  eden space 66560K, 100% used [0x00000008d5580000,0x00000008d9680000,0x00000008d9680000)
  from space 5120K, 99% used [0x00000008d9b80000,0x00000008da07af50,0x00000008da080000)
  to   space 5120K, 0% used [0x00000008d9680000,0x00000008d9680000,0x00000008d9b80000)
 ParOldGen       total 87552K, used 7157K [0x0000000080000000, 0x0000000085580000, 0x00000008d5580000)
  object space 87552K, 8% used [0x0000000080000000,0x00000000806fd4f0,0x0000000085580000)
 Metaspace       used 6129K, capacity 6664K, committed 6912K, reserved 8192K
Event: 5.122 GC heap after
Heap after GC invocations=3 (full 0):
 PSYoungGen      total 71680K, used 5103K [0x00000008d5580000, 0x00000008de180000, 0x0000000d00000000)
  eden space 66560K, 0% used [0x00000008d5580000,0x00000008d5580000,0x00000008d9680000)
  from space 5120K, 99% used [0x00000008d9680000,0x00000008d9b7bfd8,0x00000008d9b80000)
  to   space 5120K, 0% used [0x00000008ddc80000,0x00000008ddc80000,0x00000008de180000)
 ParOldGen       total 87552K, used 14442K [0x0000000080000000, 0x0000000085580000, 0x00000008d5580000)
  object space 87552K, 16% used [0x0000000080000000,0x0000000080e1a988,0x0000000085580000)
 Metaspace       used 6129K, capacity 6664K, committed 6912K, reserved 8192K
}

