# JRE version: OpenJDK Runtime Environment (8.0_112-b06) (build 1.8.0_112-release-b06)
# Java VM: OpenJDK 64-Bit Server VM (25.112-b06 mixed mode windows-amd64 )
Heap:
 PSYoungGen      total 1057792K, used 762880K [0x00000008d5580000, 0x0000000941500000, 0x0000000d00000000)
  eden space 762880K, 100% used [0x00000008d5580000,0x0000000903e80000,0x0000000903e80000)
  from space 294912K, 0% used [0x000000091de80000,0x000000091de80000,0x000000092fe80000)
  to   space 425984K, 1% used [0x0000000903e80000,0x000000090443a448,0x000000091de80000)
 ParOldGen       total 1585152K, used 763616K [0x0000000080000000, 0x00000000e0c00000, 0x00000008d5580000)
  object space 1585152K, 48% used [0x0000000080000000,0x00000000ae9b8360,0x00000000e0c00000)
 Metaspace       used 6525K, capacity 6920K, committed 7168K, reserved 8192K
GC Heap History (10 events):
Event: 30.751 GC heap before
{Heap before GC invocations=22 (full 6):
 PSYoungGen      total 1057792K, used 977140K [0x00000008d5580000, 0x0000000941500000, 0x0000000d00000000)
  eden space 762880K, 100% used [0x00000008d5580000,0x0000000903e80000,0x0000000903e80000)
  from space 294912K, 72% used [0x000000091de80000,0x000000092afbd1a0,0x000000092fe80000)
  to   space 425984K, 0% used [0x0000000903e80000,0x0000000903e80000,0x000000091de80000)
 ParOldGen       total 763904K, used 763519K [0x0000000080000000, 0x00000000aea00000, 0x00000008d5580000)
  object space 763904K, 99% used [0x0000000080000000,0x00000000ae99fd28,0x00000000aea00000)
 Metaspace       used 6450K, capacity 6856K, committed 6912K, reserved 8192K
Event: 33.648 GC heap after
Heap after GC invocations=22 (full 6):
 PSYoungGen      total 1057792K, used 177806K [0x00000008d5580000, 0x0000000941500000, 0x0000000d00000000)
  eden space 762880K, 0% used [0x00000008d5580000,0x00000008d5580000,0x0000000903e80000)
  from space 294912K, 60% used [0x000000091de80000,0x0000000928c23af0,0x000000092fe80000)
  to   space 425984K, 0% used [0x0000000903e80000,0x0000000903e80000,0x000000091de80000)
 ParOldGen       total 763904K, used 763574K [0x0000000080000000, 0x00000000aea00000, 0x00000008d5580000)
  object space 763904K, 99% used [0x0000000080000000,0x00000000ae9ad930,0x00000000aea00000)
 Metaspace       used 6450K, capacity 6856K, committed 6912K, reserved 8192K
}
Event: 34.733 GC heap before
{Heap before GC invocations=23 (full 7):
 PSYoungGen      total 1057792K, used 940686K [0x00000008d5580000, 0x0000000941500000, 0x0000000d00000000)
  eden space 762880K, 100% used [0x00000008d5580000,0x0000000903e80000,0x0000000903e80000)
  from space 294912K, 60% used [0x000000091de80000,0x0000000928c23af0,0x000000092fe80000)
  to   space 425984K, 0% used [0x0000000903e80000,0x0000000903e80000,0x000000091de80000)
 ParOldGen       total 763904K, used 763574K [0x0000000080000000, 0x00000000aea00000, 0x00000008d5580000)
  object space 763904K, 99% used [0x0000000080000000,0x00000000ae9ad930,0x00000000aea00000)
 Metaspace       used 6451K, capacity 6856K, committed 6912K, reserved 8192K
Event: 37.980 GC heap after
Heap after GC invocations=23 (full 7):
 PSYoungGen      total 1057792K, used 214548K [0x00000008d5580000, 0x0000000941500000, 0x0000000d00000000)
  eden space 762880K, 28% used [0x00000008d5580000,0x00000008e2705050,0x0000000903e80000)
  from space 294912K, 0% used [0x000000091de80000,0x000000091de80000,0x000000092fe80000)
  to   space 425984K, 0% used [0x0000000903e80000,0x0000000903e80000,0x000000091de80000)
 ParOldGen       total 763904K, used 763838K [0x0000000080000000, 0x00000000aea00000, 0x00000008d5580000)
  object space 763904K, 99% used [0x0000000080000000,0x00000000ae9efae8,0x00000000aea00000)
 Metaspace       used 6451K, capacity 6856K, committed 6912K, reserved 8192K
}
Event: 38.701 GC heap before
{Heap before GC invocations=24 (full 8):
 PSYoungGen      total 1057792K, used 762880K [0x00000008d5580000, 0x0000000941500000, 0x0000000d00000000)
  eden space 762880K, 100% used [0x00000008d5580000,0x0000000903e80000,0x0000000903e80000)
  from space 294912K, 0% used [0x000000091de80000,0x000000091de80000,0x000000092fe80000)
  to   space 425984K, 0% used [0x0000000903e80000,0x0000000903e80000,0x000000091de80000)
 ParOldGen       total 763904K, used 763838K [0x0000000080000000, 0x00000000aea00000, 0x00000008d5580000)
  object space 763904K, 99% used [0x0000000080000000,0x00000000ae9efae8,0x00000000aea00000)
 Metaspace       used 6451K, capacity 6856K, committed 6912K, reserved 8192K
Event: 42.578 GC heap after
Heap after GC invocations=24 (full 8):
 PSYoungGen      total 1057792K, used 299825K [0x00000008d5580000, 0x0000000941500000, 0x0000000d00000000)
  eden space 762880K, 39% used [0x00000008d5580000,0x00000008e7a4c588,0x0000000903e80000)
  from space 294912K, 0% used [0x000000091de80000,0x000000091de80000,0x000000092fe80000)
  to   space 425984K, 0% used [0x0000000903e80000,0x0000000903e80000,0x000000091de80000)
 ParOldGen       total 763904K, used 763864K [0x0000000080000000, 0x00000000aea00000, 0x00000008d5580000)
  object space 763904K, 99% used [0x0000000080000000,0x00000000ae9f6068,0x00000000aea00000)
 Metaspace       used 6451K, capacity 6856K, committed 6912K, reserved 8192K
}
Event: 43.014 GC heap before
{Heap before GC invocations=25 (full 9):
 PSYoungGen      total 1057792K, used 762880K [0x00000008d5580000, 0x0000000941500000, 0x0000000d00000000)
  eden space 762880K, 100% used [0x00000008d5580000,0x0000000903e80000,0x0000000903e80000)
  from space 294912K, 0% used [0x000000091de80000,0x000000091de80000,0x000000092fe80000)
  to   space 425984K, 0% used [0x0000000903e80000,0x0000000903e80000,0x000000091de80000)
 ParOldGen       total 763904K, used 763864K [0x0000000080000000, 0x00000000aea00000, 0x00000008d5580000)
  object space 763904K, 99% used [0x0000000080000000,0x00000000ae9f6068,0x00000000aea00000)
 Metaspace       used 6451K, capacity 6856K, committed 6912K, reserved 8192K
Event: 46.278 GC heap after
Heap after GC invocations=25 (full 9):
 PSYoungGen      total 1057792K, used 373681K [0x00000008d5580000, 0x0000000941500000, 0x0000000d00000000)
  eden space 762880K, 48% used [0x00000008d5580000,0x00000008ec26c4a0,0x0000000903e80000)
  from space 294912K, 0% used [0x000000091de80000,0x000000091de80000,0x000000092fe80000)
  to   space 425984K, 0% used [0x0000000903e80000,0x0000000903e80000,0x000000091de80000)
 ParOldGen       total 763904K, used 763857K [0x0000000080000000, 0x00000000aea00000, 0x00000008d5580000)
  object space 763904K, 99% used [0x0000000080000000,0x00000000ae9f4538,0x00000000aea00000)
 Metaspace       used 6451K, capacity 6856K, committed 6912K, reserved 8192K
}
Event: 46.908 GC heap before
{Heap before GC invocations=26 (full 10):
 PSYoungGen      total 1057792K, used 762880K [0x00000008d5580000, 0x0000000941500000, 0x0000000d00000000)
  eden space 762880K, 100% used [0x00000008d5580000,0x0000000903e80000,0x0000000903e80000)
  from space 294912K, 0% used [0x000000091de80000,0x000000091de80000,0x000000092fe80000)
  to   space 425984K, 0% used [0x0000000903e80000,0x0000000903e80000,0x000000091de80000)
 ParOldGen       total 763904K, used 763857K [0x0000000080000000, 0x00000000aea00000, 0x00000008d5580000)
  object space 763904K, 99% used [0x0000000080000000,0x00000000ae9f4538,0x00000000aea00000)
 Metaspace       used 6517K, capacity 6920K, committed 7168K, reserved 8192K
Event: 52.083 GC heap after
Heap after GC invocations=26 (full 10):
 PSYoungGen      total 1057792K, used 430849K [0x00000008d5580000, 0x0000000941500000, 0x0000000d00000000)
  eden space 762880K, 56% used [0x00000008d5580000,0x00000008efa406c8,0x0000000903e80000)
  from space 294912K, 0% used [0x000000091de80000,0x000000091de80000,0x000000092fe80000)
  to   space 425984K, 0% used [0x0000000903e80000,0x0000000903e80000,0x000000091de80000)
 ParOldGen       total 1585152K, used 763478K [0x0000000080000000, 0x00000000e0c00000, 0x00000008d5580000)
  object space 1585152K, 48% used [0x0000000080000000,0x00000000ae9959d0,0x00000000e0c00000)
 Metaspace       used 6517K, capacity 6920K, committed 7168K, reserved 8192K
}

