# JRE version: Java(TM) SE Runtime Environment (8.0_20-b26) (build 1.8.0_20-b26)
# Java VM: Java HotSpot(TM) 64-Bit Server VM (25.20-b23 mixed mode windows-amd64 )
Heap:
 PSYoungGen      total 951808K, used 914399K [0x00000008d5580000, 0x0000000926280000, 0x0000000d00000000)
  eden space 669696K, 94% used [0x00000008d5580000,0x00000008fc064fb0,0x00000008fe380000)
  from space 282112K, 99% used [0x0000000914f00000,0x0000000926112f28,0x0000000926280000)
  to   space 272896K, 0% used [0x00000008fe380000,0x00000008fe380000,0x000000090ee00000)
 ParOldGen       total 1131520K, used 886226K [0x0000000080000000, 0x00000000c5100000, 0x00000008d5580000)
  object space 1131520K, 78% used [0x0000000080000000,0x00000000b6174bb0,0x00000000c5100000)
 Metaspace       used 6704K, capacity 6984K, committed 7168K, reserved 8192K
GC Heap History (10 events):
Event: 31.704 GC heap before
{Heap before GC invocations=25 (full 5):
 PSYoungGen      total 779264K, used 590848K [0x00000008d5580000, 0x0000000914b00000, 0x0000000d00000000)
  eden space 590848K, 100% used [0x00000008d5580000,0x00000008f9680000,0x00000008f9680000)
  from space 188416K, 0% used [0x00000008f9680000,0x00000008f9680000,0x0000000904e80000)
  to   space 185344K, 0% used [0x0000000909600000,0x0000000909600000,0x0000000914b00000)
 ParOldGen       total 1131520K, used 757946K [0x0000000080000000, 0x00000000c5100000, 0x00000008d5580000)
  object space 1131520K, 66% used [0x0000000080000000,0x00000000ae42ebc0,0x00000000c5100000)
 Metaspace       used 6596K, capacity 6920K, committed 7168K, reserved 8192K
Event: 31.825 GC heap after
Heap after GC invocations=25 (full 5):
 PSYoungGen      total 838144K, used 143344K [0x00000008d5580000, 0x0000000915980000, 0x0000000d00000000)
  eden space 652800K, 0% used [0x00000008d5580000,0x00000008d5580000,0x00000008fd300000)
  from space 185344K, 77% used [0x0000000909600000,0x00000009121fc188,0x0000000914b00000)
  to   space 199680K, 0% used [0x00000008fd300000,0x00000008fd300000,0x0000000909600000)
 ParOldGen       total 1131520K, used 757946K [0x0000000080000000, 0x00000000c5100000, 0x00000008d5580000)
  object space 1131520K, 66% used [0x0000000080000000,0x00000000ae42ebc0,0x00000000c5100000)
 Metaspace       used 6596K, capacity 6920K, committed 7168K, reserved 8192K
}
Event: 32.775 GC heap before
{Heap before GC invocations=26 (full 5):
 PSYoungGen      total 838144K, used 796144K [0x00000008d5580000, 0x0000000915980000, 0x0000000d00000000)
  eden space 652800K, 100% used [0x00000008d5580000,0x00000008fd300000,0x00000008fd300000)
  from space 185344K, 77% used [0x0000000909600000,0x00000009121fc188,0x0000000914b00000)
  to   space 199680K, 0% used [0x00000008fd300000,0x00000008fd300000,0x0000000909600000)
 ParOldGen       total 1131520K, used 757946K [0x0000000080000000, 0x00000000c5100000, 0x00000008d5580000)
  object space 1131520K, 66% used [0x0000000080000000,0x00000000ae42ebc0,0x00000000c5100000)
 Metaspace       used 6596K, capacity 6920K, committed 7168K, reserved 8192K
Event: 32.895 GC heap after
Heap after GC invocations=26 (full 5):
 PSYoungGen      total 852480K, used 165921K [0x00000008d5580000, 0x000000091c400000, 0x0000000d00000000)
  eden space 652800K, 0% used [0x00000008d5580000,0x00000008d5580000,0x00000008fd300000)
  from space 199680K, 83% used [0x00000008fd300000,0x0000000907508608,0x0000000909600000)
  to   space 219136K, 0% used [0x000000090ee00000,0x000000090ee00000,0x000000091c400000)
 ParOldGen       total 1131520K, used 757946K [0x0000000080000000, 0x00000000c5100000, 0x00000008d5580000)
  object space 1131520K, 66% used [0x0000000080000000,0x00000000ae42ebc0,0x00000000c5100000)
 Metaspace       used 6596K, capacity 6920K, committed 7168K, reserved 8192K
}
Event: 34.564 GC heap before
{Heap before GC invocations=27 (full 5):
 PSYoungGen      total 852480K, used 818721K [0x00000008d5580000, 0x000000091c400000, 0x0000000d00000000)
  eden space 652800K, 100% used [0x00000008d5580000,0x00000008fd300000,0x00000008fd300000)
  from space 199680K, 83% used [0x00000008fd300000,0x0000000907508608,0x0000000909600000)
  to   space 219136K, 0% used [0x000000090ee00000,0x000000090ee00000,0x000000091c400000)
 ParOldGen       total 1131520K, used 757946K [0x0000000080000000, 0x00000000c5100000, 0x00000008d5580000)
  object space 1131520K, 66% used [0x0000000080000000,0x00000000ae42ebc0,0x00000000c5100000)
 Metaspace       used 6596K, capacity 6920K, committed 7168K, reserved 8192K
Event: 34.890 GC heap after
Heap after GC invocations=27 (full 5):
 PSYoungGen      total 888832K, used 219118K [0x00000008d5580000, 0x0000000923400000, 0x0000000d00000000)
  eden space 669696K, 0% used [0x00000008d5580000,0x00000008d5580000,0x00000008fe380000)
  from space 219136K, 99% used [0x000000090ee00000,0x000000091c3fb928,0x000000091c400000)
  to   space 272896K, 0% used [0x00000008fe380000,0x00000008fe380000,0x000000090ee00000)
 ParOldGen       total 1131520K, used 808545K [0x0000000080000000, 0x00000000c5100000, 0x00000008d5580000)
  object space 1131520K, 71% used [0x0000000080000000,0x00000000b15984c8,0x00000000c5100000)
 Metaspace       used 6596K, capacity 6920K, committed 7168K, reserved 8192K
}
Event: 35.860 GC heap before
{Heap before GC invocations=28 (full 5):
 PSYoungGen      total 888832K, used 888814K [0x00000008d5580000, 0x0000000923400000, 0x0000000d00000000)
  eden space 669696K, 100% used [0x00000008d5580000,0x00000008fe380000,0x00000008fe380000)
  from space 219136K, 99% used [0x000000090ee00000,0x000000091c3fb928,0x000000091c400000)
  to   space 272896K, 0% used [0x00000008fe380000,0x00000008fe380000,0x000000090ee00000)
 ParOldGen       total 1131520K, used 808545K [0x0000000080000000, 0x00000000c5100000, 0x00000008d5580000)
  object space 1131520K, 71% used [0x0000000080000000,0x00000000b15984c8,0x00000000c5100000)
 Metaspace       used 6596K, capacity 6920K, committed 7168K, reserved 8192K
Event: 36.120 GC heap after
Heap after GC invocations=28 (full 5):
 PSYoungGen      total 942592K, used 176376K [0x00000008d5580000, 0x0000000926280000, 0x0000000d00000000)
  eden space 669696K, 0% used [0x00000008d5580000,0x00000008d5580000,0x00000008fe380000)
  from space 272896K, 64% used [0x00000008fe380000,0x0000000908fbe258,0x000000090ee00000)
  to   space 282112K, 0% used [0x0000000914f00000,0x0000000914f00000,0x0000000926280000)
 ParOldGen       total 1131520K, used 886226K [0x0000000080000000, 0x00000000c5100000, 0x00000008d5580000)
  object space 1131520K, 78% used [0x0000000080000000,0x00000000b6174bb0,0x00000000c5100000)
 Metaspace       used 6596K, capacity 6920K, committed 7168K, reserved 8192K
}
Event: 36.989 GC heap before
{Heap before GC invocations=29 (full 5):
 PSYoungGen      total 942592K, used 846072K [0x00000008d5580000, 0x0000000926280000, 0x0000000d00000000)
  eden space 669696K, 100% used [0x00000008d5580000,0x00000008fe380000,0x00000008fe380000)
  from space 272896K, 64% used [0x00000008fe380000,0x0000000908fbe258,0x000000090ee00000)
  to   space 282112K, 0% used [0x0000000914f00000,0x0000000914f00000,0x0000000926280000)
 ParOldGen       total 1131520K, used 886226K [0x0000000080000000, 0x00000000c5100000, 0x00000008d5580000)
  object space 1131520K, 78% used [0x0000000080000000,0x00000000b6174bb0,0x00000000c5100000)
 Metaspace       used 6596K, capacity 6920K, committed 7168K, reserved 8192K
Event: 37.284 GC heap after
Heap after GC invocations=29 (full 5):
 PSYoungGen      total 951808K, used 280651K [0x00000008d5580000, 0x0000000926280000, 0x0000000d00000000)
  eden space 669696K, 0% used [0x00000008d5580000,0x00000008d5580000,0x00000008fe380000)
  from space 282112K, 99% used [0x0000000914f00000,0x0000000926112f28,0x0000000926280000)
  to   space 272896K, 0% used [0x00000008fe380000,0x00000008fe380000,0x000000090ee00000)
 ParOldGen       total 1131520K, used 886226K [0x0000000080000000, 0x00000000c5100000, 0x00000008d5580000)
  object space 1131520K, 78% used [0x0000000080000000,0x00000000b6174bb0,0x00000000c5100000)
 Metaspace       used 6596K, capacity 6920K, committed 7168K, reserved 8192K
}

