# JRE version: Java(TM) SE Runtime Environment (8.0_20-b26) (build 1.8.0_20-b26)
# Java VM: Java HotSpot(TM) 64-Bit Server VM (25.20-b23 mixed mode windows-amd64 )
Heap:
 PSYoungGen      total 818688K, used 676031K [0x00000008d5580000, 0x000000091cf80000, 0x0000000d00000000)
  eden space 583680K, 100% used [0x00000008d5580000,0x00000008f8f80000,0x00000008f8f80000)
  from space 235008K, 39% used [0x000000090ea00000,0x000000091442fc10,0x000000091cf80000)
  to   space 196096K, 0% used [0x00000008f8f80000,0x00000008f8f80000,0x0000000904f00000)
 ParOldGen       total 584192K, used 583742K [0x0000000080000000, 0x00000000a3a80000, 0x00000008d5580000)
  object space 584192K, 99% used [0x0000000080000000,0x00000000a3a0fa10,0x00000000a3a80000)
 Metaspace       used 6597K, capacity 6920K, committed 7168K, reserved 8192K
GC Heap History (10 events):
Event: 16.110 GC heap after
Heap after GC invocations=16 (full 2):
 PSYoungGen      total 763392K, used 138222K [0x00000008d5580000, 0x0000000912d80000, 0x0000000d00000000)
  eden space 583680K, 0% used [0x00000008d5580000,0x00000008d5580000,0x00000008f8f80000)
  from space 179712K, 76% used [0x0000000904f00000,0x000000090d5fb828,0x000000090fe80000)
  to   space 196096K, 0% used [0x00000008f8f80000,0x00000008f8f80000,0x0000000904f00000)
 ParOldGen       total 370688K, used 366233K [0x0000000080000000, 0x0000000096a00000, 0x00000008d5580000)
  object space 370688K, 98% used [0x0000000080000000,0x00000000965a64a8,0x0000000096a00000)
 Metaspace       used 6580K, capacity 6920K, committed 7168K, reserved 8192K
}
Event: 16.110 GC heap before
{Heap before GC invocations=17 (full 3):
 PSYoungGen      total 763392K, used 138222K [0x00000008d5580000, 0x0000000912d80000, 0x0000000d00000000)
  eden space 583680K, 0% used [0x00000008d5580000,0x00000008d5580000,0x00000008f8f80000)
  from space 179712K, 76% used [0x0000000904f00000,0x000000090d5fb828,0x000000090fe80000)
  to   space 196096K, 0% used [0x00000008f8f80000,0x00000008f8f80000,0x0000000904f00000)
 ParOldGen       total 370688K, used 366233K [0x0000000080000000, 0x0000000096a00000, 0x00000008d5580000)
  object space 370688K, 98% used [0x0000000080000000,0x00000000965a64a8,0x0000000096a00000)
 Metaspace       used 6580K, capacity 6920K, committed 7168K, reserved 8192K
Event: 18.708 GC heap after
Heap after GC invocations=17 (full 3):
 PSYoungGen      total 763392K, used 118957K [0x00000008d5580000, 0x0000000912d80000, 0x0000000d00000000)
  eden space 583680K, 0% used [0x00000008d5580000,0x00000008d5580000,0x00000008f8f80000)
  from space 179712K, 66% used [0x0000000904f00000,0x000000090c32b7e0,0x000000090fe80000)
  to   space 196096K, 0% used [0x00000008f8f80000,0x00000008f8f80000,0x0000000904f00000)
 ParOldGen       total 584192K, used 370359K [0x0000000080000000, 0x00000000a3a80000, 0x00000008d5580000)
  object space 584192K, 63% used [0x0000000080000000,0x00000000969adc40,0x00000000a3a80000)
 Metaspace       used 6580K, capacity 6920K, committed 7168K, reserved 8192K
}
Event: 20.807 GC heap before
{Heap before GC invocations=18 (full 3):
 PSYoungGen      total 763392K, used 702637K [0x00000008d5580000, 0x0000000912d80000, 0x0000000d00000000)
  eden space 583680K, 100% used [0x00000008d5580000,0x00000008f8f80000,0x00000008f8f80000)
  from space 179712K, 66% used [0x0000000904f00000,0x000000090c32b7e0,0x000000090fe80000)
  to   space 196096K, 0% used [0x00000008f8f80000,0x00000008f8f80000,0x0000000904f00000)
 ParOldGen       total 584192K, used 370359K [0x0000000080000000, 0x00000000a3a80000, 0x00000008d5580000)
  object space 584192K, 63% used [0x0000000080000000,0x00000000969adc40,0x00000000a3a80000)
 Metaspace       used 6581K, capacity 6920K, committed 7168K, reserved 8192K
Event: 21.151 GC heap after
Heap after GC invocations=18 (full 3):
 PSYoungGen      total 779776K, used 196091K [0x00000008d5580000, 0x000000091cf80000, 0x0000000d00000000)
  eden space 583680K, 0% used [0x00000008d5580000,0x00000008d5580000,0x00000008f8f80000)
  from space 196096K, 99% used [0x00000008f8f80000,0x0000000904efed58,0x0000000904f00000)
  to   space 235008K, 0% used [0x000000090ea00000,0x000000090ea00000,0x000000091cf80000)
 ParOldGen       total 584192K, used 384936K [0x0000000080000000, 0x00000000a3a80000, 0x00000008d5580000)
  object space 584192K, 65% used [0x0000000080000000,0x00000000977ea350,0x00000000a3a80000)
 Metaspace       used 6581K, capacity 6920K, committed 7168K, reserved 8192K
}
Event: 22.703 GC heap before
{Heap before GC invocations=19 (full 3):
 PSYoungGen      total 779776K, used 779771K [0x00000008d5580000, 0x000000091cf80000, 0x0000000d00000000)
  eden space 583680K, 100% used [0x00000008d5580000,0x00000008f8f80000,0x00000008f8f80000)
  from space 196096K, 99% used [0x00000008f8f80000,0x0000000904efed58,0x0000000904f00000)
  to   space 235008K, 0% used [0x000000090ea00000,0x000000090ea00000,0x000000091cf80000)
 ParOldGen       total 584192K, used 384936K [0x0000000080000000, 0x00000000a3a80000, 0x00000008d5580000)
  object space 584192K, 65% used [0x0000000080000000,0x00000000977ea350,0x00000000a3a80000)
 Metaspace       used 6585K, capacity 6920K, committed 7168K, reserved 8192K
Event: 23.065 GC heap after
Heap after GC invocations=19 (full 3):
 PSYoungGen      total 818688K, used 180569K [0x00000008d5580000, 0x000000091cf80000, 0x0000000d00000000)
  eden space 583680K, 0% used [0x00000008d5580000,0x00000008d5580000,0x00000008f8f80000)
  from space 235008K, 76% used [0x000000090ea00000,0x0000000919a56450,0x000000091cf80000)
  to   space 196096K, 0% used [0x00000008f8f80000,0x00000008f8f80000,0x0000000904f00000)
 ParOldGen       total 584192K, used 498852K [0x0000000080000000, 0x00000000a3a80000, 0x00000008d5580000)
  object space 584192K, 85% used [0x0000000080000000,0x000000009e7293d0,0x00000000a3a80000)
 Metaspace       used 6585K, capacity 6920K, committed 7168K, reserved 8192K
}
Event: 23.065 GC heap before
{Heap before GC invocations=20 (full 4):
 PSYoungGen      total 818688K, used 180569K [0x00000008d5580000, 0x000000091cf80000, 0x0000000d00000000)
  eden space 583680K, 0% used [0x00000008d5580000,0x00000008d5580000,0x00000008f8f80000)
  from space 235008K, 76% used [0x000000090ea00000,0x0000000919a56450,0x000000091cf80000)
  to   space 196096K, 0% used [0x00000008f8f80000,0x00000008f8f80000,0x0000000904f00000)
 ParOldGen       total 584192K, used 498852K [0x0000000080000000, 0x00000000a3a80000, 0x00000008d5580000)
  object space 584192K, 85% used [0x0000000080000000,0x000000009e7293d0,0x00000000a3a80000)
 Metaspace       used 6585K, capacity 6920K, committed 7168K, reserved 8192K
Event: 25.928 GC heap after
Heap after GC invocations=20 (full 4):
 PSYoungGen      total 818688K, used 92351K [0x00000008d5580000, 0x000000091cf80000, 0x0000000d00000000)
  eden space 583680K, 0% used [0x00000008d5580000,0x00000008d5580000,0x00000008f8f80000)
  from space 235008K, 39% used [0x000000090ea00000,0x000000091442fc10,0x000000091cf80000)
  to   space 196096K, 0% used [0x00000008f8f80000,0x00000008f8f80000,0x0000000904f00000)
 ParOldGen       total 584192K, used 583742K [0x0000000080000000, 0x00000000a3a80000, 0x00000008d5580000)
  object space 584192K, 99% used [0x0000000080000000,0x00000000a3a0fa10,0x00000000a3a80000)
 Metaspace       used 6585K, capacity 6920K, committed 7168K, reserved 8192K
}
Event: 27.616 GC heap before
{Heap before GC invocations=21 (full 5):
 PSYoungGen      total 818688K, used 676031K [0x00000008d5580000, 0x000000091cf80000, 0x0000000d00000000)
  eden space 583680K, 100% used [0x00000008d5580000,0x00000008f8f80000,0x00000008f8f80000)
  from space 235008K, 39% used [0x000000090ea00000,0x000000091442fc10,0x000000091cf80000)
  to   space 196096K, 0% used [0x00000008f8f80000,0x00000008f8f80000,0x0000000904f00000)
 ParOldGen       total 584192K, used 583742K [0x0000000080000000, 0x00000000a3a80000, 0x00000008d5580000)
  object space 584192K, 99% used [0x0000000080000000,0x00000000a3a0fa10,0x00000000a3a80000)
 Metaspace       used 6597K, capacity 6920K, committed 7168K, reserved 8192K

