# JRE version: Java(TM) SE Runtime Environment (8.0_20-b26) (build 1.8.0_20-b26)
# Java VM: Java HotSpot(TM) 64-Bit Server VM (25.20-b23 mixed mode windows-amd64 )
Heap:
 PSYoungGen      total 950784K, used 733184K [0x00000008d5580000, 0x000000092a580000, 0x0000000d00000000)
  eden space 733184K, 100% used [0x00000008d5580000,0x0000000902180000,0x0000000902180000)
  from space 217600K, 0% used [0x0000000902180000,0x0000000902180000,0x000000090f600000)
  to   space 260608K, 0% used [0x000000091a700000,0x000000091a700000,0x000000092a580000)
 ParOldGen       total 874496K, used 874472K [0x0000000080000000, 0x00000000b5600000, 0x00000008d5580000)
  object space 874496K, 99% used [0x0000000080000000,0x00000000b55fa048,0x00000000b5600000)
 Metaspace       used 6672K, capacity 6920K, committed 7168K, reserved 8192K
GC Heap History (10 events):
Event: 25.605 GC heap before
{Heap before GC invocations=21 (full 4):
 PSYoungGen      total 993792K, used 993770K [0x00000008d5580000, 0x000000092a580000, 0x0000000d00000000)
  eden space 733184K, 100% used [0x00000008d5580000,0x0000000902180000,0x0000000902180000)
  from space 260608K, 99% used [0x000000091a700000,0x000000092a57aa50,0x000000092a580000)
  to   space 217600K, 0% used [0x0000000902180000,0x0000000902180000,0x000000090f600000)
 ParOldGen       total 803328K, used 656573K [0x0000000080000000, 0x00000000b1080000, 0x00000008d5580000)
  object space 803328K, 81% used [0x0000000080000000,0x00000000a812f4a0,0x00000000b1080000)
 Metaspace       used 6595K, capacity 6920K, committed 7168K, reserved 8192K
Event: 25.900 GC heap after
Heap after GC invocations=21 (full 4):
 PSYoungGen      total 950784K, used 209524K [0x00000008d5580000, 0x000000092a580000, 0x0000000d00000000)
  eden space 733184K, 0% used [0x00000008d5580000,0x00000008d5580000,0x0000000902180000)
  from space 217600K, 96% used [0x0000000902180000,0x000000090ee1d2b0,0x000000090f600000)
  to   space 260608K, 0% used [0x000000091a700000,0x000000091a700000,0x000000092a580000)
 ParOldGen       total 874496K, used 874489K [0x0000000080000000, 0x00000000b5600000, 0x00000008d5580000)
  object space 874496K, 99% used [0x0000000080000000,0x00000000b55fe608,0x00000000b5600000)
 Metaspace       used 6595K, capacity 6920K, committed 7168K, reserved 8192K
}
Event: 25.900 GC heap before
{Heap before GC invocations=22 (full 5):
 PSYoungGen      total 950784K, used 209524K [0x00000008d5580000, 0x000000092a580000, 0x0000000d00000000)
  eden space 733184K, 0% used [0x00000008d5580000,0x00000008d5580000,0x0000000902180000)
  from space 217600K, 96% used [0x0000000902180000,0x000000090ee1d2b0,0x000000090f600000)
  to   space 260608K, 0% used [0x000000091a700000,0x000000091a700000,0x000000092a580000)
 ParOldGen       total 874496K, used 874489K [0x0000000080000000, 0x00000000b5600000, 0x00000008d5580000)
  object space 874496K, 99% used [0x0000000080000000,0x00000000b55fe608,0x00000000b5600000)
 Metaspace       used 6595K, capacity 6920K, committed 7168K, reserved 8192K
Event: 29.485 GC heap after
Heap after GC invocations=22 (full 5):
 PSYoungGen      total 950784K, used 152069K [0x00000008d5580000, 0x000000092a580000, 0x0000000d00000000)
  eden space 733184K, 0% used [0x00000008d5580000,0x00000008d5580000,0x0000000902180000)
  from space 217600K, 69% used [0x0000000902180000,0x000000090b601560,0x000000090f600000)
  to   space 260608K, 0% used [0x000000091a700000,0x000000091a700000,0x000000092a580000)
 ParOldGen       total 874496K, used 874081K [0x0000000080000000, 0x00000000b5600000, 0x00000008d5580000)
  object space 874496K, 99% used [0x0000000080000000,0x00000000b5598518,0x00000000b5600000)
 Metaspace       used 6595K, capacity 6920K, committed 7168K, reserved 8192K
}
Event: 30.989 GC heap before
{Heap before GC invocations=23 (full 6):
 PSYoungGen      total 950784K, used 885253K [0x00000008d5580000, 0x000000092a580000, 0x0000000d00000000)
  eden space 733184K, 100% used [0x00000008d5580000,0x0000000902180000,0x0000000902180000)
  from space 217600K, 69% used [0x0000000902180000,0x000000090b601560,0x000000090f600000)
  to   space 260608K, 0% used [0x000000091a700000,0x000000091a700000,0x000000092a580000)
 ParOldGen       total 874496K, used 874081K [0x0000000080000000, 0x00000000b5600000, 0x00000008d5580000)
  object space 874496K, 99% used [0x0000000080000000,0x00000000b5598518,0x00000000b5600000)
 Metaspace       used 6595K, capacity 6920K, committed 7168K, reserved 8192K
Event: 34.070 GC heap after
Heap after GC invocations=23 (full 6):
 PSYoungGen      total 950784K, used 103502K [0x00000008d5580000, 0x000000092a580000, 0x0000000d00000000)
  eden space 733184K, 14% used [0x00000008d5580000,0x00000008dba93a88,0x0000000902180000)
  from space 217600K, 0% used [0x0000000902180000,0x0000000902180000,0x000000090f600000)
  to   space 260608K, 0% used [0x000000091a700000,0x000000091a700000,0x000000092a580000)
 ParOldGen       total 874496K, used 874378K [0x0000000080000000, 0x00000000b5600000, 0x00000008d5580000)
  object space 874496K, 99% used [0x0000000080000000,0x00000000b55e2850,0x00000000b5600000)
 Metaspace       used 6595K, capacity 6920K, committed 7168K, reserved 8192K
}
Event: 34.698 GC heap before
{Heap before GC invocations=24 (full 7):
 PSYoungGen      total 950784K, used 733184K [0x00000008d5580000, 0x000000092a580000, 0x0000000d00000000)
  eden space 733184K, 100% used [0x00000008d5580000,0x0000000902180000,0x0000000902180000)
  from space 217600K, 0% used [0x0000000902180000,0x0000000902180000,0x000000090f600000)
  to   space 260608K, 0% used [0x000000091a700000,0x000000091a700000,0x000000092a580000)
 ParOldGen       total 874496K, used 874378K [0x0000000080000000, 0x00000000b5600000, 0x00000008d5580000)
  object space 874496K, 99% used [0x0000000080000000,0x00000000b55e2850,0x00000000b5600000)
 Metaspace       used 6596K, capacity 6920K, committed 7168K, reserved 8192K
Event: 38.179 GC heap after
Heap after GC invocations=24 (full 7):
 PSYoungGen      total 950784K, used 203794K [0x00000008d5580000, 0x000000092a580000, 0x0000000d00000000)
  eden space 733184K, 27% used [0x00000008d5580000,0x00000008e1c84868,0x0000000902180000)
  from space 217600K, 0% used [0x0000000902180000,0x0000000902180000,0x000000090f600000)
  to   space 260608K, 0% used [0x000000091a700000,0x000000091a700000,0x000000092a580000)
 ParOldGen       total 874496K, used 874075K [0x0000000080000000, 0x00000000b5600000, 0x00000008d5580000)
  object space 874496K, 99% used [0x0000000080000000,0x00000000b5596fb0,0x00000000b5600000)
 Metaspace       used 6596K, capacity 6920K, committed 7168K, reserved 8192K
}
Event: 38.731 GC heap before
{Heap before GC invocations=25 (full 8):
 PSYoungGen      total 950784K, used 733184K [0x00000008d5580000, 0x000000092a580000, 0x0000000d00000000)
  eden space 733184K, 100% used [0x00000008d5580000,0x0000000902180000,0x0000000902180000)
  from space 217600K, 0% used [0x0000000902180000,0x0000000902180000,0x000000090f600000)
  to   space 260608K, 0% used [0x000000091a700000,0x000000091a700000,0x000000092a580000)
 ParOldGen       total 874496K, used 874075K [0x0000000080000000, 0x00000000b5600000, 0x00000008d5580000)
  object space 874496K, 99% used [0x0000000080000000,0x00000000b5596fb0,0x00000000b5600000)
 Metaspace       used 6596K, capacity 6920K, committed 7168K, reserved 8192K
Event: 42.091 GC heap after
Heap after GC invocations=25 (full 8):
 PSYoungGen      total 950784K, used 284721K [0x00000008d5580000, 0x000000092a580000, 0x0000000d00000000)
  eden space 733184K, 38% used [0x00000008d5580000,0x00000008e6b8c630,0x0000000902180000)
  from space 217600K, 0% used [0x0000000902180000,0x0000000902180000,0x000000090f600000)
  to   space 260608K, 0% used [0x000000091a700000,0x000000091a700000,0x000000092a580000)
 ParOldGen       total 874496K, used 874065K [0x0000000080000000, 0x00000000b5600000, 0x00000008d5580000)
  object space 874496K, 99% used [0x0000000080000000,0x00000000b5594688,0x00000000b5600000)
 Metaspace       used 6596K, capacity 6920K, committed 7168K, reserved 8192K
}

