# JRE version: Java(TM) SE Runtime Environment (8.0_20-b26) (build 1.8.0_20-b26)
# Java VM: Java HotSpot(TM) 64-Bit Server VM (25.20-b23 mixed mode windows-amd64 )
Heap:
 PSYoungGen      total 975872K, used 91513K [0x00000008d5580000, 0x000000092cf80000, 0x0000000d00000000)
  eden space 671744K, 13% used [0x00000008d5580000,0x00000008daede5e8,0x00000008fe580000)
  from space 304128K, 0% used [0x00000008fe580000,0x00000008fe580000,0x0000000910e80000)
  to   space 347648K, 0% used [0x0000000917c00000,0x0000000917c00000,0x000000092cf80000)
 ParOldGen       total 1218560K, used 749307K [0x0000000080000000, 0x00000000ca600000, 0x00000008d5580000)
  object space 1218560K, 61% used [0x0000000080000000,0x00000000adbbed38,0x00000000ca600000)
 Metaspace       used 7434K, capacity 7512K, committed 7680K, reserved 8192K
GC Heap History (10 events):
Event: 33.121 GC heap before
{Heap before GC invocations=29 (full 5):
 PSYoungGen      total 878592K, used 831366K [0x00000008d5580000, 0x0000000920480000, 0x0000000d00000000)
  eden space 646144K, 100% used [0x00000008d5580000,0x00000008fcc80000,0x00000008fcc80000)
  from space 232448K, 79% used [0x00000008fcc80000,0x0000000908161b48,0x000000090af80000)
  to   space 251904K, 0% used [0x0000000910e80000,0x0000000910e80000,0x0000000920480000)
 ParOldGen       total 1140736K, used 847461K [0x0000000080000000, 0x00000000c5a00000, 0x00000008d5580000)
  object space 1140736K, 74% used [0x0000000080000000,0x00000000b3b997a8,0x00000000c5a00000)
 Metaspace       used 6593K, capacity 6920K, committed 7168K, reserved 8192K
Event: 33.560 GC heap after
Heap after GC invocations=29 (full 5):
 PSYoungGen      total 923648K, used 251880K [0x00000008d5580000, 0x0000000927380000, 0x0000000d00000000)
  eden space 671744K, 0% used [0x00000008d5580000,0x00000008d5580000,0x00000008fe580000)
  from space 251904K, 99% used [0x0000000910e80000,0x000000092047a300,0x0000000920480000)
  to   space 304128K, 0% used [0x00000008fe580000,0x00000008fe580000,0x0000000910e80000)
 ParOldGen       total 1140736K, used 882331K [0x0000000080000000, 0x00000000c5a00000, 0x00000008d5580000)
  object space 1140736K, 77% used [0x0000000080000000,0x00000000b5da6e88,0x00000000c5a00000)
 Metaspace       used 6593K, capacity 6920K, committed 7168K, reserved 8192K
}
Event: 35.910 GC heap before
{Heap before GC invocations=30 (full 5):
 PSYoungGen      total 923648K, used 923624K [0x00000008d5580000, 0x0000000927380000, 0x0000000d00000000)
  eden space 671744K, 100% used [0x00000008d5580000,0x00000008fe580000,0x00000008fe580000)
  from space 251904K, 99% used [0x0000000910e80000,0x000000092047a300,0x0000000920480000)
  to   space 304128K, 0% used [0x00000008fe580000,0x00000008fe580000,0x0000000910e80000)
 ParOldGen       total 1140736K, used 882331K [0x0000000080000000, 0x00000000c5a00000, 0x00000008d5580000)
  object space 1140736K, 77% used [0x0000000080000000,0x00000000b5da6e88,0x00000000c5a00000)
 Metaspace       used 6669K, capacity 6920K, committed 7168K, reserved 8192K
Event: 36.326 GC heap after
Heap after GC invocations=30 (full 5):
 PSYoungGen      total 975872K, used 289789K [0x00000008d5580000, 0x000000092cf80000, 0x0000000d00000000)
  eden space 671744K, 0% used [0x00000008d5580000,0x00000008d5580000,0x00000008fe580000)
  from space 304128K, 95% used [0x00000008fe580000,0x000000091007f530,0x0000000910e80000)
  to   space 347648K, 0% used [0x0000000917c00000,0x0000000917c00000,0x000000092cf80000)
 ParOldGen       total 1140736K, used 947169K [0x0000000080000000, 0x00000000c5a00000, 0x00000008d5580000)
  object space 1140736K, 83% used [0x0000000080000000,0x00000000b9cf8528,0x00000000c5a00000)
 Metaspace       used 6669K, capacity 6920K, committed 7168K, reserved 8192K
}
Event: 37.404 GC heap before
{Heap before GC invocations=31 (full 5):
 PSYoungGen      total 975872K, used 961533K [0x00000008d5580000, 0x000000092cf80000, 0x0000000d00000000)
  eden space 671744K, 100% used [0x00000008d5580000,0x00000008fe580000,0x00000008fe580000)
  from space 304128K, 95% used [0x00000008fe580000,0x000000091007f530,0x0000000910e80000)
  to   space 347648K, 0% used [0x0000000917c00000,0x0000000917c00000,0x000000092cf80000)
 ParOldGen       total 1140736K, used 947169K [0x0000000080000000, 0x00000000c5a00000, 0x00000008d5580000)
  object space 1140736K, 83% used [0x0000000080000000,0x00000000b9cf8528,0x00000000c5a00000)
 Metaspace       used 6700K, capacity 6984K, committed 7168K, reserved 8192K
Event: 37.838 GC heap after
Heap after GC invocations=31 (full 5):
 PSYoungGen      total 1019392K, used 347620K [0x00000008d5580000, 0x000000092cf80000, 0x0000000d00000000)
  eden space 671744K, 0% used [0x00000008d5580000,0x00000008d5580000,0x00000008fe580000)
  from space 347648K, 99% used [0x0000000917c00000,0x000000092cf79250,0x000000092cf80000)
  to   space 304128K, 0% used [0x00000008fe580000,0x00000008fe580000,0x0000000910e80000)
 ParOldGen       total 1140736K, used 1002698K [0x0000000080000000, 0x00000000c5a00000, 0x00000008d5580000)
  object space 1140736K, 87% used [0x0000000080000000,0x00000000bd3328e8,0x00000000c5a00000)
 Metaspace       used 6700K, capacity 6984K, committed 7168K, reserved 8192K
}
Event: 42.946 GC heap before
{Heap before GC invocations=32 (full 5):
 PSYoungGen      total 1019392K, used 1019364K [0x00000008d5580000, 0x000000092cf80000, 0x0000000d00000000)
  eden space 671744K, 100% used [0x00000008d5580000,0x00000008fe580000,0x00000008fe580000)
  from space 347648K, 99% used [0x0000000917c00000,0x000000092cf79250,0x000000092cf80000)
  to   space 304128K, 0% used [0x00000008fe580000,0x00000008fe580000,0x0000000910e80000)
 ParOldGen       total 1140736K, used 1002698K [0x0000000080000000, 0x00000000c5a00000, 0x00000008d5580000)
  object space 1140736K, 87% used [0x0000000080000000,0x00000000bd3328e8,0x00000000c5a00000)
 Metaspace       used 7417K, capacity 7512K, committed 7680K, reserved 8192K
Event: 43.381 GC heap after
Heap after GC invocations=32 (full 5):
 PSYoungGen      total 975872K, used 220670K [0x00000008d5580000, 0x000000092cf80000, 0x0000000d00000000)
  eden space 671744K, 0% used [0x00000008d5580000,0x00000008d5580000,0x00000008fe580000)
  from space 304128K, 72% used [0x00000008fe580000,0x000000090bcff8c0,0x0000000910e80000)
  to   space 347648K, 0% used [0x0000000917c00000,0x0000000917c00000,0x000000092cf80000)
 ParOldGen       total 1145344K, used 1145116K [0x0000000080000000, 0x00000000c5e80000, 0x00000008d5580000)
  object space 1145344K, 99% used [0x0000000080000000,0x00000000c5e470b0,0x00000000c5e80000)
 Metaspace       used 7417K, capacity 7512K, committed 7680K, reserved 8192K
}
Event: 43.381 GC heap before
{Heap before GC invocations=33 (full 6):
 PSYoungGen      total 975872K, used 220670K [0x00000008d5580000, 0x000000092cf80000, 0x0000000d00000000)
  eden space 671744K, 0% used [0x00000008d5580000,0x00000008d5580000,0x00000008fe580000)
  from space 304128K, 72% used [0x00000008fe580000,0x000000090bcff8c0,0x0000000910e80000)
  to   space 347648K, 0% used [0x0000000917c00000,0x0000000917c00000,0x000000092cf80000)
 ParOldGen       total 1145344K, used 1145116K [0x0000000080000000, 0x00000000c5e80000, 0x00000008d5580000)
  object space 1145344K, 99% used [0x0000000080000000,0x00000000c5e470b0,0x00000000c5e80000)
 Metaspace       used 7417K, capacity 7512K, committed 7680K, reserved 8192K
Event: 47.718 GC heap after
Heap after GC invocations=33 (full 6):
 PSYoungGen      total 975872K, used 0K [0x00000008d5580000, 0x000000092cf80000, 0x0000000d00000000)
  eden space 671744K, 0% used [0x00000008d5580000,0x00000008d5580000,0x00000008fe580000)
  from space 304128K, 0% used [0x00000008fe580000,0x00000008fe580000,0x0000000910e80000)
  to   space 347648K, 0% used [0x0000000917c00000,0x0000000917c00000,0x000000092cf80000)
 ParOldGen       total 1218560K, used 749307K [0x0000000080000000, 0x00000000ca600000, 0x00000008d5580000)
  object space 1218560K, 61% used [0x0000000080000000,0x00000000adbbed38,0x00000000ca600000)
 Metaspace       used 7417K, capacity 7512K, committed 7680K, reserved 8192K
}

