# JRE version: Java(TM) SE Runtime Environment (8.0_20-b26) (build 1.8.0_20-b26)
# Java VM: Java HotSpot(TM) 64-Bit Server VM (25.20-b23 mixed mode windows-amd64 )
Heap:
 PSYoungGen      total 1122304K, used 327373K [0x00000008d5580000, 0x0000000935800000, 0x0000000d00000000)
  eden space 775680K, 28% used [0x00000008d5580000,0x00000008e2e69bb8,0x0000000904b00000)
  from space 346624K, 30% used [0x0000000904b00000,0x000000090b1c9a80,0x0000000919d80000)
  to   space 342016K, 0% used [0x0000000920a00000,0x0000000920a00000,0x0000000935800000)
 ParOldGen       total 897536K, used 897415K [0x0000000080000000, 0x00000000b6c80000, 0x00000008d5580000)
  object space 897536K, 99% used [0x0000000080000000,0x00000000b6c61db8,0x00000000b6c80000)
 Metaspace       used 6591K, capacity 6920K, committed 7168K, reserved 8192K
GC Heap History (10 events):
Event: 16.936 GC heap before
{Heap before GC invocations=18 (full 4):
 PSYoungGen      total 933376K, used 155150K [0x00000008d5580000, 0x000000091e800000, 0x0000000d00000000)
  eden space 740864K, 0% used [0x00000008d5580000,0x00000008d5580000,0x0000000902900000)
  from space 192512K, 80% used [0x000000090f880000,0x0000000919003af0,0x000000091b480000)
  to   space 212480K, 0% used [0x0000000902900000,0x0000000902900000,0x000000090f880000)
 ParOldGen       total 520192K, used 477121K [0x0000000080000000, 0x000000009fc00000, 0x00000008d5580000)
  object space 520192K, 91% used [0x0000000080000000,0x000000009d1f0628,0x000000009fc00000)
 Metaspace       used 6580K, capacity 6920K, committed 7168K, reserved 8192K
Event: 18.919 GC heap after
Heap after GC invocations=18 (full 4):
 PSYoungGen      total 933376K, used 103706K [0x00000008d5580000, 0x000000091e800000, 0x0000000d00000000)
  eden space 740864K, 0% used [0x00000008d5580000,0x00000008d5580000,0x0000000902900000)
  from space 192512K, 53% used [0x000000090f880000,0x0000000915dc6ac0,0x000000091b480000)
  to   space 212480K, 0% used [0x0000000902900000,0x0000000902900000,0x000000090f880000)
 ParOldGen       total 824832K, used 519711K [0x0000000080000000, 0x00000000b2580000, 0x00000008d5580000)
  object space 824832K, 63% used [0x0000000080000000,0x000000009fb87eb0,0x00000000b2580000)
 Metaspace       used 6580K, capacity 6920K, committed 7168K, reserved 8192K
}
Event: 20.815 GC heap before
{Heap before GC invocations=19 (full 4):
 PSYoungGen      total 933376K, used 844570K [0x00000008d5580000, 0x000000091e800000, 0x0000000d00000000)
  eden space 740864K, 100% used [0x00000008d5580000,0x0000000902900000,0x0000000902900000)
  from space 192512K, 53% used [0x000000090f880000,0x0000000915dc6ac0,0x000000091b480000)
  to   space 212480K, 0% used [0x0000000902900000,0x0000000902900000,0x000000090f880000)
 ParOldGen       total 824832K, used 519711K [0x0000000080000000, 0x00000000b2580000, 0x00000008d5580000)
  object space 824832K, 63% used [0x0000000080000000,0x000000009fb87eb0,0x00000000b2580000)
 Metaspace       used 6591K, capacity 6920K, committed 7168K, reserved 8192K
Event: 21.085 GC heap after
Heap after GC invocations=19 (full 4):
 PSYoungGen      total 953344K, used 212457K [0x00000008d5580000, 0x0000000929400000, 0x0000000d00000000)
  eden space 740864K, 0% used [0x00000008d5580000,0x00000008d5580000,0x0000000902900000)
  from space 212480K, 99% used [0x0000000902900000,0x000000090f87a690,0x000000090f880000)
  to   space 252416K, 0% used [0x0000000919d80000,0x0000000919d80000,0x0000000929400000)
 ParOldGen       total 824832K, used 528448K [0x0000000080000000, 0x00000000b2580000, 0x00000008d5580000)
  object space 824832K, 64% used [0x0000000080000000,0x00000000a0410388,0x00000000b2580000)
 Metaspace       used 6591K, capacity 6920K, committed 7168K, reserved 8192K
}
Event: 23.331 GC heap before
{Heap before GC invocations=20 (full 4):
 PSYoungGen      total 953344K, used 953321K [0x00000008d5580000, 0x0000000929400000, 0x0000000d00000000)
  eden space 740864K, 100% used [0x00000008d5580000,0x0000000902900000,0x0000000902900000)
  from space 212480K, 99% used [0x0000000902900000,0x000000090f87a690,0x000000090f880000)
  to   space 252416K, 0% used [0x0000000919d80000,0x0000000919d80000,0x0000000929400000)
 ParOldGen       total 824832K, used 528448K [0x0000000080000000, 0x00000000b2580000, 0x00000008d5580000)
  object space 824832K, 64% used [0x0000000080000000,0x00000000a0410388,0x00000000b2580000)
 Metaspace       used 6591K, capacity 6920K, committed 7168K, reserved 8192K
Event: 23.707 GC heap after
Heap after GC invocations=20 (full 4):
 PSYoungGen      total 1028096K, used 252387K [0x00000008d5580000, 0x0000000935680000, 0x0000000d00000000)
  eden space 775680K, 0% used [0x00000008d5580000,0x00000008d5580000,0x0000000904b00000)
  from space 252416K, 99% used [0x0000000919d80000,0x00000009293f8c50,0x0000000929400000)
  to   space 346624K, 0% used [0x0000000904b00000,0x0000000904b00000,0x0000000919d80000)
 ParOldGen       total 824832K, used 665538K [0x0000000080000000, 0x00000000b2580000, 0x00000008d5580000)
  object space 824832K, 80% used [0x0000000080000000,0x00000000a89f0878,0x00000000b2580000)
 Metaspace       used 6591K, capacity 6920K, committed 7168K, reserved 8192K
}
Event: 25.313 GC heap before
{Heap before GC invocations=21 (full 4):
 PSYoungGen      total 1028096K, used 1028067K [0x00000008d5580000, 0x0000000935680000, 0x0000000d00000000)
  eden space 775680K, 100% used [0x00000008d5580000,0x0000000904b00000,0x0000000904b00000)
  from space 252416K, 99% used [0x0000000919d80000,0x00000009293f8c50,0x0000000929400000)
  to   space 346624K, 0% used [0x0000000904b00000,0x0000000904b00000,0x0000000919d80000)
 ParOldGen       total 824832K, used 665538K [0x0000000080000000, 0x00000000b2580000, 0x00000008d5580000)
  object space 824832K, 80% used [0x0000000080000000,0x00000000a89f0878,0x00000000b2580000)
 Metaspace       used 6591K, capacity 6920K, committed 7168K, reserved 8192K
Event: 25.809 GC heap after
Heap after GC invocations=21 (full 4):
 PSYoungGen      total 1122304K, used 168838K [0x00000008d5580000, 0x0000000935800000, 0x0000000d00000000)
  eden space 775680K, 0% used [0x00000008d5580000,0x00000008d5580000,0x0000000904b00000)
  from space 346624K, 48% used [0x0000000904b00000,0x000000090efe1bd8,0x0000000919d80000)
  to   space 342016K, 0% used [0x0000000920a00000,0x0000000920a00000,0x0000000935800000)
 ParOldGen       total 897536K, used 897361K [0x0000000080000000, 0x00000000b6c80000, 0x00000008d5580000)
  object space 897536K, 99% used [0x0000000080000000,0x00000000b6c547d8,0x00000000b6c80000)
 Metaspace       used 6591K, capacity 6920K, committed 7168K, reserved 8192K
}
Event: 25.809 GC heap before
{Heap before GC invocations=22 (full 5):
 PSYoungGen      total 1122304K, used 168838K [0x00000008d5580000, 0x0000000935800000, 0x0000000d00000000)
  eden space 775680K, 0% used [0x00000008d5580000,0x00000008d5580000,0x0000000904b00000)
  from space 346624K, 48% used [0x0000000904b00000,0x000000090efe1bd8,0x0000000919d80000)
  to   space 342016K, 0% used [0x0000000920a00000,0x0000000920a00000,0x0000000935800000)
 ParOldGen       total 897536K, used 897361K [0x0000000080000000, 0x00000000b6c80000, 0x00000008d5580000)
  object space 897536K, 99% used [0x0000000080000000,0x00000000b6c547d8,0x00000000b6c80000)
 Metaspace       used 6591K, capacity 6920K, committed 7168K, reserved 8192K
Event: 29.688 GC heap after
Heap after GC invocations=22 (full 5):
 PSYoungGen      total 1122304K, used 105254K [0x00000008d5580000, 0x0000000935800000, 0x0000000d00000000)
  eden space 775680K, 0% used [0x00000008d5580000,0x00000008d5580000,0x0000000904b00000)
  from space 346624K, 30% used [0x0000000904b00000,0x000000090b1c9a80,0x0000000919d80000)
  to   space 342016K, 0% used [0x0000000920a00000,0x0000000920a00000,0x0000000935800000)
 ParOldGen       total 897536K, used 897415K [0x0000000080000000, 0x00000000b6c80000, 0x00000008d5580000)
  object space 897536K, 99% used [0x0000000080000000,0x00000000b6c61db8,0x00000000b6c80000)
 Metaspace       used 6591K, capacity 6920K, committed 7168K, reserved 8192K
}

