# JRE version: Java(TM) SE Runtime Environment (8.0_20-b26) (build 1.8.0_20-b26)
# Java VM: Java HotSpot(TM) 64-Bit Server VM (25.20-b23 mixed mode windows-amd64 )
Heap:
 PSYoungGen      total 1261056K, used 829138K [0x00000008d5580000, 0x000000094a580000, 0x0000000d00000000)
  eden space 778240K, 44% used [0x00000008d5580000,0x00000008ea7b98e8,0x0000000904d80000)
  from space 482816K, 99% used [0x0000000904d80000,0x00000009224fb0b0,0x0000000922500000)
  to   space 512512K, 0% used [0x000000092b100000,0x000000092b100000,0x000000094a580000)
 ParOldGen       total 1274880K, used 1028063K [0x0000000080000000, 0x00000000cdd00000, 0x00000008d5580000)
  object space 1274880K, 80% used [0x0000000080000000,0x00000000bebf7da8,0x00000000cdd00000)
 Metaspace       used 7455K, capacity 7512K, committed 7680K, reserved 8192K
GC Heap History (10 events):
Event: 29.237 GC heap before
{Heap before GC invocations=24 (full 5):
 PSYoungGen      total 1067520K, used 378354K [0x00000008d5580000, 0x0000000942e80000, 0x0000000d00000000)
  eden space 689152K, 0% used [0x00000008d5580000,0x00000008d5580000,0x00000008ff680000)
  from space 378368K, 99% used [0x00000008ff680000,0x00000009167fca00,0x0000000916800000)
  to   space 500224K, 0% used [0x0000000924600000,0x0000000924600000,0x0000000942e80000)
 ParOldGen       total 882176K, used 865479K [0x0000000080000000, 0x00000000b5d80000, 0x00000008d5580000)
  object space 882176K, 98% used [0x0000000080000000,0x00000000b4d31c90,0x00000000b5d80000)
 Metaspace       used 6607K, capacity 6920K, committed 7168K, reserved 8192K
Event: 33.038 GC heap after
Heap after GC invocations=24 (full 5):
 PSYoungGen      total 1067520K, used 203376K [0x00000008d5580000, 0x0000000942e80000, 0x0000000d00000000)
  eden space 689152K, 0% used [0x00000008d5580000,0x00000008d5580000,0x00000008ff680000)
  from space 378368K, 53% used [0x00000008ff680000,0x000000090bd1c048,0x0000000916800000)
  to   space 500224K, 0% used [0x0000000924600000,0x0000000924600000,0x0000000942e80000)
 ParOldGen       total 1274880K, used 881776K [0x0000000080000000, 0x00000000cdd00000, 0x00000008d5580000)
  object space 1274880K, 69% used [0x0000000080000000,0x00000000b5d1c350,0x00000000cdd00000)
 Metaspace       used 6607K, capacity 6920K, committed 7168K, reserved 8192K
}
Event: 34.210 GC heap before
{Heap before GC invocations=25 (full 5):
 PSYoungGen      total 1067520K, used 892528K [0x00000008d5580000, 0x0000000942e80000, 0x0000000d00000000)
  eden space 689152K, 100% used [0x00000008d5580000,0x00000008ff680000,0x00000008ff680000)
  from space 378368K, 53% used [0x00000008ff680000,0x000000090bd1c048,0x0000000916800000)
  to   space 500224K, 0% used [0x0000000924600000,0x0000000924600000,0x0000000942e80000)
 ParOldGen       total 1274880K, used 881776K [0x0000000080000000, 0x00000000cdd00000, 0x00000008d5580000)
  object space 1274880K, 69% used [0x0000000080000000,0x00000000b5d1c350,0x00000000cdd00000)
 Metaspace       used 6608K, capacity 6920K, committed 7168K, reserved 8192K
Event: 34.675 GC heap after
Heap after GC invocations=25 (full 5):
 PSYoungGen      total 1227264K, used 217290K [0x00000008d5580000, 0x000000093fc80000, 0x0000000d00000000)
  eden space 778240K, 0% used [0x00000008d5580000,0x00000008d5580000,0x0000000904d80000)
  from space 449024K, 48% used [0x0000000924600000,0x0000000931a32860,0x000000093fc80000)
  to   space 482816K, 0% used [0x0000000904d80000,0x0000000904d80000,0x0000000922500000)
 ParOldGen       total 1274880K, used 927791K [0x0000000080000000, 0x00000000cdd00000, 0x00000008d5580000)
  object space 1274880K, 72% used [0x0000000080000000,0x00000000b8a0bd10,0x00000000cdd00000)
 Metaspace       used 6608K, capacity 6920K, committed 7168K, reserved 8192K
}
Event: 36.014 GC heap before
{Heap before GC invocations=26 (full 5):
 PSYoungGen      total 1227264K, used 995530K [0x00000008d5580000, 0x000000093fc80000, 0x0000000d00000000)
  eden space 778240K, 100% used [0x00000008d5580000,0x0000000904d80000,0x0000000904d80000)
  from space 449024K, 48% used [0x0000000924600000,0x0000000931a32860,0x000000093fc80000)
  to   space 482816K, 0% used [0x0000000904d80000,0x0000000904d80000,0x0000000922500000)
 ParOldGen       total 1274880K, used 927791K [0x0000000080000000, 0x00000000cdd00000, 0x00000008d5580000)
  object space 1274880K, 72% used [0x0000000080000000,0x00000000b8a0bd10,0x00000000cdd00000)
 Metaspace       used 6608K, capacity 6920K, committed 7168K, reserved 8192K
Event: 36.477 GC heap after
Heap after GC invocations=26 (full 5):
 PSYoungGen      total 1261056K, used 342162K [0x00000008d5580000, 0x000000094a580000, 0x0000000d00000000)
  eden space 778240K, 0% used [0x00000008d5580000,0x00000008d5580000,0x0000000904d80000)
  from space 482816K, 70% used [0x0000000904d80000,0x0000000919ba4808,0x0000000922500000)
  to   space 512512K, 0% used [0x000000092b100000,0x000000092b100000,0x000000094a580000)
 ParOldGen       total 1274880K, used 927791K [0x0000000080000000, 0x00000000cdd00000, 0x00000008d5580000)
  object space 1274880K, 72% used [0x0000000080000000,0x00000000b8a0bd10,0x00000000cdd00000)
 Metaspace       used 6608K, capacity 6920K, committed 7168K, reserved 8192K
}
Event: 37.954 GC heap before
{Heap before GC invocations=27 (full 5):
 PSYoungGen      total 1261056K, used 1120402K [0x00000008d5580000, 0x000000094a580000, 0x0000000d00000000)
  eden space 778240K, 100% used [0x00000008d5580000,0x0000000904d80000,0x0000000904d80000)
  from space 482816K, 70% used [0x0000000904d80000,0x0000000919ba4808,0x0000000922500000)
  to   space 512512K, 0% used [0x000000092b100000,0x000000092b100000,0x000000094a580000)
 ParOldGen       total 1274880K, used 927791K [0x0000000080000000, 0x00000000cdd00000, 0x00000008d5580000)
  object space 1274880K, 72% used [0x0000000080000000,0x00000000b8a0bd10,0x00000000cdd00000)
 Metaspace       used 6706K, capacity 6984K, committed 7168K, reserved 8192K
Event: 38.730 GC heap after
Heap after GC invocations=27 (full 5):
 PSYoungGen      total 1290752K, used 462761K [0x00000008d5580000, 0x000000094a580000, 0x0000000d00000000)
  eden space 778240K, 0% used [0x00000008d5580000,0x00000008d5580000,0x0000000904d80000)
  from space 512512K, 90% used [0x000000092b100000,0x00000009474ea7a8,0x000000094a580000)
  to   space 482816K, 0% used [0x0000000904d80000,0x0000000904d80000,0x0000000922500000)
 ParOldGen       total 1274880K, used 927791K [0x0000000080000000, 0x00000000cdd00000, 0x00000008d5580000)
  object space 1274880K, 72% used [0x0000000080000000,0x00000000b8a0bd10,0x00000000cdd00000)
 Metaspace       used 6706K, capacity 6984K, committed 7168K, reserved 8192K
}
Event: 40.144 GC heap before
{Heap before GC invocations=28 (full 5):
 PSYoungGen      total 1290752K, used 1241001K [0x00000008d5580000, 0x000000094a580000, 0x0000000d00000000)
  eden space 778240K, 100% used [0x00000008d5580000,0x0000000904d80000,0x0000000904d80000)
  from space 512512K, 90% used [0x000000092b100000,0x00000009474ea7a8,0x000000094a580000)
  to   space 482816K, 0% used [0x0000000904d80000,0x0000000904d80000,0x0000000922500000)
 ParOldGen       total 1274880K, used 927791K [0x0000000080000000, 0x00000000cdd00000, 0x00000008d5580000)
  object space 1274880K, 72% used [0x0000000080000000,0x00000000b8a0bd10,0x00000000cdd00000)
 Metaspace       used 6749K, capacity 6984K, committed 7168K, reserved 8192K
Event: 40.774 GC heap after
Heap after GC invocations=28 (full 5):
 PSYoungGen      total 1261056K, used 482796K [0x00000008d5580000, 0x000000094a580000, 0x0000000d00000000)
  eden space 778240K, 0% used [0x00000008d5580000,0x00000008d5580000,0x0000000904d80000)
  from space 482816K, 99% used [0x0000000904d80000,0x00000009224fb0b0,0x0000000922500000)
  to   space 512512K, 0% used [0x000000092b100000,0x000000092b100000,0x000000094a580000)
 ParOldGen       total 1274880K, used 1028063K [0x0000000080000000, 0x00000000cdd00000, 0x00000008d5580000)
  object space 1274880K, 80% used [0x0000000080000000,0x00000000bebf7da8,0x00000000cdd00000)
 Metaspace       used 6749K, capacity 6984K, committed 7168K, reserved 8192K
}

