# JRE version: OpenJDK Runtime Environment (8.0_112-b06) (build 1.8.0_112-release-b06)
# Java VM: OpenJDK 64-Bit Server VM (25.112-b06 mixed mode windows-amd64 )
Heap:
 PSYoungGen      total 1345024K, used 854746K [0x00000008d5580000, 0x000000095b480000, 0x0000000d00000000)
  eden space 796160K, 38% used [0x00000008d5580000,0x00000008e82d1638,0x0000000905f00000)
  from space 548864K, 99% used [0x000000092d180000,0x000000094e6e5550,0x000000094e980000)
  to   space 641536K, 0% used [0x0000000905f00000,0x0000000905f00000,0x000000092d180000)
 ParOldGen       total 1169408K, used 837029K [0x0000000080000000, 0x00000000c7600000, 0x00000008d5580000)
  object space 1169408K, 71% used [0x0000000080000000,0x00000000b3169728,0x00000000c7600000)
 Metaspace       used 6523K, capacity 6920K, committed 7168K, reserved 8192K
GC Heap History (10 events):
Event: 26.587 GC heap before
{Heap before GC invocations=21 (full 5):
 PSYoungGen      total 992768K, used 278497K [0x00000008d5580000, 0x000000093a780000, 0x0000000d00000000)
  eden space 714240K, 0% used [0x00000008d5580000,0x00000008d5580000,0x0000000900f00000)
  from space 278528K, 99% used [0x0000000919b00000,0x000000092aaf8738,0x000000092ab00000)
  to   space 405504K, 0% used [0x0000000900f00000,0x0000000900f00000,0x0000000919b00000)
 ParOldGen       total 775168K, used 712399K [0x0000000080000000, 0x00000000af500000, 0x00000008d5580000)
  object space 775168K, 91% used [0x0000000080000000,0x00000000ab7b3d48,0x00000000af500000)
 Metaspace       used 6446K, capacity 6856K, committed 6912K, reserved 8192K
Event: 28.654 GC heap after
Heap after GC invocations=21 (full 5):
 PSYoungGen      total 992768K, used 191974K [0x00000008d5580000, 0x000000093a780000, 0x0000000d00000000)
  eden space 714240K, 0% used [0x00000008d5580000,0x00000008d5580000,0x0000000900f00000)
  from space 278528K, 68% used [0x0000000919b00000,0x0000000925679930,0x000000092ab00000)
  to   space 405504K, 0% used [0x0000000900f00000,0x0000000900f00000,0x0000000919b00000)
 ParOldGen       total 1169408K, used 774734K [0x0000000080000000, 0x00000000c7600000, 0x00000008d5580000)
  object space 1169408K, 66% used [0x0000000080000000,0x00000000af493b08,0x00000000c7600000)
 Metaspace       used 6446K, capacity 6856K, committed 6912K, reserved 8192K
}
Event: 30.657 GC heap before
{Heap before GC invocations=22 (full 5):
 PSYoungGen      total 992768K, used 906214K [0x00000008d5580000, 0x000000093a780000, 0x0000000d00000000)
  eden space 714240K, 100% used [0x00000008d5580000,0x0000000900f00000,0x0000000900f00000)
  from space 278528K, 68% used [0x0000000919b00000,0x0000000925679930,0x000000092ab00000)
  to   space 405504K, 0% used [0x0000000900f00000,0x0000000900f00000,0x0000000919b00000)
 ParOldGen       total 1169408K, used 774734K [0x0000000080000000, 0x00000000c7600000, 0x00000008d5580000)
  object space 1169408K, 66% used [0x0000000080000000,0x00000000af493b08,0x00000000c7600000)
 Metaspace       used 6446K, capacity 6856K, committed 6912K, reserved 8192K
Event: 31.223 GC heap after
Heap after GC invocations=22 (full 5):
 PSYoungGen      total 1119744K, used 376274K [0x00000008d5580000, 0x000000093f080000, 0x0000000d00000000)
  eden space 714240K, 0% used [0x00000008d5580000,0x00000008d5580000,0x0000000900f00000)
  from space 405504K, 92% used [0x0000000900f00000,0x0000000917e74b90,0x0000000919b00000)
  to   space 466432K, 0% used [0x0000000922900000,0x0000000922900000,0x000000093f080000)
 ParOldGen       total 1169408K, used 837021K [0x0000000080000000, 0x00000000c7600000, 0x00000008d5580000)
  object space 1169408K, 71% used [0x0000000080000000,0x00000000b3167728,0x00000000c7600000)
 Metaspace       used 6446K, capacity 6856K, committed 6912K, reserved 8192K
}
Event: 32.690 GC heap before
{Heap before GC invocations=23 (full 5):
 PSYoungGen      total 1119744K, used 1090514K [0x00000008d5580000, 0x000000093f080000, 0x0000000d00000000)
  eden space 714240K, 100% used [0x00000008d5580000,0x0000000900f00000,0x0000000900f00000)
  from space 405504K, 92% used [0x0000000900f00000,0x0000000917e74b90,0x0000000919b00000)
  to   space 466432K, 0% used [0x0000000922900000,0x0000000922900000,0x000000093f080000)
 ParOldGen       total 1169408K, used 837021K [0x0000000080000000, 0x00000000c7600000, 0x00000008d5580000)
  object space 1169408K, 71% used [0x0000000080000000,0x00000000b3167728,0x00000000c7600000)
 Metaspace       used 6447K, capacity 6856K, committed 6912K, reserved 8192K
Event: 32.978 GC heap after
Heap after GC invocations=23 (full 5):
 PSYoungGen      total 1242624K, used 305048K [0x00000008d5580000, 0x0000000942200000, 0x0000000d00000000)
  eden space 776192K, 0% used [0x00000008d5580000,0x00000008d5580000,0x0000000904b80000)
  from space 466432K, 65% used [0x0000000922900000,0x00000009352e62b8,0x000000093f080000)
  to   space 488960K, 0% used [0x0000000904b80000,0x0000000904b80000,0x0000000922900000)
 ParOldGen       total 1169408K, used 837021K [0x0000000080000000, 0x00000000c7600000, 0x00000008d5580000)
  object space 1169408K, 71% used [0x0000000080000000,0x00000000b3167728,0x00000000c7600000)
 Metaspace       used 6447K, capacity 6856K, committed 6912K, reserved 8192K
}
Event: 33.941 GC heap before
{Heap before GC invocations=24 (full 5):
 PSYoungGen      total 1242624K, used 1081240K [0x00000008d5580000, 0x0000000942200000, 0x0000000d00000000)
  eden space 776192K, 100% used [0x00000008d5580000,0x0000000904b80000,0x0000000904b80000)
  from space 466432K, 65% used [0x0000000922900000,0x00000009352e62b8,0x000000093f080000)
  to   space 488960K, 0% used [0x0000000904b80000,0x0000000904b80000,0x0000000922900000)
 ParOldGen       total 1169408K, used 837021K [0x0000000080000000, 0x00000000c7600000, 0x00000008d5580000)
  object space 1169408K, 71% used [0x0000000080000000,0x00000000b3167728,0x00000000c7600000)
 Metaspace       used 6447K, capacity 6856K, committed 6912K, reserved 8192K
Event: 34.268 GC heap after
Heap after GC invocations=24 (full 5):
 PSYoungGen      total 1265152K, used 423303K [0x00000008d5580000, 0x000000094e980000, 0x0000000d00000000)
  eden space 776192K, 0% used [0x00000008d5580000,0x00000008d5580000,0x0000000904b80000)
  from space 488960K, 86% used [0x0000000904b80000,0x000000091e8e1ff0,0x0000000922900000)
  to   space 548864K, 0% used [0x000000092d180000,0x000000092d180000,0x000000094e980000)
 ParOldGen       total 1169408K, used 837021K [0x0000000080000000, 0x00000000c7600000, 0x00000008d5580000)
  object space 1169408K, 71% used [0x0000000080000000,0x00000000b3167728,0x00000000c7600000)
 Metaspace       used 6447K, capacity 6856K, committed 6912K, reserved 8192K
}
Event: 35.081 GC heap before
{Heap before GC invocations=25 (full 5):
 PSYoungGen      total 1265152K, used 1199495K [0x00000008d5580000, 0x000000094e980000, 0x0000000d00000000)
  eden space 776192K, 100% used [0x00000008d5580000,0x0000000904b80000,0x0000000904b80000)
  from space 488960K, 86% used [0x0000000904b80000,0x000000091e8e1ff0,0x0000000922900000)
  to   space 548864K, 0% used [0x000000092d180000,0x000000092d180000,0x000000094e980000)
 ParOldGen       total 1169408K, used 837021K [0x0000000080000000, 0x00000000c7600000, 0x00000008d5580000)
  object space 1169408K, 71% used [0x0000000080000000,0x00000000b3167728,0x00000000c7600000)
 Metaspace       used 6475K, capacity 6920K, committed 7168K, reserved 8192K
Event: 35.613 GC heap after
Heap after GC invocations=25 (full 5):
 PSYoungGen      total 1345024K, used 546197K [0x00000008d5580000, 0x000000095b480000, 0x0000000d00000000)
  eden space 796160K, 0% used [0x00000008d5580000,0x00000008d5580000,0x0000000905f00000)
  from space 548864K, 99% used [0x000000092d180000,0x000000094e6e5550,0x000000094e980000)
  to   space 641536K, 0% used [0x0000000905f00000,0x0000000905f00000,0x000000092d180000)
 ParOldGen       total 1169408K, used 837029K [0x0000000080000000, 0x00000000c7600000, 0x00000008d5580000)
  object space 1169408K, 71% used [0x0000000080000000,0x00000000b3169728,0x00000000c7600000)
 Metaspace       used 6475K, capacity 6920K, committed 7168K, reserved 8192K
}

