# JRE version: Java(TM) SE Runtime Environment (8.0_20-b26) (build 1.8.0_20-b26)
# Java VM: Java HotSpot(TM) 64-Bit Server VM (25.20-b23 mixed mode windows-amd64 )
Heap:
 PSYoungGen      total 822784K, used 239610K [0x00000008d5580000, 0x000000091d080000, 0x0000000d00000000)
  eden space 583168K, 0% used [0x00000008d5580000,0x00000008d5580000,0x00000008f8f00000)
  from space 239616K, 99% used [0x00000008f8f00000,0x00000009078fe9d8,0x0000000907900000)
  to   space 262144K, 0% used [0x000000090d080000,0x000000090d080000,0x000000091d080000)
 ParOldGen       total 1139200K, used 1018391K [0x0000000080000000, 0x00000000c5880000, 0x00000008d5580000)
  object space 1139200K, 89% used [0x0000000080000000,0x00000000be285ef8,0x00000000c5880000)
 Metaspace       used 6681K, capacity 6984K, committed 7168K, reserved 8192K
GC Heap History (10 events):
Event: 28.350 GC heap before
{Heap before GC invocations=25 (full 5):
 PSYoungGen      total 755712K, used 568832K [0x00000008d5580000, 0x0000000912b80000, 0x0000000d00000000)
  eden space 568832K, 100% used [0x00000008d5580000,0x00000008f8100000,0x00000008f8100000)
  from space 186880K, 0% used [0x00000008f8100000,0x00000008f8100000,0x0000000903780000)
  to   space 182784K, 0% used [0x0000000907900000,0x0000000907900000,0x0000000912b80000)
 ParOldGen       total 1139200K, used 752531K [0x0000000080000000, 0x00000000c5880000, 0x00000008d5580000)
  object space 1139200K, 66% used [0x0000000080000000,0x00000000adee4f50,0x00000000c5880000)
 Metaspace       used 6603K, capacity 6920K, committed 7168K, reserved 8192K
Event: 28.456 GC heap after
Heap after GC invocations=25 (full 5):
 PSYoungGen      total 807936K, used 126213K [0x00000008d5580000, 0x0000000912e00000, 0x0000000d00000000)
  eden space 625152K, 0% used [0x00000008d5580000,0x00000008d5580000,0x00000008fb800000)
  from space 182784K, 69% used [0x0000000907900000,0x000000090f441740,0x0000000912b80000)
  to   space 191488K, 0% used [0x00000008fb800000,0x00000008fb800000,0x0000000907300000)
 ParOldGen       total 1139200K, used 752531K [0x0000000080000000, 0x00000000c5880000, 0x00000008d5580000)
  object space 1139200K, 66% used [0x0000000080000000,0x00000000adee4f50,0x00000000c5880000)
 Metaspace       used 6603K, capacity 6920K, committed 7168K, reserved 8192K
}
Event: 30.171 GC heap before
{Heap before GC invocations=26 (full 5):
 PSYoungGen      total 807936K, used 751365K [0x00000008d5580000, 0x0000000912e00000, 0x0000000d00000000)
  eden space 625152K, 100% used [0x00000008d5580000,0x00000008fb800000,0x00000008fb800000)
  from space 182784K, 69% used [0x0000000907900000,0x000000090f441740,0x0000000912b80000)
  to   space 191488K, 0% used [0x00000008fb800000,0x00000008fb800000,0x0000000907300000)
 ParOldGen       total 1139200K, used 752531K [0x0000000080000000, 0x00000000c5880000, 0x00000008d5580000)
  object space 1139200K, 66% used [0x0000000080000000,0x00000000adee4f50,0x00000000c5880000)
 Metaspace       used 6603K, capacity 6920K, committed 7168K, reserved 8192K
Event: 30.321 GC heap after
Heap after GC invocations=26 (full 5):
 PSYoungGen      total 816640K, used 191471K [0x00000008d5580000, 0x0000000912e00000, 0x0000000d00000000)
  eden space 625152K, 0% used [0x00000008d5580000,0x00000008d5580000,0x00000008fb800000)
  from space 191488K, 99% used [0x00000008fb800000,0x00000009072fbe08,0x0000000907300000)
  to   space 182784K, 0% used [0x0000000907900000,0x0000000907900000,0x0000000912b80000)
 ParOldGen       total 1139200K, used 795452K [0x0000000080000000, 0x00000000c5880000, 0x00000008d5580000)
  object space 1139200K, 69% used [0x0000000080000000,0x00000000b08cf2f8,0x00000000c5880000)
 Metaspace       used 6603K, capacity 6920K, committed 7168K, reserved 8192K
}
Event: 31.777 GC heap before
{Heap before GC invocations=27 (full 5):
 PSYoungGen      total 816640K, used 816623K [0x00000008d5580000, 0x0000000912e00000, 0x0000000d00000000)
  eden space 625152K, 100% used [0x00000008d5580000,0x00000008fb800000,0x00000008fb800000)
  from space 191488K, 99% used [0x00000008fb800000,0x00000009072fbe08,0x0000000907300000)
  to   space 182784K, 0% used [0x0000000907900000,0x0000000907900000,0x0000000912b80000)
 ParOldGen       total 1139200K, used 795452K [0x0000000080000000, 0x00000000c5880000, 0x00000008d5580000)
  object space 1139200K, 69% used [0x0000000080000000,0x00000000b08cf2f8,0x00000000c5880000)
 Metaspace       used 6603K, capacity 6920K, committed 7168K, reserved 8192K
Event: 31.973 GC heap after
Heap after GC invocations=27 (full 5):
 PSYoungGen      total 765952K, used 137941K [0x00000008d5580000, 0x000000091cb80000, 0x0000000d00000000)
  eden space 583168K, 0% used [0x00000008d5580000,0x00000008d5580000,0x00000008f8f00000)
  from space 182784K, 75% used [0x0000000907900000,0x000000090ffb5680,0x0000000912b80000)
  to   space 239616K, 0% used [0x00000008f8f00000,0x00000008f8f00000,0x0000000907900000)
 ParOldGen       total 1139200K, used 878578K [0x0000000080000000, 0x00000000c5880000, 0x00000008d5580000)
  object space 1139200K, 77% used [0x0000000080000000,0x00000000b59fc990,0x00000000c5880000)
 Metaspace       used 6603K, capacity 6920K, committed 7168K, reserved 8192K
}
Event: 32.695 GC heap before
{Heap before GC invocations=28 (full 5):
 PSYoungGen      total 765952K, used 721109K [0x00000008d5580000, 0x000000091cb80000, 0x0000000d00000000)
  eden space 583168K, 100% used [0x00000008d5580000,0x00000008f8f00000,0x00000008f8f00000)
  from space 182784K, 75% used [0x0000000907900000,0x000000090ffb5680,0x0000000912b80000)
  to   space 239616K, 0% used [0x00000008f8f00000,0x00000008f8f00000,0x0000000907900000)
 ParOldGen       total 1139200K, used 878578K [0x0000000080000000, 0x00000000c5880000, 0x00000008d5580000)
  object space 1139200K, 77% used [0x0000000080000000,0x00000000b59fc990,0x00000000c5880000)
 Metaspace       used 6603K, capacity 6920K, committed 7168K, reserved 8192K
Event: 32.826 GC heap after
Heap after GC invocations=28 (full 5):
 PSYoungGen      total 822784K, used 198206K [0x00000008d5580000, 0x000000091d080000, 0x0000000d00000000)
  eden space 583168K, 0% used [0x00000008d5580000,0x00000008d5580000,0x00000008f8f00000)
  from space 239616K, 82% used [0x00000008f8f00000,0x000000090508fb60,0x0000000907900000)
  to   space 262144K, 0% used [0x000000090d080000,0x000000090d080000,0x000000091d080000)
 ParOldGen       total 1139200K, used 878578K [0x0000000080000000, 0x00000000c5880000, 0x00000008d5580000)
  object space 1139200K, 77% used [0x0000000080000000,0x00000000b59fc990,0x00000000c5880000)
 Metaspace       used 6603K, capacity 6920K, committed 7168K, reserved 8192K
}
Event: 33.468 GC heap before
{Heap before GC invocations=29 (full 5):
 PSYoungGen      total 822784K, used 781374K [0x00000008d5580000, 0x000000091d080000, 0x0000000d00000000)
  eden space 583168K, 100% used [0x00000008d5580000,0x00000008f8f00000,0x00000008f8f00000)
  from space 239616K, 82% used [0x00000008f8f00000,0x000000090508fb60,0x0000000907900000)
  to   space 262144K, 0% used [0x000000090d080000,0x000000090d080000,0x000000091d080000)
 ParOldGen       total 1139200K, used 878578K [0x0000000080000000, 0x00000000c5880000, 0x00000008d5580000)
  object space 1139200K, 77% used [0x0000000080000000,0x00000000b59fc990,0x00000000c5880000)
 Metaspace       used 6604K, capacity 6920K, committed 7168K, reserved 8192K
Event: 33.739 GC heap after
Heap after GC invocations=29 (full 5):
 PSYoungGen      total 845312K, used 262138K [0x00000008d5580000, 0x000000091d080000, 0x0000000d00000000)
  eden space 583168K, 0% used [0x00000008d5580000,0x00000008d5580000,0x00000008f8f00000)
  from space 262144K, 99% used [0x000000090d080000,0x000000091d07e8f8,0x000000091d080000)
  to   space 239616K, 0% used [0x00000008f8f00000,0x00000008f8f00000,0x0000000907900000)
 ParOldGen       total 1139200K, used 908459K [0x0000000080000000, 0x00000000c5880000, 0x00000008d5580000)
  object space 1139200K, 79% used [0x0000000080000000,0x00000000b772ae88,0x00000000c5880000)
 Metaspace       used 6604K, capacity 6920K, committed 7168K, reserved 8192K
}

