# JRE version: Java(TM) SE Runtime Environment (8.0_20-b26) (build 1.8.0_20-b26)
# Java VM: Java HotSpot(TM) 64-Bit Server VM (25.20-b23 mixed mode windows-amd64 )
Heap:
 PSYoungGen      total 1188864K, used 826441K [0x00000008d5580000, 0x000000093c900000, 0x0000000d00000000)
  eden space 707584K, 100% used [0x00000008d5580000,0x0000000900880000,0x0000000900880000)
  from space 481280K, 24% used [0x0000000900880000,0x0000000907c92598,0x000000091de80000)
  to   space 466944K, 0% used [0x000000091de80000,0x000000091de80000,0x000000093a680000)
 ParOldGen       total 1183744K, used 1183666K [0x0000000080000000, 0x00000000c8400000, 0x00000008d5580000)
  object space 1183744K, 99% used [0x0000000080000000,0x00000000c83ec8e8,0x00000000c8400000)
 Metaspace       used 7171K, capacity 7432K, committed 7680K, reserved 8192K
GC Heap History (10 events):
Event: 41.008 GC heap after
Heap after GC invocations=25 (full 5):
 PSYoungGen      total 1174528K, used 288664K [0x00000008d5580000, 0x000000093c900000, 0x0000000d00000000)
  eden space 707584K, 0% used [0x00000008d5580000,0x00000008d5580000,0x0000000900880000)
  from space 466944K, 61% used [0x000000091de80000,0x000000092f866188,0x000000093a680000)
  to   space 481280K, 0% used [0x0000000900880000,0x0000000900880000,0x000000091de80000)
 ParOldGen       total 1183744K, used 892445K [0x0000000080000000, 0x00000000c8400000, 0x00000008d5580000)
  object space 1183744K, 75% used [0x0000000080000000,0x00000000b6787578,0x00000000c8400000)
 Metaspace       used 6606K, capacity 6920K, committed 7168K, reserved 8192K
}
Event: 43.932 GC heap before
{Heap before GC invocations=26 (full 5):
 PSYoungGen      total 1174528K, used 996248K [0x00000008d5580000, 0x000000093c900000, 0x0000000d00000000)
  eden space 707584K, 100% used [0x00000008d5580000,0x0000000900880000,0x0000000900880000)
  from space 466944K, 61% used [0x000000091de80000,0x000000092f866188,0x000000093a680000)
  to   space 481280K, 0% used [0x0000000900880000,0x0000000900880000,0x000000091de80000)
 ParOldGen       total 1183744K, used 892445K [0x0000000080000000, 0x00000000c8400000, 0x00000008d5580000)
  object space 1183744K, 75% used [0x0000000080000000,0x00000000b6787578,0x00000000c8400000)
 Metaspace       used 6607K, capacity 6920K, committed 7168K, reserved 8192K
Event: 44.352 GC heap after
Heap after GC invocations=26 (full 5):
 PSYoungGen      total 1188864K, used 400820K [0x00000008d5580000, 0x000000093c900000, 0x0000000d00000000)
  eden space 707584K, 0% used [0x00000008d5580000,0x00000008d5580000,0x0000000900880000)
  from space 481280K, 83% used [0x0000000900880000,0x0000000918fed2d8,0x000000091de80000)
  to   space 466944K, 0% used [0x000000091de80000,0x000000091de80000,0x000000093a680000)
 ParOldGen       total 1183744K, used 892445K [0x0000000080000000, 0x00000000c8400000, 0x00000008d5580000)
  object space 1183744K, 75% used [0x0000000080000000,0x00000000b6787578,0x00000000c8400000)
 Metaspace       used 6607K, capacity 6920K, committed 7168K, reserved 8192K
}
Event: 46.167 GC heap before
{Heap before GC invocations=27 (full 5):
 PSYoungGen      total 1188864K, used 1108404K [0x00000008d5580000, 0x000000093c900000, 0x0000000d00000000)
  eden space 707584K, 100% used [0x00000008d5580000,0x0000000900880000,0x0000000900880000)
  from space 481280K, 83% used [0x0000000900880000,0x0000000918fed2d8,0x000000091de80000)
  to   space 466944K, 0% used [0x000000091de80000,0x000000091de80000,0x000000093a680000)
 ParOldGen       total 1183744K, used 892445K [0x0000000080000000, 0x00000000c8400000, 0x00000008d5580000)
  object space 1183744K, 75% used [0x0000000080000000,0x00000000b6787578,0x00000000c8400000)
 Metaspace       used 6710K, capacity 6984K, committed 7168K, reserved 8192K
Event: 46.902 GC heap after
Heap after GC invocations=27 (full 5):
 PSYoungGen      total 1174528K, used 466942K [0x00000008d5580000, 0x000000093c900000, 0x0000000d00000000)
  eden space 707584K, 0% used [0x00000008d5580000,0x00000008d5580000,0x0000000900880000)
  from space 466944K, 99% used [0x000000091de80000,0x000000093a67fa50,0x000000093a680000)
  to   space 481280K, 0% used [0x0000000900880000,0x0000000900880000,0x000000091de80000)
 ParOldGen       total 1183744K, used 925256K [0x0000000080000000, 0x00000000c8400000, 0x00000008d5580000)
  object space 1183744K, 78% used [0x0000000080000000,0x00000000b87922c0,0x00000000c8400000)
 Metaspace       used 6710K, capacity 6984K, committed 7168K, reserved 8192K
}
Event: 48.230 GC heap before
{Heap before GC invocations=28 (full 5):
 PSYoungGen      total 1174528K, used 1174526K [0x00000008d5580000, 0x000000093c900000, 0x0000000d00000000)
  eden space 707584K, 100% used [0x00000008d5580000,0x0000000900880000,0x0000000900880000)
  from space 466944K, 99% used [0x000000091de80000,0x000000093a67fa50,0x000000093a680000)
  to   space 481280K, 0% used [0x0000000900880000,0x0000000900880000,0x000000091de80000)
 ParOldGen       total 1183744K, used 925256K [0x0000000080000000, 0x00000000c8400000, 0x00000008d5580000)
  object space 1183744K, 78% used [0x0000000080000000,0x00000000b87922c0,0x00000000c8400000)
 Metaspace       used 6713K, capacity 6984K, committed 7168K, reserved 8192K
Event: 49.066 GC heap after
Heap after GC invocations=28 (full 5):
 PSYoungGen      total 1188864K, used 474025K [0x00000008d5580000, 0x000000093c900000, 0x0000000d00000000)
  eden space 707584K, 0% used [0x00000008d5580000,0x00000008d5580000,0x0000000900880000)
  from space 481280K, 98% used [0x0000000900880000,0x000000091d76a400,0x000000091de80000)
  to   space 466944K, 0% used [0x000000091de80000,0x000000091de80000,0x000000093a680000)
 ParOldGen       total 1183744K, used 1042150K [0x0000000080000000, 0x00000000c8400000, 0x00000008d5580000)
  object space 1183744K, 88% used [0x0000000080000000,0x00000000bf9b9830,0x00000000c8400000)
 Metaspace       used 6713K, capacity 6984K, committed 7168K, reserved 8192K
}
Event: 49.066 GC heap before
{Heap before GC invocations=29 (full 6):
 PSYoungGen      total 1188864K, used 474025K [0x00000008d5580000, 0x000000093c900000, 0x0000000d00000000)
  eden space 707584K, 0% used [0x00000008d5580000,0x00000008d5580000,0x0000000900880000)
  from space 481280K, 98% used [0x0000000900880000,0x000000091d76a400,0x000000091de80000)
  to   space 466944K, 0% used [0x000000091de80000,0x000000091de80000,0x000000093a680000)
 ParOldGen       total 1183744K, used 1042150K [0x0000000080000000, 0x00000000c8400000, 0x00000008d5580000)
  object space 1183744K, 88% used [0x0000000080000000,0x00000000bf9b9830,0x00000000c8400000)
 Metaspace       used 6713K, capacity 6984K, committed 7168K, reserved 8192K
Event: 56.864 GC heap after
Heap after GC invocations=29 (full 6):
 PSYoungGen      total 1188864K, used 118857K [0x00000008d5580000, 0x000000093c900000, 0x0000000d00000000)
  eden space 707584K, 0% used [0x00000008d5580000,0x00000008d5580000,0x0000000900880000)
  from space 481280K, 24% used [0x0000000900880000,0x0000000907c92598,0x000000091de80000)
  to   space 466944K, 0% used [0x000000091de80000,0x000000091de80000,0x000000093a680000)
 ParOldGen       total 1183744K, used 1183666K [0x0000000080000000, 0x00000000c8400000, 0x00000008d5580000)
  object space 1183744K, 99% used [0x0000000080000000,0x00000000c83ec8e8,0x00000000c8400000)
 Metaspace       used 6713K, capacity 6984K, committed 7168K, reserved 8192K
}
Event: 62.134 GC heap before
{Heap before GC invocations=30 (full 7):
 PSYoungGen      total 1188864K, used 826441K [0x00000008d5580000, 0x000000093c900000, 0x0000000d00000000)
  eden space 707584K, 100% used [0x00000008d5580000,0x0000000900880000,0x0000000900880000)
  from space 481280K, 24% used [0x0000000900880000,0x0000000907c92598,0x000000091de80000)
  to   space 466944K, 0% used [0x000000091de80000,0x000000091de80000,0x000000093a680000)
 ParOldGen       total 1183744K, used 1183666K [0x0000000080000000, 0x00000000c8400000, 0x00000008d5580000)
  object space 1183744K, 99% used [0x0000000080000000,0x00000000c83ec8e8,0x00000000c8400000)
 Metaspace       used 7171K, capacity 7432K, committed 7680K, reserved 8192K

