# JRE version: Java(TM) SE Runtime Environment (8.0_20-b26) (build 1.8.0_20-b26)
# Java VM: Java HotSpot(TM) 64-Bit Server VM (25.20-b23 mixed mode windows-amd64 )
Heap:
 PSYoungGen      total 1193984K, used 978606K [0x00000008d5580000, 0x0000000945c00000, 0x0000000d00000000)
  eden space 781824K, 72% used [0x00000008d5580000,0x00000008f7eb3628,0x0000000905100000)
  from space 412160K, 99% used [0x0000000905100000,0x000000091e378450,0x000000091e380000)
  to   space 484352K, 0% used [0x0000000928300000,0x0000000928300000,0x0000000945c00000)
 ParOldGen       total 1181184K, used 911967K [0x0000000080000000, 0x00000000c8180000, 0x00000008d5580000)
  object space 1181184K, 77% used [0x0000000080000000,0x00000000b7a97cd8,0x00000000c8180000)
 Metaspace       used 6658K, capacity 6920K, committed 7168K, reserved 8192K
GC Heap History (10 events):
Event: 25.809 GC heap before
{Heap before GC invocations=20 (full 4):
 PSYoungGen      total 1016320K, used 1001637K [0x00000008d5580000, 0x0000000930380000, 0x0000000d00000000)
  eden space 760832K, 100% used [0x00000008d5580000,0x0000000903c80000,0x0000000903c80000)
  from space 255488K, 94% used [0x0000000903c80000,0x00000009127a96c8,0x0000000913600000)
  to   space 294912K, 0% used [0x000000091e380000,0x000000091e380000,0x0000000930380000)
 ParOldGen       total 794112K, used 510167K [0x0000000080000000, 0x00000000b0780000, 0x00000008d5580000)
  object space 794112K, 64% used [0x0000000080000000,0x000000009f235d98,0x00000000b0780000)
 Metaspace       used 6587K, capacity 6920K, committed 7168K, reserved 8192K
Event: 26.229 GC heap after
Heap after GC invocations=20 (full 4):
 PSYoungGen      total 1076736K, used 294900K [0x00000008d5580000, 0x000000093fb80000, 0x0000000d00000000)
  eden space 781824K, 0% used [0x00000008d5580000,0x00000008d5580000,0x0000000905100000)
  from space 294912K, 99% used [0x000000091e380000,0x000000093037d048,0x0000000930380000)
  to   space 412160K, 0% used [0x0000000905100000,0x0000000905100000,0x000000091e380000)
 ParOldGen       total 794112K, used 690001K [0x0000000080000000, 0x00000000b0780000, 0x00000008d5580000)
  object space 794112K, 86% used [0x0000000080000000,0x00000000aa1d4688,0x00000000b0780000)
 Metaspace       used 6587K, capacity 6920K, committed 7168K, reserved 8192K
}
Event: 26.229 GC heap before
{Heap before GC invocations=21 (full 5):
 PSYoungGen      total 1076736K, used 294900K [0x00000008d5580000, 0x000000093fb80000, 0x0000000d00000000)
  eden space 781824K, 0% used [0x00000008d5580000,0x00000008d5580000,0x0000000905100000)
  from space 294912K, 99% used [0x000000091e380000,0x000000093037d048,0x0000000930380000)
  to   space 412160K, 0% used [0x0000000905100000,0x0000000905100000,0x000000091e380000)
 ParOldGen       total 794112K, used 690001K [0x0000000080000000, 0x00000000b0780000, 0x00000008d5580000)
  object space 794112K, 86% used [0x0000000080000000,0x00000000aa1d4688,0x00000000b0780000)
 Metaspace       used 6587K, capacity 6920K, committed 7168K, reserved 8192K
Event: 29.258 GC heap after
Heap after GC invocations=21 (full 5):
 PSYoungGen      total 1076736K, used 180623K [0x00000008d5580000, 0x000000093fb80000, 0x0000000d00000000)
  eden space 781824K, 0% used [0x00000008d5580000,0x00000008d5580000,0x0000000905100000)
  from space 294912K, 61% used [0x000000091e380000,0x00000009293e3c40,0x0000000930380000)
  to   space 412160K, 0% used [0x0000000905100000,0x0000000905100000,0x000000091e380000)
 ParOldGen       total 1181184K, used 793823K [0x0000000080000000, 0x00000000c8180000, 0x00000008d5580000)
  object space 1181184K, 67% used [0x0000000080000000,0x00000000b0737db8,0x00000000c8180000)
 Metaspace       used 6587K, capacity 6920K, committed 7168K, reserved 8192K
}
Event: 30.750 GC heap before
{Heap before GC invocations=22 (full 5):
 PSYoungGen      total 1076736K, used 962447K [0x00000008d5580000, 0x000000093fb80000, 0x0000000d00000000)
  eden space 781824K, 100% used [0x00000008d5580000,0x0000000905100000,0x0000000905100000)
  from space 294912K, 61% used [0x000000091e380000,0x00000009293e3c40,0x0000000930380000)
  to   space 412160K, 0% used [0x0000000905100000,0x0000000905100000,0x000000091e380000)
 ParOldGen       total 1181184K, used 793823K [0x0000000080000000, 0x00000000c8180000, 0x00000008d5580000)
  object space 1181184K, 67% used [0x0000000080000000,0x00000000b0737db8,0x00000000c8180000)
 Metaspace       used 6587K, capacity 6920K, committed 7168K, reserved 8192K
Event: 31.173 GC heap after
Heap after GC invocations=22 (full 5):
 PSYoungGen      total 1193984K, used 410653K [0x00000008d5580000, 0x0000000945c00000, 0x0000000d00000000)
  eden space 781824K, 0% used [0x00000008d5580000,0x00000008d5580000,0x0000000905100000)
  from space 412160K, 99% used [0x0000000905100000,0x000000091e207680,0x000000091e380000)
  to   space 484352K, 0% used [0x0000000928300000,0x0000000928300000,0x0000000945c00000)
 ParOldGen       total 1181184K, used 824157K [0x0000000080000000, 0x00000000c8180000, 0x00000008d5580000)
  object space 1181184K, 69% used [0x0000000080000000,0x00000000b24d7510,0x00000000c8180000)
 Metaspace       used 6587K, capacity 6920K, committed 7168K, reserved 8192K
}
Event: 32.386 GC heap before
{Heap before GC invocations=23 (full 5):
 PSYoungGen      total 1193984K, used 1192477K [0x00000008d5580000, 0x0000000945c00000, 0x0000000d00000000)
  eden space 781824K, 100% used [0x00000008d5580000,0x0000000905100000,0x0000000905100000)
  from space 412160K, 99% used [0x0000000905100000,0x000000091e207680,0x000000091e380000)
  to   space 484352K, 0% used [0x0000000928300000,0x0000000928300000,0x0000000945c00000)
 ParOldGen       total 1181184K, used 824157K [0x0000000080000000, 0x00000000c8180000, 0x00000008d5580000)
  object space 1181184K, 69% used [0x0000000080000000,0x00000000b24d7510,0x00000000c8180000)
 Metaspace       used 6588K, capacity 6920K, committed 7168K, reserved 8192K
Event: 32.878 GC heap after
Heap after GC invocations=23 (full 5):
 PSYoungGen      total 1266176K, used 373918K [0x00000008d5580000, 0x0000000945c00000, 0x0000000d00000000)
  eden space 781824K, 0% used [0x00000008d5580000,0x00000008d5580000,0x0000000905100000)
  from space 484352K, 77% used [0x0000000928300000,0x000000093f027a28,0x0000000945c00000)
  to   space 412160K, 0% used [0x0000000905100000,0x0000000905100000,0x000000091e380000)
 ParOldGen       total 1181184K, used 824157K [0x0000000080000000, 0x00000000c8180000, 0x00000008d5580000)
  object space 1181184K, 69% used [0x0000000080000000,0x00000000b24d7510,0x00000000c8180000)
 Metaspace       used 6588K, capacity 6920K, committed 7168K, reserved 8192K
}
Event: 33.739 GC heap before
{Heap before GC invocations=24 (full 5):
 PSYoungGen      total 1266176K, used 1155742K [0x00000008d5580000, 0x0000000945c00000, 0x0000000d00000000)
  eden space 781824K, 100% used [0x00000008d5580000,0x0000000905100000,0x0000000905100000)
  from space 484352K, 77% used [0x0000000928300000,0x000000093f027a28,0x0000000945c00000)
  to   space 412160K, 0% used [0x0000000905100000,0x0000000905100000,0x000000091e380000)
 ParOldGen       total 1181184K, used 824157K [0x0000000080000000, 0x00000000c8180000, 0x00000008d5580000)
  object space 1181184K, 69% used [0x0000000080000000,0x00000000b24d7510,0x00000000c8180000)
 Metaspace       used 6588K, capacity 6920K, committed 7168K, reserved 8192K
Event: 34.169 GC heap after
Heap after GC invocations=24 (full 5):
 PSYoungGen      total 1193984K, used 412129K [0x00000008d5580000, 0x0000000945c00000, 0x0000000d00000000)
  eden space 781824K, 0% used [0x00000008d5580000,0x00000008d5580000,0x0000000905100000)
  from space 412160K, 99% used [0x0000000905100000,0x000000091e378450,0x000000091e380000)
  to   space 484352K, 0% used [0x0000000928300000,0x0000000928300000,0x0000000945c00000)
 ParOldGen       total 1181184K, used 911967K [0x0000000080000000, 0x00000000c8180000, 0x00000008d5580000)
  object space 1181184K, 77% used [0x0000000080000000,0x00000000b7a97cd8,0x00000000c8180000)
 Metaspace       used 6588K, capacity 6920K, committed 7168K, reserved 8192K
}

