# JRE version: OpenJDK Runtime Environment (8.0_112-b06) (build 1.8.0_112-release-b06)
# Java VM: OpenJDK 64-Bit Server VM (25.112-b06 mixed mode windows-amd64 compressed oops)
Heap:
 PSYoungGen      total 252416K, used 58960K [0x00000000eab00000, 0x0000000100000000, 0x0000000100000000)
  eden space 166400K, 35% used [0x00000000eab00000,0x00000000ee465668,0x00000000f4d80000)
  from space 86016K, 0% used [0x00000000f4d80000,0x00000000f4daea58,0x00000000fa180000)
  to   space 84992K, 0% used [0x00000000fad00000,0x00000000fad00000,0x0000000100000000)
 ParOldGen       total 354816K, used 183772K [0x00000000c0000000, 0x00000000d5a80000, 0x00000000eab00000)
  object space 354816K, 51% used [0x00000000c0000000,0x00000000cb377380,0x00000000d5a80000)
 Metaspace       used 66882K, capacity 68938K, committed 69376K, reserved 1110016K
  class space    used 8450K, capacity 8870K, committed 8960K, reserved 1048576K
GC Heap History (10 events):
Event: 925.174 GC heap before
{Heap before GC invocations=35 (full 5):
 PSYoungGen      total 268288K, used 268283K [0x00000000eab00000, 0x0000000100000000, 0x0000000100000000)
  eden space 188928K, 100% used [0x00000000eab00000,0x00000000f6380000,0x00000000f6380000)
  from space 79360K, 99% used [0x00000000f6380000,0x00000000fb0fefa8,0x00000000fb100000)
  to   space 80896K, 0% used [0x00000000fb100000,0x00000000fb100000,0x0000000100000000)
 ParOldGen       total 217600K, used 65767K [0x00000000c0000000, 0x00000000cd480000, 0x00000000eab00000)
  object space 217600K, 30% used [0x00000000c0000000,0x00000000c4039c60,0x00000000cd480000)
 Metaspace       used 66900K, capacity 69046K, committed 69376K, reserved 1110016K
  class space    used 8461K, capacity 8910K, committed 8960K, reserved 1048576K
Event: 925.322 GC heap after
Heap after GC invocations=35 (full 5):
 PSYoungGen      total 243712K, used 39872K [0x00000000eab00000, 0x0000000100000000, 0x0000000100000000)
  eden space 162816K, 0% used [0x00000000eab00000,0x00000000eab00000,0x00000000f4a00000)
  from space 80896K, 49% used [0x00000000fb100000,0x00000000fd7f0000,0x0000000100000000)
  to   space 93184K, 0% used [0x00000000f4a00000,0x00000000f4a00000,0x00000000fa500000)
 ParOldGen       total 217600K, used 133517K [0x00000000c0000000, 0x00000000cd480000, 0x00000000eab00000)
  object space 217600K, 61% used [0x00000000c0000000,0x00000000c82637f0,0x00000000cd480000)
 Metaspace       used 66900K, capacity 69046K, committed 69376K, reserved 1110016K
  class space    used 8461K, capacity 8910K, committed 8960K, reserved 1048576K
}
Event: 925.635 GC heap before
{Heap before GC invocations=36 (full 5):
 PSYoungGen      total 243712K, used 202688K [0x00000000eab00000, 0x0000000100000000, 0x0000000100000000)
  eden space 162816K, 100% used [0x00000000eab00000,0x00000000f4a00000,0x00000000f4a00000)
  from space 80896K, 49% used [0x00000000fb100000,0x00000000fd7f0000,0x0000000100000000)
  to   space 93184K, 0% used [0x00000000f4a00000,0x00000000f4a00000,0x00000000fa500000)
 ParOldGen       total 217600K, used 133517K [0x00000000c0000000, 0x00000000cd480000, 0x00000000eab00000)
  object space 217600K, 61% used [0x00000000c0000000,0x00000000c82637f0,0x00000000cd480000)
 Metaspace       used 66900K, capacity 69046K, committed 69376K, reserved 1110016K
  class space    used 8461K, capacity 8910K, committed 8960K, reserved 1048576K
Event: 925.705 GC heap after
Heap after GC invocations=36 (full 5):
 PSYoungGen      total 256000K, used 16000K [0x00000000eab00000, 0x0000000100000000, 0x0000000100000000)
  eden space 162816K, 0% used [0x00000000eab00000,0x00000000eab00000,0x00000000f4a00000)
  from space 93184K, 17% used [0x00000000f4a00000,0x00000000f59a0000,0x00000000fa500000)
  to   space 89600K, 0% used [0x00000000fa880000,0x00000000fa880000,0x0000000100000000)
 ParOldGen       total 217600K, used 171346K [0x00000000c0000000, 0x00000000cd480000, 0x00000000eab00000)
  object space 217600K, 78% used [0x00000000c0000000,0x00000000ca754a20,0x00000000cd480000)
 Metaspace       used 66900K, capacity 69046K, committed 69376K, reserved 1110016K
  class space    used 8461K, capacity 8910K, committed 8960K, reserved 1048576K
}
Event: 925.705 GC heap before
{Heap before GC invocations=37 (full 6):
 PSYoungGen      total 256000K, used 16000K [0x00000000eab00000, 0x0000000100000000, 0x0000000100000000)
  eden space 162816K, 0% used [0x00000000eab00000,0x00000000eab00000,0x00000000f4a00000)
  from space 93184K, 17% used [0x00000000f4a00000,0x00000000f59a0000,0x00000000fa500000)
  to   space 89600K, 0% used [0x00000000fa880000,0x00000000fa880000,0x0000000100000000)
 ParOldGen       total 217600K, used 171346K [0x00000000c0000000, 0x00000000cd480000, 0x00000000eab00000)
  object space 217600K, 78% used [0x00000000c0000000,0x00000000ca754a20,0x00000000cd480000)
 Metaspace       used 66900K, capacity 69046K, committed 69376K, reserved 1110016K
  class space    used 8461K, capacity 8910K, committed 8960K, reserved 1048576K
Event: 926.620 GC heap after
Heap after GC invocations=37 (full 6):
 PSYoungGen      total 256000K, used 0K [0x00000000eab00000, 0x0000000100000000, 0x0000000100000000)
  eden space 162816K, 0% used [0x00000000eab00000,0x00000000eab00000,0x00000000f4a00000)
  from space 93184K, 0% used [0x00000000f4a00000,0x00000000f4a00000,0x00000000fa500000)
  to   space 89600K, 0% used [0x00000000fa880000,0x00000000fa880000,0x0000000100000000)
 ParOldGen       total 354816K, used 170364K [0x00000000c0000000, 0x00000000d5a80000, 0x00000000eab00000)
  object space 354816K, 48% used [0x00000000c0000000,0x00000000ca65f380,0x00000000d5a80000)
 Metaspace       used 66813K, capacity 68874K, committed 69376K, reserved 1110016K
  class space    used 8448K, capacity 8870K, committed 8960K, reserved 1048576K
}
Event: 927.179 GC heap before
{Heap before GC invocations=38 (full 6):
 PSYoungGen      total 256000K, used 162816K [0x00000000eab00000, 0x0000000100000000, 0x0000000100000000)
  eden space 162816K, 100% used [0x00000000eab00000,0x00000000f4a00000,0x00000000f4a00000)
  from space 93184K, 0% used [0x00000000f4a00000,0x00000000f4a00000,0x00000000fa500000)
  to   space 89600K, 0% used [0x00000000fa880000,0x00000000fa880000,0x0000000100000000)
 ParOldGen       total 354816K, used 170364K [0x00000000c0000000, 0x00000000d5a80000, 0x00000000eab00000)
  object space 354816K, 48% used [0x00000000c0000000,0x00000000ca65f380,0x00000000d5a80000)
 Metaspace       used 66814K, capacity 68874K, committed 69376K, reserved 1110016K
  class space    used 8448K, capacity 8870K, committed 8960K, reserved 1048576K
Event: 927.205 GC heap after
Heap after GC invocations=38 (full 6):
 PSYoungGen      total 245248K, used 13408K [0x00000000eab00000, 0x00000000ff580000, 0x0000000100000000)
  eden space 166400K, 0% used [0x00000000eab00000,0x00000000eab00000,0x00000000f4d80000)
  from space 78848K, 17% used [0x00000000fa880000,0x00000000fb598000,0x00000000ff580000)
  to   space 86016K, 0% used [0x00000000f4d80000,0x00000000f4d80000,0x00000000fa180000)
 ParOldGen       total 354816K, used 170364K [0x00000000c0000000, 0x00000000d5a80000, 0x00000000eab00000)
  object space 354816K, 48% used [0x00000000c0000000,0x00000000ca65f380,0x00000000d5a80000)
 Metaspace       used 66814K, capacity 68874K, committed 69376K, reserved 1110016K
  class space    used 8448K, capacity 8870K, committed 8960K, reserved 1048576K
}
Event: 927.989 GC heap before
{Heap before GC invocations=39 (full 6):
 PSYoungGen      total 245248K, used 179808K [0x00000000eab00000, 0x00000000ff580000, 0x0000000100000000)
  eden space 166400K, 100% used [0x00000000eab00000,0x00000000f4d80000,0x00000000f4d80000)
  from space 78848K, 17% used [0x00000000fa880000,0x00000000fb598000,0x00000000ff580000)
  to   space 86016K, 0% used [0x00000000f4d80000,0x00000000f4d80000,0x00000000fa180000)
 ParOldGen       total 354816K, used 170364K [0x00000000c0000000, 0x00000000d5a80000, 0x00000000eab00000)
  object space 354816K, 48% used [0x00000000c0000000,0x00000000ca65f380,0x00000000d5a80000)
 Metaspace       used 66815K, capacity 68874K, committed 69376K, reserved 1110016K
  class space    used 8448K, capacity 8870K, committed 8960K, reserved 1048576K
Event: 928.014 GC heap after
Heap after GC invocations=39 (full 6):
 PSYoungGen      total 252416K, used 186K [0x00000000eab00000, 0x0000000100000000, 0x0000000100000000)
  eden space 166400K, 0% used [0x00000000eab00000,0x00000000eab00000,0x00000000f4d80000)
  from space 86016K, 0% used [0x00000000f4d80000,0x00000000f4daea58,0x00000000fa180000)
  to   space 84992K, 0% used [0x00000000fad00000,0x00000000fad00000,0x0000000100000000)
 ParOldGen       total 354816K, used 183772K [0x00000000c0000000, 0x00000000d5a80000, 0x00000000eab00000)
  object space 354816K, 51% used [0x00000000c0000000,0x00000000cb377380,0x00000000d5a80000)
 Metaspace       used 66815K, capacity 68874K, committed 69376K, reserved 1110016K
  class space    used 8448K, capacity 8870K, committed 8960K, reserved 1048576K
}

